{"level":"warn","message":{},"msg":"Migrasi table 001_create_users.sql selesai","timestamp":"2026-04-29 12:47:38 +07:00"}
{"level":"warn","message":{},"msg":"Migrasi table 002_create_audit_log.sql selesai","timestamp":"2026-04-29 12:47:39 +07:00"}
{"level":"warn","message":{},"msg":"Migrasi table 003_create_kunjungan_nsb.sql selesai","timestamp":"2026-04-29 12:47:39 +07:00"}
{"level":"warn","message":{},"msg":"Migrasi table 004_alter_kunjungan_tgl_kunjungan_to_date.sql selesai","timestamp":"2026-04-29 12:47:39 +07:00"}
{"level":"warn","message":{},"msg":"Migrasi table 001_create_users.sql selesai","timestamp":"2026-04-29 12:58:17 +07:00"}
{"level":"warn","message":{},"msg":"Migrasi table 002_create_audit_log.sql selesai","timestamp":"2026-04-29 12:58:17 +07:00"}
{"level":"warn","message":{},"msg":"Migrasi table 003_create_kunjungan_nsb.sql selesai","timestamp":"2026-04-29 12:58:17 +07:00"}
{"level":"warn","message":{},"msg":"Migrasi table 004_alter_kunjungan_tgl_kunjungan_to_date.sql selesai","timestamp":"2026-04-29 12:58:17 +07:00"}
{"level":"warn","message":{},"msg":"Migrasi table 001_create_users.sql selesai","timestamp":"2026-04-29 12:58:46 +07:00"}
{"level":"warn","message":{},"msg":"Migrasi table 002_create_audit_log.sql selesai","timestamp":"2026-04-29 12:58:46 +07:00"}
{"level":"warn","message":{},"msg":"Migrasi table 003_create_kunjungan_nsb.sql selesai","timestamp":"2026-04-29 12:58:46 +07:00"}
{"level":"warn","message":{},"msg":"Migrasi table 004_alter_kunjungan_tgl_kunjungan_to_date.sql selesai","timestamp":"2026-04-29 12:58:46 +07:00"}
{"level":"warn","message":{},"msg":"Migrasi table 001_create_users.sql selesai","timestamp":"2026-04-29 13:35:15 +07:00"}
{"level":"warn","message":{},"msg":"Migrasi table 002_create_audit_log.sql selesai","timestamp":"2026-04-29 13:35:15 +07:00"}
{"level":"warn","message":{},"msg":"Migrasi table 003_create_kunjungan_nsb.sql selesai","timestamp":"2026-04-29 13:35:15 +07:00"}
{"level":"warn","message":{},"msg":"Migrasi table 004_alter_kunjungan_tgl_kunjungan_to_date.sql selesai","timestamp":"2026-04-29 13:35:15 +07:00"}
{"level":"warn","message":{},"msg":"Migrasi table 001_create_users.sql selesai","timestamp":"2026-04-29 13:41:05 +07:00"}
{"level":"warn","message":{},"msg":"Migrasi table 002_create_audit_log.sql selesai","timestamp":"2026-04-29 13:41:05 +07:00"}
{"level":"warn","message":{},"msg":"Migrasi table 003_create_kunjungan_nsb.sql selesai","timestamp":"2026-04-29 13:41:05 +07:00"}
{"level":"warn","message":{},"msg":"Migrasi table 004_alter_kunjungan_tgl_kunjungan_to_date.sql selesai","timestamp":"2026-04-29 13:41:05 +07:00"}
{"ip":"::1","level":"warn","message":{},"method":"GET","msg":"Dilarang mengakses halaman ini, authorized only","timestamp":"2026-04-29 13:45:55 +07:00","url":"/api/v1/users?page=1&limit=50"}
{"level":"warn","message":{},"msg":"Migrasi table 001_create_users.sql selesai","timestamp":"2026-04-29 13:47:06 +07:00"}
{"level":"warn","message":{},"msg":"Migrasi table 002_create_audit_log.sql selesai","timestamp":"2026-04-29 13:47:06 +07:00"}
{"level":"warn","message":{},"msg":"Migrasi table 003_create_kunjungan_nsb.sql selesai","timestamp":"2026-04-29 13:47:06 +07:00"}
{"level":"warn","message":{},"msg":"Migrasi table 004_alter_kunjungan_tgl_kunjungan_to_date.sql selesai","timestamp":"2026-04-29 13:47:06 +07:00"}
{"level":"warn","message":{},"msg":"Migrasi table 001_create_users.sql selesai","timestamp":"2026-04-29 13:51:48 +07:00"}
{"level":"warn","message":{},"msg":"Migrasi table 002_create_audit_log.sql selesai","timestamp":"2026-04-29 13:51:48 +07:00"}
{"level":"warn","message":{},"msg":"Migrasi table 003_create_kunjungan_nsb.sql selesai","timestamp":"2026-04-29 13:51:48 +07:00"}
{"level":"warn","message":{},"msg":"Migrasi table 004_alter_kunjungan_tgl_kunjungan_to_date.sql selesai","timestamp":"2026-04-29 13:51:48 +07:00"}
{"level":"warn","message":{},"msg":"Migrasi table 001_create_users.sql selesai","timestamp":"2026-04-29 13:51:55 +07:00"}
{"level":"warn","message":{},"msg":"Migrasi table 002_create_audit_log.sql selesai","timestamp":"2026-04-29 13:51:55 +07:00"}
{"level":"warn","message":{},"msg":"Migrasi table 003_create_kunjungan_nsb.sql selesai","timestamp":"2026-04-29 13:51:55 +07:00"}
{"level":"warn","message":{},"msg":"Migrasi table 004_alter_kunjungan_tgl_kunjungan_to_date.sql selesai","timestamp":"2026-04-29 13:51:55 +07:00"}
{"level":"warn","message":{},"msg":"Migrasi table 001_create_users.sql selesai","timestamp":"2026-04-29 13:52:27 +07:00"}
{"level":"warn","message":{},"msg":"Migrasi table 002_create_audit_log.sql selesai","timestamp":"2026-04-29 13:52:27 +07:00"}
{"level":"warn","message":{},"msg":"Migrasi table 003_create_kunjungan_nsb.sql selesai","timestamp":"2026-04-29 13:52:27 +07:00"}
{"level":"warn","message":{},"msg":"Migrasi table 004_alter_kunjungan_tgl_kunjungan_to_date.sql selesai","timestamp":"2026-04-29 13:52:27 +07:00"}
{"level":"warn","message":{},"msg":"Migrasi table 001_create_users.sql selesai","timestamp":"2026-04-29 13:53:06 +07:00"}
{"level":"warn","message":{},"msg":"Migrasi table 002_create_audit_log.sql selesai","timestamp":"2026-04-29 13:53:06 +07:00"}
{"level":"warn","message":{},"msg":"Migrasi table 003_create_kunjungan_nsb.sql selesai","timestamp":"2026-04-29 13:53:06 +07:00"}
{"level":"warn","message":{},"msg":"Migrasi table 004_alter_kunjungan_tgl_kunjungan_to_date.sql selesai","timestamp":"2026-04-29 13:53:06 +07:00"}
{"level":"warn","message":{},"msg":"Migrasi table 001_create_users.sql selesai","timestamp":"2026-04-29 13:55:20 +07:00"}
{"level":"warn","message":{},"msg":"Migrasi table 002_create_audit_log.sql selesai","timestamp":"2026-04-29 13:55:20 +07:00"}
{"level":"warn","message":{},"msg":"Migrasi table 003_create_kunjungan_nsb.sql selesai","timestamp":"2026-04-29 13:55:20 +07:00"}
{"level":"warn","message":{},"msg":"Migrasi table 004_alter_kunjungan_tgl_kunjungan_to_date.sql selesai","timestamp":"2026-04-29 13:55:20 +07:00"}
{"level":"warn","message":{},"msg":"Migrasi table 001_create_users.sql selesai","timestamp":"2026-04-29 13:55:28 +07:00"}
{"level":"warn","message":{},"msg":"Migrasi table 002_create_audit_log.sql selesai","timestamp":"2026-04-29 13:55:28 +07:00"}
{"level":"warn","message":{},"msg":"Migrasi table 003_create_kunjungan_nsb.sql selesai","timestamp":"2026-04-29 13:55:28 +07:00"}
{"level":"warn","message":{},"msg":"Migrasi table 004_alter_kunjungan_tgl_kunjungan_to_date.sql selesai","timestamp":"2026-04-29 13:55:28 +07:00"}
{"ip":"::1","level":"error","message":"rows is not defined","method":"GET","msg":"Internal Server Eror, Hubungi Vendor!!","timestamp":"2026-04-29 13:55:41 +07:00","url":"/api/v1/users"}
{"level":"warn","message":{},"msg":"Migrasi table 001_create_users.sql selesai","timestamp":"2026-04-29 13:58:36 +07:00"}
{"level":"warn","message":{},"msg":"Migrasi table 002_create_audit_log.sql selesai","timestamp":"2026-04-29 13:58:36 +07:00"}
{"level":"warn","message":{},"msg":"Migrasi table 003_create_kunjungan_nsb.sql selesai","timestamp":"2026-04-29 13:58:36 +07:00"}
{"level":"warn","message":{},"msg":"Migrasi table 004_alter_kunjungan_tgl_kunjungan_to_date.sql selesai","timestamp":"2026-04-29 13:58:36 +07:00"}
{"level":"warn","message":{},"msg":"Migrasi table 001_create_users.sql selesai","timestamp":"2026-04-29 13:59:11 +07:00"}
{"level":"warn","message":{},"msg":"Migrasi table 002_create_audit_log.sql selesai","timestamp":"2026-04-29 13:59:11 +07:00"}
{"level":"warn","message":{},"msg":"Migrasi table 003_create_kunjungan_nsb.sql selesai","timestamp":"2026-04-29 13:59:11 +07:00"}
{"level":"warn","message":{},"msg":"Migrasi table 004_alter_kunjungan_tgl_kunjungan_to_date.sql selesai","timestamp":"2026-04-29 13:59:11 +07:00"}
{"level":"warn","message":{},"msg":"Migrasi table 001_create_users.sql selesai","timestamp":"2026-04-29 13:59:21 +07:00"}
{"level":"warn","message":{},"msg":"Migrasi table 002_create_audit_log.sql selesai","timestamp":"2026-04-29 13:59:21 +07:00"}
{"level":"warn","message":{},"msg":"Migrasi table 003_create_kunjungan_nsb.sql selesai","timestamp":"2026-04-29 13:59:21 +07:00"}
{"level":"warn","message":{},"msg":"Migrasi table 004_alter_kunjungan_tgl_kunjungan_to_date.sql selesai","timestamp":"2026-04-29 13:59:21 +07:00"}
{"level":"warn","message":{},"msg":"Migrasi table 001_create_users.sql selesai","timestamp":"2026-04-29 13:59:25 +07:00"}
{"level":"warn","message":{},"msg":"Migrasi table 002_create_audit_log.sql selesai","timestamp":"2026-04-29 13:59:25 +07:00"}
{"level":"warn","message":{},"msg":"Migrasi table 003_create_kunjungan_nsb.sql selesai","timestamp":"2026-04-29 13:59:25 +07:00"}
{"level":"warn","message":{},"msg":"Migrasi table 004_alter_kunjungan_tgl_kunjungan_to_date.sql selesai","timestamp":"2026-04-29 13:59:25 +07:00"}
{"ip":"::1","level":"error","message":"data is not defined","method":"GET","msg":"Internal Server Eror, Hubungi Vendor!!","timestamp":"2026-04-29 13:59:31 +07:00","url":"/api/v1/users"}
{"ip":"::1","level":"error","message":"data is not defined","method":"GET","msg":"Internal Server Eror, Hubungi Vendor!!","timestamp":"2026-04-29 14:00:24 +07:00","url":"/api/v1/users?username=%22arya%22"}
{"ip":"::1","level":"error","message":"data is not defined","method":"GET","msg":"Internal Server Eror, Hubungi Vendor!!","timestamp":"2026-04-29 14:00:32 +07:00","url":"/api/v1/users?username=arya"}
{"level":"warn","message":{},"msg":"Migrasi table 001_create_users.sql selesai","timestamp":"2026-04-29 14:00:50 +07:00"}
{"level":"warn","message":{},"msg":"Migrasi table 002_create_audit_log.sql selesai","timestamp":"2026-04-29 14:00:50 +07:00"}
{"level":"warn","message":{},"msg":"Migrasi table 003_create_kunjungan_nsb.sql selesai","timestamp":"2026-04-29 14:00:50 +07:00"}
{"level":"warn","message":{},"msg":"Migrasi table 004_alter_kunjungan_tgl_kunjungan_to_date.sql selesai","timestamp":"2026-04-29 14:00:50 +07:00"}
{"level":"warn","message":{},"msg":"Migrasi table 001_create_users.sql selesai","timestamp":"2026-04-29 14:01:03 +07:00"}
{"level":"warn","message":{},"msg":"Migrasi table 002_create_audit_log.sql selesai","timestamp":"2026-04-29 14:01:03 +07:00"}
{"level":"warn","message":{},"msg":"Migrasi table 003_create_kunjungan_nsb.sql selesai","timestamp":"2026-04-29 14:01:03 +07:00"}
{"level":"warn","message":{},"msg":"Migrasi table 004_alter_kunjungan_tgl_kunjungan_to_date.sql selesai","timestamp":"2026-04-29 14:01:03 +07:00"}
{"ip":"::1","level":"error","message":"rows is not defined","method":"GET","msg":"Internal Server Eror, Hubungi Vendor!!","timestamp":"2026-04-29 14:01:05 +07:00","url":"/api/v1/users?username=arya"}
{"ip":"::1","level":"error","message":"rows is not defined","method":"GET","msg":"Internal Server Eror, Hubungi Vendor!!","timestamp":"2026-04-29 14:02:12 +07:00","url":"/api/v1/users?username=arya&nama_lengkap=aryapdf&kode_kantor=224"}
{"level":"warn","message":{},"msg":"Migrasi table 001_create_users.sql selesai","timestamp":"2026-04-29 14:03:05 +07:00"}
{"level":"warn","message":{},"msg":"Migrasi table 002_create_audit_log.sql selesai","timestamp":"2026-04-29 14:03:05 +07:00"}
{"level":"warn","message":{},"msg":"Migrasi table 003_create_kunjungan_nsb.sql selesai","timestamp":"2026-04-29 14:03:05 +07:00"}
{"level":"warn","message":{},"msg":"Migrasi table 004_alter_kunjungan_tgl_kunjungan_to_date.sql selesai","timestamp":"2026-04-29 14:03:05 +07:00"}
{"level":"warn","message":{},"msg":"Migrasi table 001_create_users.sql selesai","timestamp":"2026-04-29 14:03:20 +07:00"}
{"level":"warn","message":{},"msg":"Migrasi table 002_create_audit_log.sql selesai","timestamp":"2026-04-29 14:03:20 +07:00"}
{"level":"warn","message":{},"msg":"Migrasi table 003_create_kunjungan_nsb.sql selesai","timestamp":"2026-04-29 14:03:20 +07:00"}
{"level":"warn","message":{},"msg":"Migrasi table 004_alter_kunjungan_tgl_kunjungan_to_date.sql selesai","timestamp":"2026-04-29 14:03:20 +07:00"}
{"level":"warn","message":{},"msg":"Migrasi table 001_create_users.sql selesai","timestamp":"2026-04-29 14:03:27 +07:00"}
{"level":"warn","message":{},"msg":"Migrasi table 002_create_audit_log.sql selesai","timestamp":"2026-04-29 14:03:27 +07:00"}
{"level":"warn","message":{},"msg":"Migrasi table 003_create_kunjungan_nsb.sql selesai","timestamp":"2026-04-29 14:03:27 +07:00"}
{"level":"warn","message":{},"msg":"Migrasi table 004_alter_kunjungan_tgl_kunjungan_to_date.sql selesai","timestamp":"2026-04-29 14:03:27 +07:00"}
{"level":"warn","message":{},"msg":"Migrasi table 001_create_users.sql selesai","timestamp":"2026-04-29 14:04:57 +07:00"}
{"level":"warn","message":{},"msg":"Migrasi table 002_create_audit_log.sql selesai","timestamp":"2026-04-29 14:04:57 +07:00"}
{"level":"warn","message":{},"msg":"Migrasi table 003_create_kunjungan_nsb.sql selesai","timestamp":"2026-04-29 14:04:57 +07:00"}
{"level":"warn","message":{},"msg":"Migrasi table 004_alter_kunjungan_tgl_kunjungan_to_date.sql selesai","timestamp":"2026-04-29 14:04:57 +07:00"}
{"level":"warn","message":{},"msg":"Migrasi table 001_create_users.sql selesai","timestamp":"2026-04-29 14:05:18 +07:00"}
{"level":"warn","message":{},"msg":"Migrasi table 002_create_audit_log.sql selesai","timestamp":"2026-04-29 14:05:18 +07:00"}
{"level":"warn","message":{},"msg":"Migrasi table 003_create_kunjungan_nsb.sql selesai","timestamp":"2026-04-29 14:05:18 +07:00"}
{"level":"warn","message":{},"msg":"Migrasi table 004_alter_kunjungan_tgl_kunjungan_to_date.sql selesai","timestamp":"2026-04-29 14:05:18 +07:00"}
{"level":"warn","message":{},"msg":"Migrasi table 001_create_users.sql selesai","timestamp":"2026-04-29 14:05:25 +07:00"}
{"level":"warn","message":{},"msg":"Migrasi table 002_create_audit_log.sql selesai","timestamp":"2026-04-29 14:05:25 +07:00"}
{"level":"warn","message":{},"msg":"Migrasi table 003_create_kunjungan_nsb.sql selesai","timestamp":"2026-04-29 14:05:25 +07:00"}
{"level":"warn","message":{},"msg":"Migrasi table 004_alter_kunjungan_tgl_kunjungan_to_date.sql selesai","timestamp":"2026-04-29 14:05:25 +07:00"}
{"level":"warn","message":{},"msg":"Migrasi table 001_create_users.sql selesai","timestamp":"2026-04-29 14:05:30 +07:00"}
{"level":"warn","message":{},"msg":"Migrasi table 002_create_audit_log.sql selesai","timestamp":"2026-04-29 14:05:30 +07:00"}
{"level":"warn","message":{},"msg":"Migrasi table 003_create_kunjungan_nsb.sql selesai","timestamp":"2026-04-29 14:05:30 +07:00"}
{"level":"warn","message":{},"msg":"Migrasi table 004_alter_kunjungan_tgl_kunjungan_to_date.sql selesai","timestamp":"2026-04-29 14:05:30 +07:00"}
{"level":"warn","message":{},"msg":"Migrasi table 001_create_users.sql selesai","timestamp":"2026-04-29 14:06:26 +07:00"}
{"level":"warn","message":{},"msg":"Migrasi table 002_create_audit_log.sql selesai","timestamp":"2026-04-29 14:06:26 +07:00"}
{"level":"warn","message":{},"msg":"Migrasi table 003_create_kunjungan_nsb.sql selesai","timestamp":"2026-04-29 14:06:26 +07:00"}
{"level":"warn","message":{},"msg":"Migrasi table 004_alter_kunjungan_tgl_kunjungan_to_date.sql selesai","timestamp":"2026-04-29 14:06:26 +07:00"}
{"level":"warn","message":{},"msg":"Migrasi table 001_create_users.sql selesai","timestamp":"2026-04-29 14:06:37 +07:00"}
{"level":"warn","message":{},"msg":"Migrasi table 002_create_audit_log.sql selesai","timestamp":"2026-04-29 14:06:37 +07:00"}
{"level":"warn","message":{},"msg":"Migrasi table 003_create_kunjungan_nsb.sql selesai","timestamp":"2026-04-29 14:06:37 +07:00"}
{"level":"warn","message":{},"msg":"Migrasi table 004_alter_kunjungan_tgl_kunjungan_to_date.sql selesai","timestamp":"2026-04-29 14:06:37 +07:00"}
{"level":"warn","message":{},"msg":"Migrasi table 001_create_users.sql selesai","timestamp":"2026-04-29 14:07:28 +07:00"}
{"level":"warn","message":{},"msg":"Migrasi table 002_create_audit_log.sql selesai","timestamp":"2026-04-29 14:07:28 +07:00"}
{"level":"warn","message":{},"msg":"Migrasi table 003_create_kunjungan_nsb.sql selesai","timestamp":"2026-04-29 14:07:28 +07:00"}
{"level":"warn","message":{},"msg":"Migrasi table 004_alter_kunjungan_tgl_kunjungan_to_date.sql selesai","timestamp":"2026-04-29 14:07:28 +07:00"}
{"level":"warn","message":{},"msg":"Migrasi table 001_create_users.sql selesai","timestamp":"2026-04-29 14:08:29 +07:00"}
{"level":"warn","message":{},"msg":"Migrasi table 002_create_audit_log.sql selesai","timestamp":"2026-04-29 14:08:29 +07:00"}
{"level":"warn","message":{},"msg":"Migrasi table 003_create_kunjungan_nsb.sql selesai","timestamp":"2026-04-29 14:08:29 +07:00"}
{"level":"warn","message":{},"msg":"Migrasi table 004_alter_kunjungan_tgl_kunjungan_to_date.sql selesai","timestamp":"2026-04-29 14:08:29 +07:00"}
{"level":"warn","message":{},"msg":"Migrasi table 001_create_users.sql selesai","timestamp":"2026-04-29 14:08:30 +07:00"}
{"level":"warn","message":{},"msg":"Migrasi table 002_create_audit_log.sql selesai","timestamp":"2026-04-29 14:08:30 +07:00"}
{"level":"warn","message":{},"msg":"Migrasi table 003_create_kunjungan_nsb.sql selesai","timestamp":"2026-04-29 14:08:30 +07:00"}
{"level":"warn","message":{},"msg":"Migrasi table 004_alter_kunjungan_tgl_kunjungan_to_date.sql selesai","timestamp":"2026-04-29 14:08:30 +07:00"}
{"level":"warn","message":{},"msg":"Migrasi table 001_create_users.sql selesai","timestamp":"2026-04-29 14:08:36 +07:00"}
{"level":"warn","message":{},"msg":"Migrasi table 002_create_audit_log.sql selesai","timestamp":"2026-04-29 14:08:36 +07:00"}
{"level":"warn","message":{},"msg":"Migrasi table 003_create_kunjungan_nsb.sql selesai","timestamp":"2026-04-29 14:08:36 +07:00"}
{"level":"warn","message":{},"msg":"Migrasi table 004_alter_kunjungan_tgl_kunjungan_to_date.sql selesai","timestamp":"2026-04-29 14:08:36 +07:00"}
{"level":"warn","message":{},"msg":"Migrasi table 001_create_users.sql selesai","timestamp":"2026-04-29 14:08:49 +07:00"}
{"level":"warn","message":{},"msg":"Migrasi table 002_create_audit_log.sql selesai","timestamp":"2026-04-29 14:08:49 +07:00"}
{"level":"warn","message":{},"msg":"Migrasi table 003_create_kunjungan_nsb.sql selesai","timestamp":"2026-04-29 14:08:49 +07:00"}
{"level":"warn","message":{},"msg":"Migrasi table 004_alter_kunjungan_tgl_kunjungan_to_date.sql selesai","timestamp":"2026-04-29 14:08:49 +07:00"}
{"level":"warn","message":{},"msg":"Migrasi table 001_create_users.sql selesai","timestamp":"2026-04-29 14:09:08 +07:00"}
{"level":"warn","message":{},"msg":"Migrasi table 002_create_audit_log.sql selesai","timestamp":"2026-04-29 14:09:08 +07:00"}
{"level":"warn","message":{},"msg":"Migrasi table 003_create_kunjungan_nsb.sql selesai","timestamp":"2026-04-29 14:09:08 +07:00"}
{"level":"warn","message":{},"msg":"Migrasi table 004_alter_kunjungan_tgl_kunjungan_to_date.sql selesai","timestamp":"2026-04-29 14:09:08 +07:00"}
{"level":"warn","message":{},"msg":"Migrasi table 001_create_users.sql selesai","timestamp":"2026-04-29 14:09:33 +07:00"}
{"level":"warn","message":{},"msg":"Migrasi table 002_create_audit_log.sql selesai","timestamp":"2026-04-29 14:09:33 +07:00"}
{"level":"warn","message":{},"msg":"Migrasi table 003_create_kunjungan_nsb.sql selesai","timestamp":"2026-04-29 14:09:33 +07:00"}
{"level":"warn","message":{},"msg":"Migrasi table 004_alter_kunjungan_tgl_kunjungan_to_date.sql selesai","timestamp":"2026-04-29 14:09:33 +07:00"}
{"level":"warn","message":{},"msg":"Migrasi table 001_create_users.sql selesai","timestamp":"2026-04-29 14:09:39 +07:00"}
{"level":"warn","message":{},"msg":"Migrasi table 002_create_audit_log.sql selesai","timestamp":"2026-04-29 14:09:39 +07:00"}
{"level":"warn","message":{},"msg":"Migrasi table 003_create_kunjungan_nsb.sql selesai","timestamp":"2026-04-29 14:09:39 +07:00"}
{"level":"warn","message":{},"msg":"Migrasi table 004_alter_kunjungan_tgl_kunjungan_to_date.sql selesai","timestamp":"2026-04-29 14:09:39 +07:00"}
{"level":"warn","message":{},"msg":"Migrasi table 001_create_users.sql selesai","timestamp":"2026-04-29 14:09:56 +07:00"}
{"level":"warn","message":{},"msg":"Migrasi table 002_create_audit_log.sql selesai","timestamp":"2026-04-29 14:09:56 +07:00"}
{"level":"warn","message":{},"msg":"Migrasi table 003_create_kunjungan_nsb.sql selesai","timestamp":"2026-04-29 14:09:56 +07:00"}
{"level":"warn","message":{},"msg":"Migrasi table 004_alter_kunjungan_tgl_kunjungan_to_date.sql selesai","timestamp":"2026-04-29 14:09:56 +07:00"}
{"level":"warn","message":{},"msg":"Migrasi table 001_create_users.sql selesai","timestamp":"2026-04-29 14:10:00 +07:00"}
{"level":"warn","message":{},"msg":"Migrasi table 002_create_audit_log.sql selesai","timestamp":"2026-04-29 14:10:00 +07:00"}
{"level":"warn","message":{},"msg":"Migrasi table 003_create_kunjungan_nsb.sql selesai","timestamp":"2026-04-29 14:10:00 +07:00"}
{"level":"warn","message":{},"msg":"Migrasi table 004_alter_kunjungan_tgl_kunjungan_to_date.sql selesai","timestamp":"2026-04-29 14:10:00 +07:00"}
{"level":"warn","message":{},"msg":"Migrasi table 001_create_users.sql selesai","timestamp":"2026-04-29 14:10:40 +07:00"}
{"level":"warn","message":{},"msg":"Migrasi table 002_create_audit_log.sql selesai","timestamp":"2026-04-29 14:10:40 +07:00"}
{"level":"warn","message":{},"msg":"Migrasi table 003_create_kunjungan_nsb.sql selesai","timestamp":"2026-04-29 14:10:40 +07:00"}
{"level":"warn","message":{},"msg":"Migrasi table 004_alter_kunjungan_tgl_kunjungan_to_date.sql selesai","timestamp":"2026-04-29 14:10:40 +07:00"}
{"level":"warn","message":{},"msg":"Migrasi table 001_create_users.sql selesai","timestamp":"2026-04-29 14:10:49 +07:00"}
{"level":"warn","message":{},"msg":"Migrasi table 002_create_audit_log.sql selesai","timestamp":"2026-04-29 14:10:49 +07:00"}
{"level":"warn","message":{},"msg":"Migrasi table 003_create_kunjungan_nsb.sql selesai","timestamp":"2026-04-29 14:10:49 +07:00"}
{"level":"warn","message":{},"msg":"Migrasi table 004_alter_kunjungan_tgl_kunjungan_to_date.sql selesai","timestamp":"2026-04-29 14:10:49 +07:00"}
{"ip":"::1","level":"error","message":"values is not defined","method":"GET","msg":"Internal Server Eror, Hubungi Vendor!!","timestamp":"2026-04-29 14:10:52 +07:00","url":"/api/v1/users?kode_kantor=225"}
{"ip":"::1","level":"error","message":"values is not defined","method":"GET","msg":"Internal Server Eror, Hubungi Vendor!!","timestamp":"2026-04-29 14:12:02 +07:00","url":"/api/v1/users?kode_kantor=225"}
{"ip":"::1","level":"error","message":"values is not defined","method":"GET","msg":"Internal Server Eror, Hubungi Vendor!!","timestamp":"2026-04-29 14:13:05 +07:00","url":"/api/v1/users?kode_kantor=225"}
{"ip":"::1","level":"error","message":"values is not defined","method":"GET","msg":"Internal Server Eror, Hubungi Vendor!!","timestamp":"2026-04-29 14:13:11 +07:00","url":"/api/v1/users?kode_kantor=225"}
{"ip":"::1","level":"error","message":"values is not defined","method":"GET","msg":"Internal Server Eror, Hubungi Vendor!!","timestamp":"2026-04-29 14:13:18 +07:00","url":"/api/v1/users?kode_kantor=225"}
{"level":"warn","message":{},"msg":"Migrasi table 001_create_users.sql selesai","timestamp":"2026-04-29 14:13:23 +07:00"}
{"level":"warn","message":{},"msg":"Migrasi table 002_create_audit_log.sql selesai","timestamp":"2026-04-29 14:13:23 +07:00"}
{"level":"warn","message":{},"msg":"Migrasi table 003_create_kunjungan_nsb.sql selesai","timestamp":"2026-04-29 14:13:23 +07:00"}
{"level":"warn","message":{},"msg":"Migrasi table 004_alter_kunjungan_tgl_kunjungan_to_date.sql selesai","timestamp":"2026-04-29 14:13:23 +07:00"}
{"level":"warn","message":{},"msg":"Migrasi table 001_create_users.sql selesai","timestamp":"2026-04-29 14:13:30 +07:00"}
{"level":"warn","message":{},"msg":"Migrasi table 002_create_audit_log.sql selesai","timestamp":"2026-04-29 14:13:30 +07:00"}
{"level":"warn","message":{},"msg":"Migrasi table 003_create_kunjungan_nsb.sql selesai","timestamp":"2026-04-29 14:13:30 +07:00"}
{"level":"warn","message":{},"msg":"Migrasi table 004_alter_kunjungan_tgl_kunjungan_to_date.sql selesai","timestamp":"2026-04-29 14:13:30 +07:00"}
{"ip":"::1","level":"error","message":"values is not defined","method":"GET","msg":"Internal Server Eror, Hubungi Vendor!!","timestamp":"2026-04-29 14:13:32 +07:00","url":"/api/v1/users?kode_kantor=225"}
{"level":"warn","message":{},"msg":"Migrasi table 001_create_users.sql selesai","timestamp":"2026-04-29 14:14:44 +07:00"}
{"level":"warn","message":{},"msg":"Migrasi table 002_create_audit_log.sql selesai","timestamp":"2026-04-29 14:14:44 +07:00"}
{"level":"warn","message":{},"msg":"Migrasi table 003_create_kunjungan_nsb.sql selesai","timestamp":"2026-04-29 14:14:44 +07:00"}
{"level":"warn","message":{},"msg":"Migrasi table 004_alter_kunjungan_tgl_kunjungan_to_date.sql selesai","timestamp":"2026-04-29 14:14:44 +07:00"}
{"level":"warn","message":{},"msg":"Migrasi table 001_create_users.sql selesai","timestamp":"2026-04-29 14:14:53 +07:00"}
{"level":"warn","message":{},"msg":"Migrasi table 002_create_audit_log.sql selesai","timestamp":"2026-04-29 14:14:53 +07:00"}
{"level":"warn","message":{},"msg":"Migrasi table 003_create_kunjungan_nsb.sql selesai","timestamp":"2026-04-29 14:14:53 +07:00"}
{"level":"warn","message":{},"msg":"Migrasi table 004_alter_kunjungan_tgl_kunjungan_to_date.sql selesai","timestamp":"2026-04-29 14:14:53 +07:00"}
{"level":"warn","message":{},"msg":"Migrasi table 001_create_users.sql selesai","timestamp":"2026-04-29 14:15:27 +07:00"}
{"level":"warn","message":{},"msg":"Migrasi table 002_create_audit_log.sql selesai","timestamp":"2026-04-29 14:15:27 +07:00"}
{"level":"warn","message":{},"msg":"Migrasi table 003_create_kunjungan_nsb.sql selesai","timestamp":"2026-04-29 14:15:27 +07:00"}
{"level":"warn","message":{},"msg":"Migrasi table 004_alter_kunjungan_tgl_kunjungan_to_date.sql selesai","timestamp":"2026-04-29 14:15:27 +07:00"}
{"level":"warn","message":{},"msg":"Migrasi table 001_create_users.sql selesai","timestamp":"2026-04-29 14:15:46 +07:00"}
{"level":"warn","message":{},"msg":"Migrasi table 002_create_audit_log.sql selesai","timestamp":"2026-04-29 14:15:46 +07:00"}
{"level":"warn","message":{},"msg":"Migrasi table 003_create_kunjungan_nsb.sql selesai","timestamp":"2026-04-29 14:15:46 +07:00"}
{"level":"warn","message":{},"msg":"Migrasi table 004_alter_kunjungan_tgl_kunjungan_to_date.sql selesai","timestamp":"2026-04-29 14:15:46 +07:00"}
{"level":"warn","message":{},"msg":"Migrasi table 001_create_users.sql selesai","timestamp":"2026-04-29 14:16:13 +07:00"}
{"level":"warn","message":{},"msg":"Migrasi table 002_create_audit_log.sql selesai","timestamp":"2026-04-29 14:16:13 +07:00"}
{"level":"warn","message":{},"msg":"Migrasi table 003_create_kunjungan_nsb.sql selesai","timestamp":"2026-04-29 14:16:13 +07:00"}
{"level":"warn","message":{},"msg":"Migrasi table 004_alter_kunjungan_tgl_kunjungan_to_date.sql selesai","timestamp":"2026-04-29 14:16:13 +07:00"}
{"level":"warn","message":{},"msg":"Migrasi table 001_create_users.sql selesai","timestamp":"2026-04-29 14:40:08 +07:00"}
{"level":"warn","message":{},"msg":"Migrasi table 002_create_audit_log.sql selesai","timestamp":"2026-04-29 14:40:08 +07:00"}
{"level":"warn","message":{},"msg":"Migrasi table 003_create_kunjungan_nsb.sql selesai","timestamp":"2026-04-29 14:40:08 +07:00"}
{"level":"warn","message":{},"msg":"Migrasi table 004_alter_kunjungan_tgl_kunjungan_to_date.sql selesai","timestamp":"2026-04-29 14:40:08 +07:00"}
{"ip":"::1","level":"warn","message":{},"method":"GET","msg":"Dilarang mengakses halaman ini, authorized only","timestamp":"2026-04-29 14:40:18 +07:00","url":"/api/v1/users?kode_kantor=225"}
{"level":"warn","message":{},"msg":"Migrasi table 001_create_users.sql selesai","timestamp":"2026-04-29 14:49:16 +07:00"}
{"level":"warn","message":{},"msg":"Migrasi table 002_create_audit_log.sql selesai","timestamp":"2026-04-29 14:49:16 +07:00"}
{"level":"warn","message":{},"msg":"Migrasi table 003_create_kunjungan_nsb.sql selesai","timestamp":"2026-04-29 14:49:16 +07:00"}
{"level":"warn","message":{},"msg":"Migrasi table 004_alter_kunjungan_tgl_kunjungan_to_date.sql selesai","timestamp":"2026-04-29 14:49:16 +07:00"}
{"ip":"::1","level":"warn","message":{},"method":"GET","msg":"Dilarang mengakses halaman ini, authorized only","timestamp":"2026-04-29 15:08:39 +07:00","url":"/api/v1/users"}
{"ip":"::1","level":"warn","message":{},"method":"GET","msg":"Dilarang mengakses halaman ini, authorized only","timestamp":"2026-04-29 15:34:37 +07:00","url":"/api/v1/users?limit=20&page6"}
{"level":"warn","message":{},"msg":"Migrasi table 001_create_users.sql selesai","timestamp":"2026-04-29 15:35:57 +07:00"}
{"level":"warn","message":{},"msg":"Migrasi table 002_create_audit_log.sql selesai","timestamp":"2026-04-29 15:35:57 +07:00"}
{"level":"warn","message":{},"msg":"Migrasi table 003_create_kunjungan_nsb.sql selesai","timestamp":"2026-04-29 15:35:57 +07:00"}
{"level":"warn","message":{},"msg":"Migrasi table 004_alter_kunjungan_tgl_kunjungan_to_date.sql selesai","timestamp":"2026-04-29 15:35:57 +07:00"}
{"level":"warn","message":{},"msg":"Migrasi table 001_create_users.sql selesai","timestamp":"2026-04-29 15:36:38 +07:00"}
{"level":"warn","message":{},"msg":"Migrasi table 002_create_audit_log.sql selesai","timestamp":"2026-04-29 15:36:38 +07:00"}
{"level":"warn","message":{},"msg":"Migrasi table 003_create_kunjungan_nsb.sql selesai","timestamp":"2026-04-29 15:36:38 +07:00"}
{"level":"warn","message":{},"msg":"Migrasi table 004_alter_kunjungan_tgl_kunjungan_to_date.sql selesai","timestamp":"2026-04-29 15:36:38 +07:00"}
{"level":"warn","message":{},"msg":"Migrasi table 001_create_users.sql selesai","timestamp":"2026-04-29 15:36:57 +07:00"}
{"level":"warn","message":{},"msg":"Migrasi table 002_create_audit_log.sql selesai","timestamp":"2026-04-29 15:36:57 +07:00"}
{"level":"warn","message":{},"msg":"Migrasi table 003_create_kunjungan_nsb.sql selesai","timestamp":"2026-04-29 15:36:57 +07:00"}
{"level":"warn","message":{},"msg":"Migrasi table 004_alter_kunjungan_tgl_kunjungan_to_date.sql selesai","timestamp":"2026-04-29 15:36:57 +07:00"}
