2026-01-27T07:49:05.705Z | debug | test
2026-01-27T07:50:09.362Z | debug | test
2026-01-27T07:50:12.763Z | debug | test
2026-01-27T08:08:21.069Z | debug | test
2026-01-27T08:10:33.382Z | debug | test
2026-01-27T08:11:03.638Z | debug | test
{"level":"debug","message":"test","timestamp":"2026-01-27T08:11:39.019Z"}
{"level":"debug","message":"test","timestamp":"2026-01-27T08:12:03.580Z"}
{"level":"debug","message":"test","timestamp":"2026-01-27T08:12:36.451Z"}
{"level":"debug","message":"test","timestamp":"2026-01-27T08:13:36.711Z"}
{"level":"debug","message":"test","timestamp":"2026-01-27T08:13:49.228Z"}
{"level":"debug","message":"test","timestamp":"2026-01-27T08:14:32.806Z"}
{"level":"debug","message":"test","timestamp":"2026-01-27T08:14:49.852Z"}
undefined
undefined
{"level":"debug","message":"test"}
{"level":"debug","message":"test","timestamp":"2026-01-27T08:16:42.761Z"}
{"level":"debug","message":"test","timestamp":"2026-01-27T08:17:13.313Z"}
{"level":"debug","message":"test"}
{"level":"debug","message":"test"}
{"level":"debug","message":"test"}
{"level":"debug","message":"test"}
{"level":"debug","message":"test","timestamp":"2026-01-27T08:20:20.270Z"}
{"level":"debug","message":"test","timestamp":"2026-01-27T08:20:57.956Z"}
{"level":"debug","message":"test","timestamp":"2026-01-27T08:21:41.384Z"}
{"level":"debug","message":"test","timestamp":"2026-01-27T08:21:44.217Z"}
{"level":"debug","message":"test","timestamp":"2026-01-27T08:21:54.540Z"}
{"level":"info","message":"GET / 2.208","timestamp":"2026-01-27T08:24:45.610Z"}
{"level":"info","message":"::1 - - [Tue, 27 Jan 2026 08:25:29 GMT] \"GET / HTTP/1.1\" 304 - \"-\" \"Mozilla/5.0 (Windows NT 10.0; Win64; x64) AppleWebKit/537.36 (KHTML, like Gecko) Chrome/144.0.0.0 Safari/537.36\"","timestamp":"2026-01-27T08:25:29.251Z"}
{"level":"info","message":"GET / 2.202","timestamp":"2026-01-27T08:26:09.729Z"}
{"level":"info","message":"GET /asadda 2.063","timestamp":"2026-01-27T08:27:51.843Z"}
{"level":"info","message":"GET /asadda 0.399","timestamp":"2026-01-27T08:28:00.865Z"}
{"level":"info","message":"GET / 2.092","timestamp":"2026-01-27 15:29:48 +07:00"}
{"level":"error","timestamp":"2026-01-27 15:32:00 +07:00"}
{"level":"info","message":"GET /boom 4.586","timestamp":"2026-01-27 15:32:00 +07:00"}
{"level":"info","message":"GET / 2.117","timestamp":"2026-01-27 15:43:27 +07:00"}
{"level":"info","message":"GET /auth 1.885","timestamp":"2026-01-27 15:43:41 +07:00"}
{"level":"info","message":"GET /auth 304 2.526","timestamp":"2026-01-27 15:44:38 +07:00"}
{"level":"info","message":"GET /auth 304 - - 2.782","timestamp":"2026-01-27 15:45:08 +07:00"}
{"level":"info","message":"GET /auth 304 2.237 ms - -","timestamp":"2026-01-27 15:46:07 +07:00"}
{"level":"info","message":"GET /auth/ 200 2.697 ms - 13","timestamp":"2026-01-27 16:02:16 +07:00"}
{"level":"error","timestamp":"2026-01-27 16:02:29 +07:00"}
{"level":"info","message":"POST /auth/login - - ms - -","timestamp":"2026-01-27 16:02:45 +07:00"}
{"level":"error","timestamp":"2026-01-27 16:03:01 +07:00"}
{"level":"info","message":"POST /auth/login - - ms - -","timestamp":"2026-01-27 16:03:04 +07:00"}
{"level":"error","timestamp":"2026-01-27 16:05:19 +07:00"}
{"level":"info","message":"POST /auth/login 500 6.259 ms - 25","timestamp":"2026-01-27 16:05:19 +07:00"}
{"level":"error","timestamp":"2026-01-27 16:05:40 +07:00"}
{"level":"info","message":"POST /auth/login 500 6.319 ms - 25","timestamp":"2026-01-27 16:05:40 +07:00"}
