{"level":"warn","message":{},"msg":"Migrasi table 001_create_users.sql selesai","timestamp":"2026-03-31 09:10:40 +07:00"}
{"level":"warn","message":{},"msg":"Migrasi table 001_create_users.sql selesai","timestamp":"2026-03-31 11:04:40 +07:00"}
{"level":"warn","message":{},"msg":"Migrasi table 001_create_users.sql selesai","timestamp":"2026-03-31 11:06:14 +07:00"}
{"level":"warn","message":{},"msg":"Migrasi table 001_create_users.sql selesai","timestamp":"2026-03-31 11:06:38 +07:00"}
{"level":"warn","message":{},"msg":"Migrasi table 002_create_audit_log.sql selesai","timestamp":"2026-03-31 11:06:38 +07:00"}
{"level":"warn","message":{},"msg":"Migrasi table 001_create_users.sql selesai","timestamp":"2026-03-31 11:13:45 +07:00"}
{"level":"warn","message":{},"msg":"Migrasi table 002_create_audit_log.sql selesai","timestamp":"2026-03-31 11:13:45 +07:00"}
{"level":"warn","message":{},"msg":"Migrasi table 001_create_users.sql selesai","timestamp":"2026-03-31 11:19:55 +07:00"}
{"level":"warn","message":{},"msg":"Migrasi table 002_create_audit_log.sql selesai","timestamp":"2026-03-31 11:19:55 +07:00"}
{"level":"warn","message":{},"msg":"Migrasi table 001_create_users.sql selesai","timestamp":"2026-03-31 12:56:07 +07:00"}
{"level":"warn","message":{},"msg":"Migrasi table 001_create_users.sql selesai","timestamp":"2026-03-31 12:57:09 +07:00"}
{"level":"warn","message":{},"msg":"Migrasi table 002_create_audit_log.sql selesai","timestamp":"2026-03-31 12:57:09 +07:00"}
{"level":"warn","message":{},"msg":"Migrasi table 001_create_users.sql selesai","timestamp":"2026-03-31 12:59:07 +07:00"}
{"level":"warn","message":{},"msg":"Migrasi table 002_create_audit_log.sql selesai","timestamp":"2026-03-31 12:59:07 +07:00"}
{"level":"warn","message":{},"msg":"Migrasi table 001_create_users.sql selesai","timestamp":"2026-03-31 13:41:11 +07:00"}
{"level":"warn","message":{},"msg":"Migrasi table 002_create_audit_log.sql selesai","timestamp":"2026-03-31 13:41:11 +07:00"}
{"level":"warn","message":{},"msg":"Migrasi table 001_create_users.sql selesai","timestamp":"2026-03-31 13:42:18 +07:00"}
{"level":"warn","message":{},"msg":"Migrasi table 002_create_audit_log.sql selesai","timestamp":"2026-03-31 13:42:18 +07:00"}
{"ip":"::1","level":"info","message":{},"method":"POST","msg":"Username superadmin telah login","timestamp":"2026-03-31 13:42:59 +07:00","url":"/api/v1/auth/login"}
{"ip":"::1","level":"warn","message":{},"method":"GET","msg":"unauthorized","timestamp":"2026-03-31 13:43:13 +07:00","url":"/api/v1/auth/"}
{"ip":"::1","level":"warn","message":{},"method":"GET","msg":"unauthorized","timestamp":"2026-03-31 13:43:22 +07:00","url":"/api/v1/auth/"}
{"ip":"::1","level":"warn","message":{},"method":"GET","msg":"unauthorized","timestamp":"2026-03-31 13:43:40 +07:00","url":"/api/v1/auth/"}
{"ip":"::1","level":"warn","message":{},"method":"GET","msg":"unauthorized","timestamp":"2026-03-31 13:44:49 +07:00","url":"/api/v1/auth/"}
{"level":"warn","message":{},"msg":"Migrasi table 001_create_users.sql selesai","timestamp":"2026-03-31 13:45:28 +07:00"}
{"level":"warn","message":{},"msg":"Migrasi table 002_create_audit_log.sql selesai","timestamp":"2026-03-31 13:45:28 +07:00"}
{"level":"warn","message":{},"msg":"Migrasi table 001_create_users.sql selesai","timestamp":"2026-03-31 13:45:31 +07:00"}
{"level":"warn","message":{},"msg":"Migrasi table 002_create_audit_log.sql selesai","timestamp":"2026-03-31 13:45:31 +07:00"}
{"ip":"::1","level":"warn","message":{},"method":"GET","msg":"unauthorized","timestamp":"2026-03-31 13:45:34 +07:00","url":"/api/v1/auth/"}
{"level":"warn","message":{},"msg":"Migrasi table 001_create_users.sql selesai","timestamp":"2026-03-31 13:46:40 +07:00"}
{"level":"warn","message":{},"msg":"Migrasi table 002_create_audit_log.sql selesai","timestamp":"2026-03-31 13:46:40 +07:00"}
{"level":"warn","message":{},"msg":"Migrasi table 001_create_users.sql selesai","timestamp":"2026-03-31 13:46:47 +07:00"}
{"level":"warn","message":{},"msg":"Migrasi table 002_create_audit_log.sql selesai","timestamp":"2026-03-31 13:46:47 +07:00"}
{"ip":"::1","level":"info","message":{},"method":"POST","msg":"Username superadmin telah login","timestamp":"2026-03-31 13:47:48 +07:00","url":"/api/v1/auth/login"}
{"ip":"::1","level":"info","message":{},"method":"GET","msg":"Data session superadmin berhasil di ambil","timestamp":"2026-03-31 13:47:51 +07:00","url":"/api/v1/auth/"}
{"ip":"::1","level":"info","message":{},"method":"POST","msg":"Username superadmin telah berhasil keluar","timestamp":"2026-03-31 13:47:55 +07:00","url":"/api/v1/auth/logout"}
{"ip":"::1","level":"info","message":{},"method":"POST","msg":"Username superadmin telah login","timestamp":"2026-03-31 13:47:59 +07:00","url":"/api/v1/auth/login"}
{"ip":"::1","level":"info","message":{},"method":"GET","msg":"Data session superadmin berhasil di ambil","timestamp":"2026-03-31 13:48:59 +07:00","url":"/api/v1/auth/"}
{"level":"warn","message":{},"msg":"Migrasi table 001_create_users.sql selesai","timestamp":"2026-03-31 13:49:36 +07:00"}
{"level":"warn","message":{},"msg":"Migrasi table 002_create_audit_log.sql selesai","timestamp":"2026-03-31 13:49:36 +07:00"}
{"ip":"::1","level":"info","message":{},"method":"GET","msg":"Data session superadmin berhasil di ambil","timestamp":"2026-03-31 13:49:40 +07:00","url":"/api/v1/auth/"}
{"level":"warn","message":{},"msg":"Migrasi table 001_create_users.sql selesai","timestamp":"2026-03-31 14:31:40 +07:00"}
{"level":"warn","message":{},"msg":"Migrasi table 002_create_audit_log.sql selesai","timestamp":"2026-03-31 14:31:40 +07:00"}
{"level":"warn","message":{},"msg":"Migrasi table 001_create_users.sql selesai","timestamp":"2026-03-31 14:33:21 +07:00"}
{"level":"warn","message":{},"msg":"Migrasi table 002_create_audit_log.sql selesai","timestamp":"2026-03-31 14:33:21 +07:00"}
{"level":"warn","message":{},"msg":"Migrasi table 001_create_users.sql selesai","timestamp":"2026-03-31 14:35:40 +07:00"}
{"level":"warn","message":{},"msg":"Migrasi table 002_create_audit_log.sql selesai","timestamp":"2026-03-31 14:35:40 +07:00"}
{"level":"warn","message":{},"msg":"Migrasi table 001_create_users.sql selesai","timestamp":"2026-03-31 14:47:18 +07:00"}
{"level":"warn","message":{},"msg":"Migrasi table 002_create_audit_log.sql selesai","timestamp":"2026-03-31 14:47:18 +07:00"}
{"level":"warn","message":{},"msg":"Migrasi table 001_create_users.sql selesai","timestamp":"2026-03-31 14:47:22 +07:00"}
{"level":"warn","message":{},"msg":"Migrasi table 002_create_audit_log.sql selesai","timestamp":"2026-03-31 14:47:22 +07:00"}
{"level":"warn","message":{},"msg":"Migrasi table 001_create_users.sql selesai","timestamp":"2026-03-31 14:47:31 +07:00"}
{"level":"warn","message":{},"msg":"Migrasi table 002_create_audit_log.sql selesai","timestamp":"2026-03-31 14:47:31 +07:00"}
{"level":"warn","message":{},"msg":"Migrasi table 001_create_users.sql selesai","timestamp":"2026-03-31 15:22:29 +07:00"}
{"level":"warn","message":{},"msg":"Migrasi table 002_create_audit_log.sql selesai","timestamp":"2026-03-31 15:22:29 +07:00"}
{"level":"warn","message":{},"msg":"Migrasi table 001_create_users.sql selesai","timestamp":"2026-03-31 16:06:19 +07:00"}
{"level":"warn","message":{},"msg":"Migrasi table 002_create_audit_log.sql selesai","timestamp":"2026-03-31 16:06:19 +07:00"}
{"level":"warn","message":{},"msg":"Migrasi table 001_create_users.sql selesai","timestamp":"2026-03-31 16:06:20 +07:00"}
{"level":"warn","message":{},"msg":"Migrasi table 002_create_audit_log.sql selesai","timestamp":"2026-03-31 16:06:20 +07:00"}
{"level":"warn","message":{},"msg":"Migrasi table 001_create_users.sql selesai","timestamp":"2026-03-31 16:07:19 +07:00"}
{"level":"warn","message":{},"msg":"Migrasi table 002_create_audit_log.sql selesai","timestamp":"2026-03-31 16:07:19 +07:00"}
{"level":"warn","message":{},"msg":"Migrasi table 001_create_users.sql selesai","timestamp":"2026-03-31 16:08:48 +07:00"}
{"level":"warn","message":{},"msg":"Migrasi table 002_create_audit_log.sql selesai","timestamp":"2026-03-31 16:08:48 +07:00"}
{"level":"warn","message":{},"msg":"Migrasi table 001_create_users.sql selesai","timestamp":"2026-03-31 16:08:57 +07:00"}
{"level":"warn","message":{},"msg":"Migrasi table 002_create_audit_log.sql selesai","timestamp":"2026-03-31 16:08:57 +07:00"}
{"level":"warn","message":{},"msg":"Migrasi table 001_create_users.sql selesai","timestamp":"2026-03-31 16:09:02 +07:00"}
{"level":"warn","message":{},"msg":"Migrasi table 002_create_audit_log.sql selesai","timestamp":"2026-03-31 16:09:02 +07:00"}
{"level":"warn","message":{},"msg":"Migrasi table 001_create_users.sql selesai","timestamp":"2026-03-31 16:10:51 +07:00"}
{"level":"warn","message":{},"msg":"Migrasi table 002_create_audit_log.sql selesai","timestamp":"2026-03-31 16:10:51 +07:00"}
{"level":"warn","message":{},"msg":"Migrasi table 001_create_users.sql selesai","timestamp":"2026-03-31 16:11:01 +07:00"}
{"level":"warn","message":{},"msg":"Migrasi table 002_create_audit_log.sql selesai","timestamp":"2026-03-31 16:11:01 +07:00"}
{"level":"warn","message":{},"msg":"Migrasi table 001_create_users.sql selesai","timestamp":"2026-03-31 16:11:04 +07:00"}
{"level":"warn","message":{},"msg":"Migrasi table 002_create_audit_log.sql selesai","timestamp":"2026-03-31 16:11:04 +07:00"}
{"level":"warn","message":{},"msg":"Migrasi table 001_create_users.sql selesai","timestamp":"2026-03-31 16:13:59 +07:00"}
{"level":"warn","message":{},"msg":"Migrasi table 002_create_audit_log.sql selesai","timestamp":"2026-03-31 16:13:59 +07:00"}
{"level":"warn","message":{},"msg":"Migrasi table 001_create_users.sql selesai","timestamp":"2026-03-31 16:17:02 +07:00"}
{"level":"warn","message":{},"msg":"Migrasi table 002_create_audit_log.sql selesai","timestamp":"2026-03-31 16:17:02 +07:00"}
{"level":"warn","message":{},"msg":"Migrasi table 001_create_users.sql selesai","timestamp":"2026-03-31 16:17:04 +07:00"}
{"level":"warn","message":{},"msg":"Migrasi table 002_create_audit_log.sql selesai","timestamp":"2026-03-31 16:17:04 +07:00"}
{"level":"warn","message":{},"msg":"Migrasi table 001_create_users.sql selesai","timestamp":"2026-03-31 16:19:09 +07:00"}
{"level":"warn","message":{},"msg":"Migrasi table 002_create_audit_log.sql selesai","timestamp":"2026-03-31 16:19:09 +07:00"}
{"ip":"::1","level":"warn","message":{},"method":"GET","msg":"unauthorized","timestamp":"2026-03-31 16:19:23 +07:00","url":"/api/v1/auth/"}
{"level":"warn","message":{},"msg":"Migrasi table 001_create_users.sql selesai","timestamp":"2026-03-31 16:19:48 +07:00"}
{"level":"warn","message":{},"msg":"Migrasi table 002_create_audit_log.sql selesai","timestamp":"2026-03-31 16:19:48 +07:00"}
{"ip":"::1","level":"info","message":{},"method":"POST","msg":"Username superadmin telah login","timestamp":"2026-03-31 16:20:26 +07:00","url":"/api/v1/auth/login"}
{"level":"warn","message":{},"msg":"Migrasi table 001_create_users.sql selesai","timestamp":"2026-03-31 16:22:29 +07:00"}
{"level":"warn","message":{},"msg":"Migrasi table 002_create_audit_log.sql selesai","timestamp":"2026-03-31 16:22:29 +07:00"}
{"ip":"::1","level":"info","message":{},"method":"POST","msg":"Username superadmin telah berhasil keluar","timestamp":"2026-03-31 16:22:37 +07:00","url":"/api/v1/auth/logout"}
{"ip":"::1","level":"info","message":{},"method":"POST","msg":"Username superadmin telah login","timestamp":"2026-03-31 16:22:52 +07:00","url":"/api/v1/auth/login"}
{"level":"warn","message":{},"msg":"Migrasi table 001_create_users.sql selesai","timestamp":"2026-03-31 17:54:21 +07:00"}
{"level":"warn","message":{},"msg":"Migrasi table 002_create_audit_log.sql selesai","timestamp":"2026-03-31 17:54:21 +07:00"}
{"level":"warn","message":{},"msg":"Migrasi table 001_create_users.sql selesai","timestamp":"2026-03-31 17:55:57 +07:00"}
{"level":"warn","message":{},"msg":"Migrasi table 002_create_audit_log.sql selesai","timestamp":"2026-03-31 17:55:57 +07:00"}
{"ip":"::1","level":"info","message":{},"method":"POST","msg":"Username superadmin telah login","timestamp":"2026-03-31 17:56:01 +07:00","url":"/api/v1/auth/login"}
{"level":"warn","message":{},"msg":"Migrasi table 001_create_users.sql selesai","timestamp":"2026-03-31 17:56:35 +07:00"}
{"level":"warn","message":{},"msg":"Migrasi table 002_create_audit_log.sql selesai","timestamp":"2026-03-31 17:56:35 +07:00"}
{"ip":"::1","level":"info","message":{},"method":"POST","msg":"Username superadmin telah login","timestamp":"2026-03-31 17:56:38 +07:00","url":"/api/v1/auth/login"}
{"level":"warn","message":{},"msg":"Migrasi table 001_create_users.sql selesai","timestamp":"2026-03-31 17:59:08 +07:00"}
{"level":"warn","message":{},"msg":"Migrasi table 002_create_audit_log.sql selesai","timestamp":"2026-03-31 17:59:08 +07:00"}
{"ip":"::1","level":"warn","message":{},"method":"POST","msg":"Username superadmin mencoba login tapi password salah","timestamp":"2026-03-31 17:59:13 +07:00","url":"/api/v1/auth/login"}
{"ip":"::1","level":"error","message":"Cannot set properties of undefined (setting 'auditError')","method":"POST","msg":"Internal Server Eror, Hubungi Vendor!!","timestamp":"2026-03-31 17:59:13 +07:00","url":"/api/v1/auth/login"}
{"level":"warn","message":{},"msg":"Migrasi table 001_create_users.sql selesai","timestamp":"2026-03-31 18:00:37 +07:00"}
{"level":"warn","message":{},"msg":"Migrasi table 002_create_audit_log.sql selesai","timestamp":"2026-03-31 18:00:37 +07:00"}
{"ip":"::1","level":"warn","message":{},"method":"POST","msg":"Username superadmin mencoba login tapi password salah","timestamp":"2026-03-31 18:00:43 +07:00","url":"/api/v1/auth/login"}
{"level":"warn","message":{},"msg":"Migrasi table 001_create_users.sql selesai","timestamp":"2026-03-31 18:29:05 +07:00"}
{"level":"warn","message":{},"msg":"Migrasi table 002_create_audit_log.sql selesai","timestamp":"2026-03-31 18:29:05 +07:00"}
{"level":"warn","message":{},"msg":"Migrasi table 001_create_users.sql selesai","timestamp":"2026-03-31 18:35:36 +07:00"}
{"level":"warn","message":{},"msg":"Migrasi table 002_create_audit_log.sql selesai","timestamp":"2026-03-31 18:35:36 +07:00"}
{"level":"warn","message":{},"msg":"Migrasi table 001_create_users.sql selesai","timestamp":"2026-03-31 18:44:48 +07:00"}
{"level":"warn","message":{},"msg":"Migrasi table 002_create_audit_log.sql selesai","timestamp":"2026-03-31 18:44:48 +07:00"}
{"level":"warn","message":{},"msg":"Migrasi table 001_create_users.sql selesai","timestamp":"2026-03-31 18:44:54 +07:00"}
{"level":"warn","message":{},"msg":"Migrasi table 002_create_audit_log.sql selesai","timestamp":"2026-03-31 18:44:54 +07:00"}
{"level":"warn","message":{},"msg":"Migrasi table 001_create_users.sql selesai","timestamp":"2026-03-31 18:46:15 +07:00"}
{"level":"warn","message":{},"msg":"Migrasi table 002_create_audit_log.sql selesai","timestamp":"2026-03-31 18:46:15 +07:00"}
{"level":"warn","message":{},"msg":"Migrasi table 001_create_users.sql selesai","timestamp":"2026-03-31 18:46:21 +07:00"}
{"level":"warn","message":{},"msg":"Migrasi table 002_create_audit_log.sql selesai","timestamp":"2026-03-31 18:46:21 +07:00"}
{"level":"warn","message":{},"msg":"Migrasi table 001_create_users.sql selesai","timestamp":"2026-03-31 18:46:22 +07:00"}
{"level":"warn","message":{},"msg":"Migrasi table 002_create_audit_log.sql selesai","timestamp":"2026-03-31 18:46:22 +07:00"}
{"level":"warn","message":{},"msg":"Migrasi table 001_create_users.sql selesai","timestamp":"2026-03-31 18:47:09 +07:00"}
{"level":"warn","message":{},"msg":"Migrasi table 002_create_audit_log.sql selesai","timestamp":"2026-03-31 18:47:09 +07:00"}
{"level":"warn","message":{},"msg":"Migrasi table 001_create_users.sql selesai","timestamp":"2026-03-31 18:50:03 +07:00"}
{"level":"warn","message":{},"msg":"Migrasi table 002_create_audit_log.sql selesai","timestamp":"2026-03-31 18:50:03 +07:00"}
{"level":"warn","message":{},"msg":"Migrasi table 001_create_users.sql selesai","timestamp":"2026-03-31 18:50:06 +07:00"}
{"level":"warn","message":{},"msg":"Migrasi table 002_create_audit_log.sql selesai","timestamp":"2026-03-31 18:50:06 +07:00"}
{"ip":"::1","level":"info","message":{},"method":"POST","msg":"Username superadmin telah login","timestamp":"2026-03-31 18:50:18 +07:00","url":"/api/v1/auth/login"}
{"level":"warn","message":{},"msg":"Migrasi table 001_create_users.sql selesai","timestamp":"2026-03-31 18:52:29 +07:00"}
{"level":"warn","message":{},"msg":"Migrasi table 002_create_audit_log.sql selesai","timestamp":"2026-03-31 18:52:29 +07:00"}
{"level":"warn","message":{},"msg":"Migrasi table 001_create_users.sql selesai","timestamp":"2026-03-31 19:05:25 +07:00"}
{"level":"warn","message":{},"msg":"Migrasi table 002_create_audit_log.sql selesai","timestamp":"2026-03-31 19:05:25 +07:00"}
{"level":"warn","message":{},"msg":"Migrasi table 001_create_users.sql selesai","timestamp":"2026-03-31 19:13:16 +07:00"}
{"level":"warn","message":{},"msg":"Migrasi table 002_create_audit_log.sql selesai","timestamp":"2026-03-31 19:13:16 +07:00"}
{"level":"warn","message":{},"msg":"Migrasi table 001_create_users.sql selesai","timestamp":"2026-03-31 19:13:36 +07:00"}
{"level":"warn","message":{},"msg":"Migrasi table 002_create_audit_log.sql selesai","timestamp":"2026-03-31 19:13:36 +07:00"}
{"level":"warn","message":{},"msg":"Migrasi table 001_create_users.sql selesai","timestamp":"2026-03-31 19:13:48 +07:00"}
{"level":"warn","message":{},"msg":"Migrasi table 002_create_audit_log.sql selesai","timestamp":"2026-03-31 19:13:48 +07:00"}
{"ip":"::1","level":"warn","message":{"errors":[{"field":"username","message":"Username wajib di isi"},{"field":"password","message":"Password wajib diisi"}]},"method":"POST","msg":"Gagal Menyimpan, Validasi gagal","timestamp":"2026-03-31 19:14:11 +07:00","url":"/api/v1/auth/login"}
{"level":"warn","message":{},"msg":"Migrasi table 001_create_users.sql selesai","timestamp":"2026-03-31 19:16:21 +07:00"}
{"level":"warn","message":{},"msg":"Migrasi table 002_create_audit_log.sql selesai","timestamp":"2026-03-31 19:16:21 +07:00"}
{"level":"warn","message":{},"msg":"Migrasi table 001_create_users.sql selesai","timestamp":"2026-03-31 19:18:04 +07:00"}
{"level":"warn","message":{},"msg":"Migrasi table 002_create_audit_log.sql selesai","timestamp":"2026-03-31 19:18:04 +07:00"}
{"level":"warn","message":{},"msg":"Migrasi table 001_create_users.sql selesai","timestamp":"2026-03-31 19:19:02 +07:00"}
{"level":"warn","message":{},"msg":"Migrasi table 002_create_audit_log.sql selesai","timestamp":"2026-03-31 19:19:02 +07:00"}
{"level":"warn","message":{},"msg":"Migrasi table 001_create_users.sql selesai","timestamp":"2026-03-31 19:20:56 +07:00"}
{"level":"warn","message":{},"msg":"Migrasi table 002_create_audit_log.sql selesai","timestamp":"2026-03-31 19:20:56 +07:00"}
{"level":"warn","message":{},"msg":"Migrasi table 001_create_users.sql selesai","timestamp":"2026-03-31 19:42:54 +07:00"}
{"level":"warn","message":{},"msg":"Migrasi table 002_create_audit_log.sql selesai","timestamp":"2026-03-31 19:42:54 +07:00"}
{"level":"warn","message":{},"msg":"Migrasi table 001_create_users.sql selesai","timestamp":"2026-03-31 19:50:31 +07:00"}
{"level":"warn","message":{},"msg":"Migrasi table 002_create_audit_log.sql selesai","timestamp":"2026-03-31 19:50:31 +07:00"}
{"level":"warn","message":{},"msg":"Migrasi table 001_create_users.sql selesai","timestamp":"2026-03-31 19:51:21 +07:00"}
{"level":"warn","message":{},"msg":"Migrasi table 002_create_audit_log.sql selesai","timestamp":"2026-03-31 19:51:21 +07:00"}
{"level":"warn","message":{},"msg":"Migrasi table 001_create_users.sql selesai","timestamp":"2026-03-31 19:51:22 +07:00"}
{"level":"warn","message":{},"msg":"Migrasi table 002_create_audit_log.sql selesai","timestamp":"2026-03-31 19:51:22 +07:00"}
{"level":"warn","message":{},"msg":"Migrasi table 001_create_users.sql selesai","timestamp":"2026-03-31 19:51:54 +07:00"}
{"level":"warn","message":{},"msg":"Migrasi table 002_create_audit_log.sql selesai","timestamp":"2026-03-31 19:51:54 +07:00"}
{"level":"warn","message":{},"msg":"Migrasi table 001_create_users.sql selesai","timestamp":"2026-03-31 19:51:56 +07:00"}
{"level":"warn","message":{},"msg":"Migrasi table 002_create_audit_log.sql selesai","timestamp":"2026-03-31 19:51:56 +07:00"}
{"ip":"::1","level":"info","message":{},"method":"GET","msg":"Data session superadmin berhasil di ambil","timestamp":"2026-03-31 19:56:10 +07:00","url":"/api/v1/auth/"}
{"level":"warn","message":{},"msg":"Migrasi table 001_create_users.sql selesai","timestamp":"2026-03-31 19:56:35 +07:00"}
{"level":"warn","message":{},"msg":"Migrasi table 002_create_audit_log.sql selesai","timestamp":"2026-03-31 19:56:35 +07:00"}
{"level":"warn","message":{},"msg":"Migrasi table 001_create_users.sql selesai","timestamp":"2026-03-31 20:05:40 +07:00"}
{"level":"warn","message":{},"msg":"Migrasi table 002_create_audit_log.sql selesai","timestamp":"2026-03-31 20:05:40 +07:00"}
{"level":"warn","message":{},"msg":"Migrasi table 001_create_users.sql selesai","timestamp":"2026-03-31 20:05:49 +07:00"}
{"level":"warn","message":{},"msg":"Migrasi table 002_create_audit_log.sql selesai","timestamp":"2026-03-31 20:05:49 +07:00"}
{"level":"warn","message":{},"msg":"Migrasi table 001_create_users.sql selesai","timestamp":"2026-03-31 20:05:50 +07:00"}
{"level":"warn","message":{},"msg":"Migrasi table 002_create_audit_log.sql selesai","timestamp":"2026-03-31 20:05:50 +07:00"}
{"ip":"::1","level":"error","message":"data is not defined","method":"GET","msg":"Internal Server Eror, Hubungi Vendor!!","timestamp":"2026-03-31 20:06:11 +07:00","url":"/api/v1/auth/"}
{"level":"warn","message":{},"msg":"Migrasi table 001_create_users.sql selesai","timestamp":"2026-03-31 20:06:36 +07:00"}
{"level":"warn","message":{},"msg":"Migrasi table 002_create_audit_log.sql selesai","timestamp":"2026-03-31 20:06:36 +07:00"}
{"level":"warn","message":{},"msg":"Migrasi table 001_create_users.sql selesai","timestamp":"2026-03-31 20:07:31 +07:00"}
{"level":"warn","message":{},"msg":"Migrasi table 002_create_audit_log.sql selesai","timestamp":"2026-03-31 20:07:31 +07:00"}
{"level":"warn","message":{},"msg":"Migrasi table 001_create_users.sql selesai","timestamp":"2026-03-31 20:07:35 +07:00"}
{"level":"warn","message":{},"msg":"Migrasi table 002_create_audit_log.sql selesai","timestamp":"2026-03-31 20:07:35 +07:00"}
{"level":"warn","message":{},"msg":"Migrasi table 001_create_users.sql selesai","timestamp":"2026-03-31 20:09:48 +07:00"}
{"level":"warn","message":{},"msg":"Migrasi table 002_create_audit_log.sql selesai","timestamp":"2026-03-31 20:09:48 +07:00"}
{"level":"warn","message":{},"msg":"Migrasi table 001_create_users.sql selesai","timestamp":"2026-03-31 20:16:59 +07:00"}
{"level":"warn","message":{},"msg":"Migrasi table 002_create_audit_log.sql selesai","timestamp":"2026-03-31 20:16:59 +07:00"}
{"level":"warn","message":{},"msg":"Migrasi table 001_create_users.sql selesai","timestamp":"2026-03-31 20:17:32 +07:00"}
{"level":"warn","message":{},"msg":"Migrasi table 002_create_audit_log.sql selesai","timestamp":"2026-03-31 20:17:32 +07:00"}
{"level":"warn","message":{},"msg":"Migrasi table 001_create_users.sql selesai","timestamp":"2026-03-31 20:17:34 +07:00"}
{"level":"warn","message":{},"msg":"Migrasi table 002_create_audit_log.sql selesai","timestamp":"2026-03-31 20:17:34 +07:00"}
{"level":"warn","message":{},"msg":"Migrasi table 001_create_users.sql selesai","timestamp":"2026-03-31 20:17:43 +07:00"}
{"level":"warn","message":{},"msg":"Migrasi table 002_create_audit_log.sql selesai","timestamp":"2026-03-31 20:17:43 +07:00"}
{"level":"warn","message":{},"msg":"Migrasi table 001_create_users.sql selesai","timestamp":"2026-03-31 20:17:45 +07:00"}
{"level":"warn","message":{},"msg":"Migrasi table 002_create_audit_log.sql selesai","timestamp":"2026-03-31 20:17:45 +07:00"}
{"level":"warn","message":{},"msg":"Migrasi table 001_create_users.sql selesai","timestamp":"2026-03-31 20:17:48 +07:00"}
{"level":"warn","message":{},"msg":"Migrasi table 002_create_audit_log.sql selesai","timestamp":"2026-03-31 20:17:48 +07:00"}
{"level":"warn","message":{},"msg":"Migrasi table 001_create_users.sql selesai","timestamp":"2026-03-31 20:17:50 +07:00"}
{"level":"warn","message":{},"msg":"Migrasi table 002_create_audit_log.sql selesai","timestamp":"2026-03-31 20:17:50 +07:00"}
{"level":"warn","message":{},"msg":"Migrasi table 001_create_users.sql selesai","timestamp":"2026-03-31 20:17:53 +07:00"}
{"level":"warn","message":{},"msg":"Migrasi table 002_create_audit_log.sql selesai","timestamp":"2026-03-31 20:17:53 +07:00"}
{"level":"warn","message":{},"msg":"Migrasi table 001_create_users.sql selesai","timestamp":"2026-03-31 20:18:06 +07:00"}
{"level":"warn","message":{},"msg":"Migrasi table 002_create_audit_log.sql selesai","timestamp":"2026-03-31 20:18:06 +07:00"}
