{"level":"warn","message":{},"msg":"Migrasi table 001_create_users.sql selesai","timestamp":"2026-04-01 09:30:19 +07:00"}
{"level":"warn","message":{},"msg":"Migrasi table 002_create_audit_log.sql selesai","timestamp":"2026-04-01 09:30:19 +07:00"}
{"level":"warn","message":{},"msg":"Migrasi table 001_create_users.sql selesai","timestamp":"2026-04-01 12:36:43 +07:00"}
{"level":"warn","message":{},"msg":"Migrasi table 002_create_audit_log.sql selesai","timestamp":"2026-04-01 12:36:43 +07:00"}
{"code":"42703","file":"parse_relation.c","ip":"::1","length":101,"level":"error","line":"3721","message":"column \"id\" does not exist","method":"GET","msg":"Internal Server Eror, Hubungi Vendor!!","name":"error","position":"8","routine":"errorMissingColumn","severity":"ERROR","timestamp":"2026-04-01 12:36:52 +07:00","url":"/api/v1/users?page=1&limit=100"}
{"level":"warn","message":{},"msg":"Migrasi table 001_create_users.sql selesai","timestamp":"2026-04-01 12:37:17 +07:00"}
{"level":"warn","message":{},"msg":"Migrasi table 002_create_audit_log.sql selesai","timestamp":"2026-04-01 12:37:17 +07:00"}
{"level":"warn","message":{},"msg":"Migrasi table 001_create_users.sql selesai","timestamp":"2026-04-01 12:37:18 +07:00"}
{"level":"warn","message":{},"msg":"Migrasi table 002_create_audit_log.sql selesai","timestamp":"2026-04-01 12:37:18 +07:00"}
{"level":"warn","message":{},"msg":"Migrasi table 001_create_users.sql selesai","timestamp":"2026-04-01 12:37:25 +07:00"}
{"level":"warn","message":{},"msg":"Migrasi table 002_create_audit_log.sql selesai","timestamp":"2026-04-01 12:37:25 +07:00"}
{"level":"warn","message":{},"msg":"Migrasi table 001_create_users.sql selesai","timestamp":"2026-04-01 12:37:36 +07:00"}
{"level":"warn","message":{},"msg":"Migrasi table 002_create_audit_log.sql selesai","timestamp":"2026-04-01 12:37:36 +07:00"}
{"code":"42703","file":"parse_relation.c","ip":"::1","length":102,"level":"error","line":"3721","message":"column \"id\" does not exist","method":"GET","msg":"Internal Server Eror, Hubungi Vendor!!","name":"error","position":"96","routine":"errorMissingColumn","severity":"ERROR","timestamp":"2026-04-01 12:37:42 +07:00","url":"/api/v1/users?page=1&limit=100"}
{"level":"warn","message":{},"msg":"Migrasi table 001_create_users.sql selesai","timestamp":"2026-04-01 12:37:45 +07:00"}
{"level":"warn","message":{},"msg":"Migrasi table 002_create_audit_log.sql selesai","timestamp":"2026-04-01 12:37:45 +07:00"}
{"level":"warn","message":{},"msg":"Migrasi table 001_create_users.sql selesai","timestamp":"2026-04-01 12:38:25 +07:00"}
{"level":"warn","message":{},"msg":"Migrasi table 002_create_audit_log.sql selesai","timestamp":"2026-04-01 12:38:25 +07:00"}
{"code":"42703","file":"parse_relation.c","hint":"Perhaps you meant to reference the column \"users.expires_at\".","ip":"::1","length":173,"level":"error","line":"3732","message":"column \"expired_at\" does not exist","method":"GET","msg":"Internal Server Eror, Hubungi Vendor!!","name":"error","position":"68","routine":"errorMissingColumn","severity":"ERROR","timestamp":"2026-04-01 12:38:33 +07:00","url":"/api/v1/users?page=1&limit=100"}
{"level":"warn","message":{},"msg":"Migrasi table 001_create_users.sql selesai","timestamp":"2026-04-01 12:38:37 +07:00"}
{"level":"warn","message":{},"msg":"Migrasi table 002_create_audit_log.sql selesai","timestamp":"2026-04-01 12:38:37 +07:00"}
{"ip":"::1","level":"error","message":"audit is not defined","method":"GET","msg":"Internal Server Eror, Hubungi Vendor!!","timestamp":"2026-04-01 12:38:39 +07:00","url":"/api/v1/users?page=1&limit=100"}
{"level":"warn","message":{},"msg":"Migrasi table 001_create_users.sql selesai","timestamp":"2026-04-01 12:39:28 +07:00"}
{"level":"warn","message":{},"msg":"Migrasi table 002_create_audit_log.sql selesai","timestamp":"2026-04-01 12:39:28 +07:00"}
{"level":"warn","message":{},"msg":"Migrasi table 001_create_users.sql selesai","timestamp":"2026-04-01 12:39:49 +07:00"}
{"level":"warn","message":{},"msg":"Migrasi table 002_create_audit_log.sql selesai","timestamp":"2026-04-01 12:39:49 +07:00"}
{"level":"warn","message":{},"msg":"Migrasi table 001_create_users.sql selesai","timestamp":"2026-04-01 15:54:36 +07:00"}
{"level":"warn","message":{},"msg":"Migrasi table 002_create_audit_log.sql selesai","timestamp":"2026-04-01 15:54:36 +07:00"}
{"level":"warn","message":{},"msg":"Migrasi table 001_create_users.sql selesai","timestamp":"2026-04-01 15:54:37 +07:00"}
{"level":"warn","message":{},"msg":"Migrasi table 002_create_audit_log.sql selesai","timestamp":"2026-04-01 15:54:37 +07:00"}
{"level":"warn","message":{},"msg":"Migrasi table 001_create_users.sql selesai","timestamp":"2026-04-01 15:59:05 +07:00"}
{"level":"warn","message":{},"msg":"Migrasi table 002_create_audit_log.sql selesai","timestamp":"2026-04-01 15:59:05 +07:00"}
{"level":"warn","message":{},"msg":"Migrasi table 001_create_users.sql selesai","timestamp":"2026-04-01 15:59:05 +07:00"}
{"level":"warn","message":{},"msg":"Migrasi table 002_create_audit_log.sql selesai","timestamp":"2026-04-01 15:59:05 +07:00"}
{"level":"warn","message":{},"msg":"Migrasi table 001_create_users.sql selesai","timestamp":"2026-04-01 16:03:13 +07:00"}
{"level":"warn","message":{},"msg":"Migrasi table 002_create_audit_log.sql selesai","timestamp":"2026-04-01 16:03:13 +07:00"}
{"level":"warn","message":{},"msg":"Migrasi table 001_create_users.sql selesai","timestamp":"2026-04-01 16:04:06 +07:00"}
{"level":"warn","message":{},"msg":"Migrasi table 002_create_audit_log.sql selesai","timestamp":"2026-04-01 16:04:06 +07:00"}
{"level":"warn","message":{},"msg":"Migrasi table 001_create_users.sql selesai","timestamp":"2026-04-01 16:08:54 +07:00"}
{"level":"warn","message":{},"msg":"Migrasi table 002_create_audit_log.sql selesai","timestamp":"2026-04-01 16:08:54 +07:00"}
{"level":"warn","message":{},"msg":"Migrasi table 001_create_users.sql selesai","timestamp":"2026-04-01 16:08:55 +07:00"}
{"level":"warn","message":{},"msg":"Migrasi table 002_create_audit_log.sql selesai","timestamp":"2026-04-01 16:08:55 +07:00"}
{"level":"warn","message":{},"msg":"Migrasi table 001_create_users.sql selesai","timestamp":"2026-04-01 16:08:56 +07:00"}
{"level":"warn","message":{},"msg":"Migrasi table 002_create_audit_log.sql selesai","timestamp":"2026-04-01 16:08:56 +07:00"}
{"ip":"::1","level":"warn","message":{},"method":"GET","msg":"Dilarang mengakses halaman ini, authorized only","timestamp":"2026-04-01 16:09:09 +07:00","url":"/api/v1/users?page=1&limit=50"}
{"level":"warn","message":{},"msg":"Migrasi table 001_create_users.sql selesai","timestamp":"2026-04-01 16:22:58 +07:00"}
{"level":"warn","message":{},"msg":"Migrasi table 002_create_audit_log.sql selesai","timestamp":"2026-04-01 16:22:58 +07:00"}
