{"level":"warn","message":{},"msg":"Migrasi table 001_create_users.sql selesai","timestamp":"2026-04-13 08:38:32 +07:00"}
{"level":"warn","message":{},"msg":"Migrasi table 002_create_audit_log.sql selesai","timestamp":"2026-04-13 08:38:32 +07:00"}
{"ip":"::1","level":"warn","message":{},"method":"POST","msg":"Dilarang mengakses halaman ini, authorized only","timestamp":"2026-04-13 08:38:37 +07:00","url":"/api/v1/users/createUser"}
{"ip":"::1","level":"error","message":"data is not defined","method":"POST","msg":"Internal Server Eror, Hubungi Vendor!!","timestamp":"2026-04-13 08:38:54 +07:00","url":"/api/v1/users/createUser"}
{"level":"warn","message":{},"msg":"Migrasi table 001_create_users.sql selesai","timestamp":"2026-04-13 08:41:40 +07:00"}
{"level":"warn","message":{},"msg":"Migrasi table 002_create_audit_log.sql selesai","timestamp":"2026-04-13 08:41:40 +07:00"}
{"level":"warn","message":{},"msg":"Migrasi table 001_create_users.sql selesai","timestamp":"2026-04-13 08:42:03 +07:00"}
{"level":"warn","message":{},"msg":"Migrasi table 002_create_audit_log.sql selesai","timestamp":"2026-04-13 08:42:03 +07:00"}
{"level":"warn","message":{},"msg":"Migrasi table 001_create_users.sql selesai","timestamp":"2026-04-13 08:42:17 +07:00"}
{"level":"warn","message":{},"msg":"Migrasi table 002_create_audit_log.sql selesai","timestamp":"2026-04-13 08:42:17 +07:00"}
{"level":"warn","message":{},"msg":"Migrasi table 001_create_users.sql selesai","timestamp":"2026-04-13 08:42:20 +07:00"}
{"level":"warn","message":{},"msg":"Migrasi table 002_create_audit_log.sql selesai","timestamp":"2026-04-13 08:42:20 +07:00"}
{"code":"42601","file":"analyze.c","ip":"::1","length":116,"level":"error","line":"1052","message":"INSERT has more target columns than expressions","method":"POST","msg":"Internal Server Eror, Hubungi Vendor!!","name":"error","position":"68","routine":"transformInsertRow","severity":"ERROR","timestamp":"2026-04-13 08:42:22 +07:00","url":"/api/v1/users/createUser"}
{"level":"warn","message":{},"msg":"Migrasi table 001_create_users.sql selesai","timestamp":"2026-04-13 09:00:40 +07:00"}
{"level":"warn","message":{},"msg":"Migrasi table 002_create_audit_log.sql selesai","timestamp":"2026-04-13 09:00:40 +07:00"}
{"ip":"::1","level":"warn","message":{},"method":"POST","msg":"Dilarang mengakses halaman ini, authorized only","timestamp":"2026-04-13 09:00:45 +07:00","url":"/api/v1/users/createUser"}
{"code":"42703","file":"parse_relation.c","ip":"::1","length":103,"level":"error","line":"3721","message":"column \"id\" does not exist","method":"POST","msg":"Internal Server Eror, Hubungi Vendor!!","name":"error","position":"123","routine":"errorMissingColumn","severity":"ERROR","timestamp":"2026-04-13 09:01:06 +07:00","url":"/api/v1/users/createUser"}
{"level":"warn","message":{},"msg":"Migrasi table 001_create_users.sql selesai","timestamp":"2026-04-13 09:01:21 +07:00"}
{"level":"warn","message":{},"msg":"Migrasi table 002_create_audit_log.sql selesai","timestamp":"2026-04-13 09:01:21 +07:00"}
{"code":"23502","column":"level","detail":"Failing row contains (162, Indah, Indeh Merciana D, $2b$10$KkC6tnWPiQ9lCojSc60AyuZagBdu7NhCsuYLiIffxyNS64gHMO.WW, operator, pending, null, 225, null, 2026-04-13 09:01:26.839129+07, 2026-04-13 09:01:26.839129+07).","file":"execMain.c","ip":"::1","length":376,"level":"error","line":"1988","message":"null value in column \"level\" of relation \"users\" violates not-null constraint","method":"POST","msg":"Internal Server Eror, Hubungi Vendor!!","name":"error","routine":"ExecConstraints","schema":"public","severity":"ERROR","table":"users","timestamp":"2026-04-13 09:01:26 +07:00","url":"/api/v1/users/createUser"}
{"level":"warn","message":{},"msg":"Migrasi table 001_create_users.sql selesai","timestamp":"2026-04-13 09:02:55 +07:00"}
{"level":"warn","message":{},"msg":"Migrasi table 002_create_audit_log.sql selesai","timestamp":"2026-04-13 09:02:55 +07:00"}
{"level":"warn","message":{},"msg":"Migrasi table 001_create_users.sql selesai","timestamp":"2026-04-13 09:02:58 +07:00"}
{"level":"warn","message":{},"msg":"Migrasi table 002_create_audit_log.sql selesai","timestamp":"2026-04-13 09:02:58 +07:00"}
{"level":"warn","message":{},"msg":"Migrasi table 001_create_users.sql selesai","timestamp":"2026-04-13 09:03:13 +07:00"}
{"level":"warn","message":{},"msg":"Migrasi table 002_create_audit_log.sql selesai","timestamp":"2026-04-13 09:03:13 +07:00"}
{"level":"warn","message":{},"msg":"Migrasi table 001_create_users.sql selesai","timestamp":"2026-04-13 09:03:53 +07:00"}
{"level":"warn","message":{},"msg":"Migrasi table 002_create_audit_log.sql selesai","timestamp":"2026-04-13 09:03:53 +07:00"}
{"level":"warn","message":{},"msg":"Migrasi table 001_create_users.sql selesai","timestamp":"2026-04-13 09:04:05 +07:00"}
{"level":"warn","message":{},"msg":"Migrasi table 002_create_audit_log.sql selesai","timestamp":"2026-04-13 09:04:05 +07:00"}
{"level":"warn","message":{},"msg":"Migrasi table 001_create_users.sql selesai","timestamp":"2026-04-13 09:04:06 +07:00"}
{"level":"warn","message":{},"msg":"Migrasi table 002_create_audit_log.sql selesai","timestamp":"2026-04-13 09:04:06 +07:00"}
{"level":"warn","message":{},"msg":"Migrasi table 001_create_users.sql selesai","timestamp":"2026-04-13 09:04:18 +07:00"}
{"level":"warn","message":{},"msg":"Migrasi table 002_create_audit_log.sql selesai","timestamp":"2026-04-13 09:04:18 +07:00"}
{"level":"warn","message":{},"msg":"Migrasi table 001_create_users.sql selesai","timestamp":"2026-04-13 09:04:30 +07:00"}
{"level":"warn","message":{},"msg":"Migrasi table 002_create_audit_log.sql selesai","timestamp":"2026-04-13 09:04:30 +07:00"}
{"code":"23502","column":"level","detail":"Failing row contains (171, Indah, Indeh Merciana D, $2b$10$3zE1Kuzf5ctEsTQ6mk42z.oPacNlq8ZKseT/WBXMa31bcMCU8fghu, operator, pending, null, 225, null, 2026-04-13 09:04:57.119116+07, 2026-04-13 09:04:57.119116+07).","file":"execMain.c","ip":"::1","length":376,"level":"error","line":"1988","message":"null value in column \"level\" of relation \"users\" violates not-null constraint","method":"POST","msg":"Internal Server Eror, Hubungi Vendor!!","name":"error","routine":"ExecConstraints","schema":"public","severity":"ERROR","table":"users","timestamp":"2026-04-13 09:04:57 +07:00","url":"/api/v1/users/createUser"}
{"level":"warn","message":{},"msg":"Migrasi table 001_create_users.sql selesai","timestamp":"2026-04-13 09:07:05 +07:00"}
{"level":"warn","message":{},"msg":"Migrasi table 002_create_audit_log.sql selesai","timestamp":"2026-04-13 09:07:05 +07:00"}
{"level":"warn","message":{},"msg":"Migrasi table 001_create_users.sql selesai","timestamp":"2026-04-13 09:07:06 +07:00"}
{"level":"warn","message":{},"msg":"Migrasi table 002_create_audit_log.sql selesai","timestamp":"2026-04-13 09:07:06 +07:00"}
{"level":"warn","message":{},"msg":"Migrasi table 001_create_users.sql selesai","timestamp":"2026-04-13 09:11:00 +07:00"}
{"level":"warn","message":{},"msg":"Migrasi table 002_create_audit_log.sql selesai","timestamp":"2026-04-13 09:11:00 +07:00"}
{"level":"warn","message":{},"msg":"Migrasi table 001_create_users.sql selesai","timestamp":"2026-04-13 09:11:01 +07:00"}
{"level":"warn","message":{},"msg":"Migrasi table 002_create_audit_log.sql selesai","timestamp":"2026-04-13 09:11:01 +07:00"}
{"level":"warn","message":{},"msg":"Migrasi table 001_create_users.sql selesai","timestamp":"2026-04-13 09:12:27 +07:00"}
{"level":"warn","message":{},"msg":"Migrasi table 002_create_audit_log.sql selesai","timestamp":"2026-04-13 09:12:27 +07:00"}
{"level":"warn","message":{},"msg":"Migrasi table 001_create_users.sql selesai","timestamp":"2026-04-13 09:12:28 +07:00"}
{"level":"warn","message":{},"msg":"Migrasi table 002_create_audit_log.sql selesai","timestamp":"2026-04-13 09:12:28 +07:00"}
{"level":"warn","message":{},"msg":"Migrasi table 001_create_users.sql selesai","timestamp":"2026-04-13 09:12:45 +07:00"}
{"level":"warn","message":{},"msg":"Migrasi table 002_create_audit_log.sql selesai","timestamp":"2026-04-13 09:12:45 +07:00"}
{"level":"warn","message":{},"msg":"Migrasi table 001_create_users.sql selesai","timestamp":"2026-04-13 09:12:48 +07:00"}
{"level":"warn","message":{},"msg":"Migrasi table 002_create_audit_log.sql selesai","timestamp":"2026-04-13 09:12:48 +07:00"}
{"level":"warn","message":{},"msg":"Migrasi table 001_create_users.sql selesai","timestamp":"2026-04-13 09:12:52 +07:00"}
{"level":"warn","message":{},"msg":"Migrasi table 002_create_audit_log.sql selesai","timestamp":"2026-04-13 09:12:52 +07:00"}
{"level":"warn","message":{},"msg":"Migrasi table 001_create_users.sql selesai","timestamp":"2026-04-13 09:12:57 +07:00"}
{"level":"warn","message":{},"msg":"Migrasi table 002_create_audit_log.sql selesai","timestamp":"2026-04-13 09:12:57 +07:00"}
{"level":"warn","message":{},"msg":"Migrasi table 001_create_users.sql selesai","timestamp":"2026-04-13 09:12:59 +07:00"}
{"level":"warn","message":{},"msg":"Migrasi table 002_create_audit_log.sql selesai","timestamp":"2026-04-13 09:12:59 +07:00"}
{"ip":"::1","level":"warn","message":{"errors":[{"field":"level","message":"Invalid value"}]},"method":"POST","msg":"Gagal Menyimpan, Validasi gagal","timestamp":"2026-04-13 09:13:05 +07:00","url":"/api/v1/users/createUser"}
{"body":"{\r\n    \"username\":\"Indah\",\r\n    \"nama_lengkap\":\"Indeh Merciana D\",\r\n    \"password\":\"Admin@123\",\r\n    \"role\":\"operator\",\r\n    \"lebel\":,\r\n    \"kode_kantor\":\"225\"\r\n}","expose":true,"ip":"::1","level":"error","message":"Unexpected token ',', ...\"  \"lebel\":,\r\n    \"ko\"... is not valid JSON","method":"POST","msg":"Internal Server Eror, Hubungi Vendor!!","status":400,"statusCode":400,"timestamp":"2026-04-13 09:13:22 +07:00","type":"entity.parse.failed","url":"/api/v1/users/createUser"}
{"ip":"::1","level":"warn","message":{"errors":[{"field":"level","message":"Invalid value"}]},"method":"POST","msg":"Gagal Menyimpan, Validasi gagal","timestamp":"2026-04-13 09:13:32 +07:00","url":"/api/v1/users/createUser"}
{"ip":"::1","level":"warn","message":{"errors":[{"field":"level","message":"Invalid value"}]},"method":"POST","msg":"Gagal Menyimpan, Validasi gagal","timestamp":"2026-04-13 09:13:50 +07:00","url":"/api/v1/users/createUser"}
{"ip":"::1","level":"warn","message":{"errors":[{"field":"level","message":"Invalid value"}]},"method":"POST","msg":"Gagal Menyimpan, Validasi gagal","timestamp":"2026-04-13 09:13:55 +07:00","url":"/api/v1/users/createUser"}
{"ip":"::1","level":"warn","message":{"errors":[{"field":"level","message":"Invalid value"}]},"method":"POST","msg":"Gagal Menyimpan, Validasi gagal","timestamp":"2026-04-13 09:13:57 +07:00","url":"/api/v1/users/createUser"}
{"ip":"::1","level":"warn","message":{"errors":[{"field":"level","message":"Invalid value"}]},"method":"POST","msg":"Gagal Menyimpan, Validasi gagal","timestamp":"2026-04-13 09:14:16 +07:00","url":"/api/v1/users/createUser"}
{"ip":"::1","level":"warn","message":{"errors":[{"field":"level","message":"Invalid value"}]},"method":"POST","msg":"Gagal Menyimpan, Validasi gagal","timestamp":"2026-04-13 09:14:34 +07:00","url":"/api/v1/users/createUser"}
{"ip":"::1","level":"warn","message":{"errors":[{"field":"level","message":"Invalid value"}]},"method":"POST","msg":"Gagal Menyimpan, Validasi gagal","timestamp":"2026-04-13 09:15:18 +07:00","url":"/api/v1/users/createUser"}
{"ip":"::1","level":"warn","message":{"errors":[{"field":"level","message":"Invalid value"}]},"method":"POST","msg":"Gagal Menyimpan, Validasi gagal","timestamp":"2026-04-13 09:16:17 +07:00","url":"/api/v1/users/createUser"}
{"level":"warn","message":{},"msg":"Migrasi table 001_create_users.sql selesai","timestamp":"2026-04-13 09:16:32 +07:00"}
{"level":"warn","message":{},"msg":"Migrasi table 002_create_audit_log.sql selesai","timestamp":"2026-04-13 09:16:32 +07:00"}
{"ip":"::1","level":"warn","message":{"errors":[{"field":"level","message":"Invalid value"}]},"method":"POST","msg":"Gagal Menyimpan, Validasi gagal","timestamp":"2026-04-13 09:16:35 +07:00","url":"/api/v1/users/createUser"}
{"level":"warn","message":{},"msg":"Migrasi table 001_create_users.sql selesai","timestamp":"2026-04-13 09:17:24 +07:00"}
{"level":"warn","message":{},"msg":"Migrasi table 002_create_audit_log.sql selesai","timestamp":"2026-04-13 09:17:24 +07:00"}
{"ip":"::1","level":"warn","message":{"errors":[{"field":"level","message":"Level hanya berisi angka dari 1 - 10"}]},"method":"POST","msg":"Gagal Menyimpan, Validasi gagal","timestamp":"2026-04-13 09:17:30 +07:00","url":"/api/v1/users/createUser"}
{"level":"warn","message":{},"msg":"Migrasi table 001_create_users.sql selesai","timestamp":"2026-04-13 09:17:51 +07:00"}
{"level":"warn","message":{},"msg":"Migrasi table 002_create_audit_log.sql selesai","timestamp":"2026-04-13 09:17:51 +07:00"}
{"level":"warn","message":{},"msg":"Migrasi table 001_create_users.sql selesai","timestamp":"2026-04-13 09:19:13 +07:00"}
{"level":"warn","message":{},"msg":"Migrasi table 002_create_audit_log.sql selesai","timestamp":"2026-04-13 09:19:13 +07:00"}
{"level":"warn","message":{},"msg":"Migrasi table 001_create_users.sql selesai","timestamp":"2026-04-13 09:19:22 +07:00"}
{"level":"warn","message":{},"msg":"Migrasi table 002_create_audit_log.sql selesai","timestamp":"2026-04-13 09:19:22 +07:00"}
{"level":"warn","message":{},"msg":"Migrasi table 001_create_users.sql selesai","timestamp":"2026-04-13 09:19:31 +07:00"}
{"level":"warn","message":{},"msg":"Migrasi table 002_create_audit_log.sql selesai","timestamp":"2026-04-13 09:19:31 +07:00"}
{"level":"warn","message":{},"msg":"Migrasi table 001_create_users.sql selesai","timestamp":"2026-04-13 09:19:44 +07:00"}
{"level":"warn","message":{},"msg":"Migrasi table 002_create_audit_log.sql selesai","timestamp":"2026-04-13 09:19:44 +07:00"}
{"level":"warn","message":{},"msg":"Migrasi table 001_create_users.sql selesai","timestamp":"2026-04-13 09:20:06 +07:00"}
{"level":"warn","message":{},"msg":"Migrasi table 002_create_audit_log.sql selesai","timestamp":"2026-04-13 09:20:06 +07:00"}
{"level":"warn","message":{},"msg":"Migrasi table 001_create_users.sql selesai","timestamp":"2026-04-13 09:20:12 +07:00"}
{"level":"warn","message":{},"msg":"Migrasi table 002_create_audit_log.sql selesai","timestamp":"2026-04-13 09:20:12 +07:00"}
{"level":"warn","message":{},"msg":"Migrasi table 001_create_users.sql selesai","timestamp":"2026-04-13 09:20:15 +07:00"}
{"level":"warn","message":{},"msg":"Migrasi table 002_create_audit_log.sql selesai","timestamp":"2026-04-13 09:20:15 +07:00"}
{"level":"warn","message":{},"msg":"Migrasi table 001_create_users.sql selesai","timestamp":"2026-04-13 09:20:24 +07:00"}
{"level":"warn","message":{},"msg":"Migrasi table 002_create_audit_log.sql selesai","timestamp":"2026-04-13 09:20:24 +07:00"}
{"code":"42703","file":"parse_relation.c","ip":"::1","length":102,"level":"error","line":"3721","message":"column \"id\" does not exist","method":"GET","msg":"Internal Server Eror, Hubungi Vendor!!","name":"error","position":"93","routine":"errorMissingColumn","severity":"ERROR","timestamp":"2026-04-13 09:21:46 +07:00","url":"/api/v1/users/view/8"}
{"level":"warn","message":{},"msg":"Migrasi table 001_create_users.sql selesai","timestamp":"2026-04-13 09:22:02 +07:00"}
{"level":"warn","message":{},"msg":"Migrasi table 002_create_audit_log.sql selesai","timestamp":"2026-04-13 09:22:02 +07:00"}
{"level":"warn","message":{},"msg":"Migrasi table 001_create_users.sql selesai","timestamp":"2026-04-13 09:23:31 +07:00"}
{"level":"warn","message":{},"msg":"Migrasi table 002_create_audit_log.sql selesai","timestamp":"2026-04-13 09:23:31 +07:00"}
{"level":"warn","message":{},"msg":"Migrasi table 001_create_users.sql selesai","timestamp":"2026-04-13 09:25:26 +07:00"}
{"level":"warn","message":{},"msg":"Migrasi table 002_create_audit_log.sql selesai","timestamp":"2026-04-13 09:25:26 +07:00"}
{"level":"warn","message":{},"msg":"Migrasi table 001_create_users.sql selesai","timestamp":"2026-04-13 09:27:00 +07:00"}
{"level":"warn","message":{},"msg":"Migrasi table 002_create_audit_log.sql selesai","timestamp":"2026-04-13 09:27:00 +07:00"}
{"level":"warn","message":{},"msg":"Migrasi table 001_create_users.sql selesai","timestamp":"2026-04-13 09:28:44 +07:00"}
{"level":"warn","message":{},"msg":"Migrasi table 002_create_audit_log.sql selesai","timestamp":"2026-04-13 09:28:44 +07:00"}
{"level":"warn","message":{},"msg":"Migrasi table 001_create_users.sql selesai","timestamp":"2026-04-13 09:28:46 +07:00"}
{"level":"warn","message":{},"msg":"Migrasi table 002_create_audit_log.sql selesai","timestamp":"2026-04-13 09:28:46 +07:00"}
{"level":"warn","message":{},"msg":"Migrasi table 001_create_users.sql selesai","timestamp":"2026-04-13 09:29:11 +07:00"}
{"level":"warn","message":{},"msg":"Migrasi table 002_create_audit_log.sql selesai","timestamp":"2026-04-13 09:29:12 +07:00"}
{"level":"warn","message":{},"msg":"Migrasi table 001_create_users.sql selesai","timestamp":"2026-04-13 09:29:15 +07:00"}
{"level":"warn","message":{},"msg":"Migrasi table 002_create_audit_log.sql selesai","timestamp":"2026-04-13 09:29:15 +07:00"}
{"level":"warn","message":{},"msg":"Migrasi table 001_create_users.sql selesai","timestamp":"2026-04-13 09:29:44 +07:00"}
{"level":"warn","message":{},"msg":"Migrasi table 002_create_audit_log.sql selesai","timestamp":"2026-04-13 09:29:44 +07:00"}
{"level":"warn","message":{},"msg":"Migrasi table 001_create_users.sql selesai","timestamp":"2026-04-13 09:29:51 +07:00"}
{"level":"warn","message":{},"msg":"Migrasi table 002_create_audit_log.sql selesai","timestamp":"2026-04-13 09:29:51 +07:00"}
{"level":"warn","message":{},"msg":"Migrasi table 001_create_users.sql selesai","timestamp":"2026-04-13 09:29:58 +07:00"}
{"level":"warn","message":{},"msg":"Migrasi table 002_create_audit_log.sql selesai","timestamp":"2026-04-13 09:29:58 +07:00"}
{"ip":"::1","level":"warn","message":{"errors":[{"field":"level","message":"Invalid value"},{"field":"kode_kantor","message":"Kode kantor wajib diisi"}]},"method":"PUT","msg":"Gagal Menyimpan, Validasi gagal","timestamp":"2026-04-13 09:30:42 +07:00","url":"/api/v1/users/update/8"}
{"level":"warn","message":{},"msg":"Migrasi table 001_create_users.sql selesai","timestamp":"2026-04-13 09:34:00 +07:00"}
{"level":"warn","message":{},"msg":"Migrasi table 002_create_audit_log.sql selesai","timestamp":"2026-04-13 09:34:00 +07:00"}
{"level":"warn","message":{},"msg":"Migrasi table 001_create_users.sql selesai","timestamp":"2026-04-13 09:34:50 +07:00"}
{"level":"warn","message":{},"msg":"Migrasi table 002_create_audit_log.sql selesai","timestamp":"2026-04-13 09:34:50 +07:00"}
{"level":"warn","message":{},"msg":"Migrasi table 001_create_users.sql selesai","timestamp":"2026-04-13 09:36:09 +07:00"}
{"level":"warn","message":{},"msg":"Migrasi table 002_create_audit_log.sql selesai","timestamp":"2026-04-13 09:36:09 +07:00"}
{"level":"warn","message":{},"msg":"Migrasi table 001_create_users.sql selesai","timestamp":"2026-04-13 09:37:05 +07:00"}
{"level":"warn","message":{},"msg":"Migrasi table 002_create_audit_log.sql selesai","timestamp":"2026-04-13 09:37:05 +07:00"}
{"ip":"::1","level":"warn","message":{"errors":[{"field":"id","message":"id harus berupa angka"}]},"method":"PUT","msg":"Gagal Menyimpan, Validasi gagal","timestamp":"2026-04-13 09:37:51 +07:00","url":"/api/v1/users/update/a"}
{"code":"42703","file":"parse_relation.c","ip":"::1","length":102,"level":"error","line":"3721","message":"column \"id\" does not exist","method":"PUT","msg":"Internal Server Eror, Hubungi Vendor!!","name":"error","position":"89","routine":"errorMissingColumn","severity":"ERROR","timestamp":"2026-04-13 09:38:02 +07:00","url":"/api/v1/users/update/100"}
{"level":"warn","message":{},"msg":"Migrasi table 001_create_users.sql selesai","timestamp":"2026-04-13 09:38:57 +07:00"}
{"level":"warn","message":{},"msg":"Migrasi table 002_create_audit_log.sql selesai","timestamp":"2026-04-13 09:38:57 +07:00"}
{"level":"warn","message":{},"msg":"Migrasi table 001_create_users.sql selesai","timestamp":"2026-04-13 09:39:38 +07:00"}
{"level":"warn","message":{},"msg":"Migrasi table 002_create_audit_log.sql selesai","timestamp":"2026-04-13 09:39:38 +07:00"}
{"ip":"::1","level":"info","message":{},"method":"PUT","msg":"Data user berhasil di update","timestamp":"2026-04-13 09:39:46 +07:00","url":"/api/v1/users/update/100"}
{"ip":"::1","level":"warn","message":{"errors":[{"field":"","message":"Field tidak di kenal : status"}]},"method":"PUT","msg":"Gagal Menyimpan, Validasi gagal","timestamp":"2026-04-13 09:40:05 +07:00","url":"/api/v1/users/update/100"}
{"ip":"::1","level":"warn","message":{"errors":[{"field":"","message":"Field tidak di kenal : kode_kantor"}]},"method":"PUT","msg":"Gagal Menyimpan, Validasi gagal","timestamp":"2026-04-13 09:40:57 +07:00","url":"/api/v1/users/update/100"}
{"ip":"::1","level":"warn","message":{"errors":[{"field":"","message":"Field tidak di kenal : kode_kantor"}]},"method":"PUT","msg":"Gagal Menyimpan, Validasi gagal","timestamp":"2026-04-13 09:41:10 +07:00","url":"/api/v1/users/update/100"}
{"level":"warn","message":{},"msg":"Migrasi table 001_create_users.sql selesai","timestamp":"2026-04-13 09:41:52 +07:00"}
{"level":"warn","message":{},"msg":"Migrasi table 002_create_audit_log.sql selesai","timestamp":"2026-04-13 09:41:52 +07:00"}
{"level":"warn","message":{},"msg":"Migrasi table 001_create_users.sql selesai","timestamp":"2026-04-13 09:41:53 +07:00"}
{"level":"warn","message":{},"msg":"Migrasi table 002_create_audit_log.sql selesai","timestamp":"2026-04-13 09:41:53 +07:00"}
{"ip":"::1","level":"info","message":{},"method":"PUT","msg":"Data user berhasil di update","timestamp":"2026-04-13 09:41:57 +07:00","url":"/api/v1/users/update/100"}
{"ip":"::1","level":"warn","message":{"errors":[{"field":"username","message":"username tidak dapat dirubah"},{"field":"","message":"Field tidak di kenal : username"}]},"method":"PUT","msg":"Gagal Menyimpan, Validasi gagal","timestamp":"2026-04-13 09:42:19 +07:00","url":"/api/v1/users/update/100"}
{"level":"warn","message":{},"msg":"Migrasi table 001_create_users.sql selesai","timestamp":"2026-04-13 09:44:20 +07:00"}
{"level":"warn","message":{},"msg":"Migrasi table 002_create_audit_log.sql selesai","timestamp":"2026-04-13 09:44:20 +07:00"}
{"level":"warn","message":{},"msg":"Migrasi table 001_create_users.sql selesai","timestamp":"2026-04-13 09:45:49 +07:00"}
{"level":"warn","message":{},"msg":"Migrasi table 002_create_audit_log.sql selesai","timestamp":"2026-04-13 09:45:49 +07:00"}
{"level":"warn","message":{},"msg":"Migrasi table 001_create_users.sql selesai","timestamp":"2026-04-13 09:47:47 +07:00"}
{"level":"warn","message":{},"msg":"Migrasi table 002_create_audit_log.sql selesai","timestamp":"2026-04-13 09:47:47 +07:00"}
{"ip":"::1","level":"error","message":"data is not defined","method":"PUT","msg":"Internal Server Eror, Hubungi Vendor!!","timestamp":"2026-04-13 09:48:06 +07:00","url":"/api/v1/users/update/100"}
{"level":"warn","message":{},"msg":"Migrasi table 001_create_users.sql selesai","timestamp":"2026-04-13 09:48:20 +07:00"}
{"level":"warn","message":{},"msg":"Migrasi table 002_create_audit_log.sql selesai","timestamp":"2026-04-13 09:48:20 +07:00"}
{"level":"warn","message":{},"msg":"Migrasi table 001_create_users.sql selesai","timestamp":"2026-04-13 09:49:46 +07:00"}
{"level":"warn","message":{},"msg":"Migrasi table 002_create_audit_log.sql selesai","timestamp":"2026-04-13 09:49:46 +07:00"}
{"level":"warn","message":{},"msg":"Migrasi table 001_create_users.sql selesai","timestamp":"2026-04-13 09:49:47 +07:00"}
{"level":"warn","message":{},"msg":"Migrasi table 002_create_audit_log.sql selesai","timestamp":"2026-04-13 09:49:47 +07:00"}
{"level":"warn","message":{},"msg":"Migrasi table 001_create_users.sql selesai","timestamp":"2026-04-13 09:52:04 +07:00"}
{"level":"warn","message":{},"msg":"Migrasi table 002_create_audit_log.sql selesai","timestamp":"2026-04-13 09:52:04 +07:00"}
{"level":"warn","message":{},"msg":"Migrasi table 001_create_users.sql selesai","timestamp":"2026-04-13 09:52:48 +07:00"}
{"level":"warn","message":{},"msg":"Migrasi table 002_create_audit_log.sql selesai","timestamp":"2026-04-13 09:52:48 +07:00"}
{"level":"warn","message":{},"msg":"Migrasi table 001_create_users.sql selesai","timestamp":"2026-04-13 09:56:07 +07:00"}
{"level":"warn","message":{},"msg":"Migrasi table 002_create_audit_log.sql selesai","timestamp":"2026-04-13 09:56:07 +07:00"}
{"level":"warn","message":{},"msg":"Migrasi table 001_create_users.sql selesai","timestamp":"2026-04-13 09:57:00 +07:00"}
{"level":"warn","message":{},"msg":"Migrasi table 002_create_audit_log.sql selesai","timestamp":"2026-04-13 09:57:00 +07:00"}
{"level":"warn","message":{},"msg":"Migrasi table 001_create_users.sql selesai","timestamp":"2026-04-13 09:57:03 +07:00"}
{"level":"warn","message":{},"msg":"Migrasi table 002_create_audit_log.sql selesai","timestamp":"2026-04-13 09:57:03 +07:00"}
{"level":"warn","message":{},"msg":"Migrasi table 001_create_users.sql selesai","timestamp":"2026-04-13 10:01:07 +07:00"}
{"level":"warn","message":{},"msg":"Migrasi table 002_create_audit_log.sql selesai","timestamp":"2026-04-13 10:01:07 +07:00"}
{"level":"warn","message":{},"msg":"Migrasi table 001_create_users.sql selesai","timestamp":"2026-04-13 10:01:51 +07:00"}
{"level":"warn","message":{},"msg":"Migrasi table 002_create_audit_log.sql selesai","timestamp":"2026-04-13 10:01:51 +07:00"}
{"level":"warn","message":{},"msg":"Migrasi table 001_create_users.sql selesai","timestamp":"2026-04-13 10:02:08 +07:00"}
{"level":"warn","message":{},"msg":"Migrasi table 002_create_audit_log.sql selesai","timestamp":"2026-04-13 10:02:08 +07:00"}
{"level":"warn","message":{},"msg":"Migrasi table 001_create_users.sql selesai","timestamp":"2026-04-13 10:03:49 +07:00"}
{"level":"warn","message":{},"msg":"Migrasi table 002_create_audit_log.sql selesai","timestamp":"2026-04-13 10:03:49 +07:00"}
{"level":"warn","message":{},"msg":"Migrasi table 001_create_users.sql selesai","timestamp":"2026-04-13 10:03:57 +07:00"}
{"level":"warn","message":{},"msg":"Migrasi table 002_create_audit_log.sql selesai","timestamp":"2026-04-13 10:03:57 +07:00"}
{"code":"42601","file":"rewriteHandler.c","ip":"::1","length":117,"level":"error","line":"1110","message":"multiple assignments to same column \"status\"","method":"PUT","msg":"Internal Server Eror, Hubungi Vendor!!","name":"error","routine":"process_matched_tle","severity":"ERROR","timestamp":"2026-04-13 10:04:14 +07:00","url":"/api/v1/users/update/100"}
{"level":"warn","message":{},"msg":"Migrasi table 001_create_users.sql selesai","timestamp":"2026-04-13 10:04:54 +07:00"}
{"level":"warn","message":{},"msg":"Migrasi table 002_create_audit_log.sql selesai","timestamp":"2026-04-13 10:04:54 +07:00"}
{"code":"42601","file":"rewriteHandler.c","ip":"::1","length":117,"level":"error","line":"1110","message":"multiple assignments to same column \"status\"","method":"PUT","msg":"Internal Server Eror, Hubungi Vendor!!","name":"error","routine":"process_matched_tle","severity":"ERROR","timestamp":"2026-04-13 10:05:00 +07:00","url":"/api/v1/users/update/100"}
{"level":"warn","message":{},"msg":"Migrasi table 001_create_users.sql selesai","timestamp":"2026-04-13 10:05:09 +07:00"}
{"level":"warn","message":{},"msg":"Migrasi table 002_create_audit_log.sql selesai","timestamp":"2026-04-13 10:05:09 +07:00"}
{"ip":"::1","level":"warn","message":{"errors":[{"field":"level","message":"Level wajib hanya di isi dari angka 1 - 10"}]},"method":"PUT","msg":"Gagal Menyimpan, Validasi gagal","timestamp":"2026-04-13 10:05:27 +07:00","url":"/api/v1/users/update/100"}
{"level":"warn","message":{},"msg":"Migrasi table 001_create_users.sql selesai","timestamp":"2026-04-13 10:07:19 +07:00"}
{"level":"warn","message":{},"msg":"Migrasi table 002_create_audit_log.sql selesai","timestamp":"2026-04-13 10:07:19 +07:00"}
{"level":"warn","message":{},"msg":"Migrasi table 001_create_users.sql selesai","timestamp":"2026-04-13 10:07:20 +07:00"}
{"level":"warn","message":{},"msg":"Migrasi table 002_create_audit_log.sql selesai","timestamp":"2026-04-13 10:07:20 +07:00"}
{"level":"warn","message":{},"msg":"Migrasi table 001_create_users.sql selesai","timestamp":"2026-04-13 10:22:08 +07:00"}
{"level":"warn","message":{},"msg":"Migrasi table 002_create_audit_log.sql selesai","timestamp":"2026-04-13 10:22:08 +07:00"}
{"level":"warn","message":{},"msg":"Migrasi table 001_create_users.sql selesai","timestamp":"2026-04-13 10:27:11 +07:00"}
{"level":"warn","message":{},"msg":"Migrasi table 002_create_audit_log.sql selesai","timestamp":"2026-04-13 10:27:11 +07:00"}
{"level":"warn","message":{},"msg":"Migrasi table 001_create_users.sql selesai","timestamp":"2026-04-13 10:27:12 +07:00"}
{"level":"warn","message":{},"msg":"Migrasi table 002_create_audit_log.sql selesai","timestamp":"2026-04-13 10:27:12 +07:00"}
{"level":"warn","message":{},"msg":"Migrasi table 001_create_users.sql selesai","timestamp":"2026-04-13 10:28:28 +07:00"}
{"level":"warn","message":{},"msg":"Migrasi table 002_create_audit_log.sql selesai","timestamp":"2026-04-13 10:28:28 +07:00"}
{"level":"warn","message":{},"msg":"Migrasi table 001_create_users.sql selesai","timestamp":"2026-04-13 10:28:32 +07:00"}
{"level":"warn","message":{},"msg":"Migrasi table 002_create_audit_log.sql selesai","timestamp":"2026-04-13 10:28:32 +07:00"}
{"level":"warn","message":{},"msg":"Migrasi table 001_create_users.sql selesai","timestamp":"2026-04-13 10:28:39 +07:00"}
{"level":"warn","message":{},"msg":"Migrasi table 002_create_audit_log.sql selesai","timestamp":"2026-04-13 10:28:39 +07:00"}
{"level":"warn","message":{},"msg":"Migrasi table 001_create_users.sql selesai","timestamp":"2026-04-13 10:29:31 +07:00"}
{"level":"warn","message":{},"msg":"Migrasi table 002_create_audit_log.sql selesai","timestamp":"2026-04-13 10:29:31 +07:00"}
{"level":"warn","message":{},"msg":"Migrasi table 001_create_users.sql selesai","timestamp":"2026-04-13 10:29:34 +07:00"}
{"level":"warn","message":{},"msg":"Migrasi table 002_create_audit_log.sql selesai","timestamp":"2026-04-13 10:29:34 +07:00"}
{"level":"warn","message":{},"msg":"Migrasi table 001_create_users.sql selesai","timestamp":"2026-04-13 10:30:49 +07:00"}
{"level":"warn","message":{},"msg":"Migrasi table 002_create_audit_log.sql selesai","timestamp":"2026-04-13 10:30:49 +07:00"}
{"level":"warn","message":{},"msg":"Migrasi table 001_create_users.sql selesai","timestamp":"2026-04-13 10:32:07 +07:00"}
{"level":"warn","message":{},"msg":"Migrasi table 002_create_audit_log.sql selesai","timestamp":"2026-04-13 10:32:07 +07:00"}
{"level":"warn","message":{},"msg":"Migrasi table 001_create_users.sql selesai","timestamp":"2026-04-13 10:32:22 +07:00"}
{"level":"warn","message":{},"msg":"Migrasi table 002_create_audit_log.sql selesai","timestamp":"2026-04-13 10:32:22 +07:00"}
{"level":"warn","message":{},"msg":"Migrasi table 001_create_users.sql selesai","timestamp":"2026-04-13 10:32:27 +07:00"}
{"level":"warn","message":{},"msg":"Migrasi table 002_create_audit_log.sql selesai","timestamp":"2026-04-13 10:32:27 +07:00"}
{"level":"warn","message":{},"msg":"Migrasi table 001_create_users.sql selesai","timestamp":"2026-04-13 10:32:35 +07:00"}
{"level":"warn","message":{},"msg":"Migrasi table 002_create_audit_log.sql selesai","timestamp":"2026-04-13 10:32:35 +07:00"}
{"level":"warn","message":{},"msg":"Migrasi table 001_create_users.sql selesai","timestamp":"2026-04-13 10:32:50 +07:00"}
{"level":"warn","message":{},"msg":"Migrasi table 002_create_audit_log.sql selesai","timestamp":"2026-04-13 10:32:50 +07:00"}
{"level":"warn","message":{},"msg":"Migrasi table 001_create_users.sql selesai","timestamp":"2026-04-13 10:33:22 +07:00"}
{"level":"warn","message":{},"msg":"Migrasi table 002_create_audit_log.sql selesai","timestamp":"2026-04-13 10:33:22 +07:00"}
{"ip":"::1","level":"warn","message":{},"method":"PUT","msg":"Dilarang mengakses halaman ini, authorized only","timestamp":"2026-04-13 10:35:03 +07:00","url":"/api/v1/users/update/100"}
{"ip":"::1","level":"warn","message":{"errors":[{"field":"","message":"minimal 1 field harus di isi"}]},"method":"PUT","msg":"Gagal Menyimpan, Validasi gagal","timestamp":"2026-04-13 10:35:18 +07:00","url":"/api/v1/users/update/100"}
{"ip":"::1","level":"error","message":"req.session.role is not a function","method":"PUT","msg":"Internal Server Eror, Hubungi Vendor!!","timestamp":"2026-04-13 10:35:26 +07:00","url":"/api/v1/users/status/100"}
{"level":"warn","message":{},"msg":"Migrasi table 001_create_users.sql selesai","timestamp":"2026-04-13 10:35:48 +07:00"}
{"level":"warn","message":{},"msg":"Migrasi table 002_create_audit_log.sql selesai","timestamp":"2026-04-13 10:35:48 +07:00"}
{"level":"warn","message":{},"msg":"Migrasi table 001_create_users.sql selesai","timestamp":"2026-04-13 10:36:19 +07:00"}
{"level":"warn","message":{},"msg":"Migrasi table 002_create_audit_log.sql selesai","timestamp":"2026-04-13 10:36:19 +07:00"}
{"level":"warn","message":{},"msg":"Migrasi table 001_create_users.sql selesai","timestamp":"2026-04-13 10:38:12 +07:00"}
{"level":"warn","message":{},"msg":"Migrasi table 002_create_audit_log.sql selesai","timestamp":"2026-04-13 10:38:12 +07:00"}
{"level":"warn","message":{},"msg":"Migrasi table 001_create_users.sql selesai","timestamp":"2026-04-13 10:38:13 +07:00"}
{"level":"warn","message":{},"msg":"Migrasi table 002_create_audit_log.sql selesai","timestamp":"2026-04-13 10:38:13 +07:00"}
{"level":"warn","message":{},"msg":"Migrasi table 001_create_users.sql selesai","timestamp":"2026-04-13 10:38:42 +07:00"}
{"level":"warn","message":{},"msg":"Migrasi table 002_create_audit_log.sql selesai","timestamp":"2026-04-13 10:38:42 +07:00"}
{"level":"warn","message":{},"msg":"Migrasi table 001_create_users.sql selesai","timestamp":"2026-04-13 10:38:46 +07:00"}
{"level":"warn","message":{},"msg":"Migrasi table 002_create_audit_log.sql selesai","timestamp":"2026-04-13 10:38:46 +07:00"}
{"level":"warn","message":{},"msg":"Migrasi table 001_create_users.sql selesai","timestamp":"2026-04-13 10:58:16 +07:00"}
{"level":"warn","message":{},"msg":"Migrasi table 002_create_audit_log.sql selesai","timestamp":"2026-04-13 10:58:16 +07:00"}
{"level":"warn","message":{},"msg":"Migrasi table 001_create_users.sql selesai","timestamp":"2026-04-13 10:59:13 +07:00"}
{"level":"warn","message":{},"msg":"Migrasi table 002_create_audit_log.sql selesai","timestamp":"2026-04-13 10:59:13 +07:00"}
{"level":"warn","message":{},"msg":"Migrasi table 001_create_users.sql selesai","timestamp":"2026-04-13 10:59:22 +07:00"}
{"level":"warn","message":{},"msg":"Migrasi table 002_create_audit_log.sql selesai","timestamp":"2026-04-13 10:59:22 +07:00"}
{"level":"warn","message":{},"msg":"Migrasi table 001_create_users.sql selesai","timestamp":"2026-04-13 10:59:33 +07:00"}
{"level":"warn","message":{},"msg":"Migrasi table 002_create_audit_log.sql selesai","timestamp":"2026-04-13 10:59:33 +07:00"}
{"level":"warn","message":{},"msg":"Migrasi table 001_create_users.sql selesai","timestamp":"2026-04-13 10:59:52 +07:00"}
{"level":"warn","message":{},"msg":"Migrasi table 002_create_audit_log.sql selesai","timestamp":"2026-04-13 10:59:52 +07:00"}
{"level":"warn","message":{},"msg":"Migrasi table 001_create_users.sql selesai","timestamp":"2026-04-13 11:09:11 +07:00"}
{"level":"warn","message":{},"msg":"Migrasi table 002_create_audit_log.sql selesai","timestamp":"2026-04-13 11:09:11 +07:00"}
{"level":"warn","message":{},"msg":"Migrasi table 001_create_users.sql selesai","timestamp":"2026-04-13 11:10:10 +07:00"}
{"level":"warn","message":{},"msg":"Migrasi table 002_create_audit_log.sql selesai","timestamp":"2026-04-13 11:10:10 +07:00"}
{"level":"warn","message":{},"msg":"Migrasi table 001_create_users.sql selesai","timestamp":"2026-04-13 11:10:23 +07:00"}
{"level":"warn","message":{},"msg":"Migrasi table 002_create_audit_log.sql selesai","timestamp":"2026-04-13 11:10:23 +07:00"}
{"level":"warn","message":{},"msg":"Migrasi table 001_create_users.sql selesai","timestamp":"2026-04-13 11:13:23 +07:00"}
{"level":"warn","message":{},"msg":"Migrasi table 002_create_audit_log.sql selesai","timestamp":"2026-04-13 11:13:23 +07:00"}
{"level":"warn","message":{},"msg":"Migrasi table 001_create_users.sql selesai","timestamp":"2026-04-13 11:14:46 +07:00"}
{"level":"warn","message":{},"msg":"Migrasi table 002_create_audit_log.sql selesai","timestamp":"2026-04-13 11:14:46 +07:00"}
{"level":"warn","message":{},"msg":"Migrasi table 001_create_users.sql selesai","timestamp":"2026-04-13 11:14:59 +07:00"}
{"level":"warn","message":{},"msg":"Migrasi table 002_create_audit_log.sql selesai","timestamp":"2026-04-13 11:14:59 +07:00"}
{"body":"{\r\n    \"status\": null,\r\n    \"note\": \"Di tolak karane menyalahi aturan\",\r\n    \"decision\" : false,\r\n}","expose":true,"ip":"::1","level":"error","message":"Expected double-quoted property name in JSON at position 98 (line 5 column 1)","method":"PUT","msg":"Internal Server Eror, Hubungi Vendor!!","status":400,"statusCode":400,"timestamp":"2026-04-13 11:17:12 +07:00","type":"entity.parse.failed","url":"/api/v1/users/status/100"}
{"code":"23502","column":"ap_user_id","detail":"Failing row contains (1, 100, 1, decline, Di tolak karane menyalahi aturan, null, user_d1e1275a, 2026-04-13 11:17:24.896955+07).","file":"execMain.c","ip":"::1","length":334,"level":"error","line":"1988","message":"null value in column \"ap_user_id\" of relation \"user_approval_history\" violates not-null constraint","method":"PUT","msg":"Internal Server Eror, Hubungi Vendor!!","name":"error","routine":"ExecConstraints","schema":"public","severity":"ERROR","table":"user_approval_history","timestamp":"2026-04-13 11:17:24 +07:00","url":"/api/v1/users/status/100"}
{"code":"23502","column":"ap_user_id","detail":"Failing row contains (2, 100, 1, decline, Di tolak karane menyalahi aturan, null, user_d1e1275a, 2026-04-13 11:18:09.903217+07).","file":"execMain.c","ip":"::1","length":334,"level":"error","line":"1988","message":"null value in column \"ap_user_id\" of relation \"user_approval_history\" violates not-null constraint","method":"PUT","msg":"Internal Server Eror, Hubungi Vendor!!","name":"error","routine":"ExecConstraints","schema":"public","severity":"ERROR","table":"user_approval_history","timestamp":"2026-04-13 11:18:09 +07:00","url":"/api/v1/users/status/100"}
{"level":"warn","message":{},"msg":"Migrasi table 001_create_users.sql selesai","timestamp":"2026-04-13 11:19:01 +07:00"}
{"level":"warn","message":{},"msg":"Migrasi table 002_create_audit_log.sql selesai","timestamp":"2026-04-13 11:19:01 +07:00"}
{"code":"23502","column":"ap_user_id","detail":"Failing row contains (3, 100, 1, decline, Di tolak karane menyalahi aturan, null, user_d1e1275a, 2026-04-13 11:19:04.039761+07).","file":"execMain.c","ip":"::1","length":334,"level":"error","line":"1988","message":"null value in column \"ap_user_id\" of relation \"user_approval_history\" violates not-null constraint","method":"PUT","msg":"Internal Server Eror, Hubungi Vendor!!","name":"error","routine":"ExecConstraints","schema":"public","severity":"ERROR","table":"user_approval_history","timestamp":"2026-04-13 11:19:04 +07:00","url":"/api/v1/users/status/100"}
{"level":"warn","message":{},"msg":"Migrasi table 001_create_users.sql selesai","timestamp":"2026-04-13 11:19:22 +07:00"}
{"level":"warn","message":{},"msg":"Migrasi table 002_create_audit_log.sql selesai","timestamp":"2026-04-13 11:19:22 +07:00"}
{"ip":"::1","level":"error","message":"includes is not defined","method":"PUT","msg":"Internal Server Eror, Hubungi Vendor!!","timestamp":"2026-04-13 11:19:24 +07:00","url":"/api/v1/users/status/100"}
{"level":"warn","message":{},"msg":"Migrasi table 001_create_users.sql selesai","timestamp":"2026-04-13 11:20:36 +07:00"}
{"level":"warn","message":{},"msg":"Migrasi table 002_create_audit_log.sql selesai","timestamp":"2026-04-13 11:20:36 +07:00"}
{"ip":"::1","level":"error","message":"includes is not defined","method":"PUT","msg":"Internal Server Eror, Hubungi Vendor!!","timestamp":"2026-04-13 11:20:42 +07:00","url":"/api/v1/users/status/100"}
{"level":"warn","message":{},"msg":"Migrasi table 001_create_users.sql selesai","timestamp":"2026-04-13 11:20:50 +07:00"}
{"level":"warn","message":{},"msg":"Migrasi table 002_create_audit_log.sql selesai","timestamp":"2026-04-13 11:20:50 +07:00"}
{"code":"23502","column":"ap_user_id","detail":"Failing row contains (4, 100, 1, decline, Di tolak karane menyalahi aturan, null, user_d1e1275a, 2026-04-13 11:20:53.290395+07).","file":"execMain.c","ip":"::1","length":334,"level":"error","line":"1988","message":"null value in column \"ap_user_id\" of relation \"user_approval_history\" violates not-null constraint","method":"PUT","msg":"Internal Server Eror, Hubungi Vendor!!","name":"error","routine":"ExecConstraints","schema":"public","severity":"ERROR","table":"user_approval_history","timestamp":"2026-04-13 11:20:53 +07:00","url":"/api/v1/users/status/100"}
{"level":"warn","message":{},"msg":"Migrasi table 001_create_users.sql selesai","timestamp":"2026-04-13 11:21:21 +07:00"}
{"level":"warn","message":{},"msg":"Migrasi table 002_create_audit_log.sql selesai","timestamp":"2026-04-13 11:21:21 +07:00"}
{"level":"warn","message":{},"msg":"Migrasi table 001_create_users.sql selesai","timestamp":"2026-04-13 11:21:25 +07:00"}
{"level":"warn","message":{},"msg":"Migrasi table 002_create_audit_log.sql selesai","timestamp":"2026-04-13 11:21:25 +07:00"}
{"level":"warn","message":{},"msg":"Migrasi table 001_create_users.sql selesai","timestamp":"2026-04-13 11:22:28 +07:00"}
{"level":"warn","message":{},"msg":"Migrasi table 002_create_audit_log.sql selesai","timestamp":"2026-04-13 11:22:28 +07:00"}
{"level":"warn","message":{},"msg":"Migrasi table 001_create_users.sql selesai","timestamp":"2026-04-13 11:22:51 +07:00"}
{"level":"warn","message":{},"msg":"Migrasi table 002_create_audit_log.sql selesai","timestamp":"2026-04-13 11:22:51 +07:00"}
{"level":"warn","message":{},"msg":"Migrasi table 001_create_users.sql selesai","timestamp":"2026-04-13 11:23:28 +07:00"}
{"level":"warn","message":{},"msg":"Migrasi table 002_create_audit_log.sql selesai","timestamp":"2026-04-13 11:23:28 +07:00"}
{"level":"warn","message":{},"msg":"Migrasi table 001_create_users.sql selesai","timestamp":"2026-04-13 11:44:56 +07:00"}
{"level":"warn","message":{},"msg":"Migrasi table 002_create_audit_log.sql selesai","timestamp":"2026-04-13 11:44:56 +07:00"}
{"level":"warn","message":{},"msg":"Migrasi table 001_create_users.sql selesai","timestamp":"2026-04-13 11:45:11 +07:00"}
{"level":"warn","message":{},"msg":"Migrasi table 002_create_audit_log.sql selesai","timestamp":"2026-04-13 11:45:11 +07:00"}
{"level":"warn","message":{},"msg":"Migrasi table 001_create_users.sql selesai","timestamp":"2026-04-13 11:45:52 +07:00"}
{"level":"warn","message":{},"msg":"Migrasi table 002_create_audit_log.sql selesai","timestamp":"2026-04-13 11:45:52 +07:00"}
{"level":"warn","message":{},"msg":"Migrasi table 001_create_users.sql selesai","timestamp":"2026-04-13 11:46:19 +07:00"}
{"level":"warn","message":{},"msg":"Migrasi table 002_create_audit_log.sql selesai","timestamp":"2026-04-13 11:46:19 +07:00"}
{"level":"warn","message":{},"msg":"Migrasi table 001_create_users.sql selesai","timestamp":"2026-04-13 11:46:59 +07:00"}
{"level":"warn","message":{},"msg":"Migrasi table 002_create_audit_log.sql selesai","timestamp":"2026-04-13 11:46:59 +07:00"}
{"level":"warn","message":{},"msg":"Migrasi table 001_create_users.sql selesai","timestamp":"2026-04-13 11:47:02 +07:00"}
{"level":"warn","message":{},"msg":"Migrasi table 002_create_audit_log.sql selesai","timestamp":"2026-04-13 11:47:02 +07:00"}
{"level":"warn","message":{},"msg":"Migrasi table 001_create_users.sql selesai","timestamp":"2026-04-13 11:47:08 +07:00"}
{"level":"warn","message":{},"msg":"Migrasi table 002_create_audit_log.sql selesai","timestamp":"2026-04-13 11:47:08 +07:00"}
{"ip":"::1","level":"warn","message":{},"method":"PUT","msg":"Dilarang mengakses halaman ini, authorized only","timestamp":"2026-04-13 11:47:24 +07:00","url":"/api/v1/users/status/101"}
{"ip":"::1","level":"error","message":"msg is not defined","method":"PUT","msg":"Internal Server Eror, Hubungi Vendor!!","timestamp":"2026-04-13 11:48:13 +07:00","url":"/api/v1/users/status/101"}
{"level":"warn","message":{},"msg":"Migrasi table 001_create_users.sql selesai","timestamp":"2026-04-13 11:48:29 +07:00"}
{"level":"warn","message":{},"msg":"Migrasi table 002_create_audit_log.sql selesai","timestamp":"2026-04-13 11:48:29 +07:00"}
{"level":"warn","message":{},"msg":"Migrasi table 001_create_users.sql selesai","timestamp":"2026-04-13 11:50:02 +07:00"}
{"level":"warn","message":{},"msg":"Migrasi table 002_create_audit_log.sql selesai","timestamp":"2026-04-13 11:50:02 +07:00"}
{"level":"warn","message":{},"msg":"Migrasi table 001_create_users.sql selesai","timestamp":"2026-04-13 11:51:03 +07:00"}
{"level":"warn","message":{},"msg":"Migrasi table 002_create_audit_log.sql selesai","timestamp":"2026-04-13 11:51:03 +07:00"}
{"level":"warn","message":{},"msg":"Migrasi table 001_create_users.sql selesai","timestamp":"2026-04-13 11:51:07 +07:00"}
{"level":"warn","message":{},"msg":"Migrasi table 002_create_audit_log.sql selesai","timestamp":"2026-04-13 11:51:07 +07:00"}
{"level":"warn","message":{},"msg":"Migrasi table 001_create_users.sql selesai","timestamp":"2026-04-13 11:52:16 +07:00"}
{"level":"warn","message":{},"msg":"Migrasi table 002_create_audit_log.sql selesai","timestamp":"2026-04-13 11:52:16 +07:00"}
{"ip":"::1","level":"warn","message":{"errors":[{"field":"id","message":"id harus berupa angka"}]},"method":"PUT","msg":"Gagal Menyimpan, Validasi gagal","timestamp":"2026-04-13 11:52:21 +07:00","url":"/api/v1/users/status/1a"}
{"level":"warn","message":{},"msg":"Migrasi table 001_create_users.sql selesai","timestamp":"2026-04-13 11:52:47 +07:00"}
{"level":"warn","message":{},"msg":"Migrasi table 002_create_audit_log.sql selesai","timestamp":"2026-04-13 11:52:47 +07:00"}
{"level":"warn","message":{},"msg":"Migrasi table 001_create_users.sql selesai","timestamp":"2026-04-13 11:53:23 +07:00"}
{"level":"warn","message":{},"msg":"Migrasi table 002_create_audit_log.sql selesai","timestamp":"2026-04-13 11:53:23 +07:00"}
{"code":"22P02","file":"numutils.c","ip":"::1","length":145,"level":"error","line":"881","message":"invalid input syntax for type bigint: \"NaN\"","method":"PUT","msg":"Internal Server Eror, Hubungi Vendor!!","name":"error","routine":"pg_strtoint64_safe","severity":"ERROR","timestamp":"2026-04-13 11:53:36 +07:00","url":"/api/v1/users/status/aa","where":"unnamed portal parameter $1 = '...'"}
{"code":"22P02","file":"numutils.c","ip":"::1","length":145,"level":"error","line":"881","message":"invalid input syntax for type bigint: \"NaN\"","method":"PUT","msg":"Internal Server Eror, Hubungi Vendor!!","name":"error","routine":"pg_strtoint64_safe","severity":"ERROR","timestamp":"2026-04-13 11:54:08 +07:00","url":"/api/v1/users/status/aa","where":"unnamed portal parameter $1 = '...'"}
{"level":"warn","message":{},"msg":"Migrasi table 001_create_users.sql selesai","timestamp":"2026-04-13 11:54:54 +07:00"}
{"level":"warn","message":{},"msg":"Migrasi table 002_create_audit_log.sql selesai","timestamp":"2026-04-13 11:54:54 +07:00"}
{"ip":"::1","level":"error","message":"Cannot read properties of undefined (reading 'level')","method":"PUT","msg":"Internal Server Eror, Hubungi Vendor!!","timestamp":"2026-04-13 11:55:10 +07:00","url":"/api/v1/users/status/0"}
{"level":"warn","message":{},"msg":"Migrasi table 001_create_users.sql selesai","timestamp":"2026-04-13 11:57:25 +07:00"}
{"level":"warn","message":{},"msg":"Migrasi table 002_create_audit_log.sql selesai","timestamp":"2026-04-13 11:57:25 +07:00"}
{"ip":"::1","level":"warn","message":{"errors":[{"field":"id","message":"Id harus berupa angka"}]},"method":"PUT","msg":"Gagal Menyimpan, Validasi gagal","timestamp":"2026-04-13 11:57:28 +07:00","url":"/api/v1/users/status/1a"}
{"level":"warn","message":{},"msg":"Migrasi table 001_create_users.sql selesai","timestamp":"2026-04-13 12:01:10 +07:00"}
{"level":"warn","message":{},"msg":"Migrasi table 002_create_audit_log.sql selesai","timestamp":"2026-04-13 12:01:10 +07:00"}
{"level":"warn","message":{},"msg":"Migrasi table 001_create_users.sql selesai","timestamp":"2026-04-13 12:01:13 +07:00"}
{"level":"warn","message":{},"msg":"Migrasi table 002_create_audit_log.sql selesai","timestamp":"2026-04-13 12:01:13 +07:00"}
{"ip":"::1","level":"warn","message":{"errors":[{"field":"id","message":"Id harus berupa angka"}]},"method":"PUT","msg":"Gagal Menyimpan, Validasi gagal","timestamp":"2026-04-13 12:01:19 +07:00","url":"/api/v1/users/status/1a"}
{"body":"{\r\n    \"status\": \"aktif\",\r\n    \"note\": \"Di tolak karane menyalahi aturan\",\r\n    \"decision\" : trues\r\n}","expose":true,"ip":"::1","level":"error","message":"Expected ',' or '}' after property value in JSON at position 97 (line 4 column 22)","method":"PUT","msg":"Internal Server Eror, Hubungi Vendor!!","status":400,"statusCode":400,"timestamp":"2026-04-13 12:01:28 +07:00","type":"entity.parse.failed","url":"/api/v1/users/status/111"}
{"level":"warn","message":{},"msg":"Migrasi table 001_create_users.sql selesai","timestamp":"2026-04-13 12:03:41 +07:00"}
{"level":"warn","message":{},"msg":"Migrasi table 002_create_audit_log.sql selesai","timestamp":"2026-04-13 12:03:41 +07:00"}
{"level":"warn","message":{},"msg":"Migrasi table 001_create_users.sql selesai","timestamp":"2026-04-13 12:04:32 +07:00"}
{"level":"warn","message":{},"msg":"Migrasi table 002_create_audit_log.sql selesai","timestamp":"2026-04-13 12:04:32 +07:00"}
{"level":"warn","message":{},"msg":"Migrasi table 001_create_users.sql selesai","timestamp":"2026-04-13 12:04:34 +07:00"}
{"level":"warn","message":{},"msg":"Migrasi table 002_create_audit_log.sql selesai","timestamp":"2026-04-13 12:04:34 +07:00"}
{"level":"warn","message":{},"msg":"Migrasi table 001_create_users.sql selesai","timestamp":"2026-04-13 12:04:43 +07:00"}
{"level":"warn","message":{},"msg":"Migrasi table 002_create_audit_log.sql selesai","timestamp":"2026-04-13 12:04:43 +07:00"}
{"level":"warn","message":{},"msg":"Migrasi table 001_create_users.sql selesai","timestamp":"2026-04-13 12:05:08 +07:00"}
{"level":"warn","message":{},"msg":"Migrasi table 002_create_audit_log.sql selesai","timestamp":"2026-04-13 12:05:08 +07:00"}
{"body":"{\r\n    \"status\": \"aktif\",\r\n    \"note\": \"Di tolak karane menyalahi aturan\",\r\n    \"decision\" : \"reject\",\r\n}","expose":true,"ip":"::1","level":"error","message":"Expected double-quoted property name in JSON at position 104 (line 5 column 1)","method":"PUT","msg":"Internal Server Eror, Hubungi Vendor!!","status":400,"statusCode":400,"timestamp":"2026-04-13 12:05:19 +07:00","type":"entity.parse.failed","url":"/api/v1/users/status/111"}
{"level":"warn","message":{},"msg":"Migrasi table 001_create_users.sql selesai","timestamp":"2026-04-13 12:05:38 +07:00"}
{"level":"warn","message":{},"msg":"Migrasi table 002_create_audit_log.sql selesai","timestamp":"2026-04-13 12:05:38 +07:00"}
{"ip":"::ffff:192.168.123.1","level":"warn","message":{},"method":"GET","msg":"Routing tidak di temukan","timestamp":"2026-04-13 12:49:57 +07:00","url":"/"}
{"ip":"::ffff:192.168.123.1","level":"warn","message":{},"method":"GET","msg":"Routing tidak di temukan","timestamp":"2026-04-13 12:50:23 +07:00","url":"/me"}
{"ip":"::ffff:192.168.123.1","level":"warn","message":{},"method":"GET","msg":"Routing tidak di temukan","timestamp":"2026-04-13 12:50:26 +07:00","url":"/auth"}
{"ip":"::ffff:192.168.123.1","level":"warn","message":{},"method":"GET","msg":"Routing tidak di temukan","timestamp":"2026-04-13 12:50:48 +07:00","url":"/v1/auth"}
{"ip":"::ffff:192.168.123.1","level":"warn","message":{},"method":"GET","msg":"Routing tidak di temukan","timestamp":"2026-04-13 12:54:37 +07:00","url":"/"}
{"level":"warn","message":{},"msg":"Migrasi table 001_create_users.sql selesai","timestamp":"2026-04-13 13:31:07 +07:00"}
{"level":"warn","message":{},"msg":"Migrasi table 002_create_audit_log.sql selesai","timestamp":"2026-04-13 13:31:07 +07:00"}
{"level":"warn","message":{},"msg":"Migrasi table 001_create_users.sql selesai","timestamp":"2026-04-13 13:33:06 +07:00"}
{"level":"warn","message":{},"msg":"Migrasi table 002_create_audit_log.sql selesai","timestamp":"2026-04-13 13:33:06 +07:00"}
{"level":"warn","message":{},"msg":"Migrasi table 001_create_users.sql selesai","timestamp":"2026-04-13 13:34:03 +07:00"}
{"level":"warn","message":{},"msg":"Migrasi table 002_create_audit_log.sql selesai","timestamp":"2026-04-13 13:34:03 +07:00"}
{"level":"warn","message":{},"msg":"Migrasi table 001_create_users.sql selesai","timestamp":"2026-04-13 13:37:58 +07:00"}
{"level":"warn","message":{},"msg":"Migrasi table 002_create_audit_log.sql selesai","timestamp":"2026-04-13 13:37:58 +07:00"}
{"level":"warn","message":{},"msg":"Migrasi table 001_create_users.sql selesai","timestamp":"2026-04-13 13:38:05 +07:00"}
{"level":"warn","message":{},"msg":"Migrasi table 002_create_audit_log.sql selesai","timestamp":"2026-04-13 13:38:05 +07:00"}
{"level":"warn","message":{},"msg":"Migrasi table 001_create_users.sql selesai","timestamp":"2026-04-13 13:39:54 +07:00"}
{"level":"warn","message":{},"msg":"Migrasi table 002_create_audit_log.sql selesai","timestamp":"2026-04-13 13:39:54 +07:00"}
{"level":"warn","message":{},"msg":"Migrasi table 001_create_users.sql selesai","timestamp":"2026-04-13 13:49:52 +07:00"}
{"level":"warn","message":{},"msg":"Migrasi table 002_create_audit_log.sql selesai","timestamp":"2026-04-13 13:49:53 +07:00"}
{"level":"warn","message":{},"msg":"Migrasi table 001_create_users.sql selesai","timestamp":"2026-04-13 13:49:54 +07:00"}
{"level":"warn","message":{},"msg":"Migrasi table 002_create_audit_log.sql selesai","timestamp":"2026-04-13 13:49:54 +07:00"}
{"level":"warn","message":{},"msg":"Migrasi table 001_create_users.sql selesai","timestamp":"2026-04-13 13:50:54 +07:00"}
{"level":"warn","message":{},"msg":"Migrasi table 002_create_audit_log.sql selesai","timestamp":"2026-04-13 13:50:54 +07:00"}
{"level":"warn","message":{},"msg":"Migrasi table 001_create_users.sql selesai","timestamp":"2026-04-13 13:51:30 +07:00"}
{"level":"warn","message":{},"msg":"Migrasi table 002_create_audit_log.sql selesai","timestamp":"2026-04-13 13:51:30 +07:00"}
{"ip":"::1","level":"error","message":"client is not defined","method":"PUT","msg":"Internal Server Eror, Hubungi Vendor!!","timestamp":"2026-04-13 13:52:30 +07:00","url":"/api/v1/users/update/111"}
{"level":"warn","message":{},"msg":"Migrasi table 001_create_users.sql selesai","timestamp":"2026-04-13 13:58:45 +07:00"}
{"level":"warn","message":{},"msg":"Migrasi table 002_create_audit_log.sql selesai","timestamp":"2026-04-13 13:58:45 +07:00"}
{"level":"warn","message":{},"msg":"Migrasi table 001_create_users.sql selesai","timestamp":"2026-04-13 13:58:49 +07:00"}
{"level":"warn","message":{},"msg":"Migrasi table 002_create_audit_log.sql selesai","timestamp":"2026-04-13 13:58:49 +07:00"}
{"level":"warn","message":{},"msg":"Migrasi table 001_create_users.sql selesai","timestamp":"2026-04-13 14:00:09 +07:00"}
{"level":"warn","message":{},"msg":"Migrasi table 002_create_audit_log.sql selesai","timestamp":"2026-04-13 14:00:09 +07:00"}
{"level":"warn","message":{},"msg":"Migrasi table 001_create_users.sql selesai","timestamp":"2026-04-13 14:00:28 +07:00"}
{"level":"warn","message":{},"msg":"Migrasi table 002_create_audit_log.sql selesai","timestamp":"2026-04-13 14:00:28 +07:00"}
{"level":"warn","message":{},"msg":"Migrasi table 001_create_users.sql selesai","timestamp":"2026-04-13 14:02:08 +07:00"}
{"level":"warn","message":{},"msg":"Migrasi table 002_create_audit_log.sql selesai","timestamp":"2026-04-13 14:02:08 +07:00"}
{"level":"warn","message":{},"msg":"Migrasi table 001_create_users.sql selesai","timestamp":"2026-04-13 14:03:15 +07:00"}
{"level":"warn","message":{},"msg":"Migrasi table 002_create_audit_log.sql selesai","timestamp":"2026-04-13 14:03:15 +07:00"}
{"level":"warn","message":{},"msg":"Migrasi table 001_create_users.sql selesai","timestamp":"2026-04-13 14:03:20 +07:00"}
{"level":"warn","message":{},"msg":"Migrasi table 002_create_audit_log.sql selesai","timestamp":"2026-04-13 14:03:20 +07:00"}
{"level":"warn","message":{},"msg":"Migrasi table 001_create_users.sql selesai","timestamp":"2026-04-13 14:03:59 +07:00"}
{"level":"warn","message":{},"msg":"Migrasi table 002_create_audit_log.sql selesai","timestamp":"2026-04-13 14:04:00 +07:00"}
{"level":"warn","message":{},"msg":"Migrasi table 001_create_users.sql selesai","timestamp":"2026-04-13 14:04:01 +07:00"}
{"level":"warn","message":{},"msg":"Migrasi table 002_create_audit_log.sql selesai","timestamp":"2026-04-13 14:04:01 +07:00"}
{"level":"warn","message":{},"msg":"Migrasi table 003_fix_approval_history_fk.sql selesai","timestamp":"2026-04-13 14:04:01 +07:00"}
{"level":"warn","message":{},"msg":"Migrasi table 001_create_users.sql selesai","timestamp":"2026-04-13 14:04:07 +07:00"}
{"level":"warn","message":{},"msg":"Migrasi table 002_create_audit_log.sql selesai","timestamp":"2026-04-13 14:04:07 +07:00"}
{"level":"warn","message":{},"msg":"Migrasi table 003_fix_approval_history_fk.sql selesai","timestamp":"2026-04-13 14:04:07 +07:00"}
{"level":"warn","message":{},"msg":"Migrasi table 001_create_users.sql selesai","timestamp":"2026-04-13 14:04:14 +07:00"}
{"level":"warn","message":{},"msg":"Migrasi table 002_create_audit_log.sql selesai","timestamp":"2026-04-13 14:04:14 +07:00"}
{"level":"warn","message":{},"msg":"Migrasi table 003_fix_approval_history_fk.sql selesai","timestamp":"2026-04-13 14:04:14 +07:00"}
{"level":"warn","message":{},"msg":"Migrasi table 001_create_users.sql selesai","timestamp":"2026-04-13 14:04:51 +07:00"}
{"level":"warn","message":{},"msg":"Migrasi table 002_create_audit_log.sql selesai","timestamp":"2026-04-13 14:04:51 +07:00"}
{"level":"warn","message":{},"msg":"Migrasi table 003_fix_approval_history_fk.sql selesai","timestamp":"2026-04-13 14:04:51 +07:00"}
{"level":"warn","message":{},"msg":"Migrasi table 001_create_users.sql selesai","timestamp":"2026-04-13 14:05:01 +07:00"}
{"level":"warn","message":{},"msg":"Migrasi table 002_create_audit_log.sql selesai","timestamp":"2026-04-13 14:05:01 +07:00"}
{"level":"warn","message":{},"msg":"Migrasi table 003_fix_approval_history_fk.sql selesai","timestamp":"2026-04-13 14:05:01 +07:00"}
{"level":"warn","message":{},"msg":"Migrasi table 001_create_users.sql selesai","timestamp":"2026-04-13 14:06:28 +07:00"}
{"level":"warn","message":{},"msg":"Migrasi table 002_create_audit_log.sql selesai","timestamp":"2026-04-13 14:06:28 +07:00"}
{"level":"warn","message":{},"msg":"Migrasi table 001_create_users.sql selesai","timestamp":"2026-04-13 14:12:03 +07:00"}
{"level":"warn","message":{},"msg":"Migrasi table 002_create_audit_log.sql selesai","timestamp":"2026-04-13 14:12:03 +07:00"}
{"level":"warn","message":{},"msg":"Migrasi table 001_create_users.sql selesai","timestamp":"2026-04-13 14:12:07 +07:00"}
{"level":"warn","message":{},"msg":"Migrasi table 002_create_audit_log.sql selesai","timestamp":"2026-04-13 14:12:07 +07:00"}
{"level":"warn","message":{},"msg":"Migrasi table 001_create_users.sql selesai","timestamp":"2026-04-13 14:12:41 +07:00"}
{"level":"warn","message":{},"msg":"Migrasi table 002_create_audit_log.sql selesai","timestamp":"2026-04-13 14:12:41 +07:00"}
{"level":"warn","message":{},"msg":"Migrasi table 001_create_users.sql selesai","timestamp":"2026-04-13 14:13:20 +07:00"}
{"level":"warn","message":{},"msg":"Migrasi table 002_create_audit_log.sql selesai","timestamp":"2026-04-13 14:13:20 +07:00"}
{"level":"warn","message":{},"msg":"Migrasi table 001_create_users.sql selesai","timestamp":"2026-04-13 14:14:24 +07:00"}
{"level":"warn","message":{},"msg":"Migrasi table 002_create_audit_log.sql selesai","timestamp":"2026-04-13 14:14:24 +07:00"}
{"level":"warn","message":{},"msg":"Migrasi table 001_create_users.sql selesai","timestamp":"2026-04-13 14:14:38 +07:00"}
{"level":"warn","message":{},"msg":"Migrasi table 002_create_audit_log.sql selesai","timestamp":"2026-04-13 14:14:38 +07:00"}
{"level":"warn","message":{},"msg":"Migrasi table 001_create_users.sql selesai","timestamp":"2026-04-13 14:14:42 +07:00"}
{"level":"warn","message":{},"msg":"Migrasi table 002_create_audit_log.sql selesai","timestamp":"2026-04-13 14:14:42 +07:00"}
{"level":"warn","message":{},"msg":"Migrasi table 001_create_users.sql selesai","timestamp":"2026-04-13 14:16:09 +07:00"}
{"level":"warn","message":{},"msg":"Migrasi table 002_create_audit_log.sql selesai","timestamp":"2026-04-13 14:16:09 +07:00"}
{"level":"warn","message":{},"msg":"Migrasi table 001_create_users.sql selesai","timestamp":"2026-04-13 14:16:55 +07:00"}
{"level":"warn","message":{},"msg":"Migrasi table 002_create_audit_log.sql selesai","timestamp":"2026-04-13 14:16:55 +07:00"}
{"level":"warn","message":{},"msg":"Migrasi table 001_create_users.sql selesai","timestamp":"2026-04-13 14:16:56 +07:00"}
{"level":"warn","message":{},"msg":"Migrasi table 002_create_audit_log.sql selesai","timestamp":"2026-04-13 14:16:56 +07:00"}
{"level":"warn","message":{},"msg":"Migrasi table 001_create_users.sql selesai","timestamp":"2026-04-13 14:17:42 +07:00"}
{"level":"warn","message":{},"msg":"Migrasi table 002_create_audit_log.sql selesai","timestamp":"2026-04-13 14:17:42 +07:00"}
{"level":"warn","message":{},"msg":"Migrasi table 001_create_users.sql selesai","timestamp":"2026-04-13 14:17:52 +07:00"}
{"level":"warn","message":{},"msg":"Migrasi table 002_create_audit_log.sql selesai","timestamp":"2026-04-13 14:17:52 +07:00"}
{"level":"warn","message":{},"msg":"Migrasi table 001_create_users.sql selesai","timestamp":"2026-04-13 14:22:10 +07:00"}
{"level":"warn","message":{},"msg":"Migrasi table 002_create_audit_log.sql selesai","timestamp":"2026-04-13 14:22:10 +07:00"}
{"level":"warn","message":{},"msg":"Migrasi table 001_create_users.sql selesai","timestamp":"2026-04-13 14:22:23 +07:00"}
{"level":"warn","message":{},"msg":"Migrasi table 002_create_audit_log.sql selesai","timestamp":"2026-04-13 14:22:23 +07:00"}
{"level":"warn","message":{},"msg":"Migrasi table 001_create_users.sql selesai","timestamp":"2026-04-13 14:23:54 +07:00"}
{"level":"warn","message":{},"msg":"Migrasi table 002_create_audit_log.sql selesai","timestamp":"2026-04-13 14:23:54 +07:00"}
{"level":"warn","message":{},"msg":"Migrasi table 001_create_users.sql selesai","timestamp":"2026-04-13 14:23:56 +07:00"}
{"level":"warn","message":{},"msg":"Migrasi table 002_create_audit_log.sql selesai","timestamp":"2026-04-13 14:23:56 +07:00"}
{"level":"warn","message":{},"msg":"Migrasi table 001_create_users.sql selesai","timestamp":"2026-04-13 14:24:12 +07:00"}
{"level":"warn","message":{},"msg":"Migrasi table 002_create_audit_log.sql selesai","timestamp":"2026-04-13 14:24:12 +07:00"}
{"level":"warn","message":{},"msg":"Migrasi table 001_create_users.sql selesai","timestamp":"2026-04-13 14:24:23 +07:00"}
{"level":"warn","message":{},"msg":"Migrasi table 002_create_audit_log.sql selesai","timestamp":"2026-04-13 14:24:23 +07:00"}
{"level":"warn","message":{},"msg":"Migrasi table 001_create_users.sql selesai","timestamp":"2026-04-13 14:25:47 +07:00"}
{"level":"warn","message":{},"msg":"Migrasi table 002_create_audit_log.sql selesai","timestamp":"2026-04-13 14:25:47 +07:00"}
{"level":"warn","message":{},"msg":"Migrasi table 001_create_users.sql selesai","timestamp":"2026-04-13 14:26:24 +07:00"}
{"level":"warn","message":{},"msg":"Migrasi table 002_create_audit_log.sql selesai","timestamp":"2026-04-13 14:26:24 +07:00"}
{"level":"warn","message":{},"msg":"Migrasi table 001_create_users.sql selesai","timestamp":"2026-04-13 14:27:43 +07:00"}
{"level":"warn","message":{},"msg":"Migrasi table 002_create_audit_log.sql selesai","timestamp":"2026-04-13 14:27:43 +07:00"}
{"level":"warn","message":{},"msg":"Migrasi table 001_create_users.sql selesai","timestamp":"2026-04-13 14:27:53 +07:00"}
{"level":"warn","message":{},"msg":"Migrasi table 002_create_audit_log.sql selesai","timestamp":"2026-04-13 14:27:53 +07:00"}
{"level":"warn","message":{},"msg":"Migrasi table 001_create_users.sql selesai","timestamp":"2026-04-13 14:28:31 +07:00"}
{"level":"warn","message":{},"msg":"Migrasi table 002_create_audit_log.sql selesai","timestamp":"2026-04-13 14:28:31 +07:00"}
{"level":"warn","message":{},"msg":"Migrasi table 001_create_users.sql selesai","timestamp":"2026-04-13 14:28:33 +07:00"}
{"level":"warn","message":{},"msg":"Migrasi table 002_create_audit_log.sql selesai","timestamp":"2026-04-13 14:28:33 +07:00"}
{"level":"warn","message":{},"msg":"Migrasi table 001_create_users.sql selesai","timestamp":"2026-04-13 14:28:46 +07:00"}
{"level":"warn","message":{},"msg":"Migrasi table 002_create_audit_log.sql selesai","timestamp":"2026-04-13 14:28:46 +07:00"}
{"ip":"::1","level":"warn","message":{},"method":"DELETE","msg":"Dilarang mengakses halaman ini, authorized only","timestamp":"2026-04-13 14:29:20 +07:00","url":"/api/v1/users/delete/111"}
{"code":"42703","file":"parse_relation.c","hint":"Perhaps you meant to reference the column \"users.id_user\".","ip":"::1","length":168,"level":"error","line":"3732","message":"column \"id_users\" does not exist","method":"DELETE","msg":"Internal Server Eror, Hubungi Vendor!!","name":"error","position":"25","routine":"errorMissingColumn","severity":"ERROR","timestamp":"2026-04-13 14:35:30 +07:00","url":"/api/v1/users/delete/112"}
{"level":"warn","message":{},"msg":"Migrasi table 001_create_users.sql selesai","timestamp":"2026-04-13 14:35:43 +07:00"}
{"level":"warn","message":{},"msg":"Migrasi table 002_create_audit_log.sql selesai","timestamp":"2026-04-13 14:35:43 +07:00"}
{"level":"warn","message":{},"msg":"Migrasi table 001_create_users.sql selesai","timestamp":"2026-04-13 14:38:54 +07:00"}
{"level":"warn","message":{},"msg":"Migrasi table 002_create_audit_log.sql selesai","timestamp":"2026-04-13 14:38:54 +07:00"}
{"level":"warn","message":{},"msg":"Migrasi table 001_create_users.sql selesai","timestamp":"2026-04-13 14:40:17 +07:00"}
{"level":"warn","message":{},"msg":"Migrasi table 002_create_audit_log.sql selesai","timestamp":"2026-04-13 14:40:17 +07:00"}
{"level":"warn","message":{},"msg":"Migrasi table 001_create_users.sql selesai","timestamp":"2026-04-13 14:44:49 +07:00"}
{"level":"warn","message":{},"msg":"Migrasi table 002_create_audit_log.sql selesai","timestamp":"2026-04-13 14:44:49 +07:00"}
{"level":"warn","message":{},"msg":"Migrasi table 001_create_users.sql selesai","timestamp":"2026-04-13 14:45:08 +07:00"}
{"level":"warn","message":{},"msg":"Migrasi table 002_create_audit_log.sql selesai","timestamp":"2026-04-13 14:45:08 +07:00"}
{"level":"warn","message":{},"msg":"Migrasi table 001_create_users.sql selesai","timestamp":"2026-04-13 14:45:23 +07:00"}
{"level":"warn","message":{},"msg":"Migrasi table 002_create_audit_log.sql selesai","timestamp":"2026-04-13 14:45:23 +07:00"}
{"level":"warn","message":{},"msg":"Migrasi table 001_create_users.sql selesai","timestamp":"2026-04-13 14:45:37 +07:00"}
{"level":"warn","message":{},"msg":"Migrasi table 002_create_audit_log.sql selesai","timestamp":"2026-04-13 14:45:37 +07:00"}
{"level":"warn","message":{},"msg":"Migrasi table 001_create_users.sql selesai","timestamp":"2026-04-13 14:45:48 +07:00"}
{"level":"warn","message":{},"msg":"Migrasi table 002_create_audit_log.sql selesai","timestamp":"2026-04-13 14:45:48 +07:00"}
{"level":"warn","message":{},"msg":"Migrasi table 001_create_users.sql selesai","timestamp":"2026-04-13 14:53:06 +07:00"}
{"level":"warn","message":{},"msg":"Migrasi table 002_create_audit_log.sql selesai","timestamp":"2026-04-13 14:53:06 +07:00"}
{"level":"warn","message":{},"msg":"Migrasi table 001_create_users.sql selesai","timestamp":"2026-04-13 14:54:46 +07:00"}
{"level":"warn","message":{},"msg":"Migrasi table 002_create_audit_log.sql selesai","timestamp":"2026-04-13 14:54:46 +07:00"}
{"level":"warn","message":{},"msg":"Migrasi table 001_create_users.sql selesai","timestamp":"2026-04-13 14:59:24 +07:00"}
{"level":"warn","message":{},"msg":"Migrasi table 002_create_audit_log.sql selesai","timestamp":"2026-04-13 14:59:24 +07:00"}
{"level":"warn","message":{},"msg":"Migrasi table 001_create_users.sql selesai","timestamp":"2026-04-13 14:59:33 +07:00"}
{"level":"warn","message":{},"msg":"Migrasi table 002_create_audit_log.sql selesai","timestamp":"2026-04-13 14:59:33 +07:00"}
{"level":"warn","message":{},"msg":"Migrasi table 001_create_users.sql selesai","timestamp":"2026-04-13 15:00:58 +07:00"}
{"level":"warn","message":{},"msg":"Migrasi table 002_create_audit_log.sql selesai","timestamp":"2026-04-13 15:00:58 +07:00"}
{"level":"warn","message":{},"msg":"Migrasi table 001_create_users.sql selesai","timestamp":"2026-04-13 15:03:56 +07:00"}
{"level":"warn","message":{},"msg":"Migrasi table 002_create_audit_log.sql selesai","timestamp":"2026-04-13 15:03:56 +07:00"}
{"level":"warn","message":{},"msg":"Migrasi table 003_create_kunjungan.sql selesai","timestamp":"2026-04-13 15:03:56 +07:00"}
{"level":"warn","message":{},"msg":"Migrasi table 001_create_users.sql selesai","timestamp":"2026-04-13 15:05:19 +07:00"}
{"level":"warn","message":{},"msg":"Migrasi table 002_create_audit_log.sql selesai","timestamp":"2026-04-13 15:05:19 +07:00"}
{"level":"warn","message":{},"msg":"Migrasi table 001_create_users.sql selesai","timestamp":"2026-04-13 15:42:55 +07:00"}
{"level":"warn","message":{},"msg":"Migrasi table 002_create_audit_log.sql selesai","timestamp":"2026-04-13 15:42:55 +07:00"}
{"level":"warn","message":{},"msg":"Migrasi table 001_create_users.sql selesai","timestamp":"2026-04-13 15:43:07 +07:00"}
{"level":"warn","message":{},"msg":"Migrasi table 002_create_audit_log.sql selesai","timestamp":"2026-04-13 15:43:07 +07:00"}
{"level":"warn","message":{},"msg":"Migrasi table 001_create_users.sql selesai","timestamp":"2026-04-13 15:43:38 +07:00"}
{"level":"warn","message":{},"msg":"Migrasi table 002_create_audit_log.sql selesai","timestamp":"2026-04-13 15:43:38 +07:00"}
{"level":"warn","message":{},"msg":"Migrasi table 001_create_users.sql selesai","timestamp":"2026-04-13 15:43:40 +07:00"}
{"level":"warn","message":{},"msg":"Migrasi table 002_create_audit_log.sql selesai","timestamp":"2026-04-13 15:43:40 +07:00"}
{"level":"warn","message":{},"msg":"Migrasi table 001_create_users.sql selesai","timestamp":"2026-04-13 15:43:43 +07:00"}
{"level":"warn","message":{},"msg":"Migrasi table 002_create_audit_log.sql selesai","timestamp":"2026-04-13 15:43:43 +07:00"}
{"level":"warn","message":{},"msg":"Migrasi table 001_create_users.sql selesai","timestamp":"2026-04-13 15:45:01 +07:00"}
{"level":"warn","message":{},"msg":"Migrasi table 002_create_audit_log.sql selesai","timestamp":"2026-04-13 15:45:01 +07:00"}
{"level":"warn","message":{},"msg":"Migrasi table 003_create_kunjungan_nsb.sql selesai","timestamp":"2026-04-13 15:45:01 +07:00"}
{"level":"warn","message":{},"msg":"Migrasi table 001_create_users.sql selesai","timestamp":"2026-04-13 15:46:18 +07:00"}
{"level":"warn","message":{},"msg":"Migrasi table 002_create_audit_log.sql selesai","timestamp":"2026-04-13 15:46:18 +07:00"}
{"level":"warn","message":{},"msg":"Migrasi table 001_create_users.sql selesai","timestamp":"2026-04-13 15:48:12 +07:00"}
{"level":"warn","message":{},"msg":"Migrasi table 002_create_audit_log.sql selesai","timestamp":"2026-04-13 15:48:12 +07:00"}
{"level":"warn","message":{},"msg":"Migrasi table 001_create_users.sql selesai","timestamp":"2026-04-13 15:49:09 +07:00"}
{"level":"warn","message":{},"msg":"Migrasi table 002_create_audit_log.sql selesai","timestamp":"2026-04-13 15:49:09 +07:00"}
{"level":"warn","message":{},"msg":"Migrasi table 003_create_kunjungan_nsb.sql selesai","timestamp":"2026-04-13 15:49:09 +07:00"}
{"level":"warn","message":{},"msg":"Migrasi table 001_create_users.sql selesai","timestamp":"2026-04-13 15:58:58 +07:00"}
{"level":"warn","message":{},"msg":"Migrasi table 002_create_audit_log.sql selesai","timestamp":"2026-04-13 15:58:58 +07:00"}
{"level":"warn","message":{},"msg":"Migrasi table 003_create_kunjungan_nsb.sql selesai","timestamp":"2026-04-13 15:58:58 +07:00"}
{"level":"warn","message":{},"msg":"Migrasi table 001_create_users.sql selesai","timestamp":"2026-04-13 16:05:44 +07:00"}
{"level":"warn","message":{},"msg":"Migrasi table 002_create_audit_log.sql selesai","timestamp":"2026-04-13 16:05:44 +07:00"}
{"level":"warn","message":{},"msg":"Migrasi table 001_create_users.sql selesai","timestamp":"2026-04-13 16:05:56 +07:00"}
{"level":"warn","message":{},"msg":"Migrasi table 002_create_audit_log.sql selesai","timestamp":"2026-04-13 16:05:56 +07:00"}
{"level":"warn","message":{},"msg":"Migrasi table 003_create_kunjungan_nsb.sql selesai","timestamp":"2026-04-13 16:05:56 +07:00"}
{"level":"warn","message":{},"msg":"Migrasi table 001_create_users.sql selesai","timestamp":"2026-04-13 16:06:49 +07:00"}
{"level":"warn","message":{},"msg":"Migrasi table 002_create_audit_log.sql selesai","timestamp":"2026-04-13 16:06:49 +07:00"}
{"level":"warn","message":{},"msg":"Migrasi table 003_create_kunjungan_nsb.sql selesai","timestamp":"2026-04-13 16:06:49 +07:00"}
{"level":"warn","message":{},"msg":"Migrasi table 001_create_users.sql selesai","timestamp":"2026-04-13 16:24:14 +07:00"}
{"level":"warn","message":{},"msg":"Migrasi table 002_create_audit_log.sql selesai","timestamp":"2026-04-13 16:24:14 +07:00"}
{"level":"warn","message":{},"msg":"Migrasi table 003_create_kunjungan_nsb.sql selesai","timestamp":"2026-04-13 16:24:14 +07:00"}
{"level":"warn","message":{},"msg":"Migrasi table 001_create_users.sql selesai","timestamp":"2026-04-13 16:24:54 +07:00"}
{"level":"warn","message":{},"msg":"Migrasi table 002_create_audit_log.sql selesai","timestamp":"2026-04-13 16:24:54 +07:00"}
{"level":"warn","message":{},"msg":"Migrasi table 003_create_kunjungan_nsb.sql selesai","timestamp":"2026-04-13 16:24:54 +07:00"}
{"level":"warn","message":{},"msg":"Migrasi table 001_create_users.sql selesai","timestamp":"2026-04-13 16:24:58 +07:00"}
{"level":"warn","message":{},"msg":"Migrasi table 002_create_audit_log.sql selesai","timestamp":"2026-04-13 16:24:58 +07:00"}
{"level":"warn","message":{},"msg":"Migrasi table 003_create_kunjungan_nsb.sql selesai","timestamp":"2026-04-13 16:24:58 +07:00"}
{"level":"warn","message":{},"msg":"Migrasi table 001_create_users.sql selesai","timestamp":"2026-04-13 16:25:47 +07:00"}
{"level":"warn","message":{},"msg":"Migrasi table 002_create_audit_log.sql selesai","timestamp":"2026-04-13 16:25:47 +07:00"}
{"level":"warn","message":{},"msg":"Migrasi table 003_create_kunjungan_nsb.sql selesai","timestamp":"2026-04-13 16:25:47 +07:00"}
{"level":"warn","message":{},"msg":"Migrasi table 001_create_users.sql selesai","timestamp":"2026-04-13 16:26:06 +07:00"}
{"level":"warn","message":{},"msg":"Migrasi table 002_create_audit_log.sql selesai","timestamp":"2026-04-13 16:26:06 +07:00"}
{"level":"warn","message":{},"msg":"Migrasi table 003_create_kunjungan_nsb.sql selesai","timestamp":"2026-04-13 16:26:07 +07:00"}
{"level":"warn","message":{},"msg":"Migrasi table 001_create_users.sql selesai","timestamp":"2026-04-13 16:27:14 +07:00"}
{"level":"warn","message":{},"msg":"Migrasi table 002_create_audit_log.sql selesai","timestamp":"2026-04-13 16:27:14 +07:00"}
{"level":"warn","message":{},"msg":"Migrasi table 003_create_kunjungan_nsb.sql selesai","timestamp":"2026-04-13 16:27:14 +07:00"}
{"level":"warn","message":{},"msg":"Migrasi table 001_create_users.sql selesai","timestamp":"2026-04-13 16:29:56 +07:00"}
{"level":"warn","message":{},"msg":"Migrasi table 002_create_audit_log.sql selesai","timestamp":"2026-04-13 16:29:56 +07:00"}
{"level":"warn","message":{},"msg":"Migrasi table 003_create_kunjungan_nsb.sql selesai","timestamp":"2026-04-13 16:29:56 +07:00"}
{"level":"warn","message":{},"msg":"Migrasi table 001_create_users.sql selesai","timestamp":"2026-04-13 16:30:04 +07:00"}
{"level":"warn","message":{},"msg":"Migrasi table 002_create_audit_log.sql selesai","timestamp":"2026-04-13 16:30:04 +07:00"}
{"level":"warn","message":{},"msg":"Migrasi table 003_create_kunjungan_nsb.sql selesai","timestamp":"2026-04-13 16:30:04 +07:00"}
{"level":"warn","message":{},"msg":"Migrasi table 001_create_users.sql selesai","timestamp":"2026-04-13 16:30:08 +07:00"}
{"level":"warn","message":{},"msg":"Migrasi table 002_create_audit_log.sql selesai","timestamp":"2026-04-13 16:30:08 +07:00"}
{"level":"warn","message":{},"msg":"Migrasi table 003_create_kunjungan_nsb.sql selesai","timestamp":"2026-04-13 16:30:08 +07:00"}
{"level":"warn","message":{},"msg":"Migrasi table 001_create_users.sql selesai","timestamp":"2026-04-13 16:30:40 +07:00"}
{"level":"warn","message":{},"msg":"Migrasi table 002_create_audit_log.sql selesai","timestamp":"2026-04-13 16:30:40 +07:00"}
{"level":"warn","message":{},"msg":"Migrasi table 003_create_kunjungan_nsb.sql selesai","timestamp":"2026-04-13 16:30:40 +07:00"}
{"level":"warn","message":{},"msg":"Migrasi table 001_create_users.sql selesai","timestamp":"2026-04-13 16:31:01 +07:00"}
{"level":"warn","message":{},"msg":"Migrasi table 002_create_audit_log.sql selesai","timestamp":"2026-04-13 16:31:01 +07:00"}
{"level":"warn","message":{},"msg":"Migrasi table 003_create_kunjungan_nsb.sql selesai","timestamp":"2026-04-13 16:31:01 +07:00"}
{"level":"warn","message":{},"msg":"Migrasi table 001_create_users.sql selesai","timestamp":"2026-04-13 16:31:06 +07:00"}
{"level":"warn","message":{},"msg":"Migrasi table 002_create_audit_log.sql selesai","timestamp":"2026-04-13 16:31:06 +07:00"}
{"level":"warn","message":{},"msg":"Migrasi table 003_create_kunjungan_nsb.sql selesai","timestamp":"2026-04-13 16:31:06 +07:00"}
{"level":"warn","message":{},"msg":"Migrasi table 001_create_users.sql selesai","timestamp":"2026-04-13 16:31:38 +07:00"}
{"level":"warn","message":{},"msg":"Migrasi table 002_create_audit_log.sql selesai","timestamp":"2026-04-13 16:31:38 +07:00"}
{"level":"warn","message":{},"msg":"Migrasi table 003_create_kunjungan_nsb.sql selesai","timestamp":"2026-04-13 16:31:38 +07:00"}
{"level":"warn","message":{},"msg":"Migrasi table 001_create_users.sql selesai","timestamp":"2026-04-13 16:31:43 +07:00"}
{"level":"warn","message":{},"msg":"Migrasi table 002_create_audit_log.sql selesai","timestamp":"2026-04-13 16:31:43 +07:00"}
{"level":"warn","message":{},"msg":"Migrasi table 003_create_kunjungan_nsb.sql selesai","timestamp":"2026-04-13 16:31:43 +07:00"}
{"level":"warn","message":{},"msg":"Migrasi table 001_create_users.sql selesai","timestamp":"2026-04-13 16:38:19 +07:00"}
{"level":"warn","message":{},"msg":"Migrasi table 002_create_audit_log.sql selesai","timestamp":"2026-04-13 16:38:19 +07:00"}
{"level":"warn","message":{},"msg":"Migrasi table 003_create_kunjungan_nsb.sql selesai","timestamp":"2026-04-13 16:38:19 +07:00"}
