{"level":"warn","message":{},"msg":"Migrasi table 001_create_users.sql selesai","timestamp":"2026-03-16 09:12:19 +07:00"}
{"ip":"::1","level":"warn","message":{},"method":"PUT","msg":"Dilarang mengakses halaman ini, authorized only","timestamp":"2026-03-16 09:12:20 +07:00","url":"/api/v1/users/update/3"}
{"ip":"::1","level":"info","message":{},"method":"POST","msg":"Username superadmin telah login","timestamp":"2026-03-16 09:12:27 +07:00","url":"/api/v1/auth/login"}
{"ip":"::1","level":"warn","message":{},"method":"GET","msg":"username maretknow ditemukan","timestamp":"2026-03-16 09:12:40 +07:00","url":"/api/v1/users/view/3"}
{"level":"warn","message":{},"msg":"Migrasi table 001_create_users.sql selesai","timestamp":"2026-03-16 09:13:16 +07:00"}
{"ip":"::1","level":"warn","message":{},"method":"PUT","msg":"perubahan status hanya boleh dilakukan oleh otorisator dan super admin","timestamp":"2026-03-16 09:13:20 +07:00","url":"/api/v1/users/update/3"}
{"level":"warn","message":{},"msg":"Migrasi table 001_create_users.sql selesai","timestamp":"2026-03-16 09:18:03 +07:00"}
{"ip":"::1","level":"warn","message":{},"method":"PUT","msg":"perubahan status hanya boleh dilakukan oleh otorisator dan super admin","timestamp":"2026-03-16 09:18:20 +07:00","url":"/api/v1/users/update/3"}
{"level":"warn","message":{},"msg":"Migrasi table 001_create_users.sql selesai","timestamp":"2026-03-16 09:18:45 +07:00"}
{"ip":"::1","level":"warn","message":{},"method":"PUT","msg":"perubahan status hanya boleh dilakukan oleh otorisator dan super admin","timestamp":"2026-03-16 09:18:47 +07:00","url":"/api/v1/users/update/3"}
{"level":"warn","message":{},"msg":"Migrasi table 001_create_users.sql selesai","timestamp":"2026-03-16 09:19:44 +07:00"}
{"ip":"::1","level":"warn","message":{},"method":"PUT","msg":"perubahan staus hanya boleh aktif, non-aktif ,pending","timestamp":"2026-03-16 09:19:52 +07:00","url":"/api/v1/users/update/3"}
{"ip":"::1","level":"warn","message":{},"method":"PUT","msg":"perubahan staus hanya boleh aktif, non-aktif ,pending","timestamp":"2026-03-16 09:20:19 +07:00","url":"/api/v1/users/update/3"}
{"level":"warn","message":{},"msg":"Migrasi table 001_create_users.sql selesai","timestamp":"2026-03-16 09:20:29 +07:00"}
{"code":"42601","file":"scan.l","ip":"::1","length":94,"level":"error","line":"1248","message":"syntax error at or near \"WHERE\"","method":"PUT","msg":"Internal Server Eror, Hubungi Vendor!!","name":"error","position":"19","routine":"scanner_yyerror","severity":"ERROR","timestamp":"2026-03-16 09:20:31 +07:00","url":"/api/v1/users/update/3"}
{"level":"warn","message":{},"msg":"Migrasi table 001_create_users.sql selesai","timestamp":"2026-03-16 09:22:03 +07:00"}
{"code":"42601","file":"scan.l","ip":"::1","length":94,"level":"error","line":"1248","message":"syntax error at or near \"WHERE\"","method":"PUT","msg":"Internal Server Eror, Hubungi Vendor!!","name":"error","position":"19","routine":"scanner_yyerror","severity":"ERROR","timestamp":"2026-03-16 09:22:07 +07:00","url":"/api/v1/users/update/3"}
{"level":"warn","message":{},"msg":"Migrasi table 001_create_users.sql selesai","timestamp":"2026-03-16 09:25:19 +07:00"}
{"ip":"::1","level":"warn","message":{},"method":"GET","msg":"username AryaPDF ditemukan","timestamp":"2026-03-16 09:25:51 +07:00","url":"/api/v1/users/view/2"}
{"ip":"::1","level":"info","message":{},"method":"POST","msg":"Username superadmin telah berhasil keluar","timestamp":"2026-03-16 09:26:07 +07:00","url":"/api/v1/auth/logout"}
{"ip":"::1","level":"info","message":{},"method":"POST","msg":"Username AryaPDF telah login","timestamp":"2026-03-16 09:26:22 +07:00","url":"/api/v1/auth/login"}
{"ip":"::1","level":"warn","message":{},"method":"PUT","msg":"perubahan status hanya boleh dilakukan oleh otorisator dan super admin","timestamp":"2026-03-16 09:26:38 +07:00","url":"/api/v1/users/update/3"}
{"level":"warn","message":{},"msg":"Migrasi table 001_create_users.sql selesai","timestamp":"2026-03-16 09:27:28 +07:00"}
{"level":"warn","message":{},"msg":"Migrasi table 001_create_users.sql selesai","timestamp":"2026-03-16 10:02:41 +07:00"}
{"level":"warn","message":{},"msg":"Migrasi table 001_create_users.sql selesai","timestamp":"2026-03-16 10:03:15 +07:00"}
{"level":"warn","message":{},"msg":"Migrasi table 001_create_users.sql selesai","timestamp":"2026-03-16 10:03:24 +07:00"}
{"level":"warn","message":{},"msg":"Migrasi table 001_create_users.sql selesai","timestamp":"2026-03-16 10:07:12 +07:00"}
{"ip":"::1","level":"warn","message":{},"method":"GET","msg":"Dilarang mengakses halaman ini, authorized only","timestamp":"2026-03-16 10:07:31 +07:00","url":"/api/v1/users/view/3"}
{"ip":"::1","level":"info","message":{},"method":"POST","msg":"Username AryaPDF telah login","timestamp":"2026-03-16 10:07:37 +07:00","url":"/api/v1/auth/login"}
{"ip":"::1","level":"info","message":{},"method":"GET","msg":"Data session AryaPDF berhasil di ambil","timestamp":"2026-03-16 10:07:41 +07:00","url":"/api/v1/auth/"}
{"ip":"::1","level":"info","message":{},"method":"POST","msg":"Username AryaPDF telah berhasil keluar","timestamp":"2026-03-16 10:07:46 +07:00","url":"/api/v1/auth/logout"}
{"ip":"::1","level":"info","message":{},"method":"POST","msg":"Username maretknow telah login","timestamp":"2026-03-16 10:08:04 +07:00","url":"/api/v1/auth/login"}
{"ip":"::1","level":"warn","message":{},"method":"GET","msg":"username maretknow ditemukan","timestamp":"2026-03-16 10:08:14 +07:00","url":"/api/v1/users/view/3"}
{"ip":"::1","level":"warn","message":{},"method":"PUT","msg":"Yang bisa update user hanya operator & super admin","timestamp":"2026-03-16 10:08:29 +07:00","url":"/api/v1/users/update/2"}
{"level":"warn","message":{},"msg":"Migrasi table 001_create_users.sql selesai","timestamp":"2026-03-16 10:10:37 +07:00"}
{"level":"warn","message":{},"msg":"Migrasi table 001_create_users.sql selesai","timestamp":"2026-03-16 10:11:39 +07:00"}
{"ip":"::1","level":"warn","message":{},"method":"GET","msg":"username maretknow ditemukan","timestamp":"2026-03-16 10:12:01 +07:00","url":"/api/v1/users/view/3"}
{"ip":"::1","level":"warn","message":{},"method":"GET","msg":"username AryaPDF ditemukan","timestamp":"2026-03-16 10:12:05 +07:00","url":"/api/v1/users/view/2"}
{"ip":"::1","level":"warn","message":{},"method":"GET","msg":"username tidak ditemukan","timestamp":"2026-03-16 10:12:10 +07:00","url":"/api/v1/users/view/4"}
{"ip":"::1","level":"warn","message":{},"method":"GET","msg":"username andri ditemukan","timestamp":"2026-03-16 10:12:15 +07:00","url":"/api/v1/users/view/8"}
{"ip":"::1","level":"warn","message":{},"method":"PUT","msg":"Dilarang mengakses halaman ini, authorized only","timestamp":"2026-03-16 10:31:07 +07:00","url":"/api/v1/users/update/8"}
{"ip":"::1","level":"info","message":{},"method":"POST","msg":"Username superadmin telah login","timestamp":"2026-03-16 10:31:20 +07:00","url":"/api/v1/auth/login"}
{"level":"warn","message":{},"msg":"Migrasi table 001_create_users.sql selesai","timestamp":"2026-03-16 10:44:48 +07:00"}
{"level":"warn","message":{},"msg":"Migrasi table 001_create_users.sql selesai","timestamp":"2026-03-16 10:46:45 +07:00"}
{"ip":"::1","level":"warn","message":{},"method":"PUT","msg":"Dilarang mengakses halaman ini, authorized only","timestamp":"2026-03-16 10:57:26 +07:00","url":"/api/v1/users/update/8"}
{"ip":"::1","level":"info","message":{},"method":"POST","msg":"Username superadmin telah login","timestamp":"2026-03-16 10:57:30 +07:00","url":"/api/v1/auth/login"}
{"ip":"::1","level":"warn","message":{"errors":[{"field":"username","message":"username tidak dapat dirubah"},{"field":"","message":"minimal 1 field harus di isi"}]},"method":"PUT","msg":"Gagal Menyimpan, Validasi gagal","timestamp":"2026-03-16 10:57:33 +07:00","url":"/api/v1/users/update/8"}
{"ip":"::1","level":"warn","message":{"errors":[{"field":"password","message":"password 8-128 karakter"}]},"method":"PUT","msg":"Gagal Menyimpan, Validasi gagal","timestamp":"2026-03-16 10:58:56 +07:00","url":"/api/v1/users/update/8"}
{"ip":"::1","level":"warn","message":{"errors":[{"field":"","message":"minimal 1 field harus di isi"}]},"method":"PUT","msg":"Gagal Menyimpan, Validasi gagal","timestamp":"2026-03-16 10:59:13 +07:00","url":"/api/v1/users/update/8"}
{"ip":"::1","level":"warn","message":{"errors":[{"field":"password","message":"password 8-128 karakter"}]},"method":"PUT","msg":"Gagal Menyimpan, Validasi gagal","timestamp":"2026-03-16 11:00:16 +07:00","url":"/api/v1/users/update/8"}
{"ip":"::1","level":"warn","message":{"errors":[{"field":"nama_lengkap","message":"nama lengkap wajib diisi"}]},"method":"PUT","msg":"Gagal Menyimpan, Validasi gagal","timestamp":"2026-03-16 11:00:22 +07:00","url":"/api/v1/users/update/8"}
{"level":"warn","message":{},"msg":"Migrasi table 001_create_users.sql selesai","timestamp":"2026-03-16 13:44:45 +07:00"}
{"ip":"::1","level":"warn","message":{},"method":"PUT","msg":"Dilarang mengakses halaman ini, authorized only","timestamp":"2026-03-16 13:44:57 +07:00","url":"/api/v1/users/update/8"}
{"ip":"::1","level":"info","message":{},"method":"POST","msg":"Username superadmin telah login","timestamp":"2026-03-16 13:45:02 +07:00","url":"/api/v1/auth/login"}
{"ip":"::1","level":"warn","message":{"errors":[{"field":"","message":"minimal 1 field harus di isi"}]},"method":"PUT","msg":"Gagal Menyimpan, Validasi gagal","timestamp":"2026-03-16 13:45:08 +07:00","url":"/api/v1/users/update/8"}
{"level":"warn","message":{},"msg":"Migrasi table 001_create_users.sql selesai","timestamp":"2026-03-16 13:56:24 +07:00"}
{"level":"warn","message":{},"msg":"Migrasi table 001_create_users.sql selesai","timestamp":"2026-03-16 13:58:00 +07:00"}
{"level":"warn","message":{},"msg":"Migrasi table 001_create_users.sql selesai","timestamp":"2026-03-16 13:59:22 +07:00"}
{"level":"warn","message":{},"msg":"Migrasi table 001_create_users.sql selesai","timestamp":"2026-03-16 14:03:20 +07:00"}
{"level":"warn","message":{},"msg":"Migrasi table 001_create_users.sql selesai","timestamp":"2026-03-16 14:03:52 +07:00"}
{"level":"warn","message":{},"msg":"Migrasi table 001_create_users.sql selesai","timestamp":"2026-03-16 14:05:00 +07:00"}
{"ip":"::1","level":"warn","message":{},"method":"PUT","msg":"Dilarang mengakses halaman ini, authorized only","timestamp":"2026-03-16 14:05:06 +07:00","url":"/api/v1/users/update/8"}
{"ip":"::1","level":"info","message":{},"method":"POST","msg":"Username superadmin telah login","timestamp":"2026-03-16 14:05:11 +07:00","url":"/api/v1/auth/login"}
{"ip":"::1","level":"warn","message":{},"method":"GET","msg":"username andri ditemukan","timestamp":"2026-03-16 14:05:15 +07:00","url":"/api/v1/users/view/8"}
{"ip":"::1","level":"warn","message":{},"method":"PUT","msg":"perubahan role hanya boleh operator ,super-admin","timestamp":"2026-03-16 14:05:41 +07:00","url":"/api/v1/users/update/8"}
{"ip":"::1","level":"info","message":{},"method":"GET","msg":"Data session superadmin berhasil di ambil","timestamp":"2026-03-16 14:05:49 +07:00","url":"/api/v1/auth/"}
{"ip":"::1","level":"info","message":{},"method":"GET","msg":"Data session superadmin berhasil di ambil","timestamp":"2026-03-16 14:06:40 +07:00","url":"/api/v1/auth/"}
{"ip":"::1","level":"warn","message":{},"method":"PUT","msg":"perubahan role hanya boleh operator ,super-admin","timestamp":"2026-03-16 14:06:57 +07:00","url":"/api/v1/users/update/8"}
{"level":"warn","message":{},"msg":"Migrasi table 001_create_users.sql selesai","timestamp":"2026-03-16 14:07:19 +07:00"}
{"level":"warn","message":{},"msg":"Migrasi table 001_create_users.sql selesai","timestamp":"2026-03-16 14:08:16 +07:00"}
{"ip":"::1","level":"info","message":{},"method":"PUT","msg":"Data user berhasil di update","timestamp":"2026-03-16 14:08:20 +07:00","url":"/api/v1/users/update/8"}
{"ip":"::1","level":"info","message":{},"method":"PUT","msg":"Data user berhasil di update","timestamp":"2026-03-16 14:08:53 +07:00","url":"/api/v1/users/update/8"}
{"ip":"::1","level":"info","message":{},"method":"PUT","msg":"Data user berhasil di update","timestamp":"2026-03-16 14:09:25 +07:00","url":"/api/v1/users/update/8"}
{"ip":"::1","level":"info","message":{},"method":"PUT","msg":"Data user berhasil di update","timestamp":"2026-03-16 14:09:38 +07:00","url":"/api/v1/users/update/8"}
{"ip":"::1","level":"info","message":{},"method":"PUT","msg":"Data user berhasil di update","timestamp":"2026-03-16 14:09:40 +07:00","url":"/api/v1/users/update/8"}
{"ip":"::1","level":"info","message":{},"method":"PUT","msg":"Data user berhasil di update","timestamp":"2026-03-16 14:09:45 +07:00","url":"/api/v1/users/update/8"}
{"ip":"::1","level":"info","message":{},"method":"PUT","msg":"Data user berhasil di update","timestamp":"2026-03-16 14:09:58 +07:00","url":"/api/v1/users/update/8"}
{"ip":"::1","level":"info","message":{},"method":"PUT","msg":"Data user berhasil di update","timestamp":"2026-03-16 14:10:43 +07:00","url":"/api/v1/users/update/8"}
{"ip":"::1","level":"info","message":{},"method":"PUT","msg":"Data user berhasil di update","timestamp":"2026-03-16 14:10:48 +07:00","url":"/api/v1/users/update/8"}
{"level":"warn","message":{},"msg":"Migrasi table 001_create_users.sql selesai","timestamp":"2026-03-16 14:24:32 +07:00"}
{"ip":"::1","level":"warn","message":{"errors":[{"field":"","message":"Field tidak di kenal : nama_lengkapa"}]},"method":"PUT","msg":"Gagal Menyimpan, Validasi gagal","timestamp":"2026-03-16 14:24:38 +07:00","url":"/api/v1/users/update/8"}
{"level":"warn","message":{},"msg":"Migrasi table 001_create_users.sql selesai","timestamp":"2026-03-16 14:24:48 +07:00"}
{"ip":"::1","level":"info","message":{},"method":"PUT","msg":"Data user berhasil di update","timestamp":"2026-03-16 14:24:58 +07:00","url":"/api/v1/users/update/8"}
{"level":"warn","message":{},"msg":"Migrasi table 001_create_users.sql selesai","timestamp":"2026-03-16 14:25:02 +07:00"}
