{"level":"warn","message":{},"msg":"Migrasi table 001_create_users.sql selesai","timestamp":"2026-04-14 11:44:48 +07:00"}
{"level":"warn","message":{},"msg":"Migrasi table 002_create_audit_log.sql selesai","timestamp":"2026-04-14 11:44:48 +07:00"}
{"level":"warn","message":{},"msg":"Migrasi table 003_create_kunjungan_nsb.sql selesai","timestamp":"2026-04-14 11:44:48 +07:00"}
{"ip":"::1","level":"warn","message":{},"method":"GET","msg":"Dilarang mengakses halaman ini, authorized only","timestamp":"2026-04-14 11:45:38 +07:00","url":"/api/v1/kunjungan/"}
{"level":"warn","message":{},"msg":"Migrasi table 001_create_users.sql selesai","timestamp":"2026-04-14 11:45:51 +07:00"}
{"level":"warn","message":{},"msg":"Migrasi table 002_create_audit_log.sql selesai","timestamp":"2026-04-14 11:45:51 +07:00"}
{"level":"warn","message":{},"msg":"Migrasi table 003_create_kunjungan_nsb.sql selesai","timestamp":"2026-04-14 11:45:51 +07:00"}
{"ip":"::1","level":"error","message":"status_kode is not defined","method":"GET","msg":"Internal Server Eror, Hubungi Vendor!!","timestamp":"2026-04-14 11:45:53 +07:00","url":"/api/v1/kunjungan/"}
{"level":"warn","message":{},"msg":"Migrasi table 001_create_users.sql selesai","timestamp":"2026-04-14 11:46:33 +07:00"}
{"level":"warn","message":{},"msg":"Migrasi table 002_create_audit_log.sql selesai","timestamp":"2026-04-14 11:46:33 +07:00"}
{"level":"warn","message":{},"msg":"Migrasi table 003_create_kunjungan_nsb.sql selesai","timestamp":"2026-04-14 11:46:33 +07:00"}
{"level":"warn","message":{},"msg":"Migrasi table 001_create_users.sql selesai","timestamp":"2026-04-14 12:05:20 +07:00"}
{"level":"warn","message":{},"msg":"Migrasi table 002_create_audit_log.sql selesai","timestamp":"2026-04-14 12:05:20 +07:00"}
{"level":"warn","message":{},"msg":"Migrasi table 003_create_kunjungan_nsb.sql selesai","timestamp":"2026-04-14 12:05:20 +07:00"}
{"level":"warn","message":{},"msg":"Migrasi table 001_create_users.sql selesai","timestamp":"2026-04-14 12:05:20 +07:00"}
{"level":"warn","message":{},"msg":"Migrasi table 002_create_audit_log.sql selesai","timestamp":"2026-04-14 12:05:20 +07:00"}
{"level":"warn","message":{},"msg":"Migrasi table 003_create_kunjungan_nsb.sql selesai","timestamp":"2026-04-14 12:05:20 +07:00"}
{"level":"warn","message":{},"msg":"Migrasi table 001_create_users.sql selesai","timestamp":"2026-04-14 12:05:49 +07:00"}
{"level":"warn","message":{},"msg":"Migrasi table 002_create_audit_log.sql selesai","timestamp":"2026-04-14 12:05:49 +07:00"}
{"level":"warn","message":{},"msg":"Migrasi table 003_create_kunjungan_nsb.sql selesai","timestamp":"2026-04-14 12:05:49 +07:00"}
{"level":"warn","message":{},"msg":"Migrasi table 001_create_users.sql selesai","timestamp":"2026-04-14 12:05:51 +07:00"}
{"level":"warn","message":{},"msg":"Migrasi table 002_create_audit_log.sql selesai","timestamp":"2026-04-14 12:05:51 +07:00"}
{"level":"warn","message":{},"msg":"Migrasi table 003_create_kunjungan_nsb.sql selesai","timestamp":"2026-04-14 12:05:51 +07:00"}
{"level":"warn","message":{},"msg":"Migrasi table 001_create_users.sql selesai","timestamp":"2026-04-14 12:07:50 +07:00"}
{"level":"warn","message":{},"msg":"Migrasi table 002_create_audit_log.sql selesai","timestamp":"2026-04-14 12:07:50 +07:00"}
{"level":"warn","message":{},"msg":"Migrasi table 003_create_kunjungan_nsb.sql selesai","timestamp":"2026-04-14 12:07:50 +07:00"}
{"level":"warn","message":{},"msg":"Migrasi table 001_create_users.sql selesai","timestamp":"2026-04-14 12:09:40 +07:00"}
{"level":"warn","message":{},"msg":"Migrasi table 002_create_audit_log.sql selesai","timestamp":"2026-04-14 12:09:40 +07:00"}
{"level":"warn","message":{},"msg":"Migrasi table 003_create_kunjungan_nsb.sql selesai","timestamp":"2026-04-14 12:09:40 +07:00"}
{"level":"warn","message":{},"msg":"Migrasi table 001_create_users.sql selesai","timestamp":"2026-04-14 12:10:08 +07:00"}
{"level":"warn","message":{},"msg":"Migrasi table 002_create_audit_log.sql selesai","timestamp":"2026-04-14 12:10:08 +07:00"}
{"level":"warn","message":{},"msg":"Migrasi table 003_create_kunjungan_nsb.sql selesai","timestamp":"2026-04-14 12:10:08 +07:00"}
{"level":"warn","message":{},"msg":"Migrasi table 001_create_users.sql selesai","timestamp":"2026-04-14 12:10:26 +07:00"}
{"level":"warn","message":{},"msg":"Migrasi table 002_create_audit_log.sql selesai","timestamp":"2026-04-14 12:10:26 +07:00"}
{"level":"warn","message":{},"msg":"Migrasi table 003_create_kunjungan_nsb.sql selesai","timestamp":"2026-04-14 12:10:26 +07:00"}
{"level":"warn","message":{},"msg":"Migrasi table 001_create_users.sql selesai","timestamp":"2026-04-14 12:10:34 +07:00"}
{"level":"warn","message":{},"msg":"Migrasi table 002_create_audit_log.sql selesai","timestamp":"2026-04-14 12:10:34 +07:00"}
{"level":"warn","message":{},"msg":"Migrasi table 003_create_kunjungan_nsb.sql selesai","timestamp":"2026-04-14 12:10:34 +07:00"}
{"level":"warn","message":{},"msg":"Migrasi table 001_create_users.sql selesai","timestamp":"2026-04-14 12:10:59 +07:00"}
{"level":"warn","message":{},"msg":"Migrasi table 002_create_audit_log.sql selesai","timestamp":"2026-04-14 12:10:59 +07:00"}
{"level":"warn","message":{},"msg":"Migrasi table 003_create_kunjungan_nsb.sql selesai","timestamp":"2026-04-14 12:10:59 +07:00"}
{"level":"warn","message":{},"msg":"Migrasi table 001_create_users.sql selesai","timestamp":"2026-04-14 13:53:41 +07:00"}
{"level":"warn","message":{},"msg":"Migrasi table 002_create_audit_log.sql selesai","timestamp":"2026-04-14 13:53:41 +07:00"}
{"level":"warn","message":{},"msg":"Migrasi table 003_create_kunjungan_nsb.sql selesai","timestamp":"2026-04-14 13:53:41 +07:00"}
{"level":"warn","message":{},"msg":"Migrasi table 001_create_users.sql selesai","timestamp":"2026-04-14 13:57:03 +07:00"}
{"level":"warn","message":{},"msg":"Migrasi table 002_create_audit_log.sql selesai","timestamp":"2026-04-14 13:57:03 +07:00"}
{"level":"warn","message":{},"msg":"Migrasi table 003_create_kunjungan_nsb.sql selesai","timestamp":"2026-04-14 13:57:03 +07:00"}
{"level":"warn","message":{},"msg":"Migrasi table 001_create_users.sql selesai","timestamp":"2026-04-14 13:58:48 +07:00"}
{"level":"warn","message":{},"msg":"Migrasi table 002_create_audit_log.sql selesai","timestamp":"2026-04-14 13:58:48 +07:00"}
{"level":"warn","message":{},"msg":"Migrasi table 003_create_kunjungan_nsb.sql selesai","timestamp":"2026-04-14 13:58:48 +07:00"}
{"level":"warn","message":{},"msg":"Migrasi table 001_create_users.sql selesai","timestamp":"2026-04-14 14:01:28 +07:00"}
{"level":"warn","message":{},"msg":"Migrasi table 002_create_audit_log.sql selesai","timestamp":"2026-04-14 14:01:28 +07:00"}
{"level":"warn","message":{},"msg":"Migrasi table 003_create_kunjungan_nsb.sql selesai","timestamp":"2026-04-14 14:01:28 +07:00"}
{"level":"warn","message":{},"msg":"Migrasi table 001_create_users.sql selesai","timestamp":"2026-04-14 14:01:39 +07:00"}
{"level":"warn","message":{},"msg":"Migrasi table 002_create_audit_log.sql selesai","timestamp":"2026-04-14 14:01:39 +07:00"}
{"level":"warn","message":{},"msg":"Migrasi table 003_create_kunjungan_nsb.sql selesai","timestamp":"2026-04-14 14:01:39 +07:00"}
{"level":"warn","message":{},"msg":"Migrasi table 001_create_users.sql selesai","timestamp":"2026-04-14 14:02:04 +07:00"}
{"level":"warn","message":{},"msg":"Migrasi table 002_create_audit_log.sql selesai","timestamp":"2026-04-14 14:02:04 +07:00"}
{"level":"warn","message":{},"msg":"Migrasi table 003_create_kunjungan_nsb.sql selesai","timestamp":"2026-04-14 14:02:04 +07:00"}
{"level":"warn","message":{},"msg":"Migrasi table 001_create_users.sql selesai","timestamp":"2026-04-14 14:03:31 +07:00"}
{"level":"warn","message":{},"msg":"Migrasi table 001_create_users.sql selesai","timestamp":"2026-04-14 14:03:32 +07:00"}
{"level":"warn","message":{},"msg":"Migrasi table 002_create_audit_log.sql selesai","timestamp":"2026-04-14 14:03:32 +07:00"}
{"level":"warn","message":{},"msg":"Migrasi table 003_create_kunjungan_nsb.sql selesai","timestamp":"2026-04-14 14:03:32 +07:00"}
{"level":"warn","message":{},"msg":"Migrasi table 001_create_users.sql selesai","timestamp":"2026-04-14 14:04:13 +07:00"}
{"level":"warn","message":{},"msg":"Migrasi table 002_create_audit_log.sql selesai","timestamp":"2026-04-14 14:04:13 +07:00"}
{"level":"warn","message":{},"msg":"Migrasi table 003_create_kunjungan_nsb.sql selesai","timestamp":"2026-04-14 14:04:13 +07:00"}
{"level":"warn","message":{},"msg":"Migrasi table 001_create_users.sql selesai","timestamp":"2026-04-14 14:04:55 +07:00"}
{"level":"warn","message":{},"msg":"Migrasi table 002_create_audit_log.sql selesai","timestamp":"2026-04-14 14:04:55 +07:00"}
{"level":"warn","message":{},"msg":"Migrasi table 003_create_kunjungan_nsb.sql selesai","timestamp":"2026-04-14 14:04:55 +07:00"}
{"level":"warn","message":{},"msg":"Migrasi table 001_create_users.sql selesai","timestamp":"2026-04-14 14:04:56 +07:00"}
{"level":"warn","message":{},"msg":"Migrasi table 002_create_audit_log.sql selesai","timestamp":"2026-04-14 14:04:56 +07:00"}
{"level":"warn","message":{},"msg":"Migrasi table 003_create_kunjungan_nsb.sql selesai","timestamp":"2026-04-14 14:04:56 +07:00"}
{"ip":"::1","level":"error","message":"Cannot destructure property 'limit' of 'undefined' as it is undefined.","method":"GET","msg":"Internal Server Eror, Hubungi Vendor!!","timestamp":"2026-04-14 14:05:02 +07:00","url":"/api/v1/kunjungan/"}
{"level":"warn","message":{},"msg":"Migrasi table 001_create_users.sql selesai","timestamp":"2026-04-14 14:06:49 +07:00"}
{"level":"warn","message":{},"msg":"Migrasi table 002_create_audit_log.sql selesai","timestamp":"2026-04-14 14:06:49 +07:00"}
{"level":"warn","message":{},"msg":"Migrasi table 003_create_kunjungan_nsb.sql selesai","timestamp":"2026-04-14 14:06:49 +07:00"}
{"level":"warn","message":{},"msg":"Migrasi table 001_create_users.sql selesai","timestamp":"2026-04-14 14:07:14 +07:00"}
{"level":"warn","message":{},"msg":"Migrasi table 002_create_audit_log.sql selesai","timestamp":"2026-04-14 14:07:14 +07:00"}
{"level":"warn","message":{},"msg":"Migrasi table 003_create_kunjungan_nsb.sql selesai","timestamp":"2026-04-14 14:07:14 +07:00"}
{"level":"warn","message":{},"msg":"Migrasi table 001_create_users.sql selesai","timestamp":"2026-04-14 14:09:40 +07:00"}
{"level":"warn","message":{},"msg":"Migrasi table 002_create_audit_log.sql selesai","timestamp":"2026-04-14 14:09:40 +07:00"}
{"level":"warn","message":{},"msg":"Migrasi table 003_create_kunjungan_nsb.sql selesai","timestamp":"2026-04-14 14:09:40 +07:00"}
{"level":"warn","message":{},"msg":"Migrasi table 001_create_users.sql selesai","timestamp":"2026-04-14 14:11:46 +07:00"}
{"level":"warn","message":{},"msg":"Migrasi table 002_create_audit_log.sql selesai","timestamp":"2026-04-14 14:11:46 +07:00"}
{"level":"warn","message":{},"msg":"Migrasi table 003_create_kunjungan_nsb.sql selesai","timestamp":"2026-04-14 14:11:46 +07:00"}
{"level":"warn","message":{},"msg":"Migrasi table 001_create_users.sql selesai","timestamp":"2026-04-14 14:12:00 +07:00"}
{"level":"warn","message":{},"msg":"Migrasi table 002_create_audit_log.sql selesai","timestamp":"2026-04-14 14:12:00 +07:00"}
{"level":"warn","message":{},"msg":"Migrasi table 003_create_kunjungan_nsb.sql selesai","timestamp":"2026-04-14 14:12:00 +07:00"}
{"level":"warn","message":{},"msg":"Migrasi table 001_create_users.sql selesai","timestamp":"2026-04-14 14:12:45 +07:00"}
{"level":"warn","message":{},"msg":"Migrasi table 002_create_audit_log.sql selesai","timestamp":"2026-04-14 14:12:45 +07:00"}
{"level":"warn","message":{},"msg":"Migrasi table 003_create_kunjungan_nsb.sql selesai","timestamp":"2026-04-14 14:12:45 +07:00"}
{"level":"warn","message":{},"msg":"Migrasi table 001_create_users.sql selesai","timestamp":"2026-04-14 14:15:26 +07:00"}
{"level":"warn","message":{},"msg":"Migrasi table 002_create_audit_log.sql selesai","timestamp":"2026-04-14 14:15:26 +07:00"}
{"level":"warn","message":{},"msg":"Migrasi table 003_create_kunjungan_nsb.sql selesai","timestamp":"2026-04-14 14:15:26 +07:00"}
{"level":"warn","message":{},"msg":"Migrasi table 001_create_users.sql selesai","timestamp":"2026-04-14 14:16:16 +07:00"}
{"level":"warn","message":{},"msg":"Migrasi table 002_create_audit_log.sql selesai","timestamp":"2026-04-14 14:16:16 +07:00"}
{"level":"warn","message":{},"msg":"Migrasi table 003_create_kunjungan_nsb.sql selesai","timestamp":"2026-04-14 14:16:16 +07:00"}
{"level":"warn","message":{},"msg":"Migrasi table 001_create_users.sql selesai","timestamp":"2026-04-14 14:17:11 +07:00"}
{"level":"warn","message":{},"msg":"Migrasi table 002_create_audit_log.sql selesai","timestamp":"2026-04-14 14:17:11 +07:00"}
{"level":"warn","message":{},"msg":"Migrasi table 003_create_kunjungan_nsb.sql selesai","timestamp":"2026-04-14 14:17:11 +07:00"}
{"level":"warn","message":{},"msg":"Migrasi table 001_create_users.sql selesai","timestamp":"2026-04-14 14:17:12 +07:00"}
{"level":"warn","message":{},"msg":"Migrasi table 002_create_audit_log.sql selesai","timestamp":"2026-04-14 14:17:12 +07:00"}
{"level":"warn","message":{},"msg":"Migrasi table 003_create_kunjungan_nsb.sql selesai","timestamp":"2026-04-14 14:17:12 +07:00"}
{"level":"warn","message":{},"msg":"Migrasi table 001_create_users.sql selesai","timestamp":"2026-04-14 14:17:20 +07:00"}
{"level":"warn","message":{},"msg":"Migrasi table 002_create_audit_log.sql selesai","timestamp":"2026-04-14 14:17:20 +07:00"}
{"level":"warn","message":{},"msg":"Migrasi table 003_create_kunjungan_nsb.sql selesai","timestamp":"2026-04-14 14:17:20 +07:00"}
{"level":"warn","message":{},"msg":"Migrasi table 001_create_users.sql selesai","timestamp":"2026-04-14 14:18:01 +07:00"}
{"level":"warn","message":{},"msg":"Migrasi table 002_create_audit_log.sql selesai","timestamp":"2026-04-14 14:18:01 +07:00"}
{"level":"warn","message":{},"msg":"Migrasi table 003_create_kunjungan_nsb.sql selesai","timestamp":"2026-04-14 14:18:01 +07:00"}
{"level":"warn","message":{},"msg":"Migrasi table 001_create_users.sql selesai","timestamp":"2026-04-14 14:18:12 +07:00"}
{"level":"warn","message":{},"msg":"Migrasi table 002_create_audit_log.sql selesai","timestamp":"2026-04-14 14:18:13 +07:00"}
{"level":"warn","message":{},"msg":"Migrasi table 003_create_kunjungan_nsb.sql selesai","timestamp":"2026-04-14 14:18:13 +07:00"}
{"level":"warn","message":{},"msg":"Migrasi table 001_create_users.sql selesai","timestamp":"2026-04-14 14:18:32 +07:00"}
{"level":"warn","message":{},"msg":"Migrasi table 002_create_audit_log.sql selesai","timestamp":"2026-04-14 14:18:32 +07:00"}
{"level":"warn","message":{},"msg":"Migrasi table 003_create_kunjungan_nsb.sql selesai","timestamp":"2026-04-14 14:18:32 +07:00"}
{"level":"warn","message":{},"msg":"Migrasi table 001_create_users.sql selesai","timestamp":"2026-04-14 14:18:37 +07:00"}
{"level":"warn","message":{},"msg":"Migrasi table 002_create_audit_log.sql selesai","timestamp":"2026-04-14 14:18:37 +07:00"}
{"level":"warn","message":{},"msg":"Migrasi table 003_create_kunjungan_nsb.sql selesai","timestamp":"2026-04-14 14:18:37 +07:00"}
{"ip":"::1","level":"error","message":"limit is not defined","method":"GET","msg":"Internal Server Eror, Hubungi Vendor!!","timestamp":"2026-04-14 14:18:42 +07:00","url":"/api/v1/kunjungan/"}
{"level":"warn","message":{},"msg":"Migrasi table 001_create_users.sql selesai","timestamp":"2026-04-14 14:18:57 +07:00"}
{"level":"warn","message":{},"msg":"Migrasi table 002_create_audit_log.sql selesai","timestamp":"2026-04-14 14:18:57 +07:00"}
{"level":"warn","message":{},"msg":"Migrasi table 003_create_kunjungan_nsb.sql selesai","timestamp":"2026-04-14 14:18:57 +07:00"}
{"ip":"::1","level":"error","message":"ao_user_id is not defined","method":"GET","msg":"Internal Server Eror, Hubungi Vendor!!","timestamp":"2026-04-14 14:18:59 +07:00","url":"/api/v1/kunjungan/"}
{"ip":"::1","level":"error","message":"ao_user_id is not defined","method":"GET","msg":"Internal Server Eror, Hubungi Vendor!!","timestamp":"2026-04-14 14:24:20 +07:00","url":"/api/v1/kunjungan/"}
{"level":"warn","message":{},"msg":"Migrasi table 001_create_users.sql selesai","timestamp":"2026-04-14 14:24:41 +07:00"}
{"level":"warn","message":{},"msg":"Migrasi table 002_create_audit_log.sql selesai","timestamp":"2026-04-14 14:24:41 +07:00"}
{"level":"warn","message":{},"msg":"Migrasi table 003_create_kunjungan_nsb.sql selesai","timestamp":"2026-04-14 14:24:41 +07:00"}
{"ip":"::1","level":"error","message":"ao_username is not defined","method":"GET","msg":"Internal Server Eror, Hubungi Vendor!!","timestamp":"2026-04-14 14:24:44 +07:00","url":"/api/v1/kunjungan/"}
{"level":"warn","message":{},"msg":"Migrasi table 001_create_users.sql selesai","timestamp":"2026-04-14 14:25:33 +07:00"}
{"level":"warn","message":{},"msg":"Migrasi table 002_create_audit_log.sql selesai","timestamp":"2026-04-14 14:25:33 +07:00"}
{"level":"warn","message":{},"msg":"Migrasi table 003_create_kunjungan_nsb.sql selesai","timestamp":"2026-04-14 14:25:33 +07:00"}
{"level":"warn","message":{},"msg":"Migrasi table 001_create_users.sql selesai","timestamp":"2026-04-14 14:26:03 +07:00"}
{"level":"warn","message":{},"msg":"Migrasi table 002_create_audit_log.sql selesai","timestamp":"2026-04-14 14:26:03 +07:00"}
{"level":"warn","message":{},"msg":"Migrasi table 003_create_kunjungan_nsb.sql selesai","timestamp":"2026-04-14 14:26:03 +07:00"}
{"level":"warn","message":{},"msg":"Migrasi table 001_create_users.sql selesai","timestamp":"2026-04-14 14:27:04 +07:00"}
{"level":"warn","message":{},"msg":"Migrasi table 002_create_audit_log.sql selesai","timestamp":"2026-04-14 14:27:04 +07:00"}
{"level":"warn","message":{},"msg":"Migrasi table 003_create_kunjungan_nsb.sql selesai","timestamp":"2026-04-14 14:27:04 +07:00"}
{"ip":"::1","level":"error","message":"rows is not defined","method":"GET","msg":"Internal Server Eror, Hubungi Vendor!!","timestamp":"2026-04-14 14:27:06 +07:00","url":"/api/v1/kunjungan/"}
{"level":"warn","message":{},"msg":"Migrasi table 001_create_users.sql selesai","timestamp":"2026-04-14 14:27:20 +07:00"}
{"level":"warn","message":{},"msg":"Migrasi table 002_create_audit_log.sql selesai","timestamp":"2026-04-14 14:27:20 +07:00"}
{"level":"warn","message":{},"msg":"Migrasi table 003_create_kunjungan_nsb.sql selesai","timestamp":"2026-04-14 14:27:20 +07:00"}
{"ip":"::1","level":"error","message":"rows is not defined","method":"GET","msg":"Internal Server Eror, Hubungi Vendor!!","timestamp":"2026-04-14 14:27:22 +07:00","url":"/api/v1/kunjungan/"}
{"level":"warn","message":{},"msg":"Migrasi table 001_create_users.sql selesai","timestamp":"2026-04-14 14:28:17 +07:00"}
{"level":"warn","message":{},"msg":"Migrasi table 002_create_audit_log.sql selesai","timestamp":"2026-04-14 14:28:17 +07:00"}
{"level":"warn","message":{},"msg":"Migrasi table 003_create_kunjungan_nsb.sql selesai","timestamp":"2026-04-14 14:28:17 +07:00"}
{"level":"warn","message":{},"msg":"Migrasi table 001_create_users.sql selesai","timestamp":"2026-04-14 14:28:26 +07:00"}
{"level":"warn","message":{},"msg":"Migrasi table 002_create_audit_log.sql selesai","timestamp":"2026-04-14 14:28:26 +07:00"}
{"level":"warn","message":{},"msg":"Migrasi table 003_create_kunjungan_nsb.sql selesai","timestamp":"2026-04-14 14:28:26 +07:00"}
{"level":"warn","message":{},"msg":"Migrasi table 001_create_users.sql selesai","timestamp":"2026-04-14 14:28:42 +07:00"}
{"level":"warn","message":{},"msg":"Migrasi table 002_create_audit_log.sql selesai","timestamp":"2026-04-14 14:28:42 +07:00"}
{"level":"warn","message":{},"msg":"Migrasi table 003_create_kunjungan_nsb.sql selesai","timestamp":"2026-04-14 14:28:42 +07:00"}
{"level":"warn","message":{},"msg":"Migrasi table 001_create_users.sql selesai","timestamp":"2026-04-14 14:29:37 +07:00"}
{"level":"warn","message":{},"msg":"Migrasi table 002_create_audit_log.sql selesai","timestamp":"2026-04-14 14:29:37 +07:00"}
{"level":"warn","message":{},"msg":"Migrasi table 003_create_kunjungan_nsb.sql selesai","timestamp":"2026-04-14 14:29:37 +07:00"}
{"level":"warn","message":{},"msg":"Migrasi table 001_create_users.sql selesai","timestamp":"2026-04-14 15:00:44 +07:00"}
{"level":"warn","message":{},"msg":"Migrasi table 002_create_audit_log.sql selesai","timestamp":"2026-04-14 15:00:44 +07:00"}
{"level":"warn","message":{},"msg":"Migrasi table 003_create_kunjungan_nsb.sql selesai","timestamp":"2026-04-14 15:00:44 +07:00"}
{"level":"warn","message":{},"msg":"Migrasi table 001_create_users.sql selesai","timestamp":"2026-04-14 15:00:51 +07:00"}
{"level":"warn","message":{},"msg":"Migrasi table 002_create_audit_log.sql selesai","timestamp":"2026-04-14 15:00:51 +07:00"}
{"level":"warn","message":{},"msg":"Migrasi table 003_create_kunjungan_nsb.sql selesai","timestamp":"2026-04-14 15:00:51 +07:00"}
{"level":"warn","message":{},"msg":"Migrasi table 001_create_users.sql selesai","timestamp":"2026-04-14 15:02:20 +07:00"}
{"level":"warn","message":{},"msg":"Migrasi table 002_create_audit_log.sql selesai","timestamp":"2026-04-14 15:02:20 +07:00"}
{"level":"warn","message":{},"msg":"Migrasi table 003_create_kunjungan_nsb.sql selesai","timestamp":"2026-04-14 15:02:20 +07:00"}
{"level":"warn","message":{},"msg":"Migrasi table 001_create_users.sql selesai","timestamp":"2026-04-14 15:02:38 +07:00"}
{"level":"warn","message":{},"msg":"Migrasi table 002_create_audit_log.sql selesai","timestamp":"2026-04-14 15:02:38 +07:00"}
{"level":"warn","message":{},"msg":"Migrasi table 003_create_kunjungan_nsb.sql selesai","timestamp":"2026-04-14 15:02:38 +07:00"}
{"level":"warn","message":{},"msg":"Migrasi table 001_create_users.sql selesai","timestamp":"2026-04-14 15:02:51 +07:00"}
{"level":"warn","message":{},"msg":"Migrasi table 002_create_audit_log.sql selesai","timestamp":"2026-04-14 15:02:51 +07:00"}
{"level":"warn","message":{},"msg":"Migrasi table 003_create_kunjungan_nsb.sql selesai","timestamp":"2026-04-14 15:02:51 +07:00"}
{"level":"warn","message":{},"msg":"Migrasi table 001_create_users.sql selesai","timestamp":"2026-04-14 15:06:26 +07:00"}
{"level":"warn","message":{},"msg":"Migrasi table 002_create_audit_log.sql selesai","timestamp":"2026-04-14 15:06:26 +07:00"}
{"level":"warn","message":{},"msg":"Migrasi table 003_create_kunjungan_nsb.sql selesai","timestamp":"2026-04-14 15:06:26 +07:00"}
{"level":"warn","message":{},"msg":"Migrasi table 001_create_users.sql selesai","timestamp":"2026-04-14 15:06:30 +07:00"}
{"level":"warn","message":{},"msg":"Migrasi table 002_create_audit_log.sql selesai","timestamp":"2026-04-14 15:06:30 +07:00"}
{"level":"warn","message":{},"msg":"Migrasi table 003_create_kunjungan_nsb.sql selesai","timestamp":"2026-04-14 15:06:30 +07:00"}
{"level":"warn","message":{},"msg":"Migrasi table 001_create_users.sql selesai","timestamp":"2026-04-14 15:06:42 +07:00"}
{"level":"warn","message":{},"msg":"Migrasi table 002_create_audit_log.sql selesai","timestamp":"2026-04-14 15:06:42 +07:00"}
{"level":"warn","message":{},"msg":"Migrasi table 003_create_kunjungan_nsb.sql selesai","timestamp":"2026-04-14 15:06:42 +07:00"}
{"level":"warn","message":{},"msg":"Migrasi table 001_create_users.sql selesai","timestamp":"2026-04-14 15:09:41 +07:00"}
{"level":"warn","message":{},"msg":"Migrasi table 002_create_audit_log.sql selesai","timestamp":"2026-04-14 15:09:41 +07:00"}
{"level":"warn","message":{},"msg":"Migrasi table 003_create_kunjungan_nsb.sql selesai","timestamp":"2026-04-14 15:09:41 +07:00"}
{"level":"warn","message":{},"msg":"Migrasi table 001_create_users.sql selesai","timestamp":"2026-04-14 15:09:42 +07:00"}
{"level":"warn","message":{},"msg":"Migrasi table 002_create_audit_log.sql selesai","timestamp":"2026-04-14 15:09:42 +07:00"}
{"level":"warn","message":{},"msg":"Migrasi table 003_create_kunjungan_nsb.sql selesai","timestamp":"2026-04-14 15:09:42 +07:00"}
{"level":"warn","message":{},"msg":"Migrasi table 001_create_users.sql selesai","timestamp":"2026-04-14 15:10:20 +07:00"}
{"level":"warn","message":{},"msg":"Migrasi table 002_create_audit_log.sql selesai","timestamp":"2026-04-14 15:10:20 +07:00"}
{"level":"warn","message":{},"msg":"Migrasi table 003_create_kunjungan_nsb.sql selesai","timestamp":"2026-04-14 15:10:20 +07:00"}
{"level":"warn","message":{},"msg":"Migrasi table 001_create_users.sql selesai","timestamp":"2026-04-14 15:11:09 +07:00"}
{"level":"warn","message":{},"msg":"Migrasi table 002_create_audit_log.sql selesai","timestamp":"2026-04-14 15:11:09 +07:00"}
{"level":"warn","message":{},"msg":"Migrasi table 003_create_kunjungan_nsb.sql selesai","timestamp":"2026-04-14 15:11:09 +07:00"}
{"level":"warn","message":{},"msg":"Migrasi table 001_create_users.sql selesai","timestamp":"2026-04-14 15:16:57 +07:00"}
{"level":"warn","message":{},"msg":"Migrasi table 002_create_audit_log.sql selesai","timestamp":"2026-04-14 15:16:57 +07:00"}
{"level":"warn","message":{},"msg":"Migrasi table 001_create_users.sql selesai","timestamp":"2026-04-14 15:17:11 +07:00"}
{"level":"warn","message":{},"msg":"Migrasi table 002_create_audit_log.sql selesai","timestamp":"2026-04-14 15:17:11 +07:00"}
{"level":"warn","message":{},"msg":"Migrasi table 003_create_kunjungan_nsb.sql selesai","timestamp":"2026-04-14 15:17:11 +07:00"}
{"level":"warn","message":{},"msg":"Migrasi table 001_create_users.sql selesai","timestamp":"2026-04-14 15:22:07 +07:00"}
{"level":"warn","message":{},"msg":"Migrasi table 002_create_audit_log.sql selesai","timestamp":"2026-04-14 15:22:07 +07:00"}
{"level":"warn","message":{},"msg":"Migrasi table 003_create_kunjungan_nsb.sql selesai","timestamp":"2026-04-14 15:22:07 +07:00"}
{"level":"warn","message":{},"msg":"Migrasi table 001_create_users.sql selesai","timestamp":"2026-04-14 15:22:11 +07:00"}
{"level":"warn","message":{},"msg":"Migrasi table 002_create_audit_log.sql selesai","timestamp":"2026-04-14 15:22:11 +07:00"}
{"level":"warn","message":{},"msg":"Migrasi table 003_create_kunjungan_nsb.sql selesai","timestamp":"2026-04-14 15:22:11 +07:00"}
{"level":"warn","message":{},"msg":"Migrasi table 001_create_users.sql selesai","timestamp":"2026-04-14 15:22:34 +07:00"}
{"level":"warn","message":{},"msg":"Migrasi table 002_create_audit_log.sql selesai","timestamp":"2026-04-14 15:22:34 +07:00"}
{"level":"warn","message":{},"msg":"Migrasi table 003_create_kunjungan_nsb.sql selesai","timestamp":"2026-04-14 15:22:34 +07:00"}
{"level":"warn","message":{},"msg":"Migrasi table 001_create_users.sql selesai","timestamp":"2026-04-14 15:22:48 +07:00"}
{"level":"warn","message":{},"msg":"Migrasi table 002_create_audit_log.sql selesai","timestamp":"2026-04-14 15:22:48 +07:00"}
{"level":"warn","message":{},"msg":"Migrasi table 003_create_kunjungan_nsb.sql selesai","timestamp":"2026-04-14 15:22:48 +07:00"}
{"level":"warn","message":{},"msg":"Migrasi table 001_create_users.sql selesai","timestamp":"2026-04-14 15:23:48 +07:00"}
{"level":"warn","message":{},"msg":"Migrasi table 002_create_audit_log.sql selesai","timestamp":"2026-04-14 15:23:48 +07:00"}
{"level":"warn","message":{},"msg":"Migrasi table 003_create_kunjungan_nsb.sql selesai","timestamp":"2026-04-14 15:23:48 +07:00"}
{"level":"warn","message":{},"msg":"Migrasi table 001_create_users.sql selesai","timestamp":"2026-04-14 15:25:01 +07:00"}
{"level":"warn","message":{},"msg":"Migrasi table 002_create_audit_log.sql selesai","timestamp":"2026-04-14 15:25:01 +07:00"}
{"level":"warn","message":{},"msg":"Migrasi table 003_create_kunjungan_nsb.sql selesai","timestamp":"2026-04-14 15:25:01 +07:00"}
{"level":"warn","message":{},"msg":"Migrasi table 001_create_users.sql selesai","timestamp":"2026-04-14 15:29:57 +07:00"}
{"level":"warn","message":{},"msg":"Migrasi table 002_create_audit_log.sql selesai","timestamp":"2026-04-14 15:29:57 +07:00"}
{"level":"warn","message":{},"msg":"Migrasi table 003_create_kunjungan_nsb.sql selesai","timestamp":"2026-04-14 15:29:57 +07:00"}
{"code":"2201X","file":"nodeLimit.c","ip":"::1","length":91,"level":"error","line":"373","message":"OFFSET must not be negative","method":"GET","msg":"Internal Server Eror, Hubungi Vendor!!","name":"error","routine":"recompute_limits","severity":"ERROR","timestamp":"2026-04-14 15:30:05 +07:00","url":"/api/v1/kunjungan?limit=100&page=0"}
{"code":"2201X","file":"nodeLimit.c","ip":"::1","length":91,"level":"error","line":"373","message":"OFFSET must not be negative","method":"GET","msg":"Internal Server Eror, Hubungi Vendor!!","name":"error","routine":"recompute_limits","severity":"ERROR","timestamp":"2026-04-14 15:30:10 +07:00","url":"/api/v1/kunjungan?limit=100&page=1"}
{"level":"warn","message":{},"msg":"Migrasi table 001_create_users.sql selesai","timestamp":"2026-04-14 15:30:27 +07:00"}
{"level":"warn","message":{},"msg":"Migrasi table 002_create_audit_log.sql selesai","timestamp":"2026-04-14 15:30:27 +07:00"}
{"level":"warn","message":{},"msg":"Migrasi table 003_create_kunjungan_nsb.sql selesai","timestamp":"2026-04-14 15:30:27 +07:00"}
{"level":"warn","message":{},"msg":"Migrasi table 001_create_users.sql selesai","timestamp":"2026-04-14 15:30:50 +07:00"}
{"level":"warn","message":{},"msg":"Migrasi table 002_create_audit_log.sql selesai","timestamp":"2026-04-14 15:30:50 +07:00"}
{"level":"warn","message":{},"msg":"Migrasi table 003_create_kunjungan_nsb.sql selesai","timestamp":"2026-04-14 15:30:50 +07:00"}
{"level":"warn","message":{},"msg":"Migrasi table 001_create_users.sql selesai","timestamp":"2026-04-14 15:33:43 +07:00"}
{"level":"warn","message":{},"msg":"Migrasi table 002_create_audit_log.sql selesai","timestamp":"2026-04-14 15:33:43 +07:00"}
{"level":"warn","message":{},"msg":"Migrasi table 003_create_kunjungan_nsb.sql selesai","timestamp":"2026-04-14 15:33:43 +07:00"}
{"level":"warn","message":{},"msg":"Migrasi table 001_create_users.sql selesai","timestamp":"2026-04-14 15:33:52 +07:00"}
{"level":"warn","message":{},"msg":"Migrasi table 002_create_audit_log.sql selesai","timestamp":"2026-04-14 15:33:52 +07:00"}
{"level":"warn","message":{},"msg":"Migrasi table 003_create_kunjungan_nsb.sql selesai","timestamp":"2026-04-14 15:33:52 +07:00"}
{"level":"warn","message":{},"msg":"Migrasi table 001_create_users.sql selesai","timestamp":"2026-04-14 15:34:29 +07:00"}
{"level":"warn","message":{},"msg":"Migrasi table 002_create_audit_log.sql selesai","timestamp":"2026-04-14 15:34:29 +07:00"}
{"level":"warn","message":{},"msg":"Migrasi table 003_create_kunjungan_nsb.sql selesai","timestamp":"2026-04-14 15:34:29 +07:00"}
{"level":"warn","message":{},"msg":"Migrasi table 001_create_users.sql selesai","timestamp":"2026-04-14 15:35:00 +07:00"}
{"level":"warn","message":{},"msg":"Migrasi table 002_create_audit_log.sql selesai","timestamp":"2026-04-14 15:35:00 +07:00"}
{"level":"warn","message":{},"msg":"Migrasi table 003_create_kunjungan_nsb.sql selesai","timestamp":"2026-04-14 15:35:00 +07:00"}
{"level":"warn","message":{},"msg":"Migrasi table 001_create_users.sql selesai","timestamp":"2026-04-14 15:35:13 +07:00"}
{"level":"warn","message":{},"msg":"Migrasi table 002_create_audit_log.sql selesai","timestamp":"2026-04-14 15:35:13 +07:00"}
{"level":"warn","message":{},"msg":"Migrasi table 003_create_kunjungan_nsb.sql selesai","timestamp":"2026-04-14 15:35:13 +07:00"}
{"level":"warn","message":{},"msg":"Migrasi table 001_create_users.sql selesai","timestamp":"2026-04-14 15:35:41 +07:00"}
{"level":"warn","message":{},"msg":"Migrasi table 002_create_audit_log.sql selesai","timestamp":"2026-04-14 15:35:41 +07:00"}
{"level":"warn","message":{},"msg":"Migrasi table 003_create_kunjungan_nsb.sql selesai","timestamp":"2026-04-14 15:35:41 +07:00"}
{"level":"warn","message":{},"msg":"Migrasi table 001_create_users.sql selesai","timestamp":"2026-04-14 15:41:01 +07:00"}
{"level":"warn","message":{},"msg":"Migrasi table 002_create_audit_log.sql selesai","timestamp":"2026-04-14 15:41:01 +07:00"}
{"level":"warn","message":{},"msg":"Migrasi table 003_create_kunjungan_nsb.sql selesai","timestamp":"2026-04-14 15:41:01 +07:00"}
{"level":"warn","message":{},"msg":"Migrasi table 001_create_users.sql selesai","timestamp":"2026-04-14 15:56:23 +07:00"}
{"level":"warn","message":{},"msg":"Migrasi table 002_create_audit_log.sql selesai","timestamp":"2026-04-14 15:56:23 +07:00"}
{"level":"warn","message":{},"msg":"Migrasi table 003_create_kunjungan_nsb.sql selesai","timestamp":"2026-04-14 15:56:23 +07:00"}
{"level":"warn","message":{},"msg":"Migrasi table 001_create_users.sql selesai","timestamp":"2026-04-14 15:56:25 +07:00"}
{"level":"warn","message":{},"msg":"Migrasi table 002_create_audit_log.sql selesai","timestamp":"2026-04-14 15:56:25 +07:00"}
{"level":"warn","message":{},"msg":"Migrasi table 003_create_kunjungan_nsb.sql selesai","timestamp":"2026-04-14 15:56:25 +07:00"}
{"level":"warn","message":{},"msg":"Migrasi table 001_create_users.sql selesai","timestamp":"2026-04-14 15:56:28 +07:00"}
{"level":"warn","message":{},"msg":"Migrasi table 002_create_audit_log.sql selesai","timestamp":"2026-04-14 15:56:28 +07:00"}
{"level":"warn","message":{},"msg":"Migrasi table 003_create_kunjungan_nsb.sql selesai","timestamp":"2026-04-14 15:56:28 +07:00"}
{"ip":"::1","level":"error","message":"data is not defined","method":"GET","msg":"Internal Server Eror, Hubungi Vendor!!","timestamp":"2026-04-14 15:56:35 +07:00","url":"/api/v1/kunjungan?limit=100&page=0"}
{"level":"warn","message":{},"msg":"Migrasi table 001_create_users.sql selesai","timestamp":"2026-04-14 15:58:01 +07:00"}
{"level":"warn","message":{},"msg":"Migrasi table 002_create_audit_log.sql selesai","timestamp":"2026-04-14 15:58:01 +07:00"}
{"level":"warn","message":{},"msg":"Migrasi table 003_create_kunjungan_nsb.sql selesai","timestamp":"2026-04-14 15:58:01 +07:00"}
{"ip":"::1","level":"error","message":"data is not defined","method":"GET","msg":"Internal Server Eror, Hubungi Vendor!!","timestamp":"2026-04-14 15:58:25 +07:00","url":"/api/v1/kunjungan?limit=100&page=0"}
{"level":"warn","message":{},"msg":"Migrasi table 001_create_users.sql selesai","timestamp":"2026-04-14 15:58:51 +07:00"}
{"level":"warn","message":{},"msg":"Migrasi table 002_create_audit_log.sql selesai","timestamp":"2026-04-14 15:58:51 +07:00"}
{"level":"warn","message":{},"msg":"Migrasi table 003_create_kunjungan_nsb.sql selesai","timestamp":"2026-04-14 15:58:51 +07:00"}
{"ip":"::1","level":"error","message":"data is not defined","method":"GET","msg":"Internal Server Eror, Hubungi Vendor!!","timestamp":"2026-04-14 15:58:54 +07:00","url":"/api/v1/kunjungan?limit=100&page=0"}
{"ip":"::1","level":"error","message":"data is not defined","method":"GET","msg":"Internal Server Eror, Hubungi Vendor!!","timestamp":"2026-04-14 16:00:06 +07:00","url":"/api/v1/kunjungan?limit=100&page=0"}
{"level":"warn","message":{},"msg":"Migrasi table 001_create_users.sql selesai","timestamp":"2026-04-14 16:00:30 +07:00"}
{"level":"warn","message":{},"msg":"Migrasi table 002_create_audit_log.sql selesai","timestamp":"2026-04-14 16:00:30 +07:00"}
{"level":"warn","message":{},"msg":"Migrasi table 003_create_kunjungan_nsb.sql selesai","timestamp":"2026-04-14 16:00:30 +07:00"}
{"ip":"::1","level":"error","message":"data is not defined","method":"GET","msg":"Internal Server Eror, Hubungi Vendor!!","timestamp":"2026-04-14 16:00:33 +07:00","url":"/api/v1/kunjungan?limit=100&page=0"}
{"ip":"::1","level":"error","message":"data is not defined","method":"GET","msg":"Internal Server Eror, Hubungi Vendor!!","timestamp":"2026-04-14 16:01:03 +07:00","url":"/api/v1/kunjungan?limit=100&page=0"}
{"level":"warn","message":{},"msg":"Migrasi table 001_create_users.sql selesai","timestamp":"2026-04-14 16:01:56 +07:00"}
{"level":"warn","message":{},"msg":"Migrasi table 002_create_audit_log.sql selesai","timestamp":"2026-04-14 16:01:57 +07:00"}
{"level":"warn","message":{},"msg":"Migrasi table 003_create_kunjungan_nsb.sql selesai","timestamp":"2026-04-14 16:01:57 +07:00"}
{"level":"warn","message":{},"msg":"Migrasi table 001_create_users.sql selesai","timestamp":"2026-04-14 16:13:28 +07:00"}
{"level":"warn","message":{},"msg":"Migrasi table 002_create_audit_log.sql selesai","timestamp":"2026-04-14 16:13:28 +07:00"}
{"level":"warn","message":{},"msg":"Migrasi table 003_create_kunjungan_nsb.sql selesai","timestamp":"2026-04-14 16:13:28 +07:00"}
{"ip":"::1","level":"error","message":"data is not defined","method":"GET","msg":"Internal Server Eror, Hubungi Vendor!!","timestamp":"2026-04-14 16:13:37 +07:00","url":"/api/v1/kunjungan?limit=100&page=0"}
{"level":"warn","message":{},"msg":"Migrasi table 001_create_users.sql selesai","timestamp":"2026-04-14 16:14:17 +07:00"}
{"level":"warn","message":{},"msg":"Migrasi table 002_create_audit_log.sql selesai","timestamp":"2026-04-14 16:14:17 +07:00"}
{"level":"warn","message":{},"msg":"Migrasi table 003_create_kunjungan_nsb.sql selesai","timestamp":"2026-04-14 16:14:17 +07:00"}
{"level":"warn","message":{},"msg":"Migrasi table 001_create_users.sql selesai","timestamp":"2026-04-14 16:14:25 +07:00"}
{"level":"warn","message":{},"msg":"Migrasi table 002_create_audit_log.sql selesai","timestamp":"2026-04-14 16:14:25 +07:00"}
{"level":"warn","message":{},"msg":"Migrasi table 003_create_kunjungan_nsb.sql selesai","timestamp":"2026-04-14 16:14:25 +07:00"}
{"ip":"::1","level":"error","message":"data is not defined","method":"GET","msg":"Internal Server Eror, Hubungi Vendor!!","timestamp":"2026-04-14 16:14:36 +07:00","url":"/api/v1/kunjungan?limit=100&page=0"}
{"level":"warn","message":{},"msg":"Migrasi table 001_create_users.sql selesai","timestamp":"2026-04-14 16:15:10 +07:00"}
{"level":"warn","message":{},"msg":"Migrasi table 002_create_audit_log.sql selesai","timestamp":"2026-04-14 16:15:10 +07:00"}
{"level":"warn","message":{},"msg":"Migrasi table 003_create_kunjungan_nsb.sql selesai","timestamp":"2026-04-14 16:15:10 +07:00"}
{"ip":"::1","level":"error","message":"data is not defined","method":"GET","msg":"Internal Server Eror, Hubungi Vendor!!","timestamp":"2026-04-14 16:15:14 +07:00","url":"/api/v1/kunjungan?limit=100&page=0"}
{"level":"warn","message":{},"msg":"Migrasi table 001_create_users.sql selesai","timestamp":"2026-04-14 16:15:23 +07:00"}
{"level":"warn","message":{},"msg":"Migrasi table 002_create_audit_log.sql selesai","timestamp":"2026-04-14 16:15:23 +07:00"}
{"level":"warn","message":{},"msg":"Migrasi table 003_create_kunjungan_nsb.sql selesai","timestamp":"2026-04-14 16:15:23 +07:00"}
{"ip":"::1","level":"error","message":"data is not defined","method":"GET","msg":"Internal Server Eror, Hubungi Vendor!!","timestamp":"2026-04-14 16:15:25 +07:00","url":"/api/v1/kunjungan?limit=100&page=0"}
{"level":"warn","message":{},"msg":"Migrasi table 001_create_users.sql selesai","timestamp":"2026-04-14 16:16:20 +07:00"}
{"level":"warn","message":{},"msg":"Migrasi table 002_create_audit_log.sql selesai","timestamp":"2026-04-14 16:16:20 +07:00"}
{"level":"warn","message":{},"msg":"Migrasi table 003_create_kunjungan_nsb.sql selesai","timestamp":"2026-04-14 16:16:20 +07:00"}
{"level":"warn","message":{},"msg":"Migrasi table 001_create_users.sql selesai","timestamp":"2026-04-14 16:16:26 +07:00"}
{"level":"warn","message":{},"msg":"Migrasi table 002_create_audit_log.sql selesai","timestamp":"2026-04-14 16:16:26 +07:00"}
{"level":"warn","message":{},"msg":"Migrasi table 003_create_kunjungan_nsb.sql selesai","timestamp":"2026-04-14 16:16:26 +07:00"}
{"ip":"::1","level":"error","message":"data is not defined","method":"GET","msg":"Internal Server Eror, Hubungi Vendor!!","timestamp":"2026-04-14 16:16:32 +07:00","url":"/api/v1/kunjungan?limit=100&page=0"}
{"ip":"::1","level":"error","message":"data is not defined","method":"GET","msg":"Internal Server Eror, Hubungi Vendor!!","timestamp":"2026-04-14 16:17:19 +07:00","url":"/api/v1/kunjungan?limit=100&page=0"}
{"level":"warn","message":{},"msg":"Migrasi table 001_create_users.sql selesai","timestamp":"2026-04-14 16:21:31 +07:00"}
{"level":"warn","message":{},"msg":"Migrasi table 002_create_audit_log.sql selesai","timestamp":"2026-04-14 16:21:31 +07:00"}
{"level":"warn","message":{},"msg":"Migrasi table 003_create_kunjungan_nsb.sql selesai","timestamp":"2026-04-14 16:21:31 +07:00"}
{"ip":"::1","level":"error","message":"data is not defined","method":"GET","msg":"Internal Server Eror, Hubungi Vendor!!","timestamp":"2026-04-14 16:21:38 +07:00","url":"/api/v1/kunjungan?limit=100&page=0"}
{"level":"warn","message":{},"msg":"Migrasi table 001_create_users.sql selesai","timestamp":"2026-04-14 16:21:55 +07:00"}
{"level":"warn","message":{},"msg":"Migrasi table 002_create_audit_log.sql selesai","timestamp":"2026-04-14 16:21:55 +07:00"}
{"level":"warn","message":{},"msg":"Migrasi table 003_create_kunjungan_nsb.sql selesai","timestamp":"2026-04-14 16:21:55 +07:00"}
{"ip":"::1","level":"error","message":"data is not defined","method":"GET","msg":"Internal Server Eror, Hubungi Vendor!!","timestamp":"2026-04-14 16:21:58 +07:00","url":"/api/v1/kunjungan?limit=100&page=0"}
{"level":"warn","message":{},"msg":"Migrasi table 001_create_users.sql selesai","timestamp":"2026-04-14 16:22:13 +07:00"}
{"level":"warn","message":{},"msg":"Migrasi table 002_create_audit_log.sql selesai","timestamp":"2026-04-14 16:22:13 +07:00"}
{"level":"warn","message":{},"msg":"Migrasi table 003_create_kunjungan_nsb.sql selesai","timestamp":"2026-04-14 16:22:13 +07:00"}
{"ip":"::1","level":"error","message":"data is not defined","method":"GET","msg":"Internal Server Eror, Hubungi Vendor!!","timestamp":"2026-04-14 16:22:45 +07:00","url":"/api/v1/kunjungan?limit=100&page=0"}
{"level":"warn","message":{},"msg":"Migrasi table 001_create_users.sql selesai","timestamp":"2026-04-14 16:23:25 +07:00"}
{"level":"warn","message":{},"msg":"Migrasi table 002_create_audit_log.sql selesai","timestamp":"2026-04-14 16:23:25 +07:00"}
{"level":"warn","message":{},"msg":"Migrasi table 003_create_kunjungan_nsb.sql selesai","timestamp":"2026-04-14 16:23:25 +07:00"}
{"ip":"::1","level":"error","message":"data is not defined","method":"GET","msg":"Internal Server Eror, Hubungi Vendor!!","timestamp":"2026-04-14 16:23:27 +07:00","url":"/api/v1/kunjungan?limit=100&page=0"}
{"level":"warn","message":{},"msg":"Migrasi table 001_create_users.sql selesai","timestamp":"2026-04-14 16:24:06 +07:00"}
{"level":"warn","message":{},"msg":"Migrasi table 002_create_audit_log.sql selesai","timestamp":"2026-04-14 16:24:06 +07:00"}
{"level":"warn","message":{},"msg":"Migrasi table 003_create_kunjungan_nsb.sql selesai","timestamp":"2026-04-14 16:24:06 +07:00"}
{"level":"warn","message":{},"msg":"Migrasi table 001_create_users.sql selesai","timestamp":"2026-04-14 16:30:12 +07:00"}
{"level":"warn","message":{},"msg":"Migrasi table 002_create_audit_log.sql selesai","timestamp":"2026-04-14 16:30:12 +07:00"}
{"level":"warn","message":{},"msg":"Migrasi table 003_create_kunjungan_nsb.sql selesai","timestamp":"2026-04-14 16:30:12 +07:00"}
{"ip":"::1","level":"error","message":"data is not defined","method":"GET","msg":"Internal Server Eror, Hubungi Vendor!!","timestamp":"2026-04-14 16:30:15 +07:00","url":"/api/v1/kunjungan?limit=100&page=0"}
{"ip":"::1","level":"error","message":"data is not defined","method":"GET","msg":"Internal Server Eror, Hubungi Vendor!!","timestamp":"2026-04-14 16:30:47 +07:00","url":"/api/v1/kunjungan?limit=100&page=0"}
{"level":"warn","message":{},"msg":"Migrasi table 001_create_users.sql selesai","timestamp":"2026-04-14 16:32:19 +07:00"}
{"level":"warn","message":{},"msg":"Migrasi table 002_create_audit_log.sql selesai","timestamp":"2026-04-14 16:32:19 +07:00"}
{"level":"warn","message":{},"msg":"Migrasi table 003_create_kunjungan_nsb.sql selesai","timestamp":"2026-04-14 16:32:19 +07:00"}
{"level":"warn","message":{},"msg":"Migrasi table 001_create_users.sql selesai","timestamp":"2026-04-14 16:33:56 +07:00"}
{"level":"warn","message":{},"msg":"Migrasi table 002_create_audit_log.sql selesai","timestamp":"2026-04-14 16:33:56 +07:00"}
{"level":"warn","message":{},"msg":"Migrasi table 003_create_kunjungan_nsb.sql selesai","timestamp":"2026-04-14 16:33:56 +07:00"}
{"level":"warn","message":{},"msg":"Migrasi table 001_create_users.sql selesai","timestamp":"2026-04-14 16:34:39 +07:00"}
{"level":"warn","message":{},"msg":"Migrasi table 002_create_audit_log.sql selesai","timestamp":"2026-04-14 16:34:39 +07:00"}
{"level":"warn","message":{},"msg":"Migrasi table 003_create_kunjungan_nsb.sql selesai","timestamp":"2026-04-14 16:34:39 +07:00"}
{"level":"warn","message":{},"msg":"Migrasi table 001_create_users.sql selesai","timestamp":"2026-04-14 16:34:55 +07:00"}
{"level":"warn","message":{},"msg":"Migrasi table 002_create_audit_log.sql selesai","timestamp":"2026-04-14 16:34:55 +07:00"}
{"level":"warn","message":{},"msg":"Migrasi table 003_create_kunjungan_nsb.sql selesai","timestamp":"2026-04-14 16:34:55 +07:00"}
{"ip":"::1","level":"error","message":"data is not defined","method":"GET","msg":"Internal Server Eror, Hubungi Vendor!!","timestamp":"2026-04-14 16:35:11 +07:00","url":"/api/v1/kunjungan?limit=100&page=0"}
{"ip":"::1","level":"error","message":"data is not defined","method":"GET","msg":"Internal Server Eror, Hubungi Vendor!!","timestamp":"2026-04-14 16:35:30 +07:00","url":"/api/v1/kunjungan?limit=100&page=0"}
{"ip":"::1","level":"error","message":"data is not defined","method":"GET","msg":"Internal Server Eror, Hubungi Vendor!!","timestamp":"2026-04-14 16:36:26 +07:00","url":"/api/v1/kunjungan?limit=100&page=0"}
{"level":"warn","message":{},"msg":"Migrasi table 001_create_users.sql selesai","timestamp":"2026-04-14 16:36:34 +07:00"}
{"level":"warn","message":{},"msg":"Migrasi table 002_create_audit_log.sql selesai","timestamp":"2026-04-14 16:36:34 +07:00"}
{"level":"warn","message":{},"msg":"Migrasi table 003_create_kunjungan_nsb.sql selesai","timestamp":"2026-04-14 16:36:34 +07:00"}
{"level":"warn","message":{},"msg":"Migrasi table 001_create_users.sql selesai","timestamp":"2026-04-14 16:36:39 +07:00"}
{"level":"warn","message":{},"msg":"Migrasi table 002_create_audit_log.sql selesai","timestamp":"2026-04-14 16:36:39 +07:00"}
{"level":"warn","message":{},"msg":"Migrasi table 003_create_kunjungan_nsb.sql selesai","timestamp":"2026-04-14 16:36:39 +07:00"}
{"level":"warn","message":{},"msg":"Migrasi table 001_create_users.sql selesai","timestamp":"2026-04-14 16:40:30 +07:00"}
{"level":"warn","message":{},"msg":"Migrasi table 002_create_audit_log.sql selesai","timestamp":"2026-04-14 16:40:30 +07:00"}
{"level":"warn","message":{},"msg":"Migrasi table 003_create_kunjungan_nsb.sql selesai","timestamp":"2026-04-14 16:40:30 +07:00"}
{"level":"warn","message":{},"msg":"Migrasi table 001_create_users.sql selesai","timestamp":"2026-04-14 16:41:23 +07:00"}
{"level":"warn","message":{},"msg":"Migrasi table 002_create_audit_log.sql selesai","timestamp":"2026-04-14 16:41:23 +07:00"}
{"level":"warn","message":{},"msg":"Migrasi table 003_create_kunjungan_nsb.sql selesai","timestamp":"2026-04-14 16:41:23 +07:00"}
{"level":"warn","message":{},"msg":"Migrasi table 001_create_users.sql selesai","timestamp":"2026-04-14 16:41:34 +07:00"}
{"level":"warn","message":{},"msg":"Migrasi table 002_create_audit_log.sql selesai","timestamp":"2026-04-14 16:41:34 +07:00"}
{"level":"warn","message":{},"msg":"Migrasi table 003_create_kunjungan_nsb.sql selesai","timestamp":"2026-04-14 16:41:34 +07:00"}
{"level":"warn","message":{},"msg":"Migrasi table 001_create_users.sql selesai","timestamp":"2026-04-14 16:41:50 +07:00"}
{"level":"warn","message":{},"msg":"Migrasi table 002_create_audit_log.sql selesai","timestamp":"2026-04-14 16:41:50 +07:00"}
{"level":"warn","message":{},"msg":"Migrasi table 003_create_kunjungan_nsb.sql selesai","timestamp":"2026-04-14 16:41:50 +07:00"}
{"level":"warn","message":{},"msg":"Migrasi table 001_create_users.sql selesai","timestamp":"2026-04-14 16:41:56 +07:00"}
{"level":"warn","message":{},"msg":"Migrasi table 002_create_audit_log.sql selesai","timestamp":"2026-04-14 16:41:56 +07:00"}
{"level":"warn","message":{},"msg":"Migrasi table 003_create_kunjungan_nsb.sql selesai","timestamp":"2026-04-14 16:41:56 +07:00"}
{"level":"warn","message":{},"msg":"Migrasi table 001_create_users.sql selesai","timestamp":"2026-04-14 16:42:00 +07:00"}
{"level":"warn","message":{},"msg":"Migrasi table 002_create_audit_log.sql selesai","timestamp":"2026-04-14 16:42:00 +07:00"}
{"level":"warn","message":{},"msg":"Migrasi table 003_create_kunjungan_nsb.sql selesai","timestamp":"2026-04-14 16:42:00 +07:00"}
{"level":"warn","message":{},"msg":"Migrasi table 001_create_users.sql selesai","timestamp":"2026-04-14 16:44:48 +07:00"}
{"level":"warn","message":{},"msg":"Migrasi table 002_create_audit_log.sql selesai","timestamp":"2026-04-14 16:44:48 +07:00"}
{"level":"warn","message":{},"msg":"Migrasi table 003_create_kunjungan_nsb.sql selesai","timestamp":"2026-04-14 16:44:48 +07:00"}
