{"level":"error","timestamp":"2026-01-28 14:41:02 +07:00"}
{"level":"info","message":"POST /auth/login 500 5.980 ms - 25","timestamp":"2026-01-28 14:41:02 +07:00"}
{"level":"error","timestamp":"2026-01-28 14:42:06 +07:00"}
{"level":"info","message":"POST /auth/login 500 6.383 ms - 25","timestamp":"2026-01-28 14:42:06 +07:00"}
{"level":"info","message":"GET /auth/ 200 0.703 ms - 13","timestamp":"2026-01-28 14:42:28 +07:00"}
{"level":"error","timestamp":"2026-01-28 14:43:51 +07:00"}
{"level":"info","message":"POST /auth/login 500 5.943 ms - 25","timestamp":"2026-01-28 14:43:51 +07:00"}
{"level":"error","timestamp":"2026-01-28 14:44:07 +07:00"}
{"level":"info","message":"POST /auth/login/ 500 1.708 ms - 25","timestamp":"2026-01-28 14:44:07 +07:00"}
{"level":"info","message":"POST /auth/login/ 200 2.848 ms - 4","timestamp":"2026-01-28 14:44:41 +07:00"}
{"level":"info","message":"POST /auth/login/ 200 0.516 ms - 4","timestamp":"2026-01-28 14:44:52 +07:00"}
{"level":"info","message":"POST /auth/login/ 200 2.521 ms - 4","timestamp":"2026-01-28 14:45:06 +07:00"}
{"level":"info","message":"POST /auth/login/ - - ms - -","timestamp":"2026-01-28 14:45:26 +07:00"}
{"level":"info","message":"POST /auth/login/ - - ms - -","timestamp":"2026-01-28 14:45:34 +07:00"}
{"level":"error","timestamp":"2026-01-28 14:45:49 +07:00"}
{"level":"info","message":"POST /auth/login/ 500 6.425 ms - 25","timestamp":"2026-01-28 14:45:49 +07:00"}
{"level":"error","timestamp":"2026-01-28 14:49:04 +07:00"}
{"level":"info","message":"POST /auth/login/ 500 6.157 ms - 25","timestamp":"2026-01-28 14:49:04 +07:00"}
{"level":"error","message":"asd is not defined","timestamp":"2026-01-28 14:52:25 +07:00"}
{"level":"info","message":"POST /auth/login/ - - ms - -","timestamp":"2026-01-28 14:52:43 +07:00"}
{"level":"error","message":"asd is not defined","timestamp":"2026-01-28 14:52:57 +07:00"}
{"level":"info","message":"POST /auth/login/ - - ms - -","timestamp":"2026-01-28 14:52:58 +07:00"}
{"level":"error","message":"asd is not defined","timestamp":"2026-01-28 14:53:20 +07:00"}
{"level":"info","message":"POST /auth/login/ - - ms - -","timestamp":"2026-01-28 14:53:21 +07:00"}
{"level":"error","message":"asd is not defined","stack":"ReferenceError: asd is not defined\n    at login (D:\\TUTORIAL\\app_management\\server\\controllers\\authController.js:6:9)\n    at Layer.handleRequest (D:\\TUTORIAL\\app_management\\server\\node_modules\\router\\lib\\layer.js:152:17)\n    at next (D:\\TUTORIAL\\app_management\\server\\node_modules\\router\\lib\\route.js:157:13)\n    at Route.dispatch (D:\\TUTORIAL\\app_management\\server\\node_modules\\router\\lib\\route.js:117:3)\n    at handle (D:\\TUTORIAL\\app_management\\server\\node_modules\\router\\index.js:435:11)\n    at Layer.handleRequest (D:\\TUTORIAL\\app_management\\server\\node_modules\\router\\lib\\layer.js:152:17)\n    at D:\\TUTORIAL\\app_management\\server\\node_modules\\router\\index.js:295:15\n    at processParams (D:\\TUTORIAL\\app_management\\server\\node_modules\\router\\index.js:582:12)\n    at next (D:\\TUTORIAL\\app_management\\server\\node_modules\\router\\index.js:291:5)\n    at router.handle (D:\\TUTORIAL\\app_management\\server\\node_modules\\router\\index.js:186:3)","timestamp":"2026-01-28 14:54:08 +07:00"}
{"level":"info","message":"POST /auth/login/ - - ms - -","timestamp":"2026-01-28 14:54:09 +07:00"}
{"level":"error","message":"asd is not defined","timestamp":"2026-01-28 14:54:52 +07:00"}
{"level":"info","message":"POST /auth/login/ - - ms - -","timestamp":"2026-01-28 14:54:53 +07:00"}
{"level":"error","message":"asd is not defined","timestamp":"2026-01-28 14:57:10 +07:00"}
{"level":"info","message":"POST /auth/login/ - - ms - -","timestamp":"2026-01-28 14:57:11 +07:00"}
{"level":"error","message":"asd is not defined","timestamp":"2026-01-28 14:57:34 +07:00"}
{"level":"info","message":"POST /auth/login/ - - ms - -","timestamp":"2026-01-28 14:57:35 +07:00"}
{"level":"error","message":"asd is not defined","timestamp":"2026-01-28 14:59:49 +07:00"}
{"level":"error","message":"next is not defined","stack":"ReferenceError: next is not defined\n    at login (D:\\TUTORIAL\\app_management\\server\\controllers\\authController.js:9:9)\n    at Layer.handleRequest (D:\\TUTORIAL\\app_management\\server\\node_modules\\router\\lib\\layer.js:152:17)\n    at next (D:\\TUTORIAL\\app_management\\server\\node_modules\\router\\lib\\route.js:157:13)\n    at Route.dispatch (D:\\TUTORIAL\\app_management\\server\\node_modules\\router\\lib\\route.js:117:3)\n    at handle (D:\\TUTORIAL\\app_management\\server\\node_modules\\router\\index.js:435:11)\n    at Layer.handleRequest (D:\\TUTORIAL\\app_management\\server\\node_modules\\router\\lib\\layer.js:152:17)\n    at D:\\TUTORIAL\\app_management\\server\\node_modules\\router\\index.js:295:15\n    at processParams (D:\\TUTORIAL\\app_management\\server\\node_modules\\router\\index.js:582:12)\n    at next (D:\\TUTORIAL\\app_management\\server\\node_modules\\router\\index.js:291:5)\n    at router.handle (D:\\TUTORIAL\\app_management\\server\\node_modules\\router\\index.js:186:3)","timestamp":"2026-01-28 14:59:49 +07:00"}
{"level":"info","message":"POST /auth/login/ 500 6.114 ms - 25","timestamp":"2026-01-28 14:59:49 +07:00"}
{"level":"info","message":"POST /auth/login/ 200 2.792 ms - 5","timestamp":"2026-01-28 15:02:11 +07:00"}
{"level":"info","message":"POST /auth/login/ 400 2.461 ms - 42","timestamp":"2026-01-28 15:05:25 +07:00"}
{"level":"info","message":"username dan password required","timestamp":"2026-01-28 15:06:20 +07:00"}
{"level":"error","message":"Cannot set headers after they are sent to the client","timestamp":"2026-01-28 15:06:20 +07:00"}
{"level":"info","message":"POST /auth/login/ 400 2.697 ms - 42","timestamp":"2026-01-28 15:06:20 +07:00"}
{"level":"error","message":"next is not defined","stack":"ReferenceError: next is not defined\n    at login (D:\\TUTORIAL\\app_management\\server\\controllers\\authController.js:15:9)\n    at Layer.handleRequest (D:\\TUTORIAL\\app_management\\server\\node_modules\\router\\lib\\layer.js:152:17)\n    at next (D:\\TUTORIAL\\app_management\\server\\node_modules\\router\\lib\\route.js:157:13)\n    at Route.dispatch (D:\\TUTORIAL\\app_management\\server\\node_modules\\router\\lib\\route.js:117:3)\n    at handle (D:\\TUTORIAL\\app_management\\server\\node_modules\\router\\index.js:435:11)\n    at Layer.handleRequest (D:\\TUTORIAL\\app_management\\server\\node_modules\\router\\lib\\layer.js:152:17)\n    at D:\\TUTORIAL\\app_management\\server\\node_modules\\router\\index.js:295:15\n    at processParams (D:\\TUTORIAL\\app_management\\server\\node_modules\\router\\index.js:582:12)\n    at next (D:\\TUTORIAL\\app_management\\server\\node_modules\\router\\index.js:291:5)\n    at router.handle (D:\\TUTORIAL\\app_management\\server\\node_modules\\router\\index.js:186:3)","timestamp":"2026-01-28 15:06:20 +07:00"}
{"level":"info","message":"username dan password required","timestamp":"2026-01-28 15:07:20 +07:00"}
{"level":"error","message":"Cannot set headers after they are sent to the client","timestamp":"2026-01-28 15:07:20 +07:00"}
{"level":"info","message":"POST /auth/login/ 400 5.475 ms - 42","timestamp":"2026-01-28 15:07:20 +07:00"}
{"level":"error","message":"next is not defined","stack":"ReferenceError: next is not defined\n    at login (D:\\TUTORIAL\\app_management\\server\\controllers\\authController.js:15:9)\n    at Layer.handleRequest (D:\\TUTORIAL\\app_management\\server\\node_modules\\router\\lib\\layer.js:152:17)\n    at next (D:\\TUTORIAL\\app_management\\server\\node_modules\\router\\lib\\route.js:157:13)\n    at Route.dispatch (D:\\TUTORIAL\\app_management\\server\\node_modules\\router\\lib\\route.js:117:3)\n    at handle (D:\\TUTORIAL\\app_management\\server\\node_modules\\router\\index.js:435:11)\n    at Layer.handleRequest (D:\\TUTORIAL\\app_management\\server\\node_modules\\router\\lib\\layer.js:152:17)\n    at D:\\TUTORIAL\\app_management\\server\\node_modules\\router\\index.js:295:15\n    at processParams (D:\\TUTORIAL\\app_management\\server\\node_modules\\router\\index.js:582:12)\n    at next (D:\\TUTORIAL\\app_management\\server\\node_modules\\router\\index.js:291:5)\n    at router.handle (D:\\TUTORIAL\\app_management\\server\\node_modules\\router\\index.js:186:3)","timestamp":"2026-01-28 15:07:20 +07:00"}
{"level":"info","message":"username dan password required","timestamp":"2026-01-28 15:07:29 +07:00"}
{"level":"error","message":"Cannot set headers after they are sent to the client","timestamp":"2026-01-28 15:07:29 +07:00"}
{"level":"info","message":"POST /auth/login/ 400 4.680 ms - 42","timestamp":"2026-01-28 15:07:29 +07:00"}
{"level":"info","message":"username dan password required","timestamp":"2026-01-28 15:08:11 +07:00"}
{"level":"info","message":"POST /auth/login/ 400 5.297 ms - 42","timestamp":"2026-01-28 15:08:11 +07:00"}
{"level":"info","message":{"method":"POST","msg":"username dan password required","path":"/auth/login/","status":400},"timestamp":"2026-01-28 15:21:56 +07:00"}
{"level":"info","message":"POST /auth/login/ 400 5.255 ms - 42","timestamp":"2026-01-28 15:21:56 +07:00"}
{"level":"warn","message":{"method":"POST","msg":"username dan password required","path":"/auth/login/","status":400},"timestamp":"2026-01-28 15:33:20 +07:00"}
{"level":"info","message":"POST /auth/login/ 400 5.244 ms - 42","timestamp":"2026-01-28 15:33:20 +07:00"}
{"level":"info","message":"POST /auth/login/ - - ms - -","timestamp":"2026-01-28 15:33:45 +07:00"}
{"level":"info","message":"POST /auth/login/ - - ms - -","timestamp":"2026-01-28 15:33:55 +07:00"}
{"level":"info","message":"POST /auth/login/ - - ms - -","timestamp":"2026-01-28 15:34:18 +07:00"}
{"level":"info","message":"POST /auth/login/ - - ms - -","timestamp":"2026-01-28 15:37:28 +07:00"}
{"level":"warn","message":{"Header":["Content-Type","application/json","User-Agent","PostmanRuntime/7.48.0","Accept","*/*","Postman-Token","8fdb7044-fce4-433b-9a66-7a62e952bf2d","Host","localhost:3000","Accept-Encoding","gzip, deflate, br","Connection","keep-alive","Content-Length","59"],"method":"POST","msg":"User nonaktif mencoba login","path":"/auth/login/","status":401},"timestamp":"2026-01-28 15:42:50 +07:00"}
{"level":"info","message":"POST /auth/login/ 401 166.103 ms - 56","timestamp":"2026-01-28 15:42:50 +07:00"}
{"level":"warn","message":{"Header":["Content-Type","application/json","User-Agent","PostmanRuntime/7.48.0","Accept","*/*","Postman-Token","df0e2c8c-2e48-4172-a169-a81d7111c3ad","Host","localhost:3000","Accept-Encoding","gzip, deflate, br","Connection","keep-alive","Content-Length","59"],"method":"POST","msg":"User nonaktif mencoba login","path":"/auth/login/","status":401},"timestamp":"2026-01-28 15:51:09 +07:00"}
{"level":"info","message":"POST /auth/login/ 401 9.406 ms - 56","timestamp":"2026-01-28 15:51:09 +07:00"}
{"level":"warn","message":{"Header":["Content-Type","application/json","User-Agent","PostmanRuntime/7.48.0","Accept","*/*","Postman-Token","baeb9793-9185-4994-8214-58f8b8e97696","Host","localhost:3000","Accept-Encoding","gzip, deflate, br","Connection","keep-alive","Content-Length","59"],"method":"POST","msg":"User nonaktif mencoba login","path":"/auth/login/","status":401},"timestamp":"2026-01-28 15:51:17 +07:00"}
{"level":"info","message":"POST /auth/login/ 401 1.858 ms - 56","timestamp":"2026-01-28 15:51:17 +07:00"}
{"level":"warn","message":{"Header":["Content-Type","application/json","User-Agent","PostmanRuntime/7.48.0","Accept","*/*","Postman-Token","a0866c4d-81c7-4d5b-ab14-5655ee377d45","Host","localhost:3000","Accept-Encoding","gzip, deflate, br","Connection","keep-alive","Content-Length","59"],"method":"POST","msg":"User nonaktif mencoba login","path":"/auth/login/","status":401},"timestamp":"2026-01-28 15:52:27 +07:00"}
{"level":"info","message":"POST /auth/login/ 401 53.232 ms - 56","timestamp":"2026-01-28 15:52:27 +07:00"}
{"level":"warn","message":{"Header":["Content-Type","application/json","User-Agent","PostmanRuntime/7.48.0","Accept","*/*","Postman-Token","7d4122f8-66bc-489a-90a1-4f13cddf6eba","Host","localhost:3000","Accept-Encoding","gzip, deflate, br","Connection","keep-alive","Content-Length","59"],"method":"POST","msg":"User nonaktif mencoba login","path":"/auth/login/","status":401},"timestamp":"2026-01-28 15:52:51 +07:00"}
{"level":"info","message":"POST /auth/login/ 401 46.394 ms - 56","timestamp":"2026-01-28 15:52:51 +07:00"}
{"level":"warn","message":{"Header":["Content-Type","application/json","User-Agent","PostmanRuntime/7.48.0","Accept","*/*","Postman-Token","5a68085e-8545-4d6d-bf3a-0060ee0f299b","Host","localhost:3000","Accept-Encoding","gzip, deflate, br","Connection","keep-alive","Content-Length","59"],"method":"POST","msg":"User nonaktif mencoba login","path":"/auth/login/","status":401},"timestamp":"2026-01-28 15:52:59 +07:00"}
{"level":"info","message":"POST /auth/login/ 401 9.123 ms - 56","timestamp":"2026-01-28 15:52:59 +07:00"}
{"level":"warn","message":{"Header":["Content-Type","application/json","User-Agent","PostmanRuntime/7.48.0","Accept","*/*","Postman-Token","de473537-bf1b-45ba-a6f6-9ab0c26c0073","Host","localhost:3000","Accept-Encoding","gzip, deflate, br","Connection","keep-alive","Content-Length","59"],"method":"POST","msg":"User nonaktif mencoba login","path":"/auth/login/","status":401},"timestamp":"2026-01-28 15:55:10 +07:00"}
{"level":"info","message":"POST /auth/login/ 401 8.984 ms - 56","timestamp":"2026-01-28 15:55:10 +07:00"}
{"level":"warn","message":{"Header":["Content-Type","application/json","User-Agent","PostmanRuntime/7.48.0","Accept","*/*","Postman-Token","e3f1c531-3a73-4ba1-b040-d730b20d490c","Host","localhost:3000","Accept-Encoding","gzip, deflate, br","Connection","keep-alive","Content-Length","59"],"method":"POST","msg":"User nonaktif mencoba login","path":"/auth/login/","status":401},"timestamp":"2026-01-28 15:55:41 +07:00"}
{"level":"info","message":"POST /auth/login/ 401 9.218 ms - 56","timestamp":"2026-01-28 15:55:41 +07:00"}
{"level":"info","message":"POST /auth/login/ - - ms - -","timestamp":"2026-01-28 15:57:10 +07:00"}
{"level":"info","message":"POST /auth/login/ - - ms - -","timestamp":"2026-01-28 15:57:17 +07:00"}
{"level":"warn","message":{"Header":["Content-Type","application/json","User-Agent","PostmanRuntime/7.48.0","Accept","*/*","Postman-Token","3f6de170-c24d-45f2-bc1e-57709853f124","Host","localhost:3000","Accept-Encoding","gzip, deflate, br","Connection","keep-alive","Content-Length","63"],"method":"POST","msg":"Username superadmin mencoba login","path":"/auth/login/","status":401},"timestamp":"2026-01-28 16:00:14 +07:00"}
{"level":"info","message":"POST /auth/login/ 401 63.319 ms - 46","timestamp":"2026-01-28 16:00:14 +07:00"}
{"level":"info","message":"POST /auth/login/ 200 60.648 ms - 73","timestamp":"2026-01-28 16:04:04 +07:00"}
{"level":"info","message":{"Header":["Content-Type","application/json","User-Agent","PostmanRuntime/7.48.0","Accept","*/*","Postman-Token","b48f5f90-96a1-4430-8c1b-c50874334b4d","Host","localhost:3000","Accept-Encoding","gzip, deflate, br","Connection","keep-alive","Content-Length","64"],"method":"POST","msg":"Username superadmin berhasil login","path":"/auth/login/","status":401,"userId":"1"},"timestamp":"2026-01-28 16:06:05 +07:00"}
{"level":"info","message":"POST /auth/login/ 200 104.120 ms - 73","timestamp":"2026-01-28 16:06:05 +07:00"}
{"level":"info","message":{"Header":["Content-Type","application/json","User-Agent","PostmanRuntime/7.48.0","Accept","*/*","Postman-Token","0ded2744-ffa7-4c98-ae75-67277ae1f4cd","Host","localhost:3000","Accept-Encoding","gzip, deflate, br","Connection","keep-alive","Content-Length","64"],"method":"POST","msg":"Username superadmin berhasil login","path":"/auth/login/","status":401,"userId":"1"},"timestamp":"2026-01-28 16:14:17 +07:00"}
{"level":"info","message":"POST /auth/login/ 200 60.266 ms - 73","timestamp":"2026-01-28 16:14:17 +07:00"}
{"level":"info","message":"GET /auth/ - - ms - -","timestamp":"2026-01-28 16:16:56 +07:00"}
{"level":"info","message":"GET /auth/ 200 3.565 ms - 15","timestamp":"2026-01-28 16:17:57 +07:00"}
{"level":"info","message":"GET /auth/ 200 3.022 ms - 15","timestamp":"2026-01-28 16:21:22 +07:00"}
{"level":"info","message":{"Header":["Content-Type","application/json","User-Agent","PostmanRuntime/7.48.0","Accept","*/*","Postman-Token","4580c806-00d5-45d8-aea9-d2e51fb64dbe","Host","localhost:3000","Accept-Encoding","gzip, deflate, br","Connection","keep-alive","Content-Length","64"],"method":"POST","msg":"Username superadmin berhasil login","path":"/auth/login","status":401,"userId":"1"},"timestamp":"2026-01-28 16:21:33 +07:00"}
{"level":"info","message":"POST /auth/login 200 216.055 ms - 73","timestamp":"2026-01-28 16:21:33 +07:00"}
{"level":"info","message":"GET /auth/ 200 13.323 ms - 15","timestamp":"2026-01-28 16:22:25 +07:00"}
{"level":"info","message":"GET /auth/ 200 10.451 ms - 15","timestamp":"2026-01-28 16:22:53 +07:00"}
{"level":"info","message":"GET /auth/ 200 153.804 ms - 15","timestamp":"2026-01-28 16:23:42 +07:00"}
{"level":"warn","message":{"Header":["Content-Type","application/json","User-Agent","PostmanRuntime/7.48.0","Accept","*/*","Postman-Token","dbf5794f-03b9-457e-a586-692e795f1a86","Host","localhost:3000","Accept-Encoding","gzip, deflate, br","Connection","keep-alive","Content-Length","64","Cookie","connect.sid=s%3A3vPCqphThDxYkFiOHHN4BhSqxDISpKs3.YSQPV5zBfvxMBqHZECkokzkEfoI5ima6yMexnXBkxu8"],"method":"GET","msg":"Orang tidak di kenal mencoba mengakses halaman login","path":"/auth/","status":500},"timestamp":"2026-01-28 16:27:18 +07:00"}
{"level":"info","message":"GET /auth/ 401 11.162 ms - 24","timestamp":"2026-01-28 16:27:18 +07:00"}
{"level":"info","message":{"Header":["Content-Type","application/json","User-Agent","PostmanRuntime/7.48.0","Accept","*/*","Postman-Token","0aa9d474-2e22-4301-a19b-1b915c89a656","Host","localhost:3000","Accept-Encoding","gzip, deflate, br","Connection","keep-alive","Content-Length","64","Cookie","connect.sid=s%3A3vPCqphThDxYkFiOHHN4BhSqxDISpKs3.YSQPV5zBfvxMBqHZECkokzkEfoI5ima6yMexnXBkxu8"],"method":"POST","msg":"Username superadmin berhasil login","path":"/auth/login","status":200,"userId":"1"},"timestamp":"2026-01-28 16:27:29 +07:00"}
{"level":"info","message":"POST /auth/login 200 213.589 ms - 73","timestamp":"2026-01-28 16:27:29 +07:00"}
{"level":"info","message":"GET /auth/ 200 1.381 ms - 35","timestamp":"2026-01-28 16:27:39 +07:00"}
