{"ip":"::1","level":"warn","message":{},"method":"GET","msg":"unauthorized","timestamp":"2026-03-13 10:23:34 +07:00","url":"/api/v1/auth/"}
{"body":"{\r\n    \"username\": \"supera-dmin\"\r\n    \"password\": \"\"\r\n}","expose":true,"ip":"::1","level":"error","message":"Expected ',' or '}' after property value in JSON at position 38 (line 3 column 5)","method":"POST","msg":"Internal Server Eror, Hubungi Vendor!!","status":400,"statusCode":400,"timestamp":"2026-03-13 10:24:27 +07:00","type":"entity.parse.failed","url":"/api/v1/auth/login"}
{"ip":"::1","level":"warn","message":{"errors":[{"field":"password","message":"Password wajib diisi"}]},"method":"POST","msg":"Gagal Menyimpan, Validasi gagal","timestamp":"2026-03-13 10:24:44 +07:00","url":"/api/v1/auth/login"}
{"ip":"::1","level":"info","message":{},"method":"POST","msg":"Username superadmin telah login","timestamp":"2026-03-13 10:24:53 +07:00","url":"/api/v1/auth/login"}
{"ip":"::1","level":"info","message":{},"method":"GET","msg":"Data session superadmin berhasil di ambil","timestamp":"2026-03-13 10:25:03 +07:00","url":"/api/v1/auth/"}
{"ip":"::1","level":"warn","message":{},"method":"GET","msg":"List user berhasi di ambil","timestamp":"2026-03-13 10:25:19 +07:00","url":"/api/v1/users"}
{"body":"{\r\n    username:\"aryaPDF\"     \r\n}","expose":true,"ip":"::1","level":"error","message":"Expected property name or '}' in JSON at position 7 (line 2 column 5)","method":"POST","msg":"Internal Server Eror, Hubungi Vendor!!","status":400,"statusCode":400,"timestamp":"2026-03-13 10:25:30 +07:00","type":"entity.parse.failed","url":"/api/v1/users/createUser"}
{"ip":"::1","level":"error","message":"asd is not defined","method":"POST","msg":"Internal Server Eror, Hubungi Vendor!!","timestamp":"2026-03-13 10:25:40 +07:00","url":"/api/v1/users/createUser"}
{"ip":"::1","level":"warn","message":{},"method":"POST","msg":"Dilarang mengakses halaman ini, authorized only","timestamp":"2026-03-13 11:04:11 +07:00","url":"/api/v1/users/createUser"}
{"ip":"::1","level":"info","message":{},"method":"POST","msg":"Username superadmin telah login","timestamp":"2026-03-13 11:04:21 +07:00","url":"/api/v1/auth/login"}
{"ip":"::1","level":"warn","message":{},"method":"POST","msg":"username, nama lengkap, password  dan role belum diisi","timestamp":"2026-03-13 11:04:26 +07:00","url":"/api/v1/users/createUser"}
{"ip":"::1","level":"warn","message":{"errors":[{"field":"nama_lengkap","message":"nama lengkap wajib diisi"},{"field":"password","message":"password wajib diisi"}]},"method":"POST","msg":"Gagal Menyimpan, Validasi gagal","timestamp":"2026-03-13 11:06:03 +07:00","url":"/api/v1/users/createUser"}
{"ip":"::1","level":"warn","message":{"errors":[{"field":"nama_lengkap","message":"nama lengkap wajib diisi"},{"field":"password","message":"password wajib diisi"}]},"method":"POST","msg":"Gagal Menyimpan, Validasi gagal","timestamp":"2026-03-13 11:06:18 +07:00","url":"/api/v1/users/createUser"}
{"ip":"::1","level":"warn","message":{},"method":"POST","msg":"username, nama lengkap, password  dan role belum diisi","timestamp":"2026-03-13 11:06:25 +07:00","url":"/api/v1/users/createUser"}
{"body":"{\r\n    \"username\":\"aryaPDF\",\r\n    \"nama_lengkap\":\"Arya Praditya Dafa\",\r\n    \"password\":\"rahasia\",\r\n}","expose":true,"ip":"::1","level":"error","message":"Expected double-quoted property name in JSON at position 99 (line 5 column 1)","method":"POST","msg":"Internal Server Eror, Hubungi Vendor!!","status":400,"statusCode":400,"timestamp":"2026-03-13 11:07:43 +07:00","type":"entity.parse.failed","url":"/api/v1/users/createUser"}
{"ip":"::1","level":"warn","message":{},"method":"POST","msg":"username, nama lengkap, password  dan role belum diisi, cek kembali","timestamp":"2026-03-13 11:07:48 +07:00","url":"/api/v1/users/createUser"}
{"ip":"::1","level":"warn","message":{},"method":"POST","msg":"username, nama lengkap, password  dan role belum diisi, cek kembali","timestamp":"2026-03-13 11:08:51 +07:00","url":"/api/v1/users/createUser"}
{"ip":"::1","level":"warn","message":{},"method":"POST","msg":"username sudah digunakan","timestamp":"2026-03-13 11:15:44 +07:00","url":"/api/v1/users/createUser"}
{"ip":"::1","level":"warn","message":{},"method":"POST","msg":"username sudah digunakan","timestamp":"2026-03-13 11:19:24 +07:00","url":"/api/v1/users/createUser"}
{"ip":"::1","level":"info","message":{},"method":"POST","msg":"User aryaPDF berhasil dibuat","timestamp":"2026-03-13 11:19:32 +07:00","url":"/api/v1/users/createUser"}
{"ip":"::1","level":"warn","message":{"errors":[{"field":"password","message":"password 8-128 karakter"}]},"method":"POST","msg":"Gagal Menyimpan, Validasi gagal","timestamp":"2026-03-13 11:21:08 +07:00","url":"/api/v1/users/createUser"}
{"ip":"::1","level":"warn","message":{},"method":"POST","msg":"username sudah digunakan","timestamp":"2026-03-13 11:21:25 +07:00","url":"/api/v1/users/createUser"}
{"ip":"::1","level":"warn","message":{},"method":"POST","msg":"Dilarang mengakses halaman ini, authorized only","timestamp":"2026-03-13 11:48:53 +07:00","url":"/api/v1/users/createUser"}
{"ip":"::1","level":"info","message":{},"method":"POST","msg":"Username superadmin telah login","timestamp":"2026-03-13 11:49:01 +07:00","url":"/api/v1/auth/login"}
{"ip":"::1","level":"warn","message":{},"method":"POST","msg":"yang bisa create user hanya user operator & super admin saja saja","timestamp":"2026-03-13 11:49:16 +07:00","url":"/api/v1/users/createUser"}
{"ip":"::1","level":"warn","message":{},"method":"POST","msg":"Yang bisa membuat user hanya user operator & super admin saja saja","timestamp":"2026-03-13 11:50:04 +07:00","url":"/api/v1/users/createUser"}
{"ip":"::1","level":"info","message":{},"method":"GET","msg":"Data session superadmin berhasil di ambil","timestamp":"2026-03-13 11:50:25 +07:00","url":"/api/v1/auth/"}
{"ip":"::1","level":"warn","message":{},"method":"POST","msg":"Yang bisa membuat user hanya user operator & super admin saja saja","timestamp":"2026-03-13 11:50:48 +07:00","url":"/api/v1/users/createUser"}
{"ip":"::1","level":"warn","message":{},"method":"POST","msg":"Dilarang mengakses halaman ini, authorized only","timestamp":"2026-03-13 13:00:14 +07:00","url":"/api/v1/users/createUser"}
{"ip":"::1","level":"info","message":{},"method":"POST","msg":"Username superadmin telah login","timestamp":"2026-03-13 13:00:31 +07:00","url":"/api/v1/auth/login"}
{"ip":"::1","level":"info","message":{},"method":"GET","msg":"List user berhasi di ambil","timestamp":"2026-03-13 13:00:48 +07:00","url":"/api/v1/users"}
{"ip":"::1","level":"info","message":{},"method":"POST","msg":"User Andri berhasil dibuat","timestamp":"2026-03-13 13:01:32 +07:00","url":"/api/v1/users/createUser"}
{"ip":"::1","level":"warn","message":{},"method":"POST","msg":"username sudah digunakan","timestamp":"2026-03-13 13:01:40 +07:00","url":"/api/v1/users/createUser"}
{"ip":"::1","level":"info","message":{},"method":"GET","msg":"List user berhasi di ambil","timestamp":"2026-03-13 13:01:47 +07:00","url":"/api/v1/users"}
{"ip":"::1","level":"warn","message":{},"method":"GET","msg":"Dilarang mengakses halaman ini, authorized only","timestamp":"2026-03-13 13:18:48 +07:00","url":"/api/v1/users/1"}
{"ip":"::1","level":"info","message":{},"method":"POST","msg":"Username superadmin telah login","timestamp":"2026-03-13 13:18:55 +07:00","url":"/api/v1/auth/login"}
{"ip":"::1","level":"error","message":"err is not defined","method":"GET","msg":"Internal Server Eror, Hubungi Vendor!!","timestamp":"2026-03-13 13:18:59 +07:00","url":"/api/v1/users/1"}
{"ip":"::1","level":"warn","message":{},"method":"GET","msg":"username ditemukan","timestamp":"2026-03-13 13:19:31 +07:00","url":"/api/v1/users/1"}
{"ip":"::1","level":"warn","message":{},"method":"GET","msg":"username ditemukan","timestamp":"2026-03-13 13:19:42 +07:00","url":"/api/v1/users/57"}
{"ip":"::1","level":"warn","message":{},"method":"GET","msg":"username ditemukan","timestamp":"2026-03-13 13:19:48 +07:00","url":"/api/v1/users/58"}
{"ip":"::1","level":"warn","message":{},"method":"GET","msg":"username ditemukan","timestamp":"2026-03-13 13:19:53 +07:00","url":"/api/v1/users/1"}
{"ip":"::1","level":"warn","message":{},"method":"GET","msg":"username ditemukan","timestamp":"2026-03-13 13:24:31 +07:00","url":"/api/v1/users/1"}
{"ip":"::1","level":"warn","message":{},"method":"GET","msg":"username ditemukan","timestamp":"2026-03-13 13:24:48 +07:00","url":"/api/v1/users/1"}
{"ip":"::1","level":"warn","message":{},"method":"GET","msg":"username ditemukan","timestamp":"2026-03-13 13:25:00 +07:00","url":"/api/v1/users/1"}
{"ip":"::1","level":"warn","message":{},"method":"GET","msg":"username ditemukan","timestamp":"2026-03-13 13:25:01 +07:00","url":"/api/v1/users/1"}
{"ip":"::1","level":"warn","message":{},"method":"GET","msg":"username ditemukan","timestamp":"2026-03-13 13:25:02 +07:00","url":"/api/v1/users/1"}
{"ip":"::1","level":"warn","message":{},"method":"GET","msg":"username ditemukan","timestamp":"2026-03-13 13:25:03 +07:00","url":"/api/v1/users/1"}
{"ip":"::1","level":"warn","message":{},"method":"GET","msg":"username ditemukan","timestamp":"2026-03-13 13:25:09 +07:00","url":"/api/v1/users/1"}
{"code":"ENOTFOUND","errno":-3008,"hostname":"localhostA","ip":"::1","level":"error","message":"getaddrinfo ENOTFOUND localhostA","method":"GET","msg":"Internal Server Eror, Hubungi Vendor!!","syscall":"getaddrinfo","timestamp":"2026-03-13 13:25:32 +07:00","url":"/api/v1/users/1"}
{"code":"ENOTFOUND","errno":-3008,"hostname":"localhostA","ip":"::1","level":"error","message":"getaddrinfo ENOTFOUND localhostA","method":"GET","msg":"Internal Server Eror, Hubungi Vendor!!","syscall":"getaddrinfo","timestamp":"2026-03-13 13:27:03 +07:00","url":"/api/v1/users/1"}
{"code":"ENOTFOUND","errno":-3008,"hostname":"localhostA","ip":"::1","level":"error","message":"getaddrinfo ENOTFOUND localhostA","method":"GET","msg":"Internal Server Eror, Hubungi Vendor!!","syscall":"getaddrinfo","timestamp":"2026-03-13 13:27:20 +07:00","url":"/api/v1/users/1"}
{"code":"ENOTFOUND","errno":-3008,"hostname":"localhostA","ip":"::1","level":"error","message":"getaddrinfo ENOTFOUND localhostA","method":"GET","msg":"Internal Server Eror, Hubungi Vendor!!","syscall":"getaddrinfo","timestamp":"2026-03-13 13:27:46 +07:00","url":"/api/v1/users/1"}
{"ip":"::1","level":"warn","message":{},"method":"GET","msg":"username ditemukan","timestamp":"2026-03-13 13:27:55 +07:00","url":"/api/v1/users/1"}
{"ip":"::1","level":"warn","message":{},"method":"GET","msg":"Routing tidak di temukan","timestamp":"2026-03-13 13:41:56 +07:00","url":"/api/v1/auth/logout"}
{"ip":"::1","level":"info","message":{},"method":"POST","msg":"Username superadmin telah berhasil keluar","timestamp":"2026-03-13 13:42:02 +07:00","url":"/api/v1/auth/logout"}
{"ip":"::1","level":"warn","message":{},"method":"POST","msg":"Username aryaPDF mencoba login tapi password salah","timestamp":"2026-03-13 13:42:56 +07:00","url":"/api/v1/auth/login"}
{"ip":"::1","level":"warn","message":{},"method":"POST","msg":"Username aryaPDF mencoba login tapi password salah","timestamp":"2026-03-13 13:43:31 +07:00","url":"/api/v1/auth/login"}
{"ip":"::1","level":"warn","message":{},"method":"POST","msg":"Username aryaPDF mencoba login tapi password salah","timestamp":"2026-03-13 13:43:40 +07:00","url":"/api/v1/auth/login"}
{"ip":"::1","level":"warn","message":{},"method":"POST","msg":"Username maretknow mencoba login tapi password salah","timestamp":"2026-03-13 13:43:50 +07:00","url":"/api/v1/auth/login"}
{"ip":"::1","level":"warn","message":{},"method":"POST","msg":"Username maretknow mencoba login tapi password salah","timestamp":"2026-03-13 13:44:02 +07:00","url":"/api/v1/auth/login"}
{"ip":"::1","level":"info","message":{},"method":"POST","msg":"Username superadmin telah login","timestamp":"2026-03-13 13:44:18 +07:00","url":"/api/v1/auth/login"}
{"ip":"::1","level":"info","message":{},"method":"POST","msg":"User eko berhasil dibuat","timestamp":"2026-03-13 13:45:28 +07:00","url":"/api/v1/users/createUser"}
{"ip":"::1","level":"warn","message":{},"method":"POST","msg":"Routing tidak di temukan","timestamp":"2026-03-13 13:46:07 +07:00","url":"/api/v1/users/view/59"}
{"ip":"::1","level":"warn","message":{},"method":"POST","msg":"Routing tidak di temukan","timestamp":"2026-03-13 13:46:12 +07:00","url":"/api/v1/users/view/59"}
{"ip":"::1","level":"warn","message":{"errors":[{"field":"username","message":"Username wajib diisi"},{"field":"nama_lengkap","message":"nama lengkap wajib diisi"},{"field":"password","message":"password wajib diisi"},{"field":"role","message":"role wajib diisi"}]},"method":"GET","msg":"Gagal Menyimpan, Validasi gagal","timestamp":"2026-03-13 13:46:20 +07:00","url":"/api/v1/users/view/1"}
{"ip":"::1","level":"warn","message":{},"method":"GET","msg":"username ditemukan","timestamp":"2026-03-13 13:46:40 +07:00","url":"/api/v1/users/view/1"}
{"ip":"::1","level":"warn","message":{},"method":"GET","msg":"username ditemukan","timestamp":"2026-03-13 13:46:45 +07:00","url":"/api/v1/users/view/59"}
{"ip":"::1","level":"info","message":{},"method":"POST","msg":"Username eko telah login","timestamp":"2026-03-13 13:47:30 +07:00","url":"/api/v1/auth/login"}
{"ip":"::1","level":"warn","message":{},"method":"POST","msg":"Routing tidak di temukan","timestamp":"2026-03-13 13:48:01 +07:00","url":"/api/v1/users/view/59"}
{"ip":"::1","level":"info","message":{},"method":"POST","msg":"User Hendra berhasil dibuat","timestamp":"2026-03-13 13:48:13 +07:00","url":"/api/v1/users/createUser"}
{"ip":"::1","level":"warn","message":{},"method":"GET","msg":"Dilarang mengakses halaman ini, authorized only","timestamp":"2026-03-13 14:29:00 +07:00","url":"/api/v1/users/view/59"}
{"ip":"::1","level":"warn","message":{},"method":"GET","msg":"Dilarang mengakses halaman ini, authorized only","timestamp":"2026-03-13 14:42:09 +07:00","url":"/api/v1/users"}
{"ip":"::1","level":"info","message":{},"method":"POST","msg":"Username eko telah login","timestamp":"2026-03-13 14:42:13 +07:00","url":"/api/v1/auth/login"}
{"ip":"::1","level":"info","message":{},"method":"GET","msg":"List user berhasi di ambil","timestamp":"2026-03-13 14:42:17 +07:00","url":"/api/v1/users"}
{"ip":"::1","level":"warn","message":{},"method":"POST","msg":"Routing tidak di temukan","timestamp":"2026-03-13 14:43:32 +07:00","url":"/api/v1/users?limit=2&page=1"}
{"ip":"::1","level":"warn","message":{},"method":"POST","msg":"Routing tidak di temukan","timestamp":"2026-03-13 14:43:57 +07:00","url":"/api/v1/users?pages=1&page=2"}
{"ip":"::1","level":"warn","message":{},"method":"POST","msg":"Routing tidak di temukan","timestamp":"2026-03-13 14:44:36 +07:00","url":"/api/v1/users?pages=1&page=2"}
{"ip":"::1","level":"warn","message":{},"method":"POST","msg":"Routing tidak di temukan","timestamp":"2026-03-13 14:45:05 +07:00","url":"/api/v1/users"}
{"ip":"::1","level":"warn","message":{},"method":"POST","msg":"Routing tidak di temukan","timestamp":"2026-03-13 14:45:07 +07:00","url":"/api/v1/users"}
{"ip":"::1","level":"warn","message":{},"method":"POST","msg":"Routing tidak di temukan","timestamp":"2026-03-13 14:45:24 +07:00","url":"/api/v1/users/"}
{"ip":"::1","level":"warn","message":{},"method":"POST","msg":"Routing tidak di temukan","timestamp":"2026-03-13 14:45:42 +07:00","url":"/api/v1/users"}
{"ip":"::1","level":"warn","message":{},"method":"POST","msg":"Routing tidak di temukan","timestamp":"2026-03-13 14:45:43 +07:00","url":"/api/v1/users"}
{"ip":"::1","level":"info","message":{},"method":"GET","msg":"List user berhasi di ambil","timestamp":"2026-03-13 14:45:54 +07:00","url":"/api/v1/users"}
{"ip":"::1","level":"info","message":{},"method":"GET","msg":"List user berhasi di ambil","timestamp":"2026-03-13 14:46:12 +07:00","url":"/api/v1/users?pages=1&limit=11"}
{"ip":"::1","level":"info","message":{},"method":"GET","msg":"List user berhasi di ambil","timestamp":"2026-03-13 14:46:48 +07:00","url":"/api/v1/users?page=1&limit=11"}
{"ip":"::1","level":"info","message":{},"method":"GET","msg":"List user berhasi di ambil","timestamp":"2026-03-13 14:46:56 +07:00","url":"/api/v1/users?page=1&limit=1"}
{"ip":"::1","level":"info","message":{},"method":"GET","msg":"List user berhasi di ambil","timestamp":"2026-03-13 14:47:02 +07:00","url":"/api/v1/users?page=2&limit=1"}
{"ip":"::1","level":"warn","message":{},"method":"GET","msg":"Dilarang mengakses halaman ini, authorized only","timestamp":"2026-03-13 15:18:00 +07:00","url":"/api/v1/users?page=1&limit=1"}
{"ip":"::1","level":"info","message":{},"method":"POST","msg":"Username eko telah login","timestamp":"2026-03-13 15:18:12 +07:00","url":"/api/v1/auth/login"}
{"ip":"::1","level":"info","message":{},"method":"GET","msg":"List user berhasi di ambil","timestamp":"2026-03-13 15:18:17 +07:00","url":"/api/v1/users?page=1&limit=1"}
{"ip":"::1","level":"info","message":{},"method":"GET","msg":"List user berhasi di ambil","timestamp":"2026-03-13 15:18:25 +07:00","url":"/api/v1/users?page=1&limit=2"}
{"ip":"::1","level":"info","message":{},"method":"GET","msg":"List user berhasi di ambil","timestamp":"2026-03-13 15:21:26 +07:00","url":"/api/v1/users?page=1&limit=100"}
