{"level":"warn","message":{},"msg":"Migrasi table 001_create_users.sql selesai","timestamp":"2026-04-30 08:21:12 +07:00"}
{"level":"warn","message":{},"msg":"Migrasi table 002_create_audit_log.sql selesai","timestamp":"2026-04-30 08:21:12 +07:00"}
{"level":"warn","message":{},"msg":"Migrasi table 003_create_kunjungan_nsb.sql selesai","timestamp":"2026-04-30 08:21:12 +07:00"}
{"level":"warn","message":{},"msg":"Migrasi table 004_alter_kunjungan_tgl_kunjungan_to_date.sql selesai","timestamp":"2026-04-30 08:21:12 +07:00"}
{"ip":"::1","level":"warn","message":{},"method":"GET","msg":"Dilarang mengakses halaman ini, authorized only","timestamp":"2026-04-30 11:19:57 +07:00","url":"/api/v1/users?limit=20&page=1"}
{"ip":"::1","level":"warn","message":{},"method":"GET","msg":"Routing tidak di temukan","timestamp":"2026-04-30 11:30:02 +07:00","url":"/api/v1/users/186"}
{"ip":"::1","level":"warn","message":{},"method":"GET","msg":"Routing tidak di temukan","timestamp":"2026-04-30 11:30:10 +07:00","url":"/api/v1/users/186"}
{"ip":"::1","level":"warn","message":{},"method":"GET","msg":"Dilarang mengakses halaman ini, authorized only","timestamp":"2026-04-30 12:46:09 +07:00","url":"/api/v1/users/view/186"}
{"ip":"::1","level":"warn","message":{},"method":"GET","msg":"Dilarang mengakses halaman ini, authorized only","timestamp":"2026-04-30 12:46:10 +07:00","url":"/api/v1/users/view/186"}
{"ip":"::1","level":"warn","message":{},"method":"GET","msg":"Dilarang mengakses halaman ini, authorized only","timestamp":"2026-04-30 12:46:19 +07:00","url":"/api/v1/users?limit=20&page=1"}
{"ip":"::1","level":"warn","message":{"errors":[{"field":"username","message":"Username wajib diisi"},{"field":"nama_lengkap","message":"nama lengkap wajib diisi"},{"field":"password","message":"password wajib diisi"},{"field":"role","message":"role wajib diisi"},{"field":"level","message":"Level hanya berisi angka dari 1 - 10"},{"field":"kode_kantor","message":"Level wajib di isi"}]},"method":"POST","msg":"Gagal Menyimpan, Validasi gagal","timestamp":"2026-04-30 12:55:07 +07:00","url":"/api/v1/users/createUser"}
{"ip":"::1","level":"warn","message":{"errors":[{"field":"username","message":"Username wajib diisi"},{"field":"nama_lengkap","message":"nama lengkap wajib diisi"},{"field":"password","message":"password wajib diisi"},{"field":"role","message":"role wajib diisi"},{"field":"level","message":"Level hanya berisi angka dari 1 - 10"},{"field":"kode_kantor","message":"Level wajib di isi"}]},"method":"POST","msg":"Gagal Menyimpan, Validasi gagal","timestamp":"2026-04-30 12:55:45 +07:00","url":"/api/v1/users/createUser"}
{"ip":"::1","level":"warn","message":{"errors":[{"field":"username","message":"Username wajib diisi"},{"field":"nama_lengkap","message":"nama lengkap wajib diisi"},{"field":"password","message":"password wajib diisi"},{"field":"role","message":"role wajib diisi"},{"field":"level","message":"Level hanya berisi angka dari 1 - 10"},{"field":"kode_kantor","message":"Level wajib di isi"}]},"method":"POST","msg":"Gagal Menyimpan, Validasi gagal","timestamp":"2026-04-30 12:57:50 +07:00","url":"/api/v1/users/createUser"}
{"ip":"::1","level":"warn","message":{"errors":[{"field":"username","message":"Username wajib diisi"},{"field":"nama_lengkap","message":"nama lengkap wajib diisi"},{"field":"password","message":"password wajib diisi"},{"field":"role","message":"role wajib diisi"},{"field":"level","message":"Level hanya berisi angka dari 1 - 10"},{"field":"kode_kantor","message":"Level wajib di isi"}]},"method":"POST","msg":"Gagal Menyimpan, Validasi gagal","timestamp":"2026-04-30 12:58:32 +07:00","url":"/api/v1/users/createUser"}
{"ip":"::1","level":"warn","message":{"errors":[{"field":"level","message":"Level hanya berisi angka dari 1 - 10"}]},"method":"POST","msg":"Gagal Menyimpan, Validasi gagal","timestamp":"2026-04-30 12:59:37 +07:00","url":"/api/v1/users/createUser"}
{"ip":"::1","level":"warn","message":{"errors":[{"field":"level","message":"Level hanya berisi angka dari 1 - 10"}]},"method":"POST","msg":"Gagal Menyimpan, Validasi gagal","timestamp":"2026-04-30 13:00:35 +07:00","url":"/api/v1/users/createUser"}
{"ip":"::1","level":"warn","message":{"errors":[{"field":"level","message":"Level hanya berisi angka dari 1 - 10"}]},"method":"POST","msg":"Gagal Menyimpan, Validasi gagal","timestamp":"2026-04-30 13:03:32 +07:00","url":"/api/v1/users/createUser"}
{"ip":"::1","level":"warn","message":{"errors":[{"field":"level","message":"Level hanya berisi angka dari 1 - 10"}]},"method":"POST","msg":"Gagal Menyimpan, Validasi gagal","timestamp":"2026-04-30 13:03:54 +07:00","url":"/api/v1/users/createUser"}
{"ip":"::1","level":"warn","message":{"errors":[{"field":"level","message":"Level hanya berisi angka dari 1 - 10"}]},"method":"POST","msg":"Gagal Menyimpan, Validasi gagal","timestamp":"2026-04-30 13:04:10 +07:00","url":"/api/v1/users/createUser"}
{"ip":"::1","level":"warn","message":{"errors":[{"field":"level","message":"Level hanya berisi angka dari 1 - 10"}]},"method":"POST","msg":"Gagal Menyimpan, Validasi gagal","timestamp":"2026-04-30 13:07:17 +07:00","url":"/api/v1/users/createUser"}
{"ip":"::1","level":"warn","message":{"errors":[{"field":"level","message":"Level hanya berisi angka dari 1 - 10"}]},"method":"POST","msg":"Gagal Menyimpan, Validasi gagal","timestamp":"2026-04-30 13:08:12 +07:00","url":"/api/v1/users/createUser"}
{"ip":"::1","level":"warn","message":{"errors":[{"field":"level","message":"Level hanya berisi angka dari 1 - 10"}]},"method":"POST","msg":"Gagal Menyimpan, Validasi gagal","timestamp":"2026-04-30 13:08:42 +07:00","url":"/api/v1/users/createUser"}
{"ip":"::1","level":"warn","message":{"errors":[{"field":"level","message":"Level hanya berisi angka dari 1 - 10"}]},"method":"POST","msg":"Gagal Menyimpan, Validasi gagal","timestamp":"2026-04-30 13:08:59 +07:00","url":"/api/v1/users/createUser"}
{"ip":"::1","level":"warn","message":{"errors":[{"field":"level","message":"Level hanya berisi angka dari 1 - 10"}]},"method":"POST","msg":"Gagal Menyimpan, Validasi gagal","timestamp":"2026-04-30 13:09:09 +07:00","url":"/api/v1/users/createUser"}
{"ip":"::1","level":"warn","message":{"errors":[{"field":"level","message":"Level hanya berisi angka dari 1 - 10"}]},"method":"POST","msg":"Gagal Menyimpan, Validasi gagal","timestamp":"2026-04-30 13:09:23 +07:00","url":"/api/v1/users/createUser"}
{"ip":"::1","level":"warn","message":{"errors":[{"field":"level","message":"Level hanya berisi angka dari 1 - 10"}]},"method":"POST","msg":"Gagal Menyimpan, Validasi gagal","timestamp":"2026-04-30 13:09:33 +07:00","url":"/api/v1/users/createUser"}
{"ip":"::1","level":"warn","message":{"errors":[{"field":"level","message":"Level hanya berisi angka dari 1 - 10"}]},"method":"POST","msg":"Gagal Menyimpan, Validasi gagal","timestamp":"2026-04-30 13:09:57 +07:00","url":"/api/v1/users/createUser"}
{"ip":"::1","level":"warn","message":{"errors":[{"field":"level","message":"Level hanya berisi angka dari 1 - 10"}]},"method":"POST","msg":"Gagal Menyimpan, Validasi gagal","timestamp":"2026-04-30 13:10:09 +07:00","url":"/api/v1/users/createUser"}
{"ip":"::1","level":"warn","message":{"errors":[{"field":"level","message":"Level hanya berisi angka dari 1 - 10"}]},"method":"POST","msg":"Gagal Menyimpan, Validasi gagal","timestamp":"2026-04-30 13:10:24 +07:00","url":"/api/v1/users/createUser"}
{"ip":"::1","level":"warn","message":{"errors":[{"field":"level","message":"Level hanya berisi angka dari 1 - 10"}]},"method":"POST","msg":"Gagal Menyimpan, Validasi gagal","timestamp":"2026-04-30 13:10:40 +07:00","url":"/api/v1/users/createUser"}
{"ip":"::1","level":"warn","message":{"errors":[{"field":"level","message":"Level hanya berisi angka dari 1 - 10"}]},"method":"POST","msg":"Gagal Menyimpan, Validasi gagal","timestamp":"2026-04-30 13:11:09 +07:00","url":"/api/v1/users/createUser"}
{"ip":"::1","level":"warn","message":{"errors":[{"field":"level","message":"Level hanya berisi angka dari 1 - 10"}]},"method":"POST","msg":"Gagal Menyimpan, Validasi gagal","timestamp":"2026-04-30 13:12:09 +07:00","url":"/api/v1/users/createUser"}
{"ip":"::1","level":"warn","message":{"errors":[{"field":"level","message":"Level hanya berisi angka dari 1 - 10"}]},"method":"POST","msg":"Gagal Menyimpan, Validasi gagal","timestamp":"2026-04-30 13:12:43 +07:00","url":"/api/v1/users/createUser"}
{"ip":"::1","level":"warn","message":{"errors":[{"field":"level","message":"Level hanya berisi angka dari 1 - 10"}]},"method":"POST","msg":"Gagal Menyimpan, Validasi gagal","timestamp":"2026-04-30 13:12:49 +07:00","url":"/api/v1/users/createUser"}
{"ip":"::1","level":"warn","message":{"errors":[{"field":"level","message":"Level hanya berisi angka dari 1 - 10"}]},"method":"POST","msg":"Gagal Menyimpan, Validasi gagal","timestamp":"2026-04-30 13:12:55 +07:00","url":"/api/v1/users/createUser"}
{"ip":"::1","level":"warn","message":{"errors":[{"field":"level","message":"Level hanya berisi angka dari 1 - 10"}]},"method":"POST","msg":"Gagal Menyimpan, Validasi gagal","timestamp":"2026-04-30 13:13:06 +07:00","url":"/api/v1/users/createUser"}
{"ip":"::1","level":"warn","message":{"errors":[{"field":"level","message":"Level hanya berisi angka dari 1 - 10"}]},"method":"POST","msg":"Gagal Menyimpan, Validasi gagal","timestamp":"2026-04-30 13:13:15 +07:00","url":"/api/v1/users/createUser"}
{"ip":"::1","level":"warn","message":{"errors":[{"field":"level","message":"Level hanya berisi angka dari 1 - 10"}]},"method":"POST","msg":"Gagal Menyimpan, Validasi gagal","timestamp":"2026-04-30 13:13:27 +07:00","url":"/api/v1/users/createUser"}
{"ip":"::1","level":"warn","message":{"errors":[{"field":"password","message":"password 8-128 karakter"},{"field":"level","message":"Level hanya berisi angka dari 1 - 10"}]},"method":"POST","msg":"Gagal Menyimpan, Validasi gagal","timestamp":"2026-04-30 13:14:11 +07:00","url":"/api/v1/users/createUser"}
{"ip":"::1","level":"warn","message":{"errors":[{"field":"password","message":"password 8-128 karakter"},{"field":"level","message":"Level hanya berisi angka dari 1 - 10"}]},"method":"POST","msg":"Gagal Menyimpan, Validasi gagal","timestamp":"2026-04-30 13:14:37 +07:00","url":"/api/v1/users/createUser"}
{"ip":"::1","level":"warn","message":{"errors":[{"field":"password","message":"password 8-128 karakter"},{"field":"level","message":"Level hanya berisi angka dari 1 - 10"}]},"method":"POST","msg":"Gagal Menyimpan, Validasi gagal","timestamp":"2026-04-30 13:15:12 +07:00","url":"/api/v1/users/createUser"}
{"ip":"::1","level":"warn","message":{"errors":[{"field":"password","message":"password 8-128 karakter"},{"field":"level","message":"Level hanya berisi angka dari 1 - 10"}]},"method":"POST","msg":"Gagal Menyimpan, Validasi gagal","timestamp":"2026-04-30 13:15:27 +07:00","url":"/api/v1/users/createUser"}
{"ip":"::1","level":"warn","message":{"errors":[{"field":"password","message":"password 8-128 karakter"},{"field":"level","message":"Level hanya berisi angka dari 1 - 10"}]},"method":"POST","msg":"Gagal Menyimpan, Validasi gagal","timestamp":"2026-04-30 13:15:54 +07:00","url":"/api/v1/users/createUser"}
{"ip":"::1","level":"warn","message":{"errors":[{"field":"password","message":"password 8-128 karakter"},{"field":"level","message":"Level hanya berisi angka dari 1 - 10"}]},"method":"POST","msg":"Gagal Menyimpan, Validasi gagal","timestamp":"2026-04-30 13:16:11 +07:00","url":"/api/v1/users/createUser"}
{"ip":"::1","level":"warn","message":{"errors":[{"field":"password","message":"password 8-128 karakter"},{"field":"level","message":"Level hanya berisi angka dari 1 - 10"}]},"method":"POST","msg":"Gagal Menyimpan, Validasi gagal","timestamp":"2026-04-30 13:16:32 +07:00","url":"/api/v1/users/createUser"}
{"ip":"::1","level":"warn","message":{"errors":[{"field":"level","message":"Level hanya berisi angka dari 1 - 10"}]},"method":"POST","msg":"Gagal Menyimpan, Validasi gagal","timestamp":"2026-04-30 13:17:16 +07:00","url":"/api/v1/users/createUser"}
{"ip":"::1","level":"warn","message":{"errors":[{"field":"level","message":"Level hanya berisi angka dari 1 - 10"}]},"method":"POST","msg":"Gagal Menyimpan, Validasi gagal","timestamp":"2026-04-30 13:17:33 +07:00","url":"/api/v1/users/createUser"}
{"ip":"::1","level":"warn","message":{"errors":[{"field":"level","message":"Level hanya berisi angka dari 1 - 10"}]},"method":"POST","msg":"Gagal Menyimpan, Validasi gagal","timestamp":"2026-04-30 13:18:13 +07:00","url":"/api/v1/users/createUser"}
{"ip":"::1","level":"warn","message":{"errors":[{"field":"level","message":"Level hanya berisi angka dari 1 - 10"}]},"method":"POST","msg":"Gagal Menyimpan, Validasi gagal","timestamp":"2026-04-30 13:18:39 +07:00","url":"/api/v1/users/createUser"}
{"ip":"::1","level":"warn","message":{"errors":[{"field":"level","message":"Level hanya berisi angka dari 1 - 10"}]},"method":"POST","msg":"Gagal Menyimpan, Validasi gagal","timestamp":"2026-04-30 13:18:47 +07:00","url":"/api/v1/users/createUser"}
{"ip":"::1","level":"warn","message":{"errors":[{"field":"password","message":"password 8-128 karakter"},{"field":"level","message":"Level hanya berisi angka dari 1 - 10"}]},"method":"POST","msg":"Gagal Menyimpan, Validasi gagal","timestamp":"2026-04-30 13:19:15 +07:00","url":"/api/v1/users/createUser"}
{"ip":"::1","level":"warn","message":{"errors":[{"field":"password","message":"password 8-128 karakter"},{"field":"level","message":"Level hanya berisi angka dari 1 - 10"}]},"method":"POST","msg":"Gagal Menyimpan, Validasi gagal","timestamp":"2026-04-30 13:20:46 +07:00","url":"/api/v1/users/createUser"}
{"ip":"::1","level":"warn","message":{"errors":[{"field":"password","message":"password 8-128 karakter"},{"field":"level","message":"Level hanya berisi angka dari 1 - 10"}]},"method":"POST","msg":"Gagal Menyimpan, Validasi gagal","timestamp":"2026-04-30 13:21:21 +07:00","url":"/api/v1/users/createUser"}
{"ip":"::1","level":"warn","message":{"errors":[{"field":"password","message":"password 8-128 karakter"},{"field":"level","message":"Level hanya berisi angka dari 1 - 10"}]},"method":"POST","msg":"Gagal Menyimpan, Validasi gagal","timestamp":"2026-04-30 13:22:06 +07:00","url":"/api/v1/users/createUser"}
{"ip":"::1","level":"warn","message":{"errors":[{"field":"password","message":"password 8-128 karakter"},{"field":"level","message":"Level hanya berisi angka dari 1 - 10"}]},"method":"POST","msg":"Gagal Menyimpan, Validasi gagal","timestamp":"2026-04-30 13:23:14 +07:00","url":"/api/v1/users/createUser"}
{"ip":"::1","level":"warn","message":{"errors":[{"field":"password","message":"password 8-128 karakter"},{"field":"level","message":"Level hanya berisi angka dari 1 - 10"}]},"method":"POST","msg":"Gagal Menyimpan, Validasi gagal","timestamp":"2026-04-30 13:25:59 +07:00","url":"/api/v1/users/createUser"}
{"ip":"::1","level":"warn","message":{"errors":[{"field":"password","message":"password 8-128 karakter"},{"field":"level","message":"Level hanya berisi angka dari 1 - 10"}]},"method":"POST","msg":"Gagal Menyimpan, Validasi gagal","timestamp":"2026-04-30 13:26:53 +07:00","url":"/api/v1/users/createUser"}
{"ip":"::1","level":"warn","message":{"errors":[{"field":"password","message":"password 8-128 karakter"},{"field":"level","message":"Level hanya berisi angka dari 1 - 10"}]},"method":"POST","msg":"Gagal Menyimpan, Validasi gagal","timestamp":"2026-04-30 13:27:11 +07:00","url":"/api/v1/users/createUser"}
{"ip":"::1","level":"warn","message":{"errors":[{"field":"password","message":"password 8-128 karakter"},{"field":"level","message":"Level hanya berisi angka dari 1 - 10"}]},"method":"POST","msg":"Gagal Menyimpan, Validasi gagal","timestamp":"2026-04-30 13:27:38 +07:00","url":"/api/v1/users/createUser"}
{"ip":"::1","level":"warn","message":{"errors":[{"field":"level","message":"Level hanya berisi angka dari 1 - 10"}]},"method":"POST","msg":"Gagal Menyimpan, Validasi gagal","timestamp":"2026-04-30 13:28:03 +07:00","url":"/api/v1/users/createUser"}
{"ip":"::1","level":"warn","message":{"errors":[{"field":"level","message":"Level hanya berisi angka dari 1 - 10"}]},"method":"POST","msg":"Gagal Menyimpan, Validasi gagal","timestamp":"2026-04-30 13:28:25 +07:00","url":"/api/v1/users/createUser"}
{"ip":"::1","level":"warn","message":{"errors":[{"field":"level","message":"Level hanya berisi angka dari 1 - 10"}]},"method":"POST","msg":"Gagal Menyimpan, Validasi gagal","timestamp":"2026-04-30 13:29:07 +07:00","url":"/api/v1/users/createUser"}
{"ip":"::1","level":"warn","message":{"errors":[{"field":"level","message":"Level hanya berisi angka dari 1 - 10"}]},"method":"POST","msg":"Gagal Menyimpan, Validasi gagal","timestamp":"2026-04-30 13:29:23 +07:00","url":"/api/v1/users/createUser"}
{"ip":"::1","level":"warn","message":{"errors":[{"field":"password","message":"password 8-128 karakter"},{"field":"role","message":"role tidak sesuai"},{"field":"level","message":"Level hanya berisi angka dari 1 - 10"}]},"method":"POST","msg":"Gagal Menyimpan, Validasi gagal","timestamp":"2026-04-30 13:30:00 +07:00","url":"/api/v1/users/createUser"}
{"ip":"::1","level":"warn","message":{"errors":[{"field":"password","message":"password 8-128 karakter"},{"field":"role","message":"role tidak sesuai"},{"field":"level","message":"Level hanya berisi angka dari 1 - 10"}]},"method":"POST","msg":"Gagal Menyimpan, Validasi gagal","timestamp":"2026-04-30 13:30:43 +07:00","url":"/api/v1/users/createUser"}
{"ip":"::1","level":"warn","message":{"errors":[{"field":"password","message":"password 8-128 karakter"},{"field":"role","message":"role tidak sesuai"},{"field":"level","message":"Level hanya berisi angka dari 1 - 10"}]},"method":"POST","msg":"Gagal Menyimpan, Validasi gagal","timestamp":"2026-04-30 13:32:20 +07:00","url":"/api/v1/users/createUser"}
{"ip":"::1","level":"warn","message":{"errors":[{"field":"level","message":"Level hanya berisi angka dari 1 - 10"}]},"method":"POST","msg":"Gagal Menyimpan, Validasi gagal","timestamp":"2026-04-30 13:33:15 +07:00","url":"/api/v1/users/createUser"}
{"ip":"::1","level":"warn","message":{"errors":[{"field":"password","message":"password 8-128 karakter"}]},"method":"POST","msg":"Gagal Menyimpan, Validasi gagal","timestamp":"2026-04-30 13:34:10 +07:00","url":"/api/v1/users/createUser"}
{"ip":"::1","level":"warn","message":{"errors":[{"field":"password","message":"password 8-128 karakter"}]},"method":"POST","msg":"Gagal Menyimpan, Validasi gagal","timestamp":"2026-04-30 13:34:15 +07:00","url":"/api/v1/users/createUser"}
{"ip":"::1","level":"warn","message":{"errors":[{"field":"id","message":"id harus berupa angka"},{"field":"username","message":"username tidak dapat dirubah"},{"field":"password","message":"password 8-128 karakter"},{"field":"","message":"Field tidak di kenal : username"}]},"method":"PUT","msg":"Gagal Menyimpan, Validasi gagal","timestamp":"2026-04-30 13:52:21 +07:00","url":"/api/v1/users/update/$%7Bid%7D"}
{"ip":"::1","level":"warn","message":{"errors":[{"field":"id","message":"id harus berupa angka"},{"field":"username","message":"username tidak dapat dirubah"},{"field":"password","message":"password 8-128 karakter"},{"field":"","message":"Field tidak di kenal : username"}]},"method":"PUT","msg":"Gagal Menyimpan, Validasi gagal","timestamp":"2026-04-30 13:54:10 +07:00","url":"/api/v1/users/update/$%7Bid%7D"}
{"ip":"::1","level":"warn","message":{"errors":[{"field":"username","message":"username tidak dapat dirubah"},{"field":"password","message":"password 8-128 karakter"},{"field":"","message":"Field tidak di kenal : username"}]},"method":"PUT","msg":"Gagal Menyimpan, Validasi gagal","timestamp":"2026-04-30 13:54:56 +07:00","url":"/api/v1/users/update/186"}
{"ip":"::1","level":"warn","message":{"errors":[{"field":"password","message":"password 8-128 karakter"}]},"method":"PUT","msg":"Gagal Menyimpan, Validasi gagal","timestamp":"2026-04-30 13:58:37 +07:00","url":"/api/v1/users/update/186"}
{"ip":"::1","level":"warn","message":{"errors":[{"field":"password","message":"password 8-128 karakter"}]},"method":"PUT","msg":"Gagal Menyimpan, Validasi gagal","timestamp":"2026-04-30 13:59:08 +07:00","url":"/api/v1/users/update/985"}
{"ip":"::1","level":"warn","message":{"errors":[{"field":"password","message":"password 8-128 karakter"}]},"method":"PUT","msg":"Gagal Menyimpan, Validasi gagal","timestamp":"2026-04-30 14:03:00 +07:00","url":"/api/v1/users/update/985"}
{"ip":"::1","level":"warn","message":{},"method":"GET","msg":"Dilarang mengakses halaman ini, authorized only","timestamp":"2026-04-30 14:35:38 +07:00","url":"/api/v1/kunjungan?limit=20&page=1"}
{"ip":"::1","level":"warn","message":{},"method":"GET","msg":"Dilarang mengakses halaman ini, authorized only","timestamp":"2026-04-30 14:35:39 +07:00","url":"/api/v1/users?limit=20&page=1"}
{"ip":"::1","level":"warn","message":{},"method":"GET","msg":"Dilarang mengakses halaman ini, authorized only","timestamp":"2026-04-30 14:35:41 +07:00","url":"/api/v1/kunjungan?limit=20&page=1"}
{"ip":"::1","level":"warn","message":{},"method":"GET","msg":"Dilarang mengakses halaman ini, authorized only","timestamp":"2026-04-30 14:35:42 +07:00","url":"/api/v1/users?limit=20&page=1"}
{"level":"warn","message":{},"msg":"Migrasi table 001_create_users.sql selesai","timestamp":"2026-04-30 14:48:57 +07:00"}
{"level":"warn","message":{},"msg":"Migrasi table 002_create_audit_log.sql selesai","timestamp":"2026-04-30 14:48:57 +07:00"}
{"level":"warn","message":{},"msg":"Migrasi table 003_create_kunjungan_nsb.sql selesai","timestamp":"2026-04-30 14:48:57 +07:00"}
{"level":"warn","message":{},"msg":"Migrasi table 004_alter_kunjungan_tgl_kunjungan_to_date.sql selesai","timestamp":"2026-04-30 14:48:57 +07:00"}
{"level":"warn","message":{},"msg":"Migrasi table 001_create_users.sql selesai","timestamp":"2026-04-30 14:50:14 +07:00"}
{"level":"warn","message":{},"msg":"Migrasi table 002_create_audit_log.sql selesai","timestamp":"2026-04-30 14:50:14 +07:00"}
{"level":"warn","message":{},"msg":"Migrasi table 003_create_kunjungan_nsb.sql selesai","timestamp":"2026-04-30 14:50:14 +07:00"}
{"level":"warn","message":{},"msg":"Migrasi table 004_alter_kunjungan_tgl_kunjungan_to_date.sql selesai","timestamp":"2026-04-30 14:50:14 +07:00"}
{"level":"warn","message":{},"msg":"Migrasi table 001_create_users.sql selesai","timestamp":"2026-04-30 14:50:43 +07:00"}
{"level":"warn","message":{},"msg":"Migrasi table 002_create_audit_log.sql selesai","timestamp":"2026-04-30 14:50:43 +07:00"}
{"level":"warn","message":{},"msg":"Migrasi table 003_create_kunjungan_nsb.sql selesai","timestamp":"2026-04-30 14:50:43 +07:00"}
{"level":"warn","message":{},"msg":"Migrasi table 004_alter_kunjungan_tgl_kunjungan_to_date.sql selesai","timestamp":"2026-04-30 14:50:43 +07:00"}
{"level":"warn","message":{},"msg":"Migrasi table 001_create_users.sql selesai","timestamp":"2026-04-30 14:51:10 +07:00"}
{"level":"warn","message":{},"msg":"Migrasi table 002_create_audit_log.sql selesai","timestamp":"2026-04-30 14:51:10 +07:00"}
{"level":"warn","message":{},"msg":"Migrasi table 003_create_kunjungan_nsb.sql selesai","timestamp":"2026-04-30 14:51:10 +07:00"}
{"level":"warn","message":{},"msg":"Migrasi table 004_alter_kunjungan_tgl_kunjungan_to_date.sql selesai","timestamp":"2026-04-30 14:51:10 +07:00"}
{"level":"warn","message":{},"msg":"Migrasi table 001_create_users.sql selesai","timestamp":"2026-04-30 14:51:49 +07:00"}
{"level":"warn","message":{},"msg":"Migrasi table 002_create_audit_log.sql selesai","timestamp":"2026-04-30 14:51:49 +07:00"}
{"level":"warn","message":{},"msg":"Migrasi table 003_create_kunjungan_nsb.sql selesai","timestamp":"2026-04-30 14:51:49 +07:00"}
{"level":"warn","message":{},"msg":"Migrasi table 004_alter_kunjungan_tgl_kunjungan_to_date.sql selesai","timestamp":"2026-04-30 14:51:49 +07:00"}
{"level":"warn","message":{},"msg":"Migrasi table 001_create_users.sql selesai","timestamp":"2026-04-30 16:21:35 +07:00"}
{"level":"warn","message":{},"msg":"Migrasi table 002_create_audit_log.sql selesai","timestamp":"2026-04-30 16:21:35 +07:00"}
{"level":"warn","message":{},"msg":"Migrasi table 003_create_kunjungan_nsb.sql selesai","timestamp":"2026-04-30 16:21:35 +07:00"}
{"level":"warn","message":{},"msg":"Migrasi table 004_alter_kunjungan_tgl_kunjungan_to_date.sql selesai","timestamp":"2026-04-30 16:21:35 +07:00"}
{"level":"warn","message":{},"msg":"Migrasi table 001_create_users.sql selesai","timestamp":"2026-04-30 16:27:38 +07:00"}
{"level":"warn","message":{},"msg":"Migrasi table 002_create_audit_log.sql selesai","timestamp":"2026-04-30 16:27:38 +07:00"}
{"level":"warn","message":{},"msg":"Migrasi table 003_create_kunjungan_nsb.sql selesai","timestamp":"2026-04-30 16:27:38 +07:00"}
{"level":"warn","message":{},"msg":"Migrasi table 004_alter_kunjungan_tgl_kunjungan_to_date.sql selesai","timestamp":"2026-04-30 16:27:38 +07:00"}
{"level":"warn","message":{},"msg":"Migrasi table 001_create_users.sql selesai","timestamp":"2026-04-30 16:28:27 +07:00"}
{"level":"warn","message":{},"msg":"Migrasi table 002_create_audit_log.sql selesai","timestamp":"2026-04-30 16:28:27 +07:00"}
{"level":"warn","message":{},"msg":"Migrasi table 003_create_kunjungan_nsb.sql selesai","timestamp":"2026-04-30 16:28:27 +07:00"}
{"level":"warn","message":{},"msg":"Migrasi table 004_alter_kunjungan_tgl_kunjungan_to_date.sql selesai","timestamp":"2026-04-30 16:28:27 +07:00"}
{"level":"warn","message":{},"msg":"Migrasi table 001_create_users.sql selesai","timestamp":"2026-04-30 16:28:38 +07:00"}
{"level":"warn","message":{},"msg":"Migrasi table 002_create_audit_log.sql selesai","timestamp":"2026-04-30 16:28:38 +07:00"}
{"level":"warn","message":{},"msg":"Migrasi table 003_create_kunjungan_nsb.sql selesai","timestamp":"2026-04-30 16:28:38 +07:00"}
{"level":"warn","message":{},"msg":"Migrasi table 004_alter_kunjungan_tgl_kunjungan_to_date.sql selesai","timestamp":"2026-04-30 16:28:38 +07:00"}
{"level":"warn","message":{},"msg":"Migrasi table 001_create_users.sql selesai","timestamp":"2026-04-30 16:28:47 +07:00"}
{"level":"warn","message":{},"msg":"Migrasi table 002_create_audit_log.sql selesai","timestamp":"2026-04-30 16:28:47 +07:00"}
{"level":"warn","message":{},"msg":"Migrasi table 003_create_kunjungan_nsb.sql selesai","timestamp":"2026-04-30 16:28:47 +07:00"}
{"level":"warn","message":{},"msg":"Migrasi table 004_alter_kunjungan_tgl_kunjungan_to_date.sql selesai","timestamp":"2026-04-30 16:28:47 +07:00"}
{"level":"warn","message":{},"msg":"Migrasi table 001_create_users.sql selesai","timestamp":"2026-04-30 16:29:00 +07:00"}
{"level":"warn","message":{},"msg":"Migrasi table 002_create_audit_log.sql selesai","timestamp":"2026-04-30 16:29:00 +07:00"}
{"level":"warn","message":{},"msg":"Migrasi table 003_create_kunjungan_nsb.sql selesai","timestamp":"2026-04-30 16:29:00 +07:00"}
{"level":"warn","message":{},"msg":"Migrasi table 004_alter_kunjungan_tgl_kunjungan_to_date.sql selesai","timestamp":"2026-04-30 16:29:00 +07:00"}
{"ip":"::1","level":"error","message":"filter is not defined","method":"GET","msg":"Internal Server Eror, Hubungi Vendor!!","timestamp":"2026-04-30 16:29:12 +07:00","url":"/api/v1/users?limit=20&page=1"}
{"level":"warn","message":{},"msg":"Migrasi table 001_create_users.sql selesai","timestamp":"2026-04-30 16:29:58 +07:00"}
{"level":"warn","message":{},"msg":"Migrasi table 002_create_audit_log.sql selesai","timestamp":"2026-04-30 16:29:58 +07:00"}
{"level":"warn","message":{},"msg":"Migrasi table 003_create_kunjungan_nsb.sql selesai","timestamp":"2026-04-30 16:29:58 +07:00"}
{"level":"warn","message":{},"msg":"Migrasi table 004_alter_kunjungan_tgl_kunjungan_to_date.sql selesai","timestamp":"2026-04-30 16:29:58 +07:00"}
{"level":"warn","message":{},"msg":"Migrasi table 001_create_users.sql selesai","timestamp":"2026-04-30 16:30:07 +07:00"}
{"level":"warn","message":{},"msg":"Migrasi table 002_create_audit_log.sql selesai","timestamp":"2026-04-30 16:30:07 +07:00"}
{"level":"warn","message":{},"msg":"Migrasi table 003_create_kunjungan_nsb.sql selesai","timestamp":"2026-04-30 16:30:07 +07:00"}
{"level":"warn","message":{},"msg":"Migrasi table 004_alter_kunjungan_tgl_kunjungan_to_date.sql selesai","timestamp":"2026-04-30 16:30:07 +07:00"}
{"ip":"::1","level":"error","message":"Assignment to constant variable.","method":"GET","msg":"Internal Server Eror, Hubungi Vendor!!","timestamp":"2026-04-30 16:30:11 +07:00","url":"/api/v1/users?limit=20&page=1"}
{"level":"warn","message":{},"msg":"Migrasi table 001_create_users.sql selesai","timestamp":"2026-04-30 16:31:01 +07:00"}
{"level":"warn","message":{},"msg":"Migrasi table 002_create_audit_log.sql selesai","timestamp":"2026-04-30 16:31:01 +07:00"}
{"level":"warn","message":{},"msg":"Migrasi table 003_create_kunjungan_nsb.sql selesai","timestamp":"2026-04-30 16:31:01 +07:00"}
{"level":"warn","message":{},"msg":"Migrasi table 004_alter_kunjungan_tgl_kunjungan_to_date.sql selesai","timestamp":"2026-04-30 16:31:01 +07:00"}
{"level":"warn","message":{},"msg":"Migrasi table 001_create_users.sql selesai","timestamp":"2026-04-30 16:32:25 +07:00"}
{"level":"warn","message":{},"msg":"Migrasi table 002_create_audit_log.sql selesai","timestamp":"2026-04-30 16:32:25 +07:00"}
{"level":"warn","message":{},"msg":"Migrasi table 003_create_kunjungan_nsb.sql selesai","timestamp":"2026-04-30 16:32:25 +07:00"}
{"level":"warn","message":{},"msg":"Migrasi table 004_alter_kunjungan_tgl_kunjungan_to_date.sql selesai","timestamp":"2026-04-30 16:32:25 +07:00"}
{"ip":"::1","level":"warn","message":{},"method":"GET","msg":"Dilarang mengakses halaman ini, authorized only","timestamp":"2026-04-30 16:35:34 +07:00","url":"/api/v1/users/view/985"}
{"ip":"::1","level":"warn","message":{},"method":"GET","msg":"Dilarang mengakses halaman ini, authorized only","timestamp":"2026-04-30 16:36:26 +07:00","url":"/api/v1/users/view/985"}
{"ip":"::1","level":"warn","message":{},"method":"GET","msg":"Dilarang mengakses halaman ini, authorized only","timestamp":"2026-04-30 16:38:28 +07:00","url":"/api/v1/users/view/985"}
{"ip":"::1","level":"warn","message":{},"method":"GET","msg":"Dilarang mengakses halaman ini, authorized only","timestamp":"2026-04-30 16:38:56 +07:00","url":"/api/v1/users/view/985"}
{"ip":"::1","level":"warn","message":{},"method":"GET","msg":"Dilarang mengakses halaman ini, authorized only","timestamp":"2026-04-30 16:39:56 +07:00","url":"/api/v1/users/view/985"}
{"ip":"::1","level":"warn","message":{},"method":"GET","msg":"Dilarang mengakses halaman ini, authorized only","timestamp":"2026-04-30 16:40:17 +07:00","url":"/api/v1/users/view/985"}
{"ip":"::1","level":"warn","message":{},"method":"GET","msg":"Dilarang mengakses halaman ini, authorized only","timestamp":"2026-04-30 16:41:37 +07:00","url":"/api/v1/users/view/985"}
{"ip":"::1","level":"warn","message":{},"method":"GET","msg":"Dilarang mengakses halaman ini, authorized only","timestamp":"2026-04-30 16:43:08 +07:00","url":"/api/v1/users/view/985"}
{"ip":"::1","level":"warn","message":{"errors":[{"field":"password","message":"password 8-128 karakter"},{"field":"role","message":"role tidak sesuai"},{"field":"level","message":"Level hanya berisi angka dari 1 - 10"}]},"method":"POST","msg":"Gagal Menyimpan, Validasi gagal","timestamp":"2026-04-30 16:43:14 +07:00","url":"/api/v1/users/createUser"}
{"ip":"::1","level":"warn","message":{},"method":"GET","msg":"Dilarang mengakses halaman ini, authorized only","timestamp":"2026-04-30 16:43:20 +07:00","url":"/api/v1/users/view/985"}
{"ip":"::1","level":"warn","message":{},"method":"GET","msg":"Dilarang mengakses halaman ini, authorized only","timestamp":"2026-04-30 16:43:20 +07:00","url":"/api/v1/users/view/985"}
{"ip":"::1","level":"warn","message":{},"method":"GET","msg":"Dilarang mengakses halaman ini, authorized only","timestamp":"2026-04-30 16:43:21 +07:00","url":"/api/v1/users/view/985"}
{"ip":"::1","level":"warn","message":{},"method":"GET","msg":"Dilarang mengakses halaman ini, authorized only","timestamp":"2026-04-30 16:43:34 +07:00","url":"/api/v1/users/view/985"}
{"ip":"::1","level":"warn","message":{},"method":"GET","msg":"Dilarang mengakses halaman ini, authorized only","timestamp":"2026-04-30 16:43:46 +07:00","url":"/api/v1/users/view/985"}
{"ip":"::1","level":"warn","message":{},"method":"GET","msg":"Dilarang mengakses halaman ini, authorized only","timestamp":"2026-04-30 16:43:46 +07:00","url":"/api/v1/users/view/985"}
{"ip":"::1","level":"warn","message":{},"method":"GET","msg":"Dilarang mengakses halaman ini, authorized only","timestamp":"2026-04-30 16:43:47 +07:00","url":"/api/v1/users/view/985"}
{"ip":"::1","level":"warn","message":{},"method":"GET","msg":"Dilarang mengakses halaman ini, authorized only","timestamp":"2026-04-30 16:44:48 +07:00","url":"/api/v1/users/view/985"}
{"ip":"::1","level":"warn","message":{},"method":"GET","msg":"Dilarang mengakses halaman ini, authorized only","timestamp":"2026-04-30 16:44:49 +07:00","url":"/api/v1/users/view/985"}
{"ip":"::1","level":"warn","message":{},"method":"GET","msg":"Dilarang mengakses halaman ini, authorized only","timestamp":"2026-04-30 16:44:49 +07:00","url":"/api/v1/users/view/985"}
{"ip":"::1","level":"warn","message":{},"method":"GET","msg":"Dilarang mengakses halaman ini, authorized only","timestamp":"2026-04-30 16:45:41 +07:00","url":"/api/v1/users/view/985"}
{"ip":"::1","level":"warn","message":{},"method":"GET","msg":"Dilarang mengakses halaman ini, authorized only","timestamp":"2026-04-30 16:45:41 +07:00","url":"/api/v1/users/view/985"}
{"ip":"::1","level":"warn","message":{},"method":"GET","msg":"Dilarang mengakses halaman ini, authorized only","timestamp":"2026-04-30 16:47:40 +07:00","url":"/api/v1/users/view/985"}
{"ip":"::1","level":"warn","message":{},"method":"GET","msg":"Dilarang mengakses halaman ini, authorized only","timestamp":"2026-04-30 16:48:42 +07:00","url":"/api/v1/users/view/985"}
{"ip":"::1","level":"warn","message":{"errors":[{"field":"password","message":"password 8-128 karakter"}]},"method":"PUT","msg":"Gagal Menyimpan, Validasi gagal","timestamp":"2026-04-30 17:28:01 +07:00","url":"/api/v1/users/update/174"}
{"ip":"::1","level":"warn","message":{},"method":"GET","msg":"Routing tidak di temukan","timestamp":"2026-04-30 17:28:18 +07:00","url":"/api/v1/users/update/174"}
{"ip":"::1","level":"warn","message":{"errors":[{"field":"password","message":"password 8-128 karakter"}]},"method":"PUT","msg":"Gagal Menyimpan, Validasi gagal","timestamp":"2026-04-30 17:28:33 +07:00","url":"/api/v1/users/update/174"}
{"ip":"::1","level":"warn","message":{"errors":[{"field":"password","message":"password 8-128 karakter"}]},"method":"PUT","msg":"Gagal Menyimpan, Validasi gagal","timestamp":"2026-04-30 17:29:41 +07:00","url":"/api/v1/users/update/174"}
{"ip":"::1","level":"warn","message":{"errors":[{"field":"password","message":"password 8-128 karakter"}]},"method":"PUT","msg":"Gagal Menyimpan, Validasi gagal","timestamp":"2026-04-30 17:30:00 +07:00","url":"/api/v1/users/update/174"}
{"ip":"::1","level":"warn","message":{"errors":[{"field":"password","message":"password 8-128 karakter"}]},"method":"PUT","msg":"Gagal Menyimpan, Validasi gagal","timestamp":"2026-04-30 17:30:54 +07:00","url":"/api/v1/users/update/174"}
{"ip":"::1","level":"warn","message":{"errors":[{"field":"password","message":"password 8-128 karakter"}]},"method":"PUT","msg":"Gagal Menyimpan, Validasi gagal","timestamp":"2026-04-30 17:31:31 +07:00","url":"/api/v1/users/update/174"}
{"ip":"::1","level":"warn","message":{"errors":[{"field":"password","message":"password 8-128 karakter"}]},"method":"PUT","msg":"Gagal Menyimpan, Validasi gagal","timestamp":"2026-04-30 17:33:01 +07:00","url":"/api/v1/users/update/174"}
{"ip":"::1","level":"warn","message":{"errors":[{"field":"password","message":"password 8-128 karakter"}]},"method":"PUT","msg":"Gagal Menyimpan, Validasi gagal","timestamp":"2026-04-30 17:34:06 +07:00","url":"/api/v1/users/update/174"}
{"ip":"::1","level":"warn","message":{"errors":[{"field":"password","message":"password 8-128 karakter"}]},"method":"PUT","msg":"Gagal Menyimpan, Validasi gagal","timestamp":"2026-04-30 17:35:48 +07:00","url":"/api/v1/users/update/174"}
{"level":"warn","message":{},"msg":"Migrasi table 001_create_users.sql selesai","timestamp":"2026-04-30 17:55:53 +07:00"}
{"level":"warn","message":{},"msg":"Migrasi table 002_create_audit_log.sql selesai","timestamp":"2026-04-30 17:55:53 +07:00"}
{"level":"warn","message":{},"msg":"Migrasi table 003_create_kunjungan_nsb.sql selesai","timestamp":"2026-04-30 17:55:53 +07:00"}
{"level":"warn","message":{},"msg":"Migrasi table 004_alter_kunjungan_tgl_kunjungan_to_date.sql selesai","timestamp":"2026-04-30 17:55:53 +07:00"}
{"level":"warn","message":{},"msg":"Migrasi table 001_create_users.sql selesai","timestamp":"2026-04-30 18:29:49 +07:00"}
{"level":"warn","message":{},"msg":"Migrasi table 002_create_audit_log.sql selesai","timestamp":"2026-04-30 18:29:50 +07:00"}
{"level":"warn","message":{},"msg":"Migrasi table 003_create_kunjungan_nsb.sql selesai","timestamp":"2026-04-30 18:29:50 +07:00"}
{"level":"warn","message":{},"msg":"Migrasi table 004_alter_kunjungan_tgl_kunjungan_to_date.sql selesai","timestamp":"2026-04-30 18:29:50 +07:00"}
