{"ip":"::1","level":"warn","message":{},"method":"GET","msg":"Dilarang mengakses halaman ini, authorized only","timestamp":"2026-03-14 10:01:28 +07:00","url":"/api/v1/users?page=1&limit=100"}
{"ip":"::1","level":"info","message":{},"method":"POST","msg":"Username eko telah login","timestamp":"2026-03-14 10:01:35 +07:00","url":"/api/v1/auth/login"}
{"ip":"::1","level":"info","message":{},"method":"GET","msg":"List user berhasi di ambil","timestamp":"2026-03-14 10:01:42 +07:00","url":"/api/v1/users?page=1&limit=100"}
{"ip":"::1","level":"warn","message":{},"method":"GET","msg":"username ditemukan","timestamp":"2026-03-14 10:07:18 +07:00","url":"/api/v1/users/view/59"}
{"ip":"::1","level":"warn","message":{},"method":"GET","msg":"username ditemukan","timestamp":"2026-03-14 10:07:22 +07:00","url":"/api/v1/users/view/58"}
{"ip":"::1","level":"warn","message":{},"method":"GET","msg":"username ditemukan","timestamp":"2026-03-14 10:07:27 +07:00","url":"/api/v1/users/view/57"}
{"ip":"::1","level":"warn","message":{},"method":"GET","msg":"username ditemukan","timestamp":"2026-03-14 10:07:30 +07:00","url":"/api/v1/users/view/57"}
{"ip":"::1","level":"warn","message":{},"method":"GET","msg":"username ditemukan","timestamp":"2026-03-14 10:08:25 +07:00","url":"/api/v1/users/view/57"}
{"ip":"::1","level":"warn","message":{},"method":"GET","msg":"username ditemukan","timestamp":"2026-03-14 10:08:56 +07:00","url":"/api/v1/users/view/57"}
{"ip":"::1","level":"warn","message":{},"method":"GET","msg":"username ditemukan","timestamp":"2026-03-14 10:09:31 +07:00","url":"/api/v1/users/view/57"}
{"ip":"::1","level":"warn","message":{},"method":"GET","msg":"username aryaPDF ditemukan","timestamp":"2026-03-14 10:10:02 +07:00","url":"/api/v1/users/view/57"}
{"ip":"::1","level":"warn","message":{},"method":"GET","msg":"username Andri ditemukan","timestamp":"2026-03-14 10:10:11 +07:00","url":"/api/v1/users/view/58"}
{"ip":"::1","level":"warn","message":{},"method":"GET","msg":"username eko ditemukan","timestamp":"2026-03-14 10:10:18 +07:00","url":"/api/v1/users/view/59"}
{"level":"warn","message":{},"msg":"Migrasi table 001_create_users.sql selesai","timestamp":"2026-03-14 10:21:55 +07:00"}
{"level":"warn","message":{},"msg":"Migrasi table 001_create_users.sql selesai","timestamp":"2026-03-14 10:21:58 +07:00"}
{"level":"warn","message":{},"msg":"Migrasi table 001_create_users.sql selesai","timestamp":"2026-03-14 10:26:47 +07:00"}
{"level":"warn","message":{},"msg":"Migrasi table 001_create_users.sql selesai","timestamp":"2026-03-14 10:29:49 +07:00"}
{"level":"warn","message":{},"msg":"Migrasi table 002_users_update_at_trigger.sql selesai","timestamp":"2026-03-14 10:29:49 +07:00"}
{"level":"warn","message":{},"msg":"Migrasi table 001_create_users.sql selesai","timestamp":"2026-03-14 10:29:51 +07:00"}
{"level":"warn","message":{},"msg":"Migrasi table 002_users_update_at_trigger.sql selesai","timestamp":"2026-03-14 10:29:51 +07:00"}
{"level":"warn","message":{},"msg":"Migrasi table 001_create_users.sql selesai","timestamp":"2026-03-14 10:30:19 +07:00"}
{"level":"warn","message":{},"msg":"Migrasi table 001_create_users.sql selesai","timestamp":"2026-03-14 10:39:37 +07:00"}
{"level":"warn","message":{},"msg":"Migrasi table 001_create_users.sql selesai","timestamp":"2026-03-14 10:43:10 +07:00"}
{"ip":"::1","level":"warn","message":{},"method":"POST","msg":"Dilarang mengakses halaman ini, authorized only","timestamp":"2026-03-14 10:44:15 +07:00","url":"/api/v1/users/createUser"}
{"ip":"::1","level":"info","message":{},"method":"POST","msg":"Username superadmin telah login","timestamp":"2026-03-14 10:44:28 +07:00","url":"/api/v1/auth/login"}
{"ip":"::1","level":"info","message":{},"method":"POST","msg":"User AryaPDF berhasil dibuat","timestamp":"2026-03-14 10:44:33 +07:00","url":"/api/v1/users/createUser"}
{"ip":"::1","level":"info","message":{},"method":"POST","msg":"User maretknow berhasil dibuat","timestamp":"2026-03-14 10:45:06 +07:00","url":"/api/v1/users/createUser"}
{"level":"warn","message":{},"msg":"Migrasi table 001_create_users.sql selesai","timestamp":"2026-03-14 10:45:08 +07:00"}
{"level":"warn","message":{},"msg":"Migrasi table 001_create_users.sql selesai","timestamp":"2026-03-14 10:45:23 +07:00"}
{"level":"warn","message":{},"msg":"Migrasi table 001_create_users.sql selesai","timestamp":"2026-03-14 10:45:33 +07:00"}
{"level":"warn","message":{},"msg":"Migrasi table 001_create_users.sql selesai","timestamp":"2026-03-14 10:45:38 +07:00"}
{"ip":"::1","level":"warn","message":{"errors":[{"field":"password","message":"password 8-128 karakter"}]},"method":"POST","msg":"Gagal Menyimpan, Validasi gagal","timestamp":"2026-03-14 10:45:50 +07:00","url":"/api/v1/users/createUser"}
{"ip":"::1","level":"info","message":{},"method":"POST","msg":"User andri berhasil dibuat","timestamp":"2026-03-14 10:46:09 +07:00","url":"/api/v1/users/createUser"}
{"ip":"::1","level":"error","message":"Cannot read properties of undefined (reading 'username')","method":"GET","msg":"Internal Server Eror, Hubungi Vendor!!","timestamp":"2026-03-14 10:46:20 +07:00","url":"/api/v1/users/view/59"}
{"level":"warn","message":{},"msg":"Migrasi table 001_create_users.sql selesai","timestamp":"2026-03-14 10:47:18 +07:00"}
{"ip":"::1","level":"warn","message":{},"method":"GET","msg":"username tidak ditemukan","timestamp":"2026-03-14 10:47:20 +07:00","url":"/api/v1/users/view/59"}
{"ip":"::1","level":"warn","message":{},"method":"GET","msg":"username superadmin ditemukan","timestamp":"2026-03-14 10:47:36 +07:00","url":"/api/v1/users/view/1"}
{"ip":"::1","level":"warn","message":{},"method":"GET","msg":"username superadmin ditemukan","timestamp":"2026-03-14 10:47:46 +07:00","url":"/api/v1/users/view/1"}
{"ip":"::1","level":"warn","message":{},"method":"GET","msg":"username tidak ditemukan","timestamp":"2026-03-14 10:47:51 +07:00","url":"/api/v1/users/view/59"}
{"ip":"::1","level":"info","message":{},"method":"GET","msg":"List user berhasi di ambil","timestamp":"2026-03-14 10:48:06 +07:00","url":"/api/v1/users?page=1&limit=100"}
{"level":"warn","message":{},"msg":"Migrasi table 001_create_users.sql selesai","timestamp":"2026-03-14 10:49:57 +07:00"}
{"level":"warn","message":{},"msg":"Migrasi table 001_create_users.sql selesai","timestamp":"2026-03-14 10:50:05 +07:00"}
{"level":"warn","message":{},"msg":"Migrasi table 001_create_users.sql selesai","timestamp":"2026-03-14 10:50:14 +07:00"}
{"level":"warn","message":{},"msg":"Migrasi table 001_create_users.sql selesai","timestamp":"2026-03-14 10:50:27 +07:00"}
{"level":"warn","message":{},"msg":"Migrasi table 001_create_users.sql selesai","timestamp":"2026-03-14 11:33:07 +07:00"}
{"level":"warn","message":{},"msg":"Migrasi table 001_create_users.sql selesai","timestamp":"2026-03-14 11:38:24 +07:00"}
{"level":"warn","message":{},"msg":"Migrasi table 001_create_users.sql selesai","timestamp":"2026-03-14 11:39:22 +07:00"}
{"level":"warn","message":{},"msg":"Migrasi table 001_create_users.sql selesai","timestamp":"2026-03-14 11:39:30 +07:00"}
{"level":"warn","message":{},"msg":"Migrasi table 001_create_users.sql selesai","timestamp":"2026-03-14 11:40:26 +07:00"}
{"level":"warn","message":{},"msg":"Migrasi table 001_create_users.sql selesai","timestamp":"2026-03-14 11:40:28 +07:00"}
{"ip":"::1","level":"warn","message":{},"method":"GET","msg":"Dilarang mengakses halaman ini, authorized only","timestamp":"2026-03-14 11:41:22 +07:00","url":"/api/v1/users?page=1&limit=100"}
{"ip":"::1","level":"info","message":{},"method":"POST","msg":"Username superadmin telah login","timestamp":"2026-03-14 11:41:27 +07:00","url":"/api/v1/auth/login"}
{"ip":"::1","level":"info","message":{},"method":"GET","msg":"List user berhasi di ambil","timestamp":"2026-03-14 11:41:33 +07:00","url":"/api/v1/users?page=1&limit=100"}
{"ip":"::1","level":"error","message":"updates is not defined","method":"PUT","msg":"Internal Server Eror, Hubungi Vendor!!","timestamp":"2026-03-14 11:42:19 +07:00","url":"/api/v1/users/update/2"}
{"level":"warn","message":{},"msg":"Migrasi table 001_create_users.sql selesai","timestamp":"2026-03-14 11:42:34 +07:00"}
{"level":"warn","message":{},"msg":"Migrasi table 001_create_users.sql selesai","timestamp":"2026-03-14 11:42:45 +07:00"}
{"level":"warn","message":{},"msg":"Migrasi table 001_create_users.sql selesai","timestamp":"2026-03-14 11:45:30 +07:00"}
{"level":"warn","message":{},"msg":"Migrasi table 001_create_users.sql selesai","timestamp":"2026-03-14 11:45:32 +07:00"}
{"level":"warn","message":{},"msg":"Migrasi table 001_create_users.sql selesai","timestamp":"2026-03-14 11:47:07 +07:00"}
{"level":"warn","message":{},"msg":"Migrasi table 001_create_users.sql selesai","timestamp":"2026-03-14 12:00:07 +07:00"}
{"level":"warn","message":{},"msg":"Migrasi table 001_create_users.sql selesai","timestamp":"2026-03-14 12:00:25 +07:00"}
{"level":"warn","message":{},"msg":"Migrasi table 001_create_users.sql selesai","timestamp":"2026-03-14 12:02:56 +07:00"}
{"ip":"::1","level":"warn","message":{},"method":"PUT","msg":"perubahan status hanya boleh dilakukan oleh otorisator dan super admin","timestamp":"2026-03-14 12:03:23 +07:00","url":"/api/v1/users/update/2"}
{"ip":"::1","level":"info","message":{},"method":"GET","msg":"Data session superadmin berhasil di ambil","timestamp":"2026-03-14 12:03:36 +07:00","url":"/api/v1/auth/"}
{"ip":"::1","level":"warn","message":{},"method":"PUT","msg":"perubahan status hanya boleh dilakukan oleh otorisator dan super admin","timestamp":"2026-03-14 12:03:44 +07:00","url":"/api/v1/users/update/2"}
{"ip":"::1","level":"info","message":{},"method":"GET","msg":"Data session superadmin berhasil di ambil","timestamp":"2026-03-14 12:03:54 +07:00","url":"/api/v1/auth/"}
{"ip":"::1","level":"warn","message":{},"method":"PUT","msg":"perubahan status hanya boleh dilakukan oleh otorisator dan super admin","timestamp":"2026-03-14 12:04:18 +07:00","url":"/api/v1/users/update/2"}
{"ip":"::1","level":"warn","message":{},"method":"PUT","msg":"perubahan status hanya boleh dilakukan oleh otorisator dan super admin","timestamp":"2026-03-14 12:05:48 +07:00","url":"/api/v1/users/update/2"}
{"ip":"::1","level":"warn","message":{},"method":"GET","msg":"username AryaPDF ditemukan","timestamp":"2026-03-14 12:06:22 +07:00","url":"/api/v1/users/view/2"}
{"ip":"::1","level":"warn","message":{},"method":"GET","msg":"username maretknow ditemukan","timestamp":"2026-03-14 12:06:26 +07:00","url":"/api/v1/users/view/3"}
{"ip":"::1","level":"warn","message":{},"method":"PUT","msg":"perubahan status hanya boleh dilakukan oleh otorisator dan super admin","timestamp":"2026-03-14 12:06:36 +07:00","url":"/api/v1/users/update/3"}
{"ip":"::1","level":"warn","message":{},"method":"PUT","msg":"perubahan status hanya boleh dilakukan oleh otorisator dan super admin","timestamp":"2026-03-14 12:07:19 +07:00","url":"/api/v1/users/update/3"}
{"level":"warn","message":{},"msg":"Migrasi table 001_create_users.sql selesai","timestamp":"2026-03-14 12:07:31 +07:00"}
{"ip":"::1","level":"warn","message":{},"method":"PUT","msg":"perubahan staus hanya boleh aktif, non-aktif ,pending","timestamp":"2026-03-14 12:07:34 +07:00","url":"/api/v1/users/update/3"}
{"level":"warn","message":{},"msg":"Migrasi table 001_create_users.sql selesai","timestamp":"2026-03-14 12:08:08 +07:00"}
{"ip":"::1","level":"info","message":{},"method":"GET","msg":"Data session superadmin berhasil di ambil","timestamp":"2026-03-14 12:08:19 +07:00","url":"/api/v1/auth/"}
{"ip":"::1","level":"warn","message":{},"method":"PUT","msg":"perubahan status hanya boleh dilakukan oleh otorisator dan super admin","timestamp":"2026-03-14 12:08:24 +07:00","url":"/api/v1/users/update/3"}
{"level":"warn","message":{},"msg":"Migrasi table 001_create_users.sql selesai","timestamp":"2026-03-14 12:09:01 +07:00"}
