{"level":"warn","message":{},"msg":"Migrasi table 001_create_users.sql selesai","timestamp":"2026-04-22 09:16:54 +07:00"}
{"level":"warn","message":{},"msg":"Migrasi table 002_create_audit_log.sql selesai","timestamp":"2026-04-22 09:16:54 +07:00"}
{"level":"warn","message":{},"msg":"Migrasi table 003_create_kunjungan_nsb.sql selesai","timestamp":"2026-04-22 09:16:54 +07:00"}
{"level":"warn","message":{},"msg":"Migrasi table 001_create_users.sql selesai","timestamp":"2026-04-22 10:18:26 +07:00"}
{"level":"warn","message":{},"msg":"Migrasi table 002_create_audit_log.sql selesai","timestamp":"2026-04-22 10:18:26 +07:00"}
{"level":"warn","message":{},"msg":"Migrasi table 003_create_kunjungan_nsb.sql selesai","timestamp":"2026-04-22 10:18:26 +07:00"}
{"level":"warn","message":{},"msg":"Migrasi table 004_alter_kunjungan_tgl_kunjungan_to_date.sql selesai","timestamp":"2026-04-22 10:18:26 +07:00"}
{"level":"warn","message":{},"msg":"Migrasi table 001_create_users.sql selesai","timestamp":"2026-04-22 10:18:34 +07:00"}
{"level":"warn","message":{},"msg":"Migrasi table 002_create_audit_log.sql selesai","timestamp":"2026-04-22 10:18:34 +07:00"}
{"level":"warn","message":{},"msg":"Migrasi table 003_create_kunjungan_nsb.sql selesai","timestamp":"2026-04-22 10:18:34 +07:00"}
{"level":"warn","message":{},"msg":"Migrasi table 004_alter_kunjungan_tgl_kunjungan_to_date.sql selesai","timestamp":"2026-04-22 10:18:34 +07:00"}
{"level":"warn","message":{},"msg":"Migrasi table 001_create_users.sql selesai","timestamp":"2026-04-22 10:24:01 +07:00"}
{"level":"warn","message":{},"msg":"Migrasi table 002_create_audit_log.sql selesai","timestamp":"2026-04-22 10:24:01 +07:00"}
{"level":"warn","message":{},"msg":"Migrasi table 003_create_kunjungan_nsb.sql selesai","timestamp":"2026-04-22 10:24:01 +07:00"}
{"level":"warn","message":{},"msg":"Migrasi table 004_alter_kunjungan_tgl_kunjungan_to_date.sql selesai","timestamp":"2026-04-22 10:24:01 +07:00"}
{"ip":"::1","level":"warn","message":{},"method":"GET","msg":"Dilarang mengakses halaman ini, authorized only","timestamp":"2026-04-22 10:29:28 +07:00","url":"/api/v1/kunjungan?limit=20&page=1"}
{"ip":"::1","level":"warn","message":{},"method":"GET","msg":"Dilarang mengakses halaman ini, authorized only","timestamp":"2026-04-22 10:29:33 +07:00","url":"/api/v1/kunjungan?limit=20&page=1"}
{"level":"warn","message":{},"msg":"Migrasi table 001_create_users.sql selesai","timestamp":"2026-04-22 10:29:52 +07:00"}
{"level":"warn","message":{},"msg":"Migrasi table 002_create_audit_log.sql selesai","timestamp":"2026-04-22 10:29:52 +07:00"}
{"level":"warn","message":{},"msg":"Migrasi table 003_create_kunjungan_nsb.sql selesai","timestamp":"2026-04-22 10:29:52 +07:00"}
{"level":"warn","message":{},"msg":"Migrasi table 004_alter_kunjungan_tgl_kunjungan_to_date.sql selesai","timestamp":"2026-04-22 10:29:52 +07:00"}
{"level":"warn","message":{},"msg":"Migrasi table 001_create_users.sql selesai","timestamp":"2026-04-22 10:30:14 +07:00"}
{"level":"warn","message":{},"msg":"Migrasi table 002_create_audit_log.sql selesai","timestamp":"2026-04-22 10:30:14 +07:00"}
{"level":"warn","message":{},"msg":"Migrasi table 003_create_kunjungan_nsb.sql selesai","timestamp":"2026-04-22 10:30:14 +07:00"}
{"level":"warn","message":{},"msg":"Migrasi table 004_alter_kunjungan_tgl_kunjungan_to_date.sql selesai","timestamp":"2026-04-22 10:30:14 +07:00"}
{"level":"warn","message":{},"msg":"Migrasi table 001_create_users.sql selesai","timestamp":"2026-04-22 10:31:18 +07:00"}
{"level":"warn","message":{},"msg":"Migrasi table 002_create_audit_log.sql selesai","timestamp":"2026-04-22 10:31:18 +07:00"}
{"level":"warn","message":{},"msg":"Migrasi table 003_create_kunjungan_nsb.sql selesai","timestamp":"2026-04-22 10:31:18 +07:00"}
{"level":"warn","message":{},"msg":"Migrasi table 004_alter_kunjungan_tgl_kunjungan_to_date.sql selesai","timestamp":"2026-04-22 10:31:18 +07:00"}
{"level":"warn","message":{},"msg":"Migrasi table 001_create_users.sql selesai","timestamp":"2026-04-22 10:34:31 +07:00"}
{"level":"warn","message":{},"msg":"Migrasi table 002_create_audit_log.sql selesai","timestamp":"2026-04-22 10:34:31 +07:00"}
{"level":"warn","message":{},"msg":"Migrasi table 003_create_kunjungan_nsb.sql selesai","timestamp":"2026-04-22 10:34:31 +07:00"}
{"level":"warn","message":{},"msg":"Migrasi table 004_alter_kunjungan_tgl_kunjungan_to_date.sql selesai","timestamp":"2026-04-22 10:34:31 +07:00"}
{"level":"warn","message":{},"msg":"Migrasi table 001_create_users.sql selesai","timestamp":"2026-04-22 10:40:48 +07:00"}
{"level":"warn","message":{},"msg":"Migrasi table 002_create_audit_log.sql selesai","timestamp":"2026-04-22 10:40:48 +07:00"}
{"level":"warn","message":{},"msg":"Migrasi table 003_create_kunjungan_nsb.sql selesai","timestamp":"2026-04-22 10:40:48 +07:00"}
{"level":"warn","message":{},"msg":"Migrasi table 004_alter_kunjungan_tgl_kunjungan_to_date.sql selesai","timestamp":"2026-04-22 10:40:48 +07:00"}
{"level":"warn","message":{},"msg":"Migrasi table 001_create_users.sql selesai","timestamp":"2026-04-22 10:40:55 +07:00"}
{"level":"warn","message":{},"msg":"Migrasi table 002_create_audit_log.sql selesai","timestamp":"2026-04-22 10:40:55 +07:00"}
{"level":"warn","message":{},"msg":"Migrasi table 003_create_kunjungan_nsb.sql selesai","timestamp":"2026-04-22 10:40:55 +07:00"}
{"level":"warn","message":{},"msg":"Migrasi table 004_alter_kunjungan_tgl_kunjungan_to_date.sql selesai","timestamp":"2026-04-22 10:40:55 +07:00"}
{"level":"warn","message":{},"msg":"Migrasi table 001_create_users.sql selesai","timestamp":"2026-04-22 10:40:56 +07:00"}
{"level":"warn","message":{},"msg":"Migrasi table 002_create_audit_log.sql selesai","timestamp":"2026-04-22 10:40:56 +07:00"}
{"level":"warn","message":{},"msg":"Migrasi table 003_create_kunjungan_nsb.sql selesai","timestamp":"2026-04-22 10:40:56 +07:00"}
{"level":"warn","message":{},"msg":"Migrasi table 004_alter_kunjungan_tgl_kunjungan_to_date.sql selesai","timestamp":"2026-04-22 10:40:56 +07:00"}
{"level":"warn","message":{},"msg":"Migrasi table 001_create_users.sql selesai","timestamp":"2026-04-22 10:41:54 +07:00"}
{"level":"warn","message":{},"msg":"Migrasi table 002_create_audit_log.sql selesai","timestamp":"2026-04-22 10:41:54 +07:00"}
{"level":"warn","message":{},"msg":"Migrasi table 003_create_kunjungan_nsb.sql selesai","timestamp":"2026-04-22 10:41:54 +07:00"}
{"level":"warn","message":{},"msg":"Migrasi table 004_alter_kunjungan_tgl_kunjungan_to_date.sql selesai","timestamp":"2026-04-22 10:41:54 +07:00"}
{"level":"warn","message":{},"msg":"Migrasi table 001_create_users.sql selesai","timestamp":"2026-04-22 10:41:57 +07:00"}
{"level":"warn","message":{},"msg":"Migrasi table 002_create_audit_log.sql selesai","timestamp":"2026-04-22 10:41:57 +07:00"}
{"level":"warn","message":{},"msg":"Migrasi table 003_create_kunjungan_nsb.sql selesai","timestamp":"2026-04-22 10:41:57 +07:00"}
{"level":"warn","message":{},"msg":"Migrasi table 004_alter_kunjungan_tgl_kunjungan_to_date.sql selesai","timestamp":"2026-04-22 10:41:57 +07:00"}
{"level":"warn","message":{},"msg":"Migrasi table 001_create_users.sql selesai","timestamp":"2026-04-22 10:42:47 +07:00"}
{"level":"warn","message":{},"msg":"Migrasi table 002_create_audit_log.sql selesai","timestamp":"2026-04-22 10:42:47 +07:00"}
{"level":"warn","message":{},"msg":"Migrasi table 003_create_kunjungan_nsb.sql selesai","timestamp":"2026-04-22 10:42:47 +07:00"}
{"level":"warn","message":{},"msg":"Migrasi table 004_alter_kunjungan_tgl_kunjungan_to_date.sql selesai","timestamp":"2026-04-22 10:42:47 +07:00"}
{"level":"warn","message":{},"msg":"Migrasi table 001_create_users.sql selesai","timestamp":"2026-04-22 10:43:40 +07:00"}
{"level":"warn","message":{},"msg":"Migrasi table 002_create_audit_log.sql selesai","timestamp":"2026-04-22 10:43:40 +07:00"}
{"level":"warn","message":{},"msg":"Migrasi table 003_create_kunjungan_nsb.sql selesai","timestamp":"2026-04-22 10:43:40 +07:00"}
{"level":"warn","message":{},"msg":"Migrasi table 004_alter_kunjungan_tgl_kunjungan_to_date.sql selesai","timestamp":"2026-04-22 10:43:40 +07:00"}
{"level":"warn","message":{},"msg":"Migrasi table 001_create_users.sql selesai","timestamp":"2026-04-22 10:46:54 +07:00"}
{"level":"warn","message":{},"msg":"Migrasi table 002_create_audit_log.sql selesai","timestamp":"2026-04-22 10:46:54 +07:00"}
{"level":"warn","message":{},"msg":"Migrasi table 003_create_kunjungan_nsb.sql selesai","timestamp":"2026-04-22 10:46:54 +07:00"}
{"level":"warn","message":{},"msg":"Migrasi table 004_alter_kunjungan_tgl_kunjungan_to_date.sql selesai","timestamp":"2026-04-22 10:46:54 +07:00"}
{"level":"warn","message":{},"msg":"Migrasi table 001_create_users.sql selesai","timestamp":"2026-04-22 10:57:48 +07:00"}
{"level":"warn","message":{},"msg":"Migrasi table 002_create_audit_log.sql selesai","timestamp":"2026-04-22 10:57:48 +07:00"}
{"level":"warn","message":{},"msg":"Migrasi table 003_create_kunjungan_nsb.sql selesai","timestamp":"2026-04-22 10:57:48 +07:00"}
{"level":"warn","message":{},"msg":"Migrasi table 004_alter_kunjungan_tgl_kunjungan_to_date.sql selesai","timestamp":"2026-04-22 10:57:48 +07:00"}
{"level":"warn","message":{},"msg":"Migrasi table 001_create_users.sql selesai","timestamp":"2026-04-22 11:01:15 +07:00"}
{"level":"warn","message":{},"msg":"Migrasi table 002_create_audit_log.sql selesai","timestamp":"2026-04-22 11:01:15 +07:00"}
{"level":"warn","message":{},"msg":"Migrasi table 003_create_kunjungan_nsb.sql selesai","timestamp":"2026-04-22 11:01:15 +07:00"}
{"level":"warn","message":{},"msg":"Migrasi table 004_alter_kunjungan_tgl_kunjungan_to_date.sql selesai","timestamp":"2026-04-22 11:01:15 +07:00"}
{"level":"warn","message":{},"msg":"Migrasi table 001_create_users.sql selesai","timestamp":"2026-04-22 11:01:35 +07:00"}
{"level":"warn","message":{},"msg":"Migrasi table 002_create_audit_log.sql selesai","timestamp":"2026-04-22 11:01:35 +07:00"}
{"level":"warn","message":{},"msg":"Migrasi table 003_create_kunjungan_nsb.sql selesai","timestamp":"2026-04-22 11:01:35 +07:00"}
{"level":"warn","message":{},"msg":"Migrasi table 004_alter_kunjungan_tgl_kunjungan_to_date.sql selesai","timestamp":"2026-04-22 11:01:35 +07:00"}
{"level":"warn","message":{},"msg":"Migrasi table 001_create_users.sql selesai","timestamp":"2026-04-22 11:02:57 +07:00"}
{"level":"warn","message":{},"msg":"Migrasi table 002_create_audit_log.sql selesai","timestamp":"2026-04-22 11:02:57 +07:00"}
{"level":"warn","message":{},"msg":"Migrasi table 003_create_kunjungan_nsb.sql selesai","timestamp":"2026-04-22 11:02:57 +07:00"}
{"level":"warn","message":{},"msg":"Migrasi table 004_alter_kunjungan_tgl_kunjungan_to_date.sql selesai","timestamp":"2026-04-22 11:02:57 +07:00"}
{"level":"warn","message":{},"msg":"Migrasi table 001_create_users.sql selesai","timestamp":"2026-04-22 11:03:34 +07:00"}
{"level":"warn","message":{},"msg":"Migrasi table 002_create_audit_log.sql selesai","timestamp":"2026-04-22 11:03:34 +07:00"}
{"level":"warn","message":{},"msg":"Migrasi table 003_create_kunjungan_nsb.sql selesai","timestamp":"2026-04-22 11:03:34 +07:00"}
{"level":"warn","message":{},"msg":"Migrasi table 004_alter_kunjungan_tgl_kunjungan_to_date.sql selesai","timestamp":"2026-04-22 11:03:34 +07:00"}
{"level":"warn","message":{},"msg":"Migrasi table 001_create_users.sql selesai","timestamp":"2026-04-22 11:05:20 +07:00"}
{"level":"warn","message":{},"msg":"Migrasi table 002_create_audit_log.sql selesai","timestamp":"2026-04-22 11:05:20 +07:00"}
{"level":"warn","message":{},"msg":"Migrasi table 003_create_kunjungan_nsb.sql selesai","timestamp":"2026-04-22 11:05:20 +07:00"}
{"level":"warn","message":{},"msg":"Migrasi table 004_alter_kunjungan_tgl_kunjungan_to_date.sql selesai","timestamp":"2026-04-22 11:05:20 +07:00"}
{"level":"warn","message":{},"msg":"Migrasi table 001_create_users.sql selesai","timestamp":"2026-04-22 11:05:29 +07:00"}
{"level":"warn","message":{},"msg":"Migrasi table 002_create_audit_log.sql selesai","timestamp":"2026-04-22 11:05:29 +07:00"}
{"level":"warn","message":{},"msg":"Migrasi table 003_create_kunjungan_nsb.sql selesai","timestamp":"2026-04-22 11:05:29 +07:00"}
{"level":"warn","message":{},"msg":"Migrasi table 004_alter_kunjungan_tgl_kunjungan_to_date.sql selesai","timestamp":"2026-04-22 11:05:29 +07:00"}
{"level":"warn","message":{},"msg":"Migrasi table 001_create_users.sql selesai","timestamp":"2026-04-22 11:19:29 +07:00"}
{"level":"warn","message":{},"msg":"Migrasi table 002_create_audit_log.sql selesai","timestamp":"2026-04-22 11:19:29 +07:00"}
{"level":"warn","message":{},"msg":"Migrasi table 003_create_kunjungan_nsb.sql selesai","timestamp":"2026-04-22 11:19:29 +07:00"}
{"level":"warn","message":{},"msg":"Migrasi table 004_alter_kunjungan_tgl_kunjungan_to_date.sql selesai","timestamp":"2026-04-22 11:19:29 +07:00"}
{"level":"warn","message":{},"msg":"Migrasi table 001_create_users.sql selesai","timestamp":"2026-04-22 11:20:03 +07:00"}
{"level":"warn","message":{},"msg":"Migrasi table 002_create_audit_log.sql selesai","timestamp":"2026-04-22 11:20:03 +07:00"}
{"level":"warn","message":{},"msg":"Migrasi table 003_create_kunjungan_nsb.sql selesai","timestamp":"2026-04-22 11:20:03 +07:00"}
{"level":"warn","message":{},"msg":"Migrasi table 004_alter_kunjungan_tgl_kunjungan_to_date.sql selesai","timestamp":"2026-04-22 11:20:03 +07:00"}
{"level":"warn","message":{},"msg":"Migrasi table 001_create_users.sql selesai","timestamp":"2026-04-22 11:20:13 +07:00"}
{"level":"warn","message":{},"msg":"Migrasi table 002_create_audit_log.sql selesai","timestamp":"2026-04-22 11:20:13 +07:00"}
{"level":"warn","message":{},"msg":"Migrasi table 003_create_kunjungan_nsb.sql selesai","timestamp":"2026-04-22 11:20:13 +07:00"}
{"level":"warn","message":{},"msg":"Migrasi table 004_alter_kunjungan_tgl_kunjungan_to_date.sql selesai","timestamp":"2026-04-22 11:20:13 +07:00"}
{"level":"warn","message":{},"msg":"Migrasi table 001_create_users.sql selesai","timestamp":"2026-04-22 11:20:25 +07:00"}
{"level":"warn","message":{},"msg":"Migrasi table 002_create_audit_log.sql selesai","timestamp":"2026-04-22 11:20:25 +07:00"}
{"level":"warn","message":{},"msg":"Migrasi table 003_create_kunjungan_nsb.sql selesai","timestamp":"2026-04-22 11:20:25 +07:00"}
{"level":"warn","message":{},"msg":"Migrasi table 004_alter_kunjungan_tgl_kunjungan_to_date.sql selesai","timestamp":"2026-04-22 11:20:25 +07:00"}
{"level":"warn","message":{},"msg":"Migrasi table 001_create_users.sql selesai","timestamp":"2026-04-22 11:20:29 +07:00"}
{"level":"warn","message":{},"msg":"Migrasi table 002_create_audit_log.sql selesai","timestamp":"2026-04-22 11:20:29 +07:00"}
{"level":"warn","message":{},"msg":"Migrasi table 003_create_kunjungan_nsb.sql selesai","timestamp":"2026-04-22 11:20:29 +07:00"}
{"level":"warn","message":{},"msg":"Migrasi table 004_alter_kunjungan_tgl_kunjungan_to_date.sql selesai","timestamp":"2026-04-22 11:20:29 +07:00"}
{"ip":"::1","level":"warn","message":{},"method":"GET","msg":"Dilarang mengakses halaman ini, authorized only","timestamp":"2026-04-22 11:20:57 +07:00","url":"/api/v1/kunjungan?limit=100&page=1"}
{"ip":"::1","level":"error","message":"ap_username is not defined","method":"GET","msg":"Internal Server Eror, Hubungi Vendor!!","timestamp":"2026-04-22 11:21:12 +07:00","url":"/api/v1/kunjungan?limit=100&page=1"}
{"level":"warn","message":{},"msg":"Migrasi table 001_create_users.sql selesai","timestamp":"2026-04-22 11:21:51 +07:00"}
{"level":"warn","message":{},"msg":"Migrasi table 002_create_audit_log.sql selesai","timestamp":"2026-04-22 11:21:51 +07:00"}
{"level":"warn","message":{},"msg":"Migrasi table 003_create_kunjungan_nsb.sql selesai","timestamp":"2026-04-22 11:21:51 +07:00"}
{"level":"warn","message":{},"msg":"Migrasi table 004_alter_kunjungan_tgl_kunjungan_to_date.sql selesai","timestamp":"2026-04-22 11:21:51 +07:00"}
{"ip":"::1","level":"error","message":"total_pages is not defined","method":"GET","msg":"Internal Server Eror, Hubungi Vendor!!","timestamp":"2026-04-22 11:21:54 +07:00","url":"/api/v1/kunjungan?limit=100&page=1"}
{"ip":"::1","level":"error","message":"total_pages is not defined","method":"GET","msg":"Internal Server Eror, Hubungi Vendor!!","timestamp":"2026-04-22 11:23:03 +07:00","url":"/api/v1/kunjungan?limit=100&page=1"}
{"level":"warn","message":{},"msg":"Migrasi table 001_create_users.sql selesai","timestamp":"2026-04-22 11:23:28 +07:00"}
{"level":"warn","message":{},"msg":"Migrasi table 002_create_audit_log.sql selesai","timestamp":"2026-04-22 11:23:28 +07:00"}
{"level":"warn","message":{},"msg":"Migrasi table 003_create_kunjungan_nsb.sql selesai","timestamp":"2026-04-22 11:23:28 +07:00"}
{"level":"warn","message":{},"msg":"Migrasi table 004_alter_kunjungan_tgl_kunjungan_to_date.sql selesai","timestamp":"2026-04-22 11:23:28 +07:00"}
{"ip":"::1","level":"warn","message":{},"method":"GET","msg":"Dilarang mengakses halaman ini, authorized only","timestamp":"2026-04-22 11:25:23 +07:00","url":"/api/v1/kunjungan?limit=20&page=1"}
{"level":"warn","message":{},"msg":"Migrasi table 001_create_users.sql selesai","timestamp":"2026-04-22 11:26:29 +07:00"}
{"level":"warn","message":{},"msg":"Migrasi table 002_create_audit_log.sql selesai","timestamp":"2026-04-22 11:26:29 +07:00"}
{"level":"warn","message":{},"msg":"Migrasi table 003_create_kunjungan_nsb.sql selesai","timestamp":"2026-04-22 11:26:29 +07:00"}
{"level":"warn","message":{},"msg":"Migrasi table 004_alter_kunjungan_tgl_kunjungan_to_date.sql selesai","timestamp":"2026-04-22 11:26:29 +07:00"}
{"level":"warn","message":{},"msg":"Migrasi table 001_create_users.sql selesai","timestamp":"2026-04-22 11:26:42 +07:00"}
{"level":"warn","message":{},"msg":"Migrasi table 002_create_audit_log.sql selesai","timestamp":"2026-04-22 11:26:42 +07:00"}
{"level":"warn","message":{},"msg":"Migrasi table 003_create_kunjungan_nsb.sql selesai","timestamp":"2026-04-22 11:26:42 +07:00"}
{"level":"warn","message":{},"msg":"Migrasi table 004_alter_kunjungan_tgl_kunjungan_to_date.sql selesai","timestamp":"2026-04-22 11:26:42 +07:00"}
{"level":"warn","message":{},"msg":"Migrasi table 001_create_users.sql selesai","timestamp":"2026-04-22 11:27:56 +07:00"}
{"level":"warn","message":{},"msg":"Migrasi table 002_create_audit_log.sql selesai","timestamp":"2026-04-22 11:27:56 +07:00"}
{"level":"warn","message":{},"msg":"Migrasi table 003_create_kunjungan_nsb.sql selesai","timestamp":"2026-04-22 11:27:56 +07:00"}
{"level":"warn","message":{},"msg":"Migrasi table 004_alter_kunjungan_tgl_kunjungan_to_date.sql selesai","timestamp":"2026-04-22 11:27:56 +07:00"}
{"level":"warn","message":{},"msg":"Migrasi table 001_create_users.sql selesai","timestamp":"2026-04-22 11:28:23 +07:00"}
{"level":"warn","message":{},"msg":"Migrasi table 002_create_audit_log.sql selesai","timestamp":"2026-04-22 11:28:23 +07:00"}
{"level":"warn","message":{},"msg":"Migrasi table 003_create_kunjungan_nsb.sql selesai","timestamp":"2026-04-22 11:28:23 +07:00"}
{"level":"warn","message":{},"msg":"Migrasi table 004_alter_kunjungan_tgl_kunjungan_to_date.sql selesai","timestamp":"2026-04-22 11:28:23 +07:00"}
{"level":"warn","message":{},"msg":"Migrasi table 001_create_users.sql selesai","timestamp":"2026-04-22 11:28:26 +07:00"}
{"level":"warn","message":{},"msg":"Migrasi table 002_create_audit_log.sql selesai","timestamp":"2026-04-22 11:28:26 +07:00"}
{"level":"warn","message":{},"msg":"Migrasi table 003_create_kunjungan_nsb.sql selesai","timestamp":"2026-04-22 11:28:26 +07:00"}
{"level":"warn","message":{},"msg":"Migrasi table 004_alter_kunjungan_tgl_kunjungan_to_date.sql selesai","timestamp":"2026-04-22 11:28:27 +07:00"}
{"level":"warn","message":{},"msg":"Migrasi table 001_create_users.sql selesai","timestamp":"2026-04-22 11:29:59 +07:00"}
{"level":"warn","message":{},"msg":"Migrasi table 002_create_audit_log.sql selesai","timestamp":"2026-04-22 11:29:59 +07:00"}
{"level":"warn","message":{},"msg":"Migrasi table 003_create_kunjungan_nsb.sql selesai","timestamp":"2026-04-22 11:29:59 +07:00"}
{"level":"warn","message":{},"msg":"Migrasi table 004_alter_kunjungan_tgl_kunjungan_to_date.sql selesai","timestamp":"2026-04-22 11:29:59 +07:00"}
{"level":"warn","message":{},"msg":"Migrasi table 001_create_users.sql selesai","timestamp":"2026-04-22 11:30:02 +07:00"}
{"level":"warn","message":{},"msg":"Migrasi table 002_create_audit_log.sql selesai","timestamp":"2026-04-22 11:30:02 +07:00"}
{"level":"warn","message":{},"msg":"Migrasi table 003_create_kunjungan_nsb.sql selesai","timestamp":"2026-04-22 11:30:02 +07:00"}
{"level":"warn","message":{},"msg":"Migrasi table 004_alter_kunjungan_tgl_kunjungan_to_date.sql selesai","timestamp":"2026-04-22 11:30:02 +07:00"}
{"level":"warn","message":{},"msg":"Migrasi table 001_create_users.sql selesai","timestamp":"2026-04-22 11:33:28 +07:00"}
{"level":"warn","message":{},"msg":"Migrasi table 002_create_audit_log.sql selesai","timestamp":"2026-04-22 11:33:28 +07:00"}
{"level":"warn","message":{},"msg":"Migrasi table 003_create_kunjungan_nsb.sql selesai","timestamp":"2026-04-22 11:33:28 +07:00"}
{"level":"warn","message":{},"msg":"Migrasi table 004_alter_kunjungan_tgl_kunjungan_to_date.sql selesai","timestamp":"2026-04-22 11:33:28 +07:00"}
{"level":"warn","message":{},"msg":"Migrasi table 001_create_users.sql selesai","timestamp":"2026-04-22 11:33:46 +07:00"}
{"level":"warn","message":{},"msg":"Migrasi table 002_create_audit_log.sql selesai","timestamp":"2026-04-22 11:33:46 +07:00"}
{"level":"warn","message":{},"msg":"Migrasi table 003_create_kunjungan_nsb.sql selesai","timestamp":"2026-04-22 11:33:46 +07:00"}
{"level":"warn","message":{},"msg":"Migrasi table 004_alter_kunjungan_tgl_kunjungan_to_date.sql selesai","timestamp":"2026-04-22 11:33:46 +07:00"}
{"level":"warn","message":{},"msg":"Migrasi table 001_create_users.sql selesai","timestamp":"2026-04-22 11:34:16 +07:00"}
{"level":"warn","message":{},"msg":"Migrasi table 002_create_audit_log.sql selesai","timestamp":"2026-04-22 11:34:16 +07:00"}
{"level":"warn","message":{},"msg":"Migrasi table 003_create_kunjungan_nsb.sql selesai","timestamp":"2026-04-22 11:34:16 +07:00"}
{"level":"warn","message":{},"msg":"Migrasi table 004_alter_kunjungan_tgl_kunjungan_to_date.sql selesai","timestamp":"2026-04-22 11:34:16 +07:00"}
{"level":"warn","message":{},"msg":"Migrasi table 001_create_users.sql selesai","timestamp":"2026-04-22 11:35:20 +07:00"}
{"level":"warn","message":{},"msg":"Migrasi table 002_create_audit_log.sql selesai","timestamp":"2026-04-22 11:35:20 +07:00"}
{"level":"warn","message":{},"msg":"Migrasi table 003_create_kunjungan_nsb.sql selesai","timestamp":"2026-04-22 11:35:20 +07:00"}
{"level":"warn","message":{},"msg":"Migrasi table 004_alter_kunjungan_tgl_kunjungan_to_date.sql selesai","timestamp":"2026-04-22 11:35:20 +07:00"}
{"level":"warn","message":{},"msg":"Migrasi table 001_create_users.sql selesai","timestamp":"2026-04-22 11:36:59 +07:00"}
{"level":"warn","message":{},"msg":"Migrasi table 002_create_audit_log.sql selesai","timestamp":"2026-04-22 11:36:59 +07:00"}
{"level":"warn","message":{},"msg":"Migrasi table 003_create_kunjungan_nsb.sql selesai","timestamp":"2026-04-22 11:36:59 +07:00"}
{"level":"warn","message":{},"msg":"Migrasi table 004_alter_kunjungan_tgl_kunjungan_to_date.sql selesai","timestamp":"2026-04-22 11:36:59 +07:00"}
{"level":"warn","message":{},"msg":"Migrasi table 001_create_users.sql selesai","timestamp":"2026-04-22 11:43:18 +07:00"}
{"level":"warn","message":{},"msg":"Migrasi table 002_create_audit_log.sql selesai","timestamp":"2026-04-22 11:43:18 +07:00"}
{"level":"warn","message":{},"msg":"Migrasi table 003_create_kunjungan_nsb.sql selesai","timestamp":"2026-04-22 11:43:18 +07:00"}
{"level":"warn","message":{},"msg":"Migrasi table 004_alter_kunjungan_tgl_kunjungan_to_date.sql selesai","timestamp":"2026-04-22 11:43:18 +07:00"}
{"level":"warn","message":{},"msg":"Migrasi table 001_create_users.sql selesai","timestamp":"2026-04-22 11:44:15 +07:00"}
{"level":"warn","message":{},"msg":"Migrasi table 002_create_audit_log.sql selesai","timestamp":"2026-04-22 11:44:15 +07:00"}
{"level":"warn","message":{},"msg":"Migrasi table 003_create_kunjungan_nsb.sql selesai","timestamp":"2026-04-22 11:44:15 +07:00"}
{"level":"warn","message":{},"msg":"Migrasi table 004_alter_kunjungan_tgl_kunjungan_to_date.sql selesai","timestamp":"2026-04-22 11:44:15 +07:00"}
{"level":"warn","message":{},"msg":"Migrasi table 001_create_users.sql selesai","timestamp":"2026-04-22 11:44:49 +07:00"}
{"level":"warn","message":{},"msg":"Migrasi table 002_create_audit_log.sql selesai","timestamp":"2026-04-22 11:44:49 +07:00"}
{"level":"warn","message":{},"msg":"Migrasi table 003_create_kunjungan_nsb.sql selesai","timestamp":"2026-04-22 11:44:49 +07:00"}
{"level":"warn","message":{},"msg":"Migrasi table 004_alter_kunjungan_tgl_kunjungan_to_date.sql selesai","timestamp":"2026-04-22 11:44:49 +07:00"}
{"level":"warn","message":{},"msg":"Migrasi table 001_create_users.sql selesai","timestamp":"2026-04-22 11:45:52 +07:00"}
{"level":"warn","message":{},"msg":"Migrasi table 002_create_audit_log.sql selesai","timestamp":"2026-04-22 11:45:52 +07:00"}
{"level":"warn","message":{},"msg":"Migrasi table 003_create_kunjungan_nsb.sql selesai","timestamp":"2026-04-22 11:45:52 +07:00"}
{"level":"warn","message":{},"msg":"Migrasi table 004_alter_kunjungan_tgl_kunjungan_to_date.sql selesai","timestamp":"2026-04-22 11:45:52 +07:00"}
{"level":"warn","message":{},"msg":"Migrasi table 001_create_users.sql selesai","timestamp":"2026-04-22 11:46:09 +07:00"}
{"level":"warn","message":{},"msg":"Migrasi table 002_create_audit_log.sql selesai","timestamp":"2026-04-22 11:46:09 +07:00"}
{"level":"warn","message":{},"msg":"Migrasi table 003_create_kunjungan_nsb.sql selesai","timestamp":"2026-04-22 11:46:09 +07:00"}
{"level":"warn","message":{},"msg":"Migrasi table 004_alter_kunjungan_tgl_kunjungan_to_date.sql selesai","timestamp":"2026-04-22 11:46:09 +07:00"}
{"level":"warn","message":{},"msg":"Migrasi table 001_create_users.sql selesai","timestamp":"2026-04-22 11:55:07 +07:00"}
{"level":"warn","message":{},"msg":"Migrasi table 002_create_audit_log.sql selesai","timestamp":"2026-04-22 11:55:07 +07:00"}
{"level":"warn","message":{},"msg":"Migrasi table 003_create_kunjungan_nsb.sql selesai","timestamp":"2026-04-22 11:55:07 +07:00"}
{"level":"warn","message":{},"msg":"Migrasi table 004_alter_kunjungan_tgl_kunjungan_to_date.sql selesai","timestamp":"2026-04-22 11:55:07 +07:00"}
{"level":"warn","message":{},"msg":"Migrasi table 001_create_users.sql selesai","timestamp":"2026-04-22 11:56:08 +07:00"}
{"level":"warn","message":{},"msg":"Migrasi table 002_create_audit_log.sql selesai","timestamp":"2026-04-22 11:56:08 +07:00"}
{"level":"warn","message":{},"msg":"Migrasi table 003_create_kunjungan_nsb.sql selesai","timestamp":"2026-04-22 11:56:08 +07:00"}
{"level":"warn","message":{},"msg":"Migrasi table 004_alter_kunjungan_tgl_kunjungan_to_date.sql selesai","timestamp":"2026-04-22 11:56:08 +07:00"}
{"level":"warn","message":{},"msg":"Migrasi table 001_create_users.sql selesai","timestamp":"2026-04-22 11:57:20 +07:00"}
{"level":"warn","message":{},"msg":"Migrasi table 002_create_audit_log.sql selesai","timestamp":"2026-04-22 11:57:20 +07:00"}
{"level":"warn","message":{},"msg":"Migrasi table 003_create_kunjungan_nsb.sql selesai","timestamp":"2026-04-22 11:57:20 +07:00"}
{"level":"warn","message":{},"msg":"Migrasi table 004_alter_kunjungan_tgl_kunjungan_to_date.sql selesai","timestamp":"2026-04-22 11:57:20 +07:00"}
{"level":"warn","message":{},"msg":"Migrasi table 001_create_users.sql selesai","timestamp":"2026-04-22 12:07:55 +07:00"}
{"level":"warn","message":{},"msg":"Migrasi table 002_create_audit_log.sql selesai","timestamp":"2026-04-22 12:07:55 +07:00"}
{"level":"warn","message":{},"msg":"Migrasi table 003_create_kunjungan_nsb.sql selesai","timestamp":"2026-04-22 12:07:55 +07:00"}
{"level":"warn","message":{},"msg":"Migrasi table 004_alter_kunjungan_tgl_kunjungan_to_date.sql selesai","timestamp":"2026-04-22 12:07:55 +07:00"}
{"level":"warn","message":{},"msg":"Migrasi table 001_create_users.sql selesai","timestamp":"2026-04-22 12:08:22 +07:00"}
{"level":"warn","message":{},"msg":"Migrasi table 002_create_audit_log.sql selesai","timestamp":"2026-04-22 12:08:22 +07:00"}
{"level":"warn","message":{},"msg":"Migrasi table 003_create_kunjungan_nsb.sql selesai","timestamp":"2026-04-22 12:08:22 +07:00"}
{"level":"warn","message":{},"msg":"Migrasi table 004_alter_kunjungan_tgl_kunjungan_to_date.sql selesai","timestamp":"2026-04-22 12:08:22 +07:00"}
{"level":"warn","message":{},"msg":"Migrasi table 001_create_users.sql selesai","timestamp":"2026-04-22 12:13:10 +07:00"}
{"level":"warn","message":{},"msg":"Migrasi table 002_create_audit_log.sql selesai","timestamp":"2026-04-22 12:13:10 +07:00"}
{"level":"warn","message":{},"msg":"Migrasi table 003_create_kunjungan_nsb.sql selesai","timestamp":"2026-04-22 12:13:10 +07:00"}
{"level":"warn","message":{},"msg":"Migrasi table 004_alter_kunjungan_tgl_kunjungan_to_date.sql selesai","timestamp":"2026-04-22 12:13:10 +07:00"}
{"level":"warn","message":{},"msg":"Migrasi table 001_create_users.sql selesai","timestamp":"2026-04-22 12:14:09 +07:00"}
{"level":"warn","message":{},"msg":"Migrasi table 002_create_audit_log.sql selesai","timestamp":"2026-04-22 12:14:09 +07:00"}
{"level":"warn","message":{},"msg":"Migrasi table 003_create_kunjungan_nsb.sql selesai","timestamp":"2026-04-22 12:14:09 +07:00"}
{"level":"warn","message":{},"msg":"Migrasi table 004_alter_kunjungan_tgl_kunjungan_to_date.sql selesai","timestamp":"2026-04-22 12:14:09 +07:00"}
{"ip":"::1","level":"warn","message":{},"method":"GET","msg":"Dilarang mengakses halaman ini, authorized only","timestamp":"2026-04-22 12:14:13 +07:00","url":"/api/v1/kunjungan?limit=20&page=1&tgl_kunjungan=2026-04-14"}
{"level":"warn","message":{},"msg":"Migrasi table 001_create_users.sql selesai","timestamp":"2026-04-22 12:15:43 +07:00"}
{"level":"warn","message":{},"msg":"Migrasi table 002_create_audit_log.sql selesai","timestamp":"2026-04-22 12:15:43 +07:00"}
{"level":"warn","message":{},"msg":"Migrasi table 003_create_kunjungan_nsb.sql selesai","timestamp":"2026-04-22 12:15:43 +07:00"}
{"level":"warn","message":{},"msg":"Migrasi table 004_alter_kunjungan_tgl_kunjungan_to_date.sql selesai","timestamp":"2026-04-22 12:15:43 +07:00"}
{"level":"warn","message":{},"msg":"Migrasi table 001_create_users.sql selesai","timestamp":"2026-04-22 13:05:09 +07:00"}
{"level":"warn","message":{},"msg":"Migrasi table 002_create_audit_log.sql selesai","timestamp":"2026-04-22 13:05:09 +07:00"}
{"level":"warn","message":{},"msg":"Migrasi table 003_create_kunjungan_nsb.sql selesai","timestamp":"2026-04-22 13:05:09 +07:00"}
{"level":"warn","message":{},"msg":"Migrasi table 004_alter_kunjungan_tgl_kunjungan_to_date.sql selesai","timestamp":"2026-04-22 13:05:09 +07:00"}
{"ip":"::1","level":"warn","message":{},"method":"GET","msg":"Dilarang mengakses halaman ini, authorized only","timestamp":"2026-04-22 13:05:12 +07:00","url":"/api/v1/kunjungan?limit=20&page=1&tgl_kunjungan=2026-04-14"}
{"ip":"::1","level":"warn","message":{},"method":"GET","msg":"Dilarang mengakses halaman ini, authorized only","timestamp":"2026-04-22 13:05:18 +07:00","url":"/api/v1/kunjungan?limit=20&page=1&tgl_kunjungan=2026-04-14"}
{"ip":"::1","level":"warn","message":{},"method":"GET","msg":"Dilarang mengakses halaman ini, authorized only","timestamp":"2026-04-22 13:48:52 +07:00","url":"/api/v1/kunjungan?limit=20&page=1"}
{"ip":"::1","level":"warn","message":{},"method":"GET","msg":"Dilarang mengakses halaman ini, authorized only","timestamp":"2026-04-22 13:49:58 +07:00","url":"/api/v1/kunjungan?limit=20&page=1"}
