{"level":"info","message":"Migrasi table 001_create_users.sql selesai","timestamp":"2026-01-29 08:19:37 +07:00"}
{"level":"info","message":"Migrasi table 001_create_users.sql selesai","timestamp":"2026-01-29 08:20:30 +07:00"}
{"level":"info","message":"Migrasi table 001_create_users.sql selesai","timestamp":"2026-01-29 08:22:50 +07:00"}
{"level":"info","message":"Migrasi table 001_create_users.sql selesai","timestamp":"2026-01-29 08:23:07 +07:00"}
{"level":"info","message":"GET / 304 4.339 ms - -","timestamp":"2026-01-29 08:23:33 +07:00"}
{"level":"info","message":"GET /favicon.ico 404 3.922 ms - 150","timestamp":"2026-01-29 08:23:33 +07:00"}
{"level":"info","message":"GET /auth/me 404 0.695 ms - 146","timestamp":"2026-01-29 08:24:00 +07:00"}
{"level":"warn","message":{"Header":["Content-Type","application/json","User-Agent","PostmanRuntime/7.51.0","Accept","*/*","Postman-Token","704672ff-643c-4ee6-9cae-0bb2f6bfd6d3","Host","localhost:3000","Accept-Encoding","gzip, deflate, br","Connection","keep-alive","Content-Length","64"],"method":"GET","msg":"Orang tidak di kenal mencoba mengakses halaman login","path":"/auth/","status":500},"timestamp":"2026-01-29 08:24:23 +07:00"}
{"level":"info","message":"GET /auth/ 401 1.476 ms - 24","timestamp":"2026-01-29 08:24:23 +07:00"}
{"level":"info","message":"Migrasi table 001_create_users.sql selesai","timestamp":"2026-01-29 08:30:26 +07:00"}
{"level":"info","message":"Migrasi table 001_create_users.sql selesai","timestamp":"2026-01-29 08:31:50 +07:00"}
{"level":"info","message":"Migrasi table 001_create_users.sql selesai","timestamp":"2026-01-29 08:32:00 +07:00"}
{"level":"info","message":"GET /auth/logout 404 2.356 ms - 150","timestamp":"2026-01-29 08:32:14 +07:00"}
{"level":"info","message":"POST /auth/logout 404 0.457 ms - 151","timestamp":"2026-01-29 08:32:19 +07:00"}
{"level":"info","message":"Migrasi table 001_create_users.sql selesai","timestamp":"2026-01-29 08:32:39 +07:00"}
{"level":"info","message":"POST /auth/logout 204 9.495 ms - -","timestamp":"2026-01-29 08:32:45 +07:00"}
{"level":"info","message":"POST /auth/logout 204 156.720 ms - -","timestamp":"2026-01-29 08:33:39 +07:00"}
{"level":"info","message":{"Header":["Content-Type","application/json","User-Agent","PostmanRuntime/7.51.0","Accept","*/*","Postman-Token","54025df5-2df0-4a74-98cf-c61561668f24","Host","localhost:3000","Accept-Encoding","gzip, deflate, br","Connection","keep-alive","Content-Length","64"],"method":"POST","msg":"Username superadmin berhasil login","path":"/auth/login","status":200,"userId":"1"},"timestamp":"2026-01-29 08:33:50 +07:00"}
{"level":"info","message":"POST /auth/login 200 234.618 ms - 73","timestamp":"2026-01-29 08:33:50 +07:00"}
{"level":"info","message":"POST /auth/logout 204 47.291 ms - -","timestamp":"2026-01-29 08:34:16 +07:00"}
{"level":"info","message":"GET /auth/me 404 45.182 ms - 146","timestamp":"2026-01-29 08:34:40 +07:00"}
{"level":"warn","message":{"Header":["Content-Type","application/json","User-Agent","PostmanRuntime/7.51.0","Accept","*/*","Postman-Token","97ff5952-9397-43ee-b954-e9819dd67aa0","Host","localhost:3000","Accept-Encoding","gzip, deflate, br","Connection","keep-alive","Content-Length","64","Cookie","connect.sid=s%3AWASu5Q2W8kMYUvHCmBnLUs2KL7HQ_eHf.7Ngul5gAXdKa12lk1elH9Ztxxbw7uiD4wBfbzdlUNPM"],"method":"GET","msg":"Orang tidak di kenal mencoba mengakses halaman login","path":"/auth/","status":500},"timestamp":"2026-01-29 08:34:50 +07:00"}
{"level":"info","message":"GET /auth/ 401 2.042 ms - 24","timestamp":"2026-01-29 08:34:50 +07:00"}
{"level":"info","message":"Migrasi table 001_create_users.sql selesai","timestamp":"2026-01-29 08:39:29 +07:00"}
{"level":"info","message":"Migrasi table 001_create_users.sql selesai","timestamp":"2026-01-29 08:39:40 +07:00"}
{"level":"info","message":"Migrasi table 001_create_users.sql selesai","timestamp":"2026-01-29 08:40:18 +07:00"}
{"level":"warn","message":{"Header":["Host","localhost:3000","Connection","keep-alive","sec-ch-ua","\"Not(A:Brand\";v=\"8\", \"Chromium\";v=\"144\", \"Google Chrome\";v=\"144\"","sec-ch-ua-mobile","?0","sec-ch-ua-platform","\"Windows\"","Upgrade-Insecure-Requests","1","User-Agent","Mozilla/5.0 (Windows NT 10.0; Win64; x64) AppleWebKit/537.36 (KHTML, like Gecko) Chrome/144.0.0.0 Safari/537.36","Accept","text/html,application/xhtml+xml,application/xml;q=0.9,image/avif,image/webp,image/apng,*/*;q=0.8,application/signed-exchange;v=b3;q=0.7","Sec-Fetch-Site","none","Sec-Fetch-Mode","navigate","Sec-Fetch-User","?1","Sec-Fetch-Dest","document","Accept-Encoding","gzip, deflate, br, zstd","Accept-Language","en-US,en;q=0.9","If-None-Match","W/\"d-FhYgolMUNd81xQe/WnDvzAry76Q\""],"method":"GET","msg":"Orang tidak di kenal mencoba mengakses halaman login","path":"/auth","status":500},"timestamp":"2026-01-29 08:40:43 +07:00"}
{"level":"info","message":"Migrasi table 001_create_users.sql selesai","timestamp":"2026-01-29 08:41:30 +07:00"}
{"level":"info","message":"Migrasi table 001_create_users.sql selesai","timestamp":"2026-01-29 08:42:43 +07:00"}
{"level":"info","message":"Migrasi table 001_create_users.sql selesai","timestamp":"2026-01-29 08:43:52 +07:00"}
{"level":"info","message":"Migrasi table 001_create_users.sql selesai","timestamp":"2026-01-29 08:44:02 +07:00"}
{"level":"info","message":"Migrasi table 001_create_users.sql selesai","timestamp":"2026-01-29 08:44:11 +07:00"}
{"level":"info","message":"Migrasi table 001_create_users.sql selesai","timestamp":"2026-01-29 08:44:19 +07:00"}
{"level":"info","message":"Migrasi table 001_create_users.sql selesai","timestamp":"2026-01-29 08:44:20 +07:00"}
{"level":"info","message":"Migrasi table 001_create_users.sql selesai","timestamp":"2026-01-29 08:44:58 +07:00"}
{"level":"info","message":"Migrasi table 001_create_users.sql selesai","timestamp":"2026-01-29 08:45:09 +07:00"}
{"level":"warn","message":{"Header":["Content-Type","application/json","User-Agent","PostmanRuntime/7.51.0","Accept","*/*","Postman-Token","16775590-b36f-4aff-8402-48cc7c41a310","Host","localhost:3000","Accept-Encoding","gzip, deflate, br","Connection","keep-alive","Content-Length","62","Cookie","connect.sid=s%3AWASu5Q2W8kMYUvHCmBnLUs2KL7HQ_eHf.7Ngul5gAXdKa12lk1elH9Ztxxbw7uiD4wBfbzdlUNPM"],"method":"POST","msg":"Username superadmin mencoba login","path":"/auth/login","status":401},"timestamp":"2026-01-29 08:45:17 +07:00"}
{"level":"warn","message":{"Header":["Content-Type","application/json","User-Agent","PostmanRuntime/7.51.0","Accept","*/*","Postman-Token","9708b209-05b4-4ef1-a371-03601900ec3a","Host","localhost:3000","Accept-Encoding","gzip, deflate, br","Connection","keep-alive","Content-Length","62","Cookie","connect.sid=s%3AWASu5Q2W8kMYUvHCmBnLUs2KL7HQ_eHf.7Ngul5gAXdKa12lk1elH9Ztxxbw7uiD4wBfbzdlUNPM"],"method":"POST","msg":"Username superadmin mencoba login","path":"/auth/login","status":401},"timestamp":"2026-01-29 08:45:18 +07:00"}
{"level":"warn","message":{"Header":["Content-Type","application/json","User-Agent","PostmanRuntime/7.51.0","Accept","*/*","Postman-Token","d5f3faa6-b533-4b1d-a001-aac5fb46c81b","Host","localhost:3000","Accept-Encoding","gzip, deflate, br","Connection","keep-alive","Content-Length","62","Cookie","connect.sid=s%3AWASu5Q2W8kMYUvHCmBnLUs2KL7HQ_eHf.7Ngul5gAXdKa12lk1elH9Ztxxbw7uiD4wBfbzdlUNPM"],"method":"POST","msg":"Username superadmin mencoba login","path":"/auth/login","status":401},"timestamp":"2026-01-29 08:45:19 +07:00"}
{"level":"warn","message":{"Header":["Content-Type","application/json","User-Agent","PostmanRuntime/7.51.0","Accept","*/*","Postman-Token","3ddf1dd5-6be7-4586-ad04-5296ba2a9b56","Host","localhost:3000","Accept-Encoding","gzip, deflate, br","Connection","keep-alive","Content-Length","62","Cookie","connect.sid=s%3AWASu5Q2W8kMYUvHCmBnLUs2KL7HQ_eHf.7Ngul5gAXdKa12lk1elH9Ztxxbw7uiD4wBfbzdlUNPM"],"method":"POST","msg":"Username superadmin mencoba login","path":"/auth/login","status":401},"timestamp":"2026-01-29 08:45:20 +07:00"}
{"level":"warn","message":{"Header":["Content-Type","application/json","User-Agent","PostmanRuntime/7.51.0","Accept","*/*","Postman-Token","cef9a299-1095-4c3a-a2f1-dbd2ea4e65d3","Host","localhost:3000","Accept-Encoding","gzip, deflate, br","Connection","keep-alive","Content-Length","62","Cookie","connect.sid=s%3AWASu5Q2W8kMYUvHCmBnLUs2KL7HQ_eHf.7Ngul5gAXdKa12lk1elH9Ztxxbw7uiD4wBfbzdlUNPM"],"method":"POST","msg":"Username superadmin mencoba login","path":"/auth/login","status":401},"timestamp":"2026-01-29 08:45:20 +07:00"}
{"level":"warn","message":{"Header":["Content-Type","application/json","User-Agent","PostmanRuntime/7.51.0","Accept","*/*","Postman-Token","de6bd34e-2556-4f36-9b14-a95928f7765d","Host","localhost:3000","Accept-Encoding","gzip, deflate, br","Connection","keep-alive","Content-Length","62","Cookie","connect.sid=s%3AWASu5Q2W8kMYUvHCmBnLUs2KL7HQ_eHf.7Ngul5gAXdKa12lk1elH9Ztxxbw7uiD4wBfbzdlUNPM"],"method":"POST","msg":"Username superadmin mencoba login","path":"/auth/login","status":401},"timestamp":"2026-01-29 08:45:21 +07:00"}
{"level":"warn","message":{"Header":["Content-Type","application/json","User-Agent","PostmanRuntime/7.51.0","Accept","*/*","Postman-Token","9846edf2-791c-42d3-947d-b1cc469792df","Host","localhost:3000","Accept-Encoding","gzip, deflate, br","Connection","keep-alive","Content-Length","62","Cookie","connect.sid=s%3AWASu5Q2W8kMYUvHCmBnLUs2KL7HQ_eHf.7Ngul5gAXdKa12lk1elH9Ztxxbw7uiD4wBfbzdlUNPM"],"method":"POST","msg":"Username superadmin mencoba login","path":"/auth/login","status":401},"timestamp":"2026-01-29 08:45:22 +07:00"}
{"level":"warn","message":{"Header":["Content-Type","application/json","User-Agent","PostmanRuntime/7.51.0","Accept","*/*","Postman-Token","0ce5fd7a-c748-42ff-acff-ce9a9febdc1b","Host","localhost:3000","Accept-Encoding","gzip, deflate, br","Connection","keep-alive","Content-Length","62","Cookie","connect.sid=s%3AWASu5Q2W8kMYUvHCmBnLUs2KL7HQ_eHf.7Ngul5gAXdKa12lk1elH9Ztxxbw7uiD4wBfbzdlUNPM"],"method":"POST","msg":"Username superadmin mencoba login","path":"/auth/login","status":401},"timestamp":"2026-01-29 08:45:22 +07:00"}
{"level":"warn","message":{"Header":["Content-Type","application/json","User-Agent","PostmanRuntime/7.51.0","Accept","*/*","Postman-Token","3747a20f-d91e-491d-a9c0-0b2585604fe5","Host","localhost:3000","Accept-Encoding","gzip, deflate, br","Connection","keep-alive","Content-Length","62","Cookie","connect.sid=s%3AWASu5Q2W8kMYUvHCmBnLUs2KL7HQ_eHf.7Ngul5gAXdKa12lk1elH9Ztxxbw7uiD4wBfbzdlUNPM"],"method":"POST","msg":"Username superadmin mencoba login","path":"/auth/login","status":401},"timestamp":"2026-01-29 08:45:23 +07:00"}
{"level":"warn","message":{"Header":["Content-Type","application/json","User-Agent","PostmanRuntime/7.51.0","Accept","*/*","Postman-Token","587101a3-2feb-4466-af3f-67eeac9c78ee","Host","localhost:3000","Accept-Encoding","gzip, deflate, br","Connection","keep-alive","Content-Length","62","Cookie","connect.sid=s%3AWASu5Q2W8kMYUvHCmBnLUs2KL7HQ_eHf.7Ngul5gAXdKa12lk1elH9Ztxxbw7uiD4wBfbzdlUNPM"],"method":"POST","msg":"Username superadmin mencoba login","path":"/auth/login","status":401},"timestamp":"2026-01-29 08:45:23 +07:00"}
{"level":"info","message":"Migrasi table 001_create_users.sql selesai","timestamp":"2026-01-29 08:45:46 +07:00"}
{"level":"info","message":"Migrasi table 001_create_users.sql selesai","timestamp":"2026-01-29 08:47:00 +07:00"}
{"level":"info","message":{"Header":["Content-Type","application/json","User-Agent","PostmanRuntime/7.51.0","Accept","*/*","Postman-Token","9f00dccd-a473-4d0b-ae61-04d75575e1ad","Host","localhost:3000","Accept-Encoding","gzip, deflate, br","Connection","keep-alive","Content-Length","64","Cookie","connect.sid=s%3AWASu5Q2W8kMYUvHCmBnLUs2KL7HQ_eHf.7Ngul5gAXdKa12lk1elH9Ztxxbw7uiD4wBfbzdlUNPM"],"method":"POST","msg":"Username superadmin berhasil login","path":"/auth/login","status":200,"userId":"1"},"timestamp":"2026-01-29 08:47:06 +07:00"}
{"level":"info","message":"Migrasi table 001_create_users.sql selesai","timestamp":"2026-01-29 08:49:38 +07:00"}
{"level":"info","message":"Migrasi table 001_create_users.sql selesai","timestamp":"2026-01-29 08:50:49 +07:00"}
{"level":"warn","message":{"Header":["Host","localhost:3000","Connection","keep-alive","sec-ch-ua","\"Not(A:Brand\";v=\"8\", \"Chromium\";v=\"144\", \"Google Chrome\";v=\"144\"","sec-ch-ua-mobile","?0","sec-ch-ua-platform","\"Windows\"","Upgrade-Insecure-Requests","1","User-Agent","Mozilla/5.0 (Windows NT 10.0; Win64; x64) AppleWebKit/537.36 (KHTML, like Gecko) Chrome/144.0.0.0 Safari/537.36","Accept","text/html,application/xhtml+xml,application/xml;q=0.9,image/avif,image/webp,image/apng,*/*;q=0.8,application/signed-exchange;v=b3;q=0.7","Sec-Fetch-Site","none","Sec-Fetch-Mode","navigate","Sec-Fetch-User","?1","Sec-Fetch-Dest","document","Accept-Encoding","gzip, deflate, br, zstd","Accept-Language","en-US,en;q=0.9","If-None-Match","W/\"d-FhYgolMUNd81xQe/WnDvzAry76Q\""],"method":"GET","msg":"Orang tidak di kenal mencoba mengakses halaman login","path":"/auth","status":500},"timestamp":"2026-01-29 08:50:59 +07:00"}
{"level":"warn","message":{"Header":["Content-Type","application/json","User-Agent","PostmanRuntime/7.51.0","Accept","*/*","Postman-Token","751ddf17-8ade-4c5d-95d8-56f2b175860a","Host","localhost:3000","Accept-Encoding","gzip, deflate, br","Connection","keep-alive","Content-Length","64","Cookie","connect.sid=s%3A8P2m8mzzi2nFRuqOhmYqU0p2bHlcL1yw.bBekrMqDyrR86qdBNuY39r7C8e8wxaboXAmalQJzYM0"],"method":"GET","msg":"Orang tidak di kenal mencoba mengakses halaman login","path":"/auth","status":500},"timestamp":"2026-01-29 08:51:18 +07:00"}
{"level":"info","message":{"Header":["Content-Type","application/json","User-Agent","PostmanRuntime/7.51.0","Accept","*/*","Postman-Token","3afc6442-883e-44d4-a18e-ad07e119548b","Host","localhost:3000","Accept-Encoding","gzip, deflate, br","Connection","keep-alive","Content-Length","64","Cookie","connect.sid=s%3A8P2m8mzzi2nFRuqOhmYqU0p2bHlcL1yw.bBekrMqDyrR86qdBNuY39r7C8e8wxaboXAmalQJzYM0"],"method":"POST","msg":"Username superadmin berhasil login","path":"/auth/login","status":200,"userId":"1"},"timestamp":"2026-01-29 08:51:24 +07:00"}
{"level":"info","message":"Migrasi table 001_create_users.sql selesai","timestamp":"2026-01-29 08:52:53 +07:00"}
{"level":"info","message":"Migrasi table 001_create_users.sql selesai","timestamp":"2026-01-29 08:53:02 +07:00"}
{"level":"info","message":{"Header":["Content-Type","application/json","User-Agent","PostmanRuntime/7.51.0","Accept","*/*","Postman-Token","16c508dd-349a-4a23-afb1-f8e99d6092ed","Host","localhost:3000","Accept-Encoding","gzip, deflate, br","Connection","keep-alive","Content-Length","64","Cookie","connect.sid=s%3AHol69I5Qp7ReszaVwrq9xg5SxO7pazWK.TqOkytd%2F9FLA%2FoZAQ3Ry7IYSyStEqmRAkpYAPo1hjR4"],"method":"POST","msg":"Username superadmin berhasil login","path":"/auth/login","status":200,"userId":"1"},"timestamp":"2026-01-29 08:53:18 +07:00"}
{"level":"info","message":"Migrasi table 001_create_users.sql selesai","timestamp":"2026-01-29 08:53:45 +07:00"}
{"level":"info","message":"Migrasi table 001_create_users.sql selesai","timestamp":"2026-01-29 08:55:30 +07:00"}
{"level":"info","message":"Migrasi table 001_create_users.sql selesai","timestamp":"2026-01-29 08:56:21 +07:00"}
{"level":"info","message":"Migrasi table 001_create_users.sql selesai","timestamp":"2026-01-29 08:56:31 +07:00"}
{"level":"info","message":"Migrasi table 001_create_users.sql selesai","timestamp":"2026-01-29 08:57:22 +07:00"}
{"level":"info","message":{"Header":["User-Agent","PostmanRuntime/7.51.0","Accept","*/*","Postman-Token","27d7996e-4351-4803-9b90-eeb66a1bd689","Host","localhost:3000","Accept-Encoding","gzip, deflate, br","Connection","keep-alive","Cookie","connect.sid=s%3ANe_C6GJCMAjHSRqFGMXd-rUl6pUbx5Fj.auJXsCrjH4smQQmqxYEOUWTwHBWPn0AQhdL%2BZm2Aer0","Content-Length","0"],"method":"POST","msg":"undefined berhasil logout...","path":"/auth/logout","status":200},"timestamp":"2026-01-29 08:57:28 +07:00"}
{"level":"info","message":{"Header":["Content-Type","application/json","User-Agent","PostmanRuntime/7.51.0","Accept","*/*","Postman-Token","0d9bbc7d-1965-4677-8a3b-1a17e85bbeb1","Host","localhost:3000","Accept-Encoding","gzip, deflate, br","Connection","keep-alive","Content-Length","64","Cookie","connect.sid=s%3ANe_C6GJCMAjHSRqFGMXd-rUl6pUbx5Fj.auJXsCrjH4smQQmqxYEOUWTwHBWPn0AQhdL%2BZm2Aer0"],"method":"POST","msg":"Username superadmin berhasil login","path":"/auth/login","status":200,"userId":"1"},"timestamp":"2026-01-29 08:57:52 +07:00"}
{"level":"info","message":{"Header":["User-Agent","PostmanRuntime/7.51.0","Accept","*/*","Postman-Token","0c13feaf-4e1c-495d-aec3-d4a4ecf1f84f","Host","localhost:3000","Accept-Encoding","gzip, deflate, br","Connection","keep-alive","Cookie","connect.sid=s%3AEqZnp8Kc0L3NMn4o3gxs5xd1cKhAlcta.hVx4j%2Fa3qKS9yerzwIdEKNW9ElvCaA9mrx71CstsBHw","Content-Length","0"],"method":"POST","msg":"superadmin berhasil logout...","path":"/auth/logout","status":200},"timestamp":"2026-01-29 08:57:56 +07:00"}
{"level":"info","message":"Migrasi table 001_create_users.sql selesai","timestamp":"2026-01-29 10:51:54 +07:00"}
{"level":"info","message":"Migrasi table 001_create_users.sql selesai","timestamp":"2026-01-29 10:52:07 +07:00"}
{"level":"info","message":"Migrasi table 001_create_users.sql selesai","timestamp":"2026-01-29 10:58:46 +07:00"}
{"level":"warn","message":{"Header":["Content-Type","text/plain","User-Agent","PostmanRuntime/7.51.0","Accept","*/*","Cache-Control","no-cache","Postman-Token","c2e6c9e8-ae70-49c5-901b-1abc9cdf6f6f","Host","localhost:3000","Accept-Encoding","gzip, deflate, br","Connection","keep-alive","Content-Length","63"],"method":"GET","msg":"Orang tidak di kenal mencoba mengakses halaman login","path":"/auth","status":500},"timestamp":"2026-01-29 11:12:42 +07:00"}
{"level":"warn","message":{"Header":["User-Agent","PostmanRuntime/7.51.0","Accept","*/*","Cache-Control","no-cache","Postman-Token","44674adc-e66f-4271-8ba2-ed6ef6ee53e4","Host","localhost:3000","Accept-Encoding","gzip, deflate, br","Connection","keep-alive"],"method":"GET","msg":"Orang tidak di kenal mencoba mengakses halaman login","path":"/auth","status":500},"timestamp":"2026-01-29 11:13:41 +07:00"}
{"body":"{\r\n    \"username\": \"superadmin\"\r\n    \"password\": \"admin@12\"\r\n}","expose":true,"level":"error","message":"Expected ',' or '}' after property value in JSON at position 37 (line 3 column 5)","stack":"SyntaxError: Expected ',' or '}' after property value in JSON at position 37 (line 3 column 5)\n    at JSON.parse (<anonymous>)\n    at parse (D:\\TUTORIAL\\app_management\\server\\node_modules\\body-parser\\lib\\types\\json.js:72:19)\n    at D:\\TUTORIAL\\app_management\\server\\node_modules\\body-parser\\lib\\read.js:162:18\n    at AsyncResource.runInAsyncScope (node:async_hooks:214:14)\n    at invokeCallback (D:\\TUTORIAL\\app_management\\server\\node_modules\\raw-body\\index.js:238:16)\n    at done (D:\\TUTORIAL\\app_management\\server\\node_modules\\raw-body\\index.js:227:7)\n    at IncomingMessage.onEnd (D:\\TUTORIAL\\app_management\\server\\node_modules\\raw-body\\index.js:287:7)\n    at IncomingMessage.emit (node:events:507:28)\n    at endReadableNT (node:internal/streams/readable:1701:12)\n    at process.processTicksAndRejections (node:internal/process/task_queues:90:21)","status":400,"statusCode":400,"timestamp":"2026-01-29 11:14:24 +07:00","type":"entity.parse.failed"}
{"level":"warn","message":{"Header":["Content-Type","application/json","User-Agent","PostmanRuntime/7.51.0","Accept","*/*","Cache-Control","no-cache","Postman-Token","35112dc6-61df-46ba-a750-15306f552da0","Host","localhost:3000","Accept-Encoding","gzip, deflate, br","Connection","keep-alive","Content-Length","36"],"method":"POST","msg":"username dan password required","path":"/auth/login","status":400},"timestamp":"2026-01-29 11:14:32 +07:00"}
{"level":"warn","message":{"Header":["Content-Type","application/json","User-Agent","PostmanRuntime/7.51.0","Accept","*/*","Cache-Control","no-cache","Postman-Token","35112dc6-61df-46ba-a750-15306f552da0","Host","localhost:3000","Accept-Encoding","gzip, deflate, br","Connection","keep-alive","Content-Length","36"],"method":"POST","msg":"User nonaktif mencoba login","path":"/auth/login","status":401},"timestamp":"2026-01-29 11:14:32 +07:00"}
{"level":"error","message":{"Header":["Content-Type","application/json","User-Agent","PostmanRuntime/7.51.0","Accept","*/*","Cache-Control","no-cache","Postman-Token","35112dc6-61df-46ba-a750-15306f552da0","Host","localhost:3000","Accept-Encoding","gzip, deflate, br","Connection","keep-alive","Content-Length","36"],"error":{"code":"ERR_HTTP_HEADERS_SENT"},"method":"POST","path":"/auth/login","status":500},"timestamp":"2026-01-29 11:14:32 +07:00"}
{"level":"error","message":"next is not defined","stack":"ReferenceError: next is not defined\n    at login (D:\\TUTORIAL\\app_management\\server\\controllers\\authController.js:72:9)\n    at process.processTicksAndRejections (node:internal/process/task_queues:105:5)","timestamp":"2026-01-29 11:14:32 +07:00"}
{"body":"{\r\n    \"username\": \"superadmin\"\r\n    \"password\": \"admin@123\"\r\n}","expose":true,"level":"error","message":"Expected ',' or '}' after property value in JSON at position 37 (line 3 column 5)","stack":"SyntaxError: Expected ',' or '}' after property value in JSON at position 37 (line 3 column 5)\n    at JSON.parse (<anonymous>)\n    at parse (D:\\TUTORIAL\\app_management\\server\\node_modules\\body-parser\\lib\\types\\json.js:72:19)\n    at D:\\TUTORIAL\\app_management\\server\\node_modules\\body-parser\\lib\\read.js:162:18\n    at AsyncResource.runInAsyncScope (node:async_hooks:214:14)\n    at invokeCallback (D:\\TUTORIAL\\app_management\\server\\node_modules\\raw-body\\index.js:238:16)\n    at done (D:\\TUTORIAL\\app_management\\server\\node_modules\\raw-body\\index.js:227:7)\n    at IncomingMessage.onEnd (D:\\TUTORIAL\\app_management\\server\\node_modules\\raw-body\\index.js:287:7)\n    at IncomingMessage.emit (node:events:507:28)\n    at endReadableNT (node:internal/streams/readable:1701:12)\n    at process.processTicksAndRejections (node:internal/process/task_queues:90:21)","status":400,"statusCode":400,"timestamp":"2026-01-29 11:15:39 +07:00","type":"entity.parse.failed"}
{"level":"warn","message":{"Header":["Content-Type","application/json","User-Agent","PostmanRuntime/7.51.0","Accept","*/*","Cache-Control","no-cache","Postman-Token","debe15e6-bcc8-4b23-9729-2a9c37ba23cf","Host","localhost:3000","Accept-Encoding","gzip, deflate, br","Connection","keep-alive","Content-Length","64"],"method":"POST","msg":"User nonaktif mencoba login","path":"/auth/login","status":401},"timestamp":"2026-01-29 11:15:57 +07:00"}
{"level":"info","message":"Migrasi table 001_create_users.sql selesai","timestamp":"2026-01-29 11:16:26 +07:00"}
{"level":"info","message":{"Header":["Content-Type","application/json","User-Agent","PostmanRuntime/7.51.0","Accept","*/*","Cache-Control","no-cache","Postman-Token","c4d5e3f2-8f6e-467f-87b4-b34db87044ae","Host","localhost:3000","Accept-Encoding","gzip, deflate, br","Connection","keep-alive","Content-Length","64"],"method":"POST","msg":"Username superadmin berhasil login","path":"/auth/login","status":200,"userId":"1"},"timestamp":"2026-01-29 11:16:40 +07:00"}
{"level":"info","message":{"Header":["User-Agent","PostmanRuntime/7.51.0","Accept","*/*","Cache-Control","no-cache","Postman-Token","58f101f9-688d-46c6-bcfb-5b496fa38f2f","Host","localhost:3000","Accept-Encoding","gzip, deflate, br","Connection","keep-alive","Cookie","connect.sid=s%3AGtalD1c_jEXwxE-ykwNWeyTJnzEQ4og7.sJ30bYiA%2BMA1irM7bL3RnUdI9%2B4q8WFAScxYi1l2pRU","Content-Length","0"],"method":"POST","msg":"superadmin berhasil logout...","path":"/auth/logout","status":200},"timestamp":"2026-01-29 11:18:40 +07:00"}
{"level":"warn","message":{"Header":["User-Agent","PostmanRuntime/7.51.0","Accept","*/*","Cache-Control","no-cache","Postman-Token","e8829448-1639-48b1-8284-a5ada574e044","Host","localhost:3000","Accept-Encoding","gzip, deflate, br","Connection","keep-alive","Cookie","connect.sid=s%3AGtalD1c_jEXwxE-ykwNWeyTJnzEQ4og7.sJ30bYiA%2BMA1irM7bL3RnUdI9%2B4q8WFAScxYi1l2pRU"],"method":"GET","msg":"Orang tidak di kenal mencoba mengakses halaman login","path":"/auth","status":500},"timestamp":"2026-01-29 11:22:29 +07:00"}
{"level":"warn","message":{"Header":["User-Agent","PostmanRuntime/7.51.0","Accept","*/*","Cache-Control","no-cache","Postman-Token","2d6d0704-fcb2-4d6b-a0c7-7911ab6d6651","Host","localhost:3000","Accept-Encoding","gzip, deflate, br","Connection","keep-alive","Cookie","connect.sid=s%3AGtalD1c_jEXwxE-ykwNWeyTJnzEQ4og7.sJ30bYiA%2BMA1irM7bL3RnUdI9%2B4q8WFAScxYi1l2pRU"],"method":"GET","msg":"Orang tidak di kenal mencoba mengakses halaman login","path":"/auth","status":500},"timestamp":"2026-01-29 11:22:38 +07:00"}
{"level":"info","message":"Migrasi table 001_create_users.sql selesai","timestamp":"2026-01-29 11:26:12 +07:00"}
{"level":"warn","message":{"Header":["User-Agent","PostmanRuntime/7.51.0","Accept","*/*","Cache-Control","no-cache","Postman-Token","d0e143c7-6fa1-4495-badb-96dbecb6d6de","Host","localhost:3000","Accept-Encoding","gzip, deflate, br","Connection","keep-alive","Cookie","connect.sid=s%3AGtalD1c_jEXwxE-ykwNWeyTJnzEQ4og7.sJ30bYiA%2BMA1irM7bL3RnUdI9%2B4q8WFAScxYi1l2pRU"],"method":"GET","msg":"Orang tidak di kenal mencoba mengakses halaman login","path":"/auth","status":500},"timestamp":"2026-01-29 11:26:22 +07:00"}
{"level":"info","message":{"Header":["Content-Type","application/json","User-Agent","PostmanRuntime/7.51.0","Accept","*/*","Cache-Control","no-cache","Postman-Token","c21db957-1c85-4b02-9424-36ac554644b8","Host","localhost:3000","Accept-Encoding","gzip, deflate, br","Connection","keep-alive","Content-Length","64","Cookie","connect.sid=s%3AGtalD1c_jEXwxE-ykwNWeyTJnzEQ4og7.sJ30bYiA%2BMA1irM7bL3RnUdI9%2B4q8WFAScxYi1l2pRU"],"method":"POST","msg":"Username superadmin berhasil login","path":"/auth/login","status":200,"userId":"1"},"timestamp":"2026-01-29 11:26:34 +07:00"}
{"level":"info","message":{"Header":["User-Agent","PostmanRuntime/7.51.0","Accept","*/*","Cache-Control","no-cache","Postman-Token","09c976cb-fe20-4475-833e-e3e6cf4c0325","Host","localhost:3000","Accept-Encoding","gzip, deflate, br","Connection","keep-alive","Cookie","connect.sid=s%3AJq3aJtp8EGIyBRh0Ld6nwZ_3c0GUex52.W6BRg6M7Tad1S55A9lcsI98%2Fp%2FkmlRDiLqYAE2ErN98","Content-Length","0"],"method":"POST","msg":"superadmin berhasil logout...","path":"/auth/logout","status":200},"timestamp":"2026-01-29 11:26:57 +07:00"}
{"level":"info","message":"Migrasi table 001_create_users.sql selesai","timestamp":"2026-01-29 11:27:02 +07:00"}
{"level":"info","message":"Migrasi table 001_create_users.sql selesai","timestamp":"2026-01-29 14:01:47 +07:00"}
{"level":"info","message":"Migrasi table 001_create_users.sql selesai","timestamp":"2026-01-29 14:02:00 +07:00"}
{"level":"info","message":"Migrasi table 001_create_users.sql selesai","timestamp":"2026-01-29 14:48:24 +07:00"}
{"level":"info","message":"Migrasi table 001_create_users.sql selesai","timestamp":"2026-01-29 14:50:17 +07:00"}
{"level":"info","message":"Migrasi table 001_create_users.sql selesai","timestamp":"2026-01-29 14:50:26 +07:00"}
{"level":"info","message":"Migrasi table 001_create_users.sql selesai","timestamp":"2026-01-29 14:50:43 +07:00"}
{"level":"info","message":"Migrasi table 001_create_users.sql selesai","timestamp":"2026-01-29 14:50:44 +07:00"}
{"level":"info","message":"Migrasi table 001_create_users.sql selesai","timestamp":"2026-01-29 14:51:55 +07:00"}
{"level":"info","message":"Migrasi table 001_create_users.sql selesai","timestamp":"2026-01-29 14:51:56 +07:00"}
{"level":"info","message":"Migrasi table 001_create_users.sql selesai","timestamp":"2026-01-29 14:53:35 +07:00"}
{"level":"info","message":"Migrasi table 001_create_users.sql selesai","timestamp":"2026-01-29 14:54:46 +07:00"}
{"level":"info","message":"Migrasi table 001_create_users.sql selesai","timestamp":"2026-01-29 14:57:29 +07:00"}
{"level":"info","message":"Migrasi table 001_create_users.sql selesai","timestamp":"2026-01-29 14:59:37 +07:00"}
{"level":"info","message":"Migrasi table 001_create_users.sql selesai","timestamp":"2026-01-29 15:00:25 +07:00"}
{"level":"info","message":"Migrasi table 001_create_users.sql selesai","timestamp":"2026-01-29 15:00:27 +07:00"}
{"level":"info","message":"Migrasi table 001_create_users.sql selesai","timestamp":"2026-01-29 15:00:39 +07:00"}
{"level":"info","message":"Migrasi table 001_create_users.sql selesai","timestamp":"2026-01-29 15:00:40 +07:00"}
{"level":"info","message":"Migrasi table 001_create_users.sql selesai","timestamp":"2026-01-29 15:01:12 +07:00"}
{"level":"info","message":"Migrasi table 001_create_users.sql selesai","timestamp":"2026-01-29 15:10:37 +07:00"}
{"level":"info","message":"Migrasi table 001_create_users.sql selesai","timestamp":"2026-01-29 15:11:43 +07:00"}
{"level":"info","message":"Migrasi table 001_create_users.sql selesai","timestamp":"2026-01-29 16:46:12 +07:00"}
{"level":"info","message":"Migrasi table 001_create_users.sql selesai","timestamp":"2026-01-29 16:48:45 +07:00"}
{"level":"info","message":"Migrasi table 001_create_users.sql selesai","timestamp":"2026-01-29 16:48:54 +07:00"}
{"level":"info","message":"Migrasi table 001_create_users.sql selesai","timestamp":"2026-01-29 16:48:56 +07:00"}
{"level":"info","message":"Migrasi table 001_create_users.sql selesai","timestamp":"2026-01-29 16:49:26 +07:00"}
{"level":"info","message":"Migrasi table 001_create_users.sql selesai","timestamp":"2026-01-29 16:49:38 +07:00"}
{"level":"warn","message":{"Header":["User-Agent","PostmanRuntime/7.51.0","Accept","*/*","Cache-Control","no-cache","Postman-Token","ecab1f02-5282-4b16-a1c9-62753d61abee","Host","localhost:3000","Accept-Encoding","gzip, deflate, br","Connection","keep-alive"],"method":"GET","msg":"Orang tidak di kenal mencoba mengakses halaman login","path":"/user","status":401},"timestamp":"2026-01-29 16:49:42 +07:00"}
{"level":"info","message":{"Header":["Content-Type","application/json","User-Agent","PostmanRuntime/7.51.0","Accept","*/*","Cache-Control","no-cache","Postman-Token","eac85337-3158-4f01-975b-304b61d5433d","Host","localhost:3000","Accept-Encoding","gzip, deflate, br","Connection","keep-alive","Content-Length","64"],"method":"POST","msg":"Username superadmin berhasil login","path":"/auth/login","status":200,"userId":"1"},"timestamp":"2026-01-29 16:49:51 +07:00"}
{"level":"info","message":"Migrasi table 001_create_users.sql selesai","timestamp":"2026-01-29 16:50:50 +07:00"}
{"Header":["User-Agent","PostmanRuntime/7.51.0","Accept","*/*","Cache-Control","no-cache","Postman-Token","ffaabe3b-9bb1-4616-97ce-80c6f11365a6","Host","localhost:3000","Accept-Encoding","gzip, deflate, br","Connection","keep-alive","Cookie","connect.sid=s%3Aq5t6FuJJAJwHzi8MAYHzJG-_BYgqlAv-.9jj5DNoNQ8OqsjPuSs53HiTf4W4aTqp9RF3KB2iRHEo"],"level":"info","message":"Data user Berhasil di ambil","method":"GET","path":"/user","status":500,"timestamp":"2026-01-29 16:50:53 +07:00","userId":"1"}
{"level":"info","message":"Migrasi table 001_create_users.sql selesai","timestamp":"2026-01-29 16:54:09 +07:00"}
{"level":"info","message":"Migrasi table 001_create_users.sql selesai","timestamp":"2026-01-29 16:54:49 +07:00"}
{"level":"info","message":"Migrasi table 001_create_users.sql selesai","timestamp":"2026-01-29 16:55:01 +07:00"}
{"level":"info","message":"Migrasi table 001_create_users.sql selesai","timestamp":"2026-01-29 16:55:07 +07:00"}
{"level":"info","message":"Migrasi table 001_create_users.sql selesai","timestamp":"2026-01-29 16:57:46 +07:00"}
{"level":"info","message":"Migrasi table 001_create_users.sql selesai","timestamp":"2026-01-29 16:59:33 +07:00"}
{"level":"info","message":"Migrasi table 001_create_users.sql selesai","timestamp":"2026-01-29 16:59:51 +07:00"}
{"level":"info","message":"Migrasi table 001_create_users.sql selesai","timestamp":"2026-01-29 17:00:11 +07:00"}
{"Header":["User-Agent","PostmanRuntime/7.51.0","Accept","*/*","Cache-Control","no-cache","Postman-Token","c63ba497-6f68-4983-aa7f-da5e479da1e6","Host","localhost:3000","Accept-Encoding","gzip, deflate, br","Connection","keep-alive","Cookie","connect.sid=s%3Aq5t6FuJJAJwHzi8MAYHzJG-_BYgqlAv-.9jj5DNoNQ8OqsjPuSs53HiTf4W4aTqp9RF3KB2iRHEo"],"level":"info","message":"Data user Berhasil di ambil","method":"GET","path":"/user","status":500,"timestamp":"2026-01-29 17:00:17 +07:00","userId":"1"}
{"level":"info","message":"Migrasi table 001_create_users.sql selesai","timestamp":"2026-01-29 17:05:45 +07:00"}
{"level":"info","message":"Migrasi table 001_create_users.sql selesai","timestamp":"2026-01-29 17:06:24 +07:00"}
{"level":"info","message":"Migrasi table 001_create_users.sql selesai","timestamp":"2026-01-29 17:06:45 +07:00"}
{"level":"info","message":"Migrasi table 001_create_users.sql selesai","timestamp":"2026-01-29 17:07:55 +07:00"}
{"level":"info","message":"Migrasi table 001_create_users.sql selesai","timestamp":"2026-01-29 17:08:42 +07:00"}
{"level":"info","message":"Migrasi table 001_create_users.sql selesai","timestamp":"2026-01-29 17:08:58 +07:00"}
{"level":"info","message":"Migrasi table 001_create_users.sql selesai","timestamp":"2026-01-29 17:11:07 +07:00"}
{"level":"info","message":"Migrasi table 001_create_users.sql selesai","timestamp":"2026-01-29 17:11:08 +07:00"}
{"level":"info","message":"Migrasi table 001_create_users.sql selesai","timestamp":"2026-01-29 17:11:19 +07:00"}
{"level":"info","message":"Migrasi table 001_create_users.sql selesai","timestamp":"2026-01-29 17:16:00 +07:00"}
{"level":"info","message":"Migrasi table 001_create_users.sql selesai","timestamp":"2026-01-29 17:16:01 +07:00"}
{"level":"info","message":"Migrasi table 001_create_users.sql selesai","timestamp":"2026-01-29 17:16:16 +07:00"}
{"level":"info","message":"Migrasi table 001_create_users.sql selesai","timestamp":"2026-01-29 17:16:25 +07:00"}
{"level":"info","message":"Migrasi table 001_create_users.sql selesai","timestamp":"2026-01-29 17:17:02 +07:00"}
{"level":"info","message":"Migrasi table 001_create_users.sql selesai","timestamp":"2026-01-29 17:17:04 +07:00"}
{"level":"warn","message":{"Header":["Content-Type","application/json","User-Agent","PostmanRuntime/7.51.0","Accept","*/*","Cache-Control","no-cache","Postman-Token","8de978b9-2f87-4a27-a3d2-573d9e4680cc","Host","localhost:3000","Accept-Encoding","gzip, deflate, br","Connection","keep-alive","Content-Length","97"],"method":"POST","msg":"Orang tidak di kenal mencoba mengakses halaman login","path":"/user","status":401},"timestamp":"2026-01-29 17:18:20 +07:00"}
{"level":"info","message":{"Header":["Content-Type","application/json","User-Agent","PostmanRuntime/7.51.0","Accept","*/*","Cache-Control","no-cache","Postman-Token","755ceba2-4d9e-45da-bc85-50d57d27a54a","Host","localhost:3000","Accept-Encoding","gzip, deflate, br","Connection","keep-alive","Content-Length","64"],"method":"POST","msg":"Username superadmin berhasil login","path":"/auth/login","status":200,"userId":"1"},"timestamp":"2026-01-29 17:18:28 +07:00"}
{"level":"info","message":"Migrasi table 001_create_users.sql selesai","timestamp":"2026-01-29 17:19:42 +07:00"}
