{"ip":"::1","level":"warn","message":{},"method":"GET","msg":"Routing tidak di temukan","timestamp":"2026-02-21 09:20:48 +07:00","url":"/"}
{"ip":"::1","level":"warn","message":{},"method":"GET","msg":"Routing tidak di temukan","timestamp":"2026-02-21 09:20:48 +07:00","url":"/favicon.ico"}
{"ip":"::1","level":"warn","message":{},"method":"GET","msg":"Routing tidak di temukan","timestamp":"2026-02-21 09:23:39 +07:00","url":"/user"}
{"ip":"::1","level":"warn","message":{},"method":"POST","msg":"Routing tidak di temukan","timestamp":"2026-02-21 09:25:16 +07:00","url":"/api/v1/auth/"}
{"ip":"::1","level":"warn","message":{},"method":"POST","msg":"Routing tidak di temukan","timestamp":"2026-02-21 09:25:22 +07:00","url":"/api/v1/auth"}
{"ip":"::1","level":"warn","message":{},"method":"POST","msg":"Routing tidak di temukan","timestamp":"2026-02-21 09:25:32 +07:00","url":"/api/v1/auth/"}
{"ip":"::1","level":"warn","message":{},"method":"POST","msg":"Routing tidak di temukan","timestamp":"2026-02-21 09:25:34 +07:00","url":"/api/v1/auth/"}
{"ip":"::1","level":"error","message":"next is not defined","method":"GET","msg":"Internal Server Eror, Hubungi Vendor!!","timestamp":"2026-02-21 09:27:59 +07:00","url":"/api/v1/auth/"}
{"ip":"::1","level":"error","message":"next is not defined","method":"GET","msg":"Internal Server Eror, Hubungi Vendor!!","timestamp":"2026-02-21 09:31:49 +07:00","url":"/api/v1/auth/"}
{"ip":"::1","level":"error","message":"next is not defined","method":"GET","msg":"Internal Server Eror, Hubungi Vendor!!","timestamp":"2026-02-21 09:33:46 +07:00","url":"/api/v1/auth/"}
{"ip":"::1","level":"error","message":"next is not defined","method":"GET","msg":"Internal Server Eror, Hubungi Vendor!!","timestamp":"2026-02-21 09:34:34 +07:00","url":"/api/v1/auth/"}
{"ip":"::1","level":"error","message":"next is not defined","method":"GET","msg":"Internal Server Eror, Hubungi Vendor!!","timestamp":"2026-02-21 09:34:36 +07:00","url":"/api/v1/auth/"}
{"ip":"::1","level":"error","message":"next is not defined","method":"GET","msg":"Internal Server Eror, Hubungi Vendor!!","timestamp":"2026-02-21 09:35:03 +07:00","url":"/api/v1/auth/"}
{"ip":"::1","level":"warn","message":{},"method":"POST","msg":"Username superadmin telah login","timestamp":"2026-02-21 09:42:16 +07:00","url":"/api/v1/auth/login"}
{"ip":"::1","level":"warn","message":{},"method":"POST","msg":"Username superadmin telah login","timestamp":"2026-02-21 09:46:48 +07:00","url":"/api/v1/auth/login"}
{"ip":"::1","level":"warn","message":{},"method":"POST","msg":"Username superadmin telah login","timestamp":"2026-02-21 09:47:44 +07:00","url":"/api/v1/auth/login"}
{"ip":"::1","level":"warn","message":{},"method":"GET","msg":"unautrorized","timestamp":"2026-02-21 11:05:11 +07:00","url":"/api/v1/auth/"}
{"ip":"::1","level":"warn","message":{},"method":"POST","msg":"Username superadmin telah login","timestamp":"2026-02-21 11:05:30 +07:00","url":"/api/v1/auth/login"}
{"ip":"::1","level":"info","message":{},"method":"GET","msg":"Data session berhasil di ambil","timestamp":"2026-02-21 11:06:49 +07:00","url":"/api/v1/auth/"}
{"ip":"::1","level":"info","message":{},"method":"GET","msg":"Data session superadmin berhasil di ambil","timestamp":"2026-02-21 11:07:34 +07:00","url":"/api/v1/auth/"}
{"ip":"::1","level":"info","message":{},"method":"POST","msg":"Username superadmin telah berhasil keluar","timestamp":"2026-02-21 11:08:03 +07:00","url":"/api/v1/auth/logout"}
{"ip":"::1","level":"warn","message":{},"method":"POST","msg":"Username superadmin telah login","timestamp":"2026-02-21 11:13:36 +07:00","url":"/api/v1/auth/login"}
{"ip":"::1","level":"info","message":{},"method":"GET","msg":"Data session superadmin berhasil di ambil","timestamp":"2026-02-21 11:13:42 +07:00","url":"/api/v1/auth/"}
{"ip":"::1","level":"info","message":{},"method":"POST","msg":"Username superadmin telah berhasil keluar","timestamp":"2026-02-21 11:16:57 +07:00","url":"/api/v1/auth/logout"}
{"ip":"::1","level":"warn","message":{},"method":"GET","msg":"unautrorized","timestamp":"2026-02-21 11:17:03 +07:00","url":"/api/v1/auth/"}
{"ip":"::1","level":"warn","message":{},"method":"GET","msg":"unautrorized","timestamp":"2026-02-21 11:31:05 +07:00","url":"/api/v1/auth/"}
{"ip":"::1","level":"warn","message":{},"method":"POST","msg":"Username atau password salah","timestamp":"2026-02-21 11:31:43 +07:00","url":"/api/v1/auth/login"}
{"ip":"::1","level":"warn","message":{},"method":"POST","msg":"Username superadmain atau password salah","timestamp":"2026-02-21 11:33:26 +07:00","url":"/api/v1/auth/login"}
{"ip":"::1","level":"info","message":{},"method":"POST","msg":"Username undefined telah berhasil keluar","timestamp":"2026-02-21 11:48:48 +07:00","url":"/api/v1/auth/logout"}
{"ip":"::1","level":"warn","message":{},"method":"POST","msg":"Username superadmain atau password salah","timestamp":"2026-02-21 11:49:02 +07:00","url":"/api/v1/auth/login"}
{"ip":"::1","level":"warn","message":{},"method":"GET","msg":"unautrorized","timestamp":"2026-02-21 11:49:17 +07:00","url":"/api/v1/auth/"}
{"ip":"::1","level":"warn","message":{},"method":"GET","msg":"unautrorized","timestamp":"2026-02-21 11:49:22 +07:00","url":"/api/v1/auth/"}
{"ip":"::1","level":"warn","message":{},"method":"POST","msg":"Username superadmain atau password salah","timestamp":"2026-02-21 11:49:27 +07:00","url":"/api/v1/auth/login"}
{"ip":"::1","level":"info","message":{},"method":"POST","msg":"Username superadmin telah login","timestamp":"2026-02-21 11:49:37 +07:00","url":"/api/v1/auth/login"}
{"ip":"::1","level":"info","message":{},"method":"GET","msg":"Data session superadmin berhasil di ambil","timestamp":"2026-02-21 11:49:46 +07:00","url":"/api/v1/auth/"}
{"ip":"::1","level":"info","message":{},"method":"POST","msg":"Username superadmin telah berhasil keluar","timestamp":"2026-02-21 11:49:53 +07:00","url":"/api/v1/auth/logout"}
{"ip":"::1","level":"warn","message":{},"method":"GET","msg":"unautrorized","timestamp":"2026-02-21 11:50:03 +07:00","url":"/api/v1/auth/"}
