{"ip":"::1","level":"warn","message":{},"method":"GET","msg":"unauthorized","timestamp":"2026-03-12 09:54:51 +07:00","url":"/api/v1/auth/"}
{"ip":"::1","level":"info","message":{},"method":"POST","msg":"Username superadmin telah login","timestamp":"2026-03-12 09:57:07 +07:00","url":"/api/v1/auth/login"}
{"ip":"::1","level":"info","message":{},"method":"GET","msg":"Data session superadmin berhasil di ambil","timestamp":"2026-03-12 09:57:30 +07:00","url":"/api/v1/auth/"}
{"ip":"::1","level":"info","message":{},"method":"POST","msg":"Username superadmin telah berhasil keluar","timestamp":"2026-03-12 09:58:12 +07:00","url":"/api/v1/auth/logout"}
{"ip":"::1","level":"warn","message":{},"method":"GET","msg":"unauthorized","timestamp":"2026-03-12 09:58:20 +07:00","url":"/api/v1/auth/"}
{"ip":"::1","level":"warn","message":{},"method":"GET","msg":"Routing tidak di temukan","timestamp":"2026-03-12 09:59:20 +07:00","url":"/api/v1/user"}
{"ip":"::1","level":"warn","message":{},"method":"GET","msg":"Routing tidak di temukan","timestamp":"2026-03-12 10:43:33 +07:00","url":"/api/v1/user"}
{"ip":"::1","level":"warn","message":{},"method":"GET","msg":"Routing tidak di temukan","timestamp":"2026-03-12 10:43:50 +07:00","url":"/api/v1/uses"}
{"ip":"::1","level":"error","message":"test is not defined","method":"GET","msg":"Internal Server Eror, Hubungi Vendor!!","timestamp":"2026-03-12 10:43:56 +07:00","url":"/api/v1/users"}
{"ip":"::1","level":"warn","message":{},"method":"GET","msg":"List user berhasi; di ambil","timestamp":"2026-03-12 10:47:27 +07:00","url":"/api/v1/users"}
{"ip":"::1","level":"warn","message":{},"method":"GET","msg":"List user berhasi di ambil","timestamp":"2026-03-12 10:47:35 +07:00","url":"/api/v1/users"}
{"ip":"::1","level":"warn","message":{},"method":"GET","msg":"Dilarang mengakses halaman ini, unauthorized","timestamp":"2026-03-12 10:57:42 +07:00","url":"/api/v1/users"}
{"ip":"::1","level":"warn","message":{},"method":"GET","msg":"Dilarang mengakses halaman ini, unauthorized","timestamp":"2026-03-12 10:58:01 +07:00","url":"/api/v1/users"}
{"ip":"::1","level":"warn","message":{},"method":"GET","msg":"Dilarang mengakses halaman ini, authorized only","timestamp":"2026-03-12 10:58:16 +07:00","url":"/api/v1/users"}
{"ip":"::1","level":"warn","message":{},"method":"GET","msg":"Dilarang mengakses halaman ini, authorized only","timestamp":"2026-03-12 11:10:41 +07:00","url":"/api/v1/users"}
{"ip":"::1","level":"info","message":{},"method":"POST","msg":"Username superadmin telah login","timestamp":"2026-03-12 11:11:42 +07:00","url":"/api/v1/auth/login"}
{"ip":"::1","level":"warn","message":{},"method":"GET","msg":"List user berhasi di ambil","timestamp":"2026-03-12 11:11:48 +07:00","url":"/api/v1/users"}
{"ip":"::1","level":"info","message":{},"method":"POST","msg":"Username superadmin telah berhasil keluar","timestamp":"2026-03-12 11:11:59 +07:00","url":"/api/v1/auth/logout"}
{"ip":"::1","level":"warn","message":{},"method":"POST","msg":"Username maretknow mencoba login tapi password salah","timestamp":"2026-03-12 11:12:12 +07:00","url":"/api/v1/auth/login"}
{"ip":"::1","level":"warn","message":{},"method":"POST","msg":"Username maretknow mencoba login tapi password salah","timestamp":"2026-03-12 11:12:29 +07:00","url":"/api/v1/auth/login"}
{"ip":"::1","level":"warn","message":{},"method":"POST","msg":"Username maretknow mencoba login tapi password salah","timestamp":"2026-03-12 11:12:34 +07:00","url":"/api/v1/auth/login"}
{"ip":"::1","level":"warn","message":{},"method":"POST","msg":"Username tidak dikenal superadmain mencoba login","timestamp":"2026-03-12 11:13:04 +07:00","url":"/api/v1/auth/login"}
{"ip":"::1","level":"info","message":{},"method":"POST","msg":"Username superadmin telah login","timestamp":"2026-03-12 11:13:16 +07:00","url":"/api/v1/auth/login"}
{"ip":"::1","level":"warn","message":{},"method":"GET","msg":"List user berhasi di ambil","timestamp":"2026-03-12 11:13:31 +07:00","url":"/api/v1/users"}
{"body":"{\r\n    username:\"aryaPDF\"     \r\n}","expose":true,"ip":"::1","level":"error","message":"Expected property name or '}' in JSON at position 7 (line 2 column 5)","method":"POST","msg":"Internal Server Eror, Hubungi Vendor!!","status":400,"statusCode":400,"timestamp":"2026-03-12 12:48:14 +07:00","type":"entity.parse.failed","url":"/api/v1/users/createUser"}
{"ip":"::1","level":"warn","message":{},"method":"GET","msg":"unauthorized","timestamp":"2026-03-12 12:48:30 +07:00","url":"/api/v1/auth/"}
{"ip":"::1","level":"warn","message":{},"method":"POST","msg":"Dilarang mengakses halaman ini, authorized only","timestamp":"2026-03-12 12:48:39 +07:00","url":"/api/v1/users/createUser"}
{"ip":"::1","level":"info","message":{},"method":"POST","msg":"Username superadmin telah login","timestamp":"2026-03-12 12:48:48 +07:00","url":"/api/v1/auth/login"}
{"ip":"::1","level":"warn","message":{},"method":"POST","msg":"Routing tidak di temukan","timestamp":"2026-03-12 12:48:52 +07:00","url":"/api/v1/users/createUser"}
{"ip":"::1","level":"error","message":"asd is not defined","method":"POST","msg":"Internal Server Eror, Hubungi Vendor!!","timestamp":"2026-03-12 12:49:31 +07:00","url":"/api/v1/users/createUser"}
{"ip":"::1","level":"info","message":{},"method":"POST","msg":"Username superadmin telah berhasil keluar","timestamp":"2026-03-12 13:01:35 +07:00","url":"/api/v1/auth/logout"}
{"ip":"::1","level":"warn","message":{"errors":[{"field":"username","message":"Username wajib di isi"}]},"method":"POST","msg":"Gagal Menyimpan, Validasi gagal","timestamp":"2026-03-12 13:02:13 +07:00","url":"/api/v1/auth/login"}
{"ip":"::1","level":"warn","message":{"errors":[{"field":"username","message":"Username wajib di isi"},{"field":"password","message":"Password wajib diisi"}]},"method":"POST","msg":"Gagal Menyimpan, Validasi gagal","timestamp":"2026-03-12 13:02:23 +07:00","url":"/api/v1/auth/login"}
{"ip":"::1","level":"warn","message":{"errors":[{"field":"username","message":"Username wajib di isi"},{"field":"password","message":"Password wajib diisi"}]},"method":"POST","msg":"Gagal Menyimpan, Validasi gagal","timestamp":"2026-03-12 16:19:14 +07:00","url":"/api/v1/auth/login"}
{"ip":"::1","level":"warn","message":{"errors":[{"field":"username","message":"Username wajib di isi"},{"field":"password","message":"Password wajib diisi"}]},"method":"POST","msg":"Gagal Menyimpan, Validasi gagal","timestamp":"2026-03-12 16:21:35 +07:00","url":"/api/v1/auth/login"}
{"ip":"::1","level":"error","message":"errors is not defined","method":"POST","msg":"Internal Server Eror, Hubungi Vendor!!","timestamp":"2026-03-12 16:24:51 +07:00","url":"/api/v1/auth/login"}
{"ip":"::1","level":"warn","message":{"errors":[{"location":"body","msg":"Username wajib di isi","path":"username","type":"field","value":""},{"location":"body","msg":"Password wajib diisi","path":"password","type":"field","value":""}]},"method":"POST","msg":"Gagal Menyimpan, Validasi gagal","timestamp":"2026-03-12 16:25:25 +07:00","url":"/api/v1/auth/login"}
{"ip":"::1","level":"warn","message":{"errors":[{"field":"username","message":"Username wajib di isi"},{"field":"password","message":"Password wajib diisi"}]},"method":"POST","msg":"Gagal Menyimpan, Validasi gagal","timestamp":"2026-03-12 16:25:32 +07:00","url":"/api/v1/auth/login"}
{"ip":"::1","level":"warn","message":{"errors":[{"location":"body","msg":"Username wajib di isi","path":"username","type":"field","value":""},{"location":"body","msg":"Password wajib diisi","path":"password","type":"field","value":""}]},"method":"POST","msg":"Gagal Menyimpan, Validasi gagal","timestamp":"2026-03-12 16:25:46 +07:00","url":"/api/v1/auth/login"}
{"ip":"::1","level":"warn","message":{"errors":[{"field":"username","message":"Username wajib di isi"},{"field":"password","message":"Password wajib diisi"}]},"method":"POST","msg":"Gagal Menyimpan, Validasi gagal","timestamp":"2026-03-12 16:26:10 +07:00","url":"/api/v1/auth/login"}
